<?xml version="1.0" encoding="utf-8"?>
<TestRun id="3c66fb0a-05ec-4d03-ab41-63e26db081bd" name="Administrator@PC-20250309WEIZ 2026-09-20 18:09:01" runUser="PC-20250309WEIZ\Administrator" xmlns="http://microsoft.com/schemas/VisualStudio/TeamTest/2010">
  <Times creation="2026-09-20T18:09:01.7841171+08:00" queuing="2026-09-20T18:09:01.7841174+08:00" start="2026-09-20T18:09:01.1562166+08:00" finish="2026-09-20T18:09:01.7888661+08:00" />
  <TestSettings name="default" id="c56c663b-0e92-4fc4-a9ce-42fb985f0f15">
    <Deployment runDeploymentRoot="Administrator_PC-20250309WEIZ_2026-09-20_18_09_01" />
  </TestSettings>
  <Results>
    <UnitTestResult executionId="61a43925-9ca7-4e6d-aea8-27a0b9b7ffe0" testId="1f2fb3d3-1627-871b-93f4-f20c094a8f83" testName="UnsupportedRawBytesReturnFriendlyErrorInsteadOfThrowingOrInventingMetadata" computerName="PC-20250309WEIZ" duration="00:00:00.0027787" startTime="2026-09-20T18:09:01.6832528+08:00" endTime="2026-09-20T18:09:01.6873276+08:00" testType="13cdc9d9-ddb5-4fa4-a97d-d965ccfc6d4b" outcome="Passed" testListId="8c84fa94-04c1-424b-9868-57a2d4851a1d" relativeResultsDirectory="61a43925-9ca7-4e6d-aea8-27a0b9b7ffe0" />
    <UnitTestResult executionId="76e06d9a-a3c5-48af-afcb-7d01121a09ff" testId="1e31f514-400a-821d-aa1d-79c189762a54" testName="TiffAndDngContainerDimensionsUseStandardExifFallbackWithoutFabrication" computerName="PC-20250309WEIZ" duration="00:00:00.0653665" startTime="2026-09-20T18:09:01.6001409+08:00" endTime="2026-09-20T18:09:01.6798309+08:00" testType="13cdc9d9-ddb5-4fa4-a97d-d965ccfc6d4b" outcome="Passed" testListId="8c84fa94-04c1-424b-9868-57a2d4851a1d" relativeResultsDirectory="76e06d9a-a3c5-48af-afcb-7d01121a09ff" />
  </Results>
  <TestDefinitions>
    <UnitTest name="UnsupportedRawBytesReturnFriendlyErrorInsteadOfThrowingOrInventingMetadata" storage="d:\ai agent\worktrees\pixel-tart-developer-preview-rc6\tests\rawselectionassistant.wpftests\bin\x64\release\net10.0-windows10.0.19041.0\rawselectionassistant.wpftests.dll" id="1f2fb3d3-1627-871b-93f4-f20c094a8f83">
      <Execution id="61a43925-9ca7-4e6d-aea8-27a0b9b7ffe0" />
      <TestMethod codeBase="D:\AI AGENT\worktrees\pixel-tart-developer-preview-rc6\tests\RAWSelectionAssistant.WpfTests\bin\x64\Release\net10.0-windows10.0.19041.0\RAWSelectionAssistant.WpfTests.dll" adapterTypeName="executor://mstestadapter/v4" className="RAWSelectionAssistant.WpfTests.AssetLibraryExifMetadataTests" name="UnsupportedRawBytesReturnFriendlyErrorInsteadOfThrowingOrInventingMetadata" />
    </UnitTest>
    <UnitTest name="TiffAndDngContainerDimensionsUseStandardExifFallbackWithoutFabrication" storage="d:\ai agent\worktrees\pixel-tart-developer-preview-rc6\tests\rawselectionassistant.wpftests\bin\x64\release\net10.0-windows10.0.19041.0\rawselectionassistant.wpftests.dll" id="1e31f514-400a-821d-aa1d-79c189762a54">
      <Execution id="76e06d9a-a3c5-48af-afcb-7d01121a09ff" />
      <TestMethod codeBase="D:\AI AGENT\worktrees\pixel-tart-developer-preview-rc6\tests\RAWSelectionAssistant.WpfTests\bin\x64\Release\net10.0-windows10.0.19041.0\RAWSelectionAssistant.WpfTests.dll" adapterTypeName="executor://mstestadapter/v4" className="RAWSelectionAssistant.WpfTests.AssetLibraryExifMetadataTests" name="TiffAndDngContainerDimensionsUseStandardExifFallbackWithoutFabrication" />
    </UnitTest>
  </TestDefinitions>
  <TestEntries>
    <TestEntry testId="1f2fb3d3-1627-871b-93f4-f20c094a8f83" executionId="61a43925-9ca7-4e6d-aea8-27a0b9b7ffe0" testListId="8c84fa94-04c1-424b-9868-57a2d4851a1d" />
    <TestEntry testId="1e31f514-400a-821d-aa1d-79c189762a54" executionId="76e06d9a-a3c5-48af-afcb-7d01121a09ff" testListId="8c84fa94-04c1-424b-9868-57a2d4851a1d" />
  </TestEntries>
  <TestLists>
    <TestList name="列表中未列出的结果" id="8c84fa94-04c1-424b-9868-57a2d4851a1d" />
    <TestList name="所有已加载的结果" id="19431567-8539-422a-85d7-44ee4e166bda" />
  </TestLists>
  <ResultSummary outcome="Completed">
    <Counters total="2" executed="2" passed="2" failed="0" error="0" timeout="0" aborted="0" inconclusive="0" passedButRunAborted="0" notRunnable="0" notExecuted="0" disconnected="0" warning="0" completed="0" inProgress="0" pending="0" />
  </ResultSummary>
</TestRun>