<?xml version="1.0" encoding="utf-8"?>
<TestRun id="706216a6-7b72-4f4e-876f-54941f658f0f" name="Administrator@PC-20250309WEIZ 2026-09-20 18:15:42" runUser="PC-20250309WEIZ\Administrator" xmlns="http://microsoft.com/schemas/VisualStudio/TeamTest/2010">
  <Times creation="2026-09-20T18:15:42.0804835+08:00" queuing="2026-09-20T18:15:42.0804838+08:00" start="2026-09-20T18:15:41.4979024+08:00" finish="2026-09-20T18:15:42.0851458+08:00" />
  <TestSettings name="default" id="586d87ad-1a73-47c3-a9f8-88765f80e341">
    <Deployment runDeploymentRoot="Administrator_PC-20250309WEIZ_2026-09-20_18_15_42" />
  </TestSettings>
  <Results>
    <UnitTestResult executionId="36a0b5a6-55b0-4c0c-9b7a-a61e70017c1a" testId="13c25f3f-b6a6-8f2b-8b30-8f394c010e9d" testName="HighContrastTracksWindowsAndUsesOnlyDynamicSystemBrushes" computerName="PC-20250309WEIZ" duration="00:00:00.0018136" startTime="2026-09-20T18:15:41.9777829+08:00" endTime="2026-09-20T18:15:41.9799014+08:00" testType="13cdc9d9-ddb5-4fa4-a97d-d965ccfc6d4b" outcome="Passed" testListId="8c84fa94-04c1-424b-9868-57a2d4851a1d" relativeResultsDirectory="36a0b5a6-55b0-4c0c-9b7a-a61e70017c1a" />
    <UnitTestResult executionId="c4058256-d065-4721-b1f7-ed90d6631f84" testId="1f34c344-c88c-8d05-8954-ff7e058a3870" testName="ToggleComboAndPopupOwnTheirCompleteDarkVisualTrees" computerName="PC-20250309WEIZ" duration="00:00:00.0076799" startTime="2026-09-20T18:15:41.9515381+08:00" endTime="2026-09-20T18:15:41.9740954+08:00" testType="13cdc9d9-ddb5-4fa4-a97d-d965ccfc6d4b" outcome="Passed" testListId="8c84fa94-04c1-424b-9868-57a2d4851a1d" relativeResultsDirectory="c4058256-d065-4721-b1f7-ed90d6631f84" />
    <UnitTestResult executionId="46ba0685-dce3-4f7e-8311-ba13097cbc19" testId="19931181-1c6a-8f87-b913-c7f84a6e4b8c" testName="NarrowAndScaledLayoutsHaveNoLargeFixedMinimumAndPopupIsScrollBounded" computerName="PC-20250309WEIZ" duration="00:00:00.0078112" startTime="2026-09-20T18:15:41.9801714+08:00" endTime="2026-09-20T18:15:41.9880567+08:00" testType="13cdc9d9-ddb5-4fa4-a97d-d965ccfc6d4b" outcome="Passed" testListId="8c84fa94-04c1-424b-9868-57a2d4851a1d" relativeResultsDirectory="46ba0685-dce3-4f7e-8311-ba13097cbc19" />
    <UnitTestResult executionId="211fa7a8-6e13-4259-862f-a5c4e35aad4e" testId="1cf8e42d-c64b-8591-bb0d-f3627051c61f" testName="DarkStatePairsKeepReadableTextContrast" computerName="PC-20250309WEIZ" duration="00:00:00.0022808" startTime="2026-09-20T18:15:41.9880970+08:00" endTime="2026-09-20T18:15:41.9914082+08:00" testType="13cdc9d9-ddb5-4fa4-a97d-d965ccfc6d4b" outcome="Passed" testListId="8c84fa94-04c1-424b-9868-57a2d4851a1d" relativeResultsDirectory="211fa7a8-6e13-4259-862f-a5c4e35aad4e" />
  </Results>
  <TestDefinitions>
    <UnitTest name="DarkStatePairsKeepReadableTextContrast" storage="d:\ai agent\worktrees\pixel-tart-developer-preview-rc6\tests\rawselectionassistant.wpftests\bin\x64\release\net10.0-windows10.0.19041.0\rawselectionassistant.wpftests.dll" id="1cf8e42d-c64b-8591-bb0d-f3627051c61f">
      <Execution id="211fa7a8-6e13-4259-862f-a5c4e35aad4e" />
      <TestMethod codeBase="D:\AI AGENT\worktrees\pixel-tart-developer-preview-rc6\tests\RAWSelectionAssistant.WpfTests\bin\x64\Release\net10.0-windows10.0.19041.0\RAWSelectionAssistant.WpfTests.dll" adapterTypeName="executor://mstestadapter/v4" className="RAWSelectionAssistant.WpfTests.AssetLibraryP3AccessibilityTests" name="DarkStatePairsKeepReadableTextContrast" />
    </UnitTest>
    <UnitTest name="HighContrastTracksWindowsAndUsesOnlyDynamicSystemBrushes" storage="d:\ai agent\worktrees\pixel-tart-developer-preview-rc6\tests\rawselectionassistant.wpftests\bin\x64\release\net10.0-windows10.0.19041.0\rawselectionassistant.wpftests.dll" id="13c25f3f-b6a6-8f2b-8b30-8f394c010e9d">
      <Execution id="36a0b5a6-55b0-4c0c-9b7a-a61e70017c1a" />
      <TestMethod codeBase="D:\AI AGENT\worktrees\pixel-tart-developer-preview-rc6\tests\RAWSelectionAssistant.WpfTests\bin\x64\Release\net10.0-windows10.0.19041.0\RAWSelectionAssistant.WpfTests.dll" adapterTypeName="executor://mstestadapter/v4" className="RAWSelectionAssistant.WpfTests.AssetLibraryP3AccessibilityTests" name="HighContrastTracksWindowsAndUsesOnlyDynamicSystemBrushes" />
    </UnitTest>
    <UnitTest name="ToggleComboAndPopupOwnTheirCompleteDarkVisualTrees" storage="d:\ai agent\worktrees\pixel-tart-developer-preview-rc6\tests\rawselectionassistant.wpftests\bin\x64\release\net10.0-windows10.0.19041.0\rawselectionassistant.wpftests.dll" id="1f34c344-c88c-8d05-8954-ff7e058a3870">
      <Execution id="c4058256-d065-4721-b1f7-ed90d6631f84" />
      <TestMethod codeBase="D:\AI AGENT\worktrees\pixel-tart-developer-preview-rc6\tests\RAWSelectionAssistant.WpfTests\bin\x64\Release\net10.0-windows10.0.19041.0\RAWSelectionAssistant.WpfTests.dll" adapterTypeName="executor://mstestadapter/v4" className="RAWSelectionAssistant.WpfTests.AssetLibraryP3AccessibilityTests" name="ToggleComboAndPopupOwnTheirCompleteDarkVisualTrees" />
    </UnitTest>
    <UnitTest name="NarrowAndScaledLayoutsHaveNoLargeFixedMinimumAndPopupIsScrollBounded" storage="d:\ai agent\worktrees\pixel-tart-developer-preview-rc6\tests\rawselectionassistant.wpftests\bin\x64\release\net10.0-windows10.0.19041.0\rawselectionassistant.wpftests.dll" id="19931181-1c6a-8f87-b913-c7f84a6e4b8c">
      <Execution id="46ba0685-dce3-4f7e-8311-ba13097cbc19" />
      <TestMethod codeBase="D:\AI AGENT\worktrees\pixel-tart-developer-preview-rc6\tests\RAWSelectionAssistant.WpfTests\bin\x64\Release\net10.0-windows10.0.19041.0\RAWSelectionAssistant.WpfTests.dll" adapterTypeName="executor://mstestadapter/v4" className="RAWSelectionAssistant.WpfTests.AssetLibraryP3AccessibilityTests" name="NarrowAndScaledLayoutsHaveNoLargeFixedMinimumAndPopupIsScrollBounded" />
    </UnitTest>
  </TestDefinitions>
  <TestEntries>
    <TestEntry testId="13c25f3f-b6a6-8f2b-8b30-8f394c010e9d" executionId="36a0b5a6-55b0-4c0c-9b7a-a61e70017c1a" testListId="8c84fa94-04c1-424b-9868-57a2d4851a1d" />
    <TestEntry testId="1f34c344-c88c-8d05-8954-ff7e058a3870" executionId="c4058256-d065-4721-b1f7-ed90d6631f84" testListId="8c84fa94-04c1-424b-9868-57a2d4851a1d" />
    <TestEntry testId="19931181-1c6a-8f87-b913-c7f84a6e4b8c" executionId="46ba0685-dce3-4f7e-8311-ba13097cbc19" testListId="8c84fa94-04c1-424b-9868-57a2d4851a1d" />
    <TestEntry testId="1cf8e42d-c64b-8591-bb0d-f3627051c61f" executionId="211fa7a8-6e13-4259-862f-a5c4e35aad4e" testListId="8c84fa94-04c1-424b-9868-57a2d4851a1d" />
  </TestEntries>
  <TestLists>
    <TestList name="列表中未列出的结果" id="8c84fa94-04c1-424b-9868-57a2d4851a1d" />
    <TestList name="所有已加载的结果" id="19431567-8539-422a-85d7-44ee4e166bda" />
  </TestLists>
  <ResultSummary outcome="Completed">
    <Counters total="4" executed="4" passed="4" failed="0" error="0" timeout="0" aborted="0" inconclusive="0" passedButRunAborted="0" notRunnable="0" notExecuted="0" disconnected="0" warning="0" completed="0" inProgress="0" pending="0" />
  </ResultSummary>
</TestRun>