<?xml version="1.0" encoding="utf-8"?>
<TestRun id="30c45809-ddb8-4278-887a-8bb6ea07655d" name="Administrator@PC-20250309WEIZ 2026-09-20 18:16:12" runUser="PC-20250309WEIZ\Administrator" xmlns="http://microsoft.com/schemas/VisualStudio/TeamTest/2010">
  <Times creation="2026-09-20T18:16:12.7496922+08:00" queuing="2026-09-20T18:16:12.7496925+08:00" start="2026-09-20T18:16:12.2565185+08:00" finish="2026-09-20T18:16:12.7500646+08:00" />
  <TestSettings name="default" id="23f59416-c7ba-4dc0-8f33-c359b6960539">
    <Deployment runDeploymentRoot="Administrator_PC-20250309WEIZ_2026-09-20_18_16_12" />
  </TestSettings>
  <TestLists>
    <TestList name="列表中未列出的结果" id="8c84fa94-04c1-424b-9868-57a2d4851a1d" />
    <TestList name="所有已加载的结果" id="19431567-8539-422a-85d7-44ee4e166bda" />
  </TestLists>
  <ResultSummary outcome="Completed">
    <Counters total="0" executed="0" passed="0" failed="0" error="0" timeout="0" aborted="0" inconclusive="0" passedButRunAborted="0" notRunnable="0" notExecuted="0" disconnected="0" warning="0" completed="0" inProgress="0" pending="0" />
    <RunInfos>
      <RunInfo computerName="PC-20250309WEIZ" outcome="Warning" timestamp="2026-09-20T18:16:12.7037705+08:00">
        <Text>没有测试匹配 D:\AI AGENT\worktrees\pixel-tart-developer-preview-rc6\tests\RAWSelectionAssistant.WpfTests\bin\x64\Release\net10.0-windows10.0.19041.0\RAWSelectionAssistant.WpfTests.dll 中的给定用例测试筛选器“FullyQualifiedName~RAWSelectionAssistant.WpfTests.AssetLibraryP3DatabaseEvidenceBehaviorTests”</Text>
      </RunInfo>
    </RunInfos>
  </ResultSummary>
</TestRun>