<?xml version="1.0" encoding="utf-8"?>
<TestRun id="9882f0b2-2ff3-46d8-9518-fed2906a5ee5" name="Administrator@PC-20250309WEIZ 2026-09-20 18:16:20" runUser="PC-20250309WEIZ\Administrator" xmlns="http://microsoft.com/schemas/VisualStudio/TeamTest/2010">
  <Times creation="2026-09-20T18:16:20.2444263+08:00" queuing="2026-09-20T18:16:20.2444266+08:00" start="2026-09-20T18:16:18.3784122+08:00" finish="2026-09-20T18:16:20.7787446+08:00" />
  <TestSettings name="default" id="9be86383-0a8d-475b-b747-caf0a8501038">
    <Deployment runDeploymentRoot="Administrator_PC-20250309WEIZ_2026-09-20_18_16_20" />
  </TestSettings>
  <Results>
    <UnitTestResult executionId="7a634166-6672-45a9-bcc5-c367ded8129c" testId="129e06ec-bd24-8d8c-b344-e07baa101f4b" testName="ReopenRestoresValidScopeAndNormalizesInvalidScope (999)" computerName="PC-20250309WEIZ" duration="00:00:00.0229861" startTime="2026-09-20T18:16:20.6978508+08:00" endTime="2026-09-20T18:16:20.7219739+08:00" testType="13cdc9d9-ddb5-4fa4-a97d-d965ccfc6d4b" outcome="Passed" testListId="8c84fa94-04c1-424b-9868-57a2d4851a1d" relativeResultsDirectory="7a634166-6672-45a9-bcc5-c367ded8129c" />
    <UnitTestResult executionId="ffd63490-4714-4218-8aec-ebc3016935e0" testId="1464d5ef-52b0-87e5-af47-d89585f61550" testName="OffPageSelectionIsRetainedOnlyWhenItMatchesTheWholeQuery" computerName="PC-20250309WEIZ" duration="00:00:00.1579728" startTime="2026-09-20T18:16:20.4869247+08:00" endTime="2026-09-20T18:16:20.6449719+08:00" testType="13cdc9d9-ddb5-4fa4-a97d-d965ccfc6d4b" outcome="Passed" testListId="8c84fa94-04c1-424b-9868-57a2d4851a1d" relativeResultsDirectory="ffd63490-4714-4218-8aec-ebc3016935e0" />
    <UnitTestResult executionId="8befac94-7c53-466e-a6c5-e4bb75848c89" testId="14ea4222-a9b7-864f-bd81-3c848b4de6c3" testName="NormalScopeBindingPublishesOnceAndCancelsPendingTextDebounce" computerName="PC-20250309WEIZ" duration="00:00:01.2227262" startTime="2026-09-20T18:16:18.8427877+08:00" endTime="2026-09-20T18:16:20.0811352+08:00" testType="13cdc9d9-ddb5-4fa4-a97d-d965ccfc6d4b" outcome="Passed" testListId="8c84fa94-04c1-424b-9868-57a2d4851a1d" relativeResultsDirectory="8befac94-7c53-466e-a6c5-e4bb75848c89" />
    <UnitTestResult executionId="09807c8a-07cb-4407-ad90-f252fd297a51" testId="174c145b-ee59-8267-a590-f9c6a91b7cd4" testName="RapidScopeChangesCancelOldQueriesBeforePublishingTheLatestResult" computerName="PC-20250309WEIZ" duration="00:00:00.1253778" startTime="2026-09-20T18:16:20.0847625+08:00" endTime="2026-09-20T18:16:20.2104655+08:00" testType="13cdc9d9-ddb5-4fa4-a97d-d965ccfc6d4b" outcome="Passed" testListId="8c84fa94-04c1-424b-9868-57a2d4851a1d" relativeResultsDirectory="09807c8a-07cb-4407-ad90-f252fd297a51" />
    <UnitTestResult executionId="2ecffe48-c1a3-43b1-8c1d-ecde57762a6b" testId="14baa361-31e5-8963-b9d6-4cc1e0997d9f" testName="ScopeNavigationPrunesGhostSelectionAndRefreshesSelectedMetadata" computerName="PC-20250309WEIZ" duration="00:00:00.2753058" startTime="2026-09-20T18:16:20.2114789+08:00" endTime="2026-09-20T18:16:20.4868686+08:00" testType="13cdc9d9-ddb5-4fa4-a97d-d965ccfc6d4b" outcome="Passed" testListId="8c84fa94-04c1-424b-9868-57a2d4851a1d" relativeResultsDirectory="2ecffe48-c1a3-43b1-8c1d-ecde57762a6b" />
    <UnitTestResult executionId="bf24234b-fa80-41da-8f59-2d01481286fd" testId="127782f0-a8c6-811d-974b-0b32bc146d5b" testName="ReopenRestoresValidScopeAndNormalizesInvalidScope (0)" computerName="PC-20250309WEIZ" duration="00:00:00.0269743" startTime="2026-09-20T18:16:20.6450221+08:00" endTime="2026-09-20T18:16:20.6737480+08:00" testType="13cdc9d9-ddb5-4fa4-a97d-d965ccfc6d4b" outcome="Passed" testListId="8c84fa94-04c1-424b-9868-57a2d4851a1d" relativeResultsDirectory="bf24234b-fa80-41da-8f59-2d01481286fd" />
    <UnitTestResult executionId="4b6cda75-5447-466b-9f4d-5a7b916c2c46" testId="1f8cb152-9522-81a8-8c11-cebc5967da7e" testName="ReopenRestoresValidScopeAndNormalizesInvalidScope (1)" computerName="PC-20250309WEIZ" duration="00:00:00.0238817" startTime="2026-09-20T18:16:20.6737948+08:00" endTime="2026-09-20T18:16:20.6977971+08:00" testType="13cdc9d9-ddb5-4fa4-a97d-d965ccfc6d4b" outcome="Passed" testListId="8c84fa94-04c1-424b-9868-57a2d4851a1d" relativeResultsDirectory="4b6cda75-5447-466b-9f4d-5a7b916c2c46" />
  </Results>
  <TestDefinitions>
    <UnitTest name="RapidScopeChangesCancelOldQueriesBeforePublishingTheLatestResult" storage="d:\ai agent\worktrees\pixel-tart-developer-preview-rc6\tests\rawselectionassistant.wpftests\bin\x64\release\net10.0-windows10.0.19041.0\rawselectionassistant.wpftests.dll" id="174c145b-ee59-8267-a590-f9c6a91b7cd4">
      <Execution id="09807c8a-07cb-4407-ad90-f252fd297a51" />
      <TestMethod codeBase="D:\AI AGENT\worktrees\pixel-tart-developer-preview-rc6\tests\RAWSelectionAssistant.WpfTests\bin\x64\Release\net10.0-windows10.0.19041.0\RAWSelectionAssistant.WpfTests.dll" adapterTypeName="executor://mstestadapter/v4" className="RAWSelectionAssistant.WpfTests.AssetLibraryP3ScopeBehaviorTests" name="RapidScopeChangesCancelOldQueriesBeforePublishingTheLatestResult" />
    </UnitTest>
    <UnitTest name="ScopeNavigationPrunesGhostSelectionAndRefreshesSelectedMetadata" storage="d:\ai agent\worktrees\pixel-tart-developer-preview-rc6\tests\rawselectionassistant.wpftests\bin\x64\release\net10.0-windows10.0.19041.0\rawselectionassistant.wpftests.dll" id="14baa361-31e5-8963-b9d6-4cc1e0997d9f">
      <Execution id="2ecffe48-c1a3-43b1-8c1d-ecde57762a6b" />
      <TestMethod codeBase="D:\AI AGENT\worktrees\pixel-tart-developer-preview-rc6\tests\RAWSelectionAssistant.WpfTests\bin\x64\Release\net10.0-windows10.0.19041.0\RAWSelectionAssistant.WpfTests.dll" adapterTypeName="executor://mstestadapter/v4" className="RAWSelectionAssistant.WpfTests.AssetLibraryP3ScopeBehaviorTests" name="ScopeNavigationPrunesGhostSelectionAndRefreshesSelectedMetadata" />
    </UnitTest>
    <UnitTest name="ReopenRestoresValidScopeAndNormalizesInvalidScope (999)" storage="d:\ai agent\worktrees\pixel-tart-developer-preview-rc6\tests\rawselectionassistant.wpftests\bin\x64\release\net10.0-windows10.0.19041.0\rawselectionassistant.wpftests.dll" id="129e06ec-bd24-8d8c-b344-e07baa101f4b">
      <Execution id="7a634166-6672-45a9-bcc5-c367ded8129c" />
      <TestMethod codeBase="D:\AI AGENT\worktrees\pixel-tart-developer-preview-rc6\tests\RAWSelectionAssistant.WpfTests\bin\x64\Release\net10.0-windows10.0.19041.0\RAWSelectionAssistant.WpfTests.dll" adapterTypeName="executor://mstestadapter/v4" className="RAWSelectionAssistant.WpfTests.AssetLibraryP3ScopeBehaviorTests" name="ReopenRestoresValidScopeAndNormalizesInvalidScope" />
    </UnitTest>
    <UnitTest name="ReopenRestoresValidScopeAndNormalizesInvalidScope (1)" storage="d:\ai agent\worktrees\pixel-tart-developer-preview-rc6\tests\rawselectionassistant.wpftests\bin\x64\release\net10.0-windows10.0.19041.0\rawselectionassistant.wpftests.dll" id="1f8cb152-9522-81a8-8c11-cebc5967da7e">
      <Execution id="4b6cda75-5447-466b-9f4d-5a7b916c2c46" />
      <TestMethod codeBase="D:\AI AGENT\worktrees\pixel-tart-developer-preview-rc6\tests\RAWSelectionAssistant.WpfTests\bin\x64\Release\net10.0-windows10.0.19041.0\RAWSelectionAssistant.WpfTests.dll" adapterTypeName="executor://mstestadapter/v4" className="RAWSelectionAssistant.WpfTests.AssetLibraryP3ScopeBehaviorTests" name="ReopenRestoresValidScopeAndNormalizesInvalidScope" />
    </UnitTest>
    <UnitTest name="OffPageSelectionIsRetainedOnlyWhenItMatchesTheWholeQuery" storage="d:\ai agent\worktrees\pixel-tart-developer-preview-rc6\tests\rawselectionassistant.wpftests\bin\x64\release\net10.0-windows10.0.19041.0\rawselectionassistant.wpftests.dll" id="1464d5ef-52b0-87e5-af47-d89585f61550">
      <Execution id="ffd63490-4714-4218-8aec-ebc3016935e0" />
      <TestMethod codeBase="D:\AI AGENT\worktrees\pixel-tart-developer-preview-rc6\tests\RAWSelectionAssistant.WpfTests\bin\x64\Release\net10.0-windows10.0.19041.0\RAWSelectionAssistant.WpfTests.dll" adapterTypeName="executor://mstestadapter/v4" className="RAWSelectionAssistant.WpfTests.AssetLibraryP3ScopeBehaviorTests" name="OffPageSelectionIsRetainedOnlyWhenItMatchesTheWholeQuery" />
    </UnitTest>
    <UnitTest name="NormalScopeBindingPublishesOnceAndCancelsPendingTextDebounce" storage="d:\ai agent\worktrees\pixel-tart-developer-preview-rc6\tests\rawselectionassistant.wpftests\bin\x64\release\net10.0-windows10.0.19041.0\rawselectionassistant.wpftests.dll" id="14ea4222-a9b7-864f-bd81-3c848b4de6c3">
      <Execution id="8befac94-7c53-466e-a6c5-e4bb75848c89" />
      <TestMethod codeBase="D:\AI AGENT\worktrees\pixel-tart-developer-preview-rc6\tests\RAWSelectionAssistant.WpfTests\bin\x64\Release\net10.0-windows10.0.19041.0\RAWSelectionAssistant.WpfTests.dll" adapterTypeName="executor://mstestadapter/v4" className="RAWSelectionAssistant.WpfTests.AssetLibraryP3ScopeBehaviorTests" name="NormalScopeBindingPublishesOnceAndCancelsPendingTextDebounce" />
    </UnitTest>
    <UnitTest name="ReopenRestoresValidScopeAndNormalizesInvalidScope (0)" storage="d:\ai agent\worktrees\pixel-tart-developer-preview-rc6\tests\rawselectionassistant.wpftests\bin\x64\release\net10.0-windows10.0.19041.0\rawselectionassistant.wpftests.dll" id="127782f0-a8c6-811d-974b-0b32bc146d5b">
      <Execution id="bf24234b-fa80-41da-8f59-2d01481286fd" />
      <TestMethod codeBase="D:\AI AGENT\worktrees\pixel-tart-developer-preview-rc6\tests\RAWSelectionAssistant.WpfTests\bin\x64\Release\net10.0-windows10.0.19041.0\RAWSelectionAssistant.WpfTests.dll" adapterTypeName="executor://mstestadapter/v4" className="RAWSelectionAssistant.WpfTests.AssetLibraryP3ScopeBehaviorTests" name="ReopenRestoresValidScopeAndNormalizesInvalidScope" />
    </UnitTest>
  </TestDefinitions>
  <TestEntries>
    <TestEntry testId="129e06ec-bd24-8d8c-b344-e07baa101f4b" executionId="7a634166-6672-45a9-bcc5-c367ded8129c" testListId="8c84fa94-04c1-424b-9868-57a2d4851a1d" />
    <TestEntry testId="1464d5ef-52b0-87e5-af47-d89585f61550" executionId="ffd63490-4714-4218-8aec-ebc3016935e0" testListId="8c84fa94-04c1-424b-9868-57a2d4851a1d" />
    <TestEntry testId="14ea4222-a9b7-864f-bd81-3c848b4de6c3" executionId="8befac94-7c53-466e-a6c5-e4bb75848c89" testListId="8c84fa94-04c1-424b-9868-57a2d4851a1d" />
    <TestEntry testId="174c145b-ee59-8267-a590-f9c6a91b7cd4" executionId="09807c8a-07cb-4407-ad90-f252fd297a51" testListId="8c84fa94-04c1-424b-9868-57a2d4851a1d" />
    <TestEntry testId="14baa361-31e5-8963-b9d6-4cc1e0997d9f" executionId="2ecffe48-c1a3-43b1-8c1d-ecde57762a6b" testListId="8c84fa94-04c1-424b-9868-57a2d4851a1d" />
    <TestEntry testId="127782f0-a8c6-811d-974b-0b32bc146d5b" executionId="bf24234b-fa80-41da-8f59-2d01481286fd" testListId="8c84fa94-04c1-424b-9868-57a2d4851a1d" />
    <TestEntry testId="1f8cb152-9522-81a8-8c11-cebc5967da7e" executionId="4b6cda75-5447-466b-9f4d-5a7b916c2c46" testListId="8c84fa94-04c1-424b-9868-57a2d4851a1d" />
  </TestEntries>
  <TestLists>
    <TestList name="列表中未列出的结果" id="8c84fa94-04c1-424b-9868-57a2d4851a1d" />
    <TestList name="所有已加载的结果" id="19431567-8539-422a-85d7-44ee4e166bda" />
  </TestLists>
  <ResultSummary outcome="Completed">
    <Counters total="7" executed="7" passed="7" failed="0" error="0" timeout="0" aborted="0" inconclusive="0" passedButRunAborted="0" notRunnable="0" notExecuted="0" disconnected="0" warning="0" completed="0" inProgress="0" pending="0" />
  </ResultSummary>
</TestRun>