<?xml version="1.0" encoding="utf-8"?>
<TestRun id="3dee00a6-d423-4360-aced-c35f0c1c955b" name="Administrator@PC-20250309WEIZ 2026-09-20 18:16:30" runUser="PC-20250309WEIZ\Administrator" xmlns="http://microsoft.com/schemas/VisualStudio/TeamTest/2010">
  <Times creation="2026-09-20T18:16:30.8131436+08:00" queuing="2026-09-20T18:16:30.8131438+08:00" start="2026-09-20T18:16:30.2517935+08:00" finish="2026-09-20T18:16:30.8176167+08:00" />
  <TestSettings name="default" id="2099cacd-b5bf-4b9c-94ae-22fafa8680e2">
    <Deployment runDeploymentRoot="Administrator_PC-20250309WEIZ_2026-09-20_18_16_30" />
  </TestSettings>
  <Results>
    <UnitTestResult executionId="1d65081e-8a6c-4668-9fde-778b3d683c7d" testId="14534459-bd7a-87d5-bd7b-081d2424b9c9" testName="ContextMenuGroupsLowFrequencyActionsAndHasNoPermanentDelete" computerName="PC-20250309WEIZ" duration="00:00:00.0008574" startTime="2026-09-20T18:16:30.7205491+08:00" endTime="2026-09-20T18:16:30.7216601+08:00" testType="13cdc9d9-ddb5-4fa4-a97d-d965ccfc6d4b" outcome="Passed" testListId="8c84fa94-04c1-424b-9868-57a2d4851a1d" relativeResultsDirectory="1d65081e-8a6c-4668-9fde-778b3d683c7d" />
    <UnitTestResult executionId="bb38ad14-e711-400f-9d02-fe090d68d8f9" testId="13fee57e-cabd-8ff9-b6e8-73461734430c" testName="InspectorAndPickersExposeCurrentRelationProductFlow" computerName="PC-20250309WEIZ" duration="00:00:00.0057363" startTime="2026-09-20T18:16:30.6968853+08:00" endTime="2026-09-20T18:16:30.7169878+08:00" testType="13cdc9d9-ddb5-4fa4-a97d-d965ccfc6d4b" outcome="Passed" testListId="8c84fa94-04c1-424b-9868-57a2d4851a1d" relativeResultsDirectory="bb38ad14-e711-400f-9d02-fe090d68d8f9" />
    <UnitTestResult executionId="2d70e359-58cf-4951-bec8-1b060f55b723" testId="10bb437b-9ad9-8973-a02c-223d4c76f7d8" testName="InspirationUiConnectsGalleryTrayAndCollectionDragDrop" computerName="PC-20250309WEIZ" duration="00:00:00.0011104" startTime="2026-09-20T18:16:30.7219192+08:00" endTime="2026-09-20T18:16:30.7240057+08:00" testType="13cdc9d9-ddb5-4fa4-a97d-d965ccfc6d4b" outcome="Passed" testListId="8c84fa94-04c1-424b-9868-57a2d4851a1d" relativeResultsDirectory="2d70e359-58cf-4951-bec8-1b060f55b723" />
  </Results>
  <TestDefinitions>
    <UnitTest name="InspirationUiConnectsGalleryTrayAndCollectionDragDrop" storage="d:\ai agent\worktrees\pixel-tart-developer-preview-rc6\tests\rawselectionassistant.wpftests\bin\x64\release\net10.0-windows10.0.19041.0\rawselectionassistant.wpftests.dll" id="10bb437b-9ad9-8973-a02c-223d4c76f7d8">
      <Execution id="2d70e359-58cf-4951-bec8-1b060f55b723" />
      <TestMethod codeBase="D:\AI AGENT\worktrees\pixel-tart-developer-preview-rc6\tests\RAWSelectionAssistant.WpfTests\bin\x64\Release\net10.0-windows10.0.19041.0\RAWSelectionAssistant.WpfTests.dll" adapterTypeName="executor://mstestadapter/v4" className="RAWSelectionAssistant.WpfTests.AssetLibraryProductRelationUiTests" name="InspirationUiConnectsGalleryTrayAndCollectionDragDrop" />
    </UnitTest>
    <UnitTest name="ContextMenuGroupsLowFrequencyActionsAndHasNoPermanentDelete" storage="d:\ai agent\worktrees\pixel-tart-developer-preview-rc6\tests\rawselectionassistant.wpftests\bin\x64\release\net10.0-windows10.0.19041.0\rawselectionassistant.wpftests.dll" id="14534459-bd7a-87d5-bd7b-081d2424b9c9">
      <Execution id="1d65081e-8a6c-4668-9fde-778b3d683c7d" />
      <TestMethod codeBase="D:\AI AGENT\worktrees\pixel-tart-developer-preview-rc6\tests\RAWSelectionAssistant.WpfTests\bin\x64\Release\net10.0-windows10.0.19041.0\RAWSelectionAssistant.WpfTests.dll" adapterTypeName="executor://mstestadapter/v4" className="RAWSelectionAssistant.WpfTests.AssetLibraryProductRelationUiTests" name="ContextMenuGroupsLowFrequencyActionsAndHasNoPermanentDelete" />
    </UnitTest>
    <UnitTest name="InspectorAndPickersExposeCurrentRelationProductFlow" storage="d:\ai agent\worktrees\pixel-tart-developer-preview-rc6\tests\rawselectionassistant.wpftests\bin\x64\release\net10.0-windows10.0.19041.0\rawselectionassistant.wpftests.dll" id="13fee57e-cabd-8ff9-b6e8-73461734430c">
      <Execution id="bb38ad14-e711-400f-9d02-fe090d68d8f9" />
      <TestMethod codeBase="D:\AI AGENT\worktrees\pixel-tart-developer-preview-rc6\tests\RAWSelectionAssistant.WpfTests\bin\x64\Release\net10.0-windows10.0.19041.0\RAWSelectionAssistant.WpfTests.dll" adapterTypeName="executor://mstestadapter/v4" className="RAWSelectionAssistant.WpfTests.AssetLibraryProductRelationUiTests" name="InspectorAndPickersExposeCurrentRelationProductFlow" />
    </UnitTest>
  </TestDefinitions>
  <TestEntries>
    <TestEntry testId="14534459-bd7a-87d5-bd7b-081d2424b9c9" executionId="1d65081e-8a6c-4668-9fde-778b3d683c7d" testListId="8c84fa94-04c1-424b-9868-57a2d4851a1d" />
    <TestEntry testId="13fee57e-cabd-8ff9-b6e8-73461734430c" executionId="bb38ad14-e711-400f-9d02-fe090d68d8f9" testListId="8c84fa94-04c1-424b-9868-57a2d4851a1d" />
    <TestEntry testId="10bb437b-9ad9-8973-a02c-223d4c76f7d8" executionId="2d70e359-58cf-4951-bec8-1b060f55b723" testListId="8c84fa94-04c1-424b-9868-57a2d4851a1d" />
  </TestEntries>
  <TestLists>
    <TestList name="列表中未列出的结果" id="8c84fa94-04c1-424b-9868-57a2d4851a1d" />
    <TestList name="所有已加载的结果" id="19431567-8539-422a-85d7-44ee4e166bda" />
  </TestLists>
  <ResultSummary outcome="Completed">
    <Counters total="3" executed="3" passed="3" failed="0" error="0" timeout="0" aborted="0" inconclusive="0" passedButRunAborted="0" notRunnable="0" notExecuted="0" disconnected="0" warning="0" completed="0" inProgress="0" pending="0" />
  </ResultSummary>
</TestRun>