<?xml version="1.0" encoding="utf-8"?>
<TestRun id="c8bf4553-e3ed-472b-93db-467fcd2a544d" name="Administrator@PC-20250309WEIZ 2026-09-20 18:16:57" runUser="PC-20250309WEIZ\Administrator" xmlns="http://microsoft.com/schemas/VisualStudio/TeamTest/2010">
  <Times creation="2026-09-20T18:16:57.5810928+08:00" queuing="2026-09-20T18:16:57.5810930+08:00" start="2026-09-20T18:16:57.0059965+08:00" finish="2026-09-20T18:16:57.5853810+08:00" />
  <TestSettings name="default" id="db811b6b-88ee-4c8b-9c1b-e0510d935a92">
    <Deployment runDeploymentRoot="Administrator_PC-20250309WEIZ_2026-09-20_18_16_57" />
  </TestSettings>
  <Results>
    <UnitTestResult executionId="54ff8d0a-b632-4873-8832-f502203b5275" testId="1c001caf-cece-857d-bee7-6251c4b90c27" testName="GroupRemainsIndependentAndSelectsAsUnit" computerName="PC-20250309WEIZ" duration="00:00:00.0222871" startTime="2026-09-20T18:16:57.4511098+08:00" endTime="2026-09-20T18:16:57.4886301+08:00" testType="13cdc9d9-ddb5-4fa4-a97d-d965ccfc6d4b" outcome="Passed" testListId="8c84fa94-04c1-424b-9868-57a2d4851a1d" relativeResultsDirectory="54ff8d0a-b632-4873-8832-f502203b5275" />
  </Results>
  <TestDefinitions>
    <UnitTest name="GroupRemainsIndependentAndSelectsAsUnit" storage="d:\ai agent\worktrees\pixel-tart-developer-preview-rc6\tests\rawselectionassistant.wpftests\bin\x64\release\net10.0-windows10.0.19041.0\rawselectionassistant.wpftests.dll" id="1c001caf-cece-857d-bee7-6251c4b90c27">
      <Execution id="54ff8d0a-b632-4873-8832-f502203b5275" />
      <TestMethod codeBase="D:\AI AGENT\worktrees\pixel-tart-developer-preview-rc6\tests\RAWSelectionAssistant.WpfTests\bin\x64\Release\net10.0-windows10.0.19041.0\RAWSelectionAssistant.WpfTests.dll" adapterTypeName="executor://mstestadapter/v4" className="RAWSelectionAssistant.WpfTests.CanvasGroupTests" name="GroupRemainsIndependentAndSelectsAsUnit" />
    </UnitTest>
  </TestDefinitions>
  <TestEntries>
    <TestEntry testId="1c001caf-cece-857d-bee7-6251c4b90c27" executionId="54ff8d0a-b632-4873-8832-f502203b5275" testListId="8c84fa94-04c1-424b-9868-57a2d4851a1d" />
  </TestEntries>
  <TestLists>
    <TestList name="列表中未列出的结果" id="8c84fa94-04c1-424b-9868-57a2d4851a1d" />
    <TestList name="所有已加载的结果" id="19431567-8539-422a-85d7-44ee4e166bda" />
  </TestLists>
  <ResultSummary outcome="Completed">
    <Counters total="1" executed="1" passed="1" failed="0" error="0" timeout="0" aborted="0" inconclusive="0" passedButRunAborted="0" notRunnable="0" notExecuted="0" disconnected="0" warning="0" completed="0" inProgress="0" pending="0" />
  </ResultSummary>
</TestRun>