<?xml version="1.0" encoding="utf-8"?>
<TestRun id="07c445b7-f0a2-4b58-a9db-d4a6956aa427" name="Administrator@PC-20250309WEIZ 2026-09-20 18:17:05" runUser="PC-20250309WEIZ\Administrator" xmlns="http://microsoft.com/schemas/VisualStudio/TeamTest/2010">
  <Times creation="2026-09-20T18:17:05.2177091+08:00" queuing="2026-09-20T18:17:05.2177092+08:00" start="2026-09-20T18:17:04.4954538+08:00" finish="2026-09-20T18:17:05.2222910+08:00" />
  <TestSettings name="default" id="cc50a42a-127e-4b05-a254-e0eac26d8c8a">
    <Deployment runDeploymentRoot="Administrator_PC-20250309WEIZ_2026-09-20_18_17_05" />
  </TestSettings>
  <Results>
    <UnitTestResult executionId="85e85722-be52-466a-9009-dd03781b250b" testId="142606b0-6a34-8f1c-b21a-e37084be7eb6" testName="CanvasPurposeReadsPersistentHighQualityPreviewAfterSourceGoesOffline" computerName="PC-20250309WEIZ" duration="00:00:00.1108449" startTime="2026-09-20T18:17:04.9888317+08:00" endTime="2026-09-20T18:17:05.1161944+08:00" testType="13cdc9d9-ddb5-4fa4-a97d-d965ccfc6d4b" outcome="Passed" testListId="8c84fa94-04c1-424b-9868-57a2d4851a1d" relativeResultsDirectory="85e85722-be52-466a-9009-dd03781b250b" />
  </Results>
  <TestDefinitions>
    <UnitTest name="CanvasPurposeReadsPersistentHighQualityPreviewAfterSourceGoesOffline" storage="d:\ai agent\worktrees\pixel-tart-developer-preview-rc6\tests\rawselectionassistant.wpftests\bin\x64\release\net10.0-windows10.0.19041.0\rawselectionassistant.wpftests.dll" id="142606b0-6a34-8f1c-b21a-e37084be7eb6">
      <Execution id="85e85722-be52-466a-9009-dd03781b250b" />
      <TestMethod codeBase="D:\AI AGENT\worktrees\pixel-tart-developer-preview-rc6\tests\RAWSelectionAssistant.WpfTests\bin\x64\Release\net10.0-windows10.0.19041.0\RAWSelectionAssistant.WpfTests.dll" adapterTypeName="executor://mstestadapter/v4" className="RAWSelectionAssistant.WpfTests.CanvasOfflinePreviewTests" name="CanvasPurposeReadsPersistentHighQualityPreviewAfterSourceGoesOffline" />
    </UnitTest>
  </TestDefinitions>
  <TestEntries>
    <TestEntry testId="142606b0-6a34-8f1c-b21a-e37084be7eb6" executionId="85e85722-be52-466a-9009-dd03781b250b" testListId="8c84fa94-04c1-424b-9868-57a2d4851a1d" />
  </TestEntries>
  <TestLists>
    <TestList name="列表中未列出的结果" id="8c84fa94-04c1-424b-9868-57a2d4851a1d" />
    <TestList name="所有已加载的结果" id="19431567-8539-422a-85d7-44ee4e166bda" />
  </TestLists>
  <ResultSummary outcome="Completed">
    <Counters total="1" executed="1" passed="1" failed="0" error="0" timeout="0" aborted="0" inconclusive="0" passedButRunAborted="0" notRunnable="0" notExecuted="0" disconnected="0" warning="0" completed="0" inProgress="0" pending="0" />
  </ResultSummary>
</TestRun>