<?xml version="1.0" encoding="utf-8"?>
<TestRun id="9385cc7e-6da6-418c-ab6e-aa78a058bc97" name="Administrator@PC-20250309WEIZ 2026-09-20 18:17:08" runUser="PC-20250309WEIZ\Administrator" xmlns="http://microsoft.com/schemas/VisualStudio/TeamTest/2010">
  <Times creation="2026-09-20T18:17:08.1309655+08:00" queuing="2026-09-20T18:17:08.1309657+08:00" start="2026-09-20T18:17:07.5249477+08:00" finish="2026-09-20T18:17:08.1356532+08:00" />
  <TestSettings name="default" id="e82c2281-6a8b-4ee4-9a75-39194729c770">
    <Deployment runDeploymentRoot="Administrator_PC-20250309WEIZ_2026-09-20_18_17_08" />
  </TestSettings>
  <Results>
    <UnitTestResult executionId="9608563d-c062-463e-9c78-d0841655d49d" testId="1a425f84-6a4d-8a7e-a920-61c7828ff3aa" testName="MultiRotationUsesSharedCenterAndPreservesSpacing" computerName="PC-20250309WEIZ" duration="00:00:00.0172364" startTime="2026-09-20T18:17:08.0038583+08:00" endTime="2026-09-20T18:17:08.0354165+08:00" testType="13cdc9d9-ddb5-4fa4-a97d-d965ccfc6d4b" outcome="Passed" testListId="8c84fa94-04c1-424b-9868-57a2d4851a1d" relativeResultsDirectory="9608563d-c062-463e-9c78-d0841655d49d" />
    <UnitTestResult executionId="62ad4385-2572-4f8b-8e5c-bbcae7c02906" testId="1c603f4b-d8f6-8bba-b2cc-5a6847934eb8" testName="RotationNormalizesAndSnapsAtFifteenDegrees" computerName="PC-20250309WEIZ" duration="00:00:00.0005394" startTime="2026-09-20T18:17:08.0390971+08:00" endTime="2026-09-20T18:17:08.0408577+08:00" testType="13cdc9d9-ddb5-4fa4-a97d-d965ccfc6d4b" outcome="Passed" testListId="8c84fa94-04c1-424b-9868-57a2d4851a1d" relativeResultsDirectory="62ad4385-2572-4f8b-8e5c-bbcae7c02906" />
  </Results>
  <TestDefinitions>
    <UnitTest name="RotationNormalizesAndSnapsAtFifteenDegrees" storage="d:\ai agent\worktrees\pixel-tart-developer-preview-rc6\tests\rawselectionassistant.wpftests\bin\x64\release\net10.0-windows10.0.19041.0\rawselectionassistant.wpftests.dll" id="1c603f4b-d8f6-8bba-b2cc-5a6847934eb8">
      <Execution id="62ad4385-2572-4f8b-8e5c-bbcae7c02906" />
      <TestMethod codeBase="D:\AI AGENT\worktrees\pixel-tart-developer-preview-rc6\tests\RAWSelectionAssistant.WpfTests\bin\x64\Release\net10.0-windows10.0.19041.0\RAWSelectionAssistant.WpfTests.dll" adapterTypeName="executor://mstestadapter/v4" className="RAWSelectionAssistant.WpfTests.CanvasRotationTests" name="RotationNormalizesAndSnapsAtFifteenDegrees" />
    </UnitTest>
    <UnitTest name="MultiRotationUsesSharedCenterAndPreservesSpacing" storage="d:\ai agent\worktrees\pixel-tart-developer-preview-rc6\tests\rawselectionassistant.wpftests\bin\x64\release\net10.0-windows10.0.19041.0\rawselectionassistant.wpftests.dll" id="1a425f84-6a4d-8a7e-a920-61c7828ff3aa">
      <Execution id="9608563d-c062-463e-9c78-d0841655d49d" />
      <TestMethod codeBase="D:\AI AGENT\worktrees\pixel-tart-developer-preview-rc6\tests\RAWSelectionAssistant.WpfTests\bin\x64\Release\net10.0-windows10.0.19041.0\RAWSelectionAssistant.WpfTests.dll" adapterTypeName="executor://mstestadapter/v4" className="RAWSelectionAssistant.WpfTests.CanvasRotationTests" name="MultiRotationUsesSharedCenterAndPreservesSpacing" />
    </UnitTest>
  </TestDefinitions>
  <TestEntries>
    <TestEntry testId="1a425f84-6a4d-8a7e-a920-61c7828ff3aa" executionId="9608563d-c062-463e-9c78-d0841655d49d" testListId="8c84fa94-04c1-424b-9868-57a2d4851a1d" />
    <TestEntry testId="1c603f4b-d8f6-8bba-b2cc-5a6847934eb8" executionId="62ad4385-2572-4f8b-8e5c-bbcae7c02906" testListId="8c84fa94-04c1-424b-9868-57a2d4851a1d" />
  </TestEntries>
  <TestLists>
    <TestList name="列表中未列出的结果" id="8c84fa94-04c1-424b-9868-57a2d4851a1d" />
    <TestList name="所有已加载的结果" id="19431567-8539-422a-85d7-44ee4e166bda" />
  </TestLists>
  <ResultSummary outcome="Completed">
    <Counters total="2" executed="2" passed="2" failed="0" error="0" timeout="0" aborted="0" inconclusive="0" passedButRunAborted="0" notRunnable="0" notExecuted="0" disconnected="0" warning="0" completed="0" inProgress="0" pending="0" />
  </ResultSummary>
</TestRun>