<?xml version="1.0" encoding="utf-8"?>
<TestRun id="8b606eeb-f446-459f-bbe2-0bd1e5d86640" name="Administrator@PC-20250309WEIZ 2026-09-20 18:17:09" runUser="PC-20250309WEIZ\Administrator" xmlns="http://microsoft.com/schemas/VisualStudio/TeamTest/2010">
  <Times creation="2026-09-20T18:17:09.5649994+08:00" queuing="2026-09-20T18:17:09.5649998+08:00" start="2026-09-20T18:17:08.9220684+08:00" finish="2026-09-20T18:17:09.5696037+08:00" />
  <TestSettings name="default" id="aade867b-183a-429a-8901-5edf4ee5e165">
    <Deployment runDeploymentRoot="Administrator_PC-20250309WEIZ_2026-09-20_18_17_09" />
  </TestSettings>
  <Results>
    <UnitTestResult executionId="84873630-cd84-476c-888a-2a26a0faf71a" testId="14c97b55-35c0-869a-94ed-b77b856d1e7b" testName="DocumentTargetCannotOverwriteReferencedSource" computerName="PC-20250309WEIZ" duration="00:00:00.0249371" startTime="2026-09-20T18:17:09.3727060+08:00" endTime="2026-09-20T18:17:09.4128040+08:00" testType="13cdc9d9-ddb5-4fa4-a97d-d965ccfc6d4b" outcome="Passed" testListId="8c84fa94-04c1-424b-9868-57a2d4851a1d" relativeResultsDirectory="84873630-cd84-476c-888a-2a26a0faf71a" />
    <UnitTestResult executionId="c5203438-b730-49eb-8be7-85c10e85f459" testId="18ce8580-e406-8bb5-8241-efc50a587573" testName="EveryOperationLeavesSourceHashUnchanged" computerName="PC-20250309WEIZ" duration="00:00:00.0553144" startTime="2026-09-20T18:17:09.4162178+08:00" endTime="2026-09-20T18:17:09.4727975+08:00" testType="13cdc9d9-ddb5-4fa4-a97d-d965ccfc6d4b" outcome="Passed" testListId="8c84fa94-04c1-424b-9868-57a2d4851a1d" relativeResultsDirectory="c5203438-b730-49eb-8be7-85c10e85f459" />
  </Results>
  <TestDefinitions>
    <UnitTest name="DocumentTargetCannotOverwriteReferencedSource" storage="d:\ai agent\worktrees\pixel-tart-developer-preview-rc6\tests\rawselectionassistant.wpftests\bin\x64\release\net10.0-windows10.0.19041.0\rawselectionassistant.wpftests.dll" id="14c97b55-35c0-869a-94ed-b77b856d1e7b">
      <Execution id="84873630-cd84-476c-888a-2a26a0faf71a" />
      <TestMethod codeBase="D:\AI AGENT\worktrees\pixel-tart-developer-preview-rc6\tests\RAWSelectionAssistant.WpfTests\bin\x64\Release\net10.0-windows10.0.19041.0\RAWSelectionAssistant.WpfTests.dll" adapterTypeName="executor://mstestadapter/v4" className="RAWSelectionAssistant.WpfTests.CanvasSourceSafetyTests" name="DocumentTargetCannotOverwriteReferencedSource" />
    </UnitTest>
    <UnitTest name="EveryOperationLeavesSourceHashUnchanged" storage="d:\ai agent\worktrees\pixel-tart-developer-preview-rc6\tests\rawselectionassistant.wpftests\bin\x64\release\net10.0-windows10.0.19041.0\rawselectionassistant.wpftests.dll" id="18ce8580-e406-8bb5-8241-efc50a587573">
      <Execution id="c5203438-b730-49eb-8be7-85c10e85f459" />
      <TestMethod codeBase="D:\AI AGENT\worktrees\pixel-tart-developer-preview-rc6\tests\RAWSelectionAssistant.WpfTests\bin\x64\Release\net10.0-windows10.0.19041.0\RAWSelectionAssistant.WpfTests.dll" adapterTypeName="executor://mstestadapter/v4" className="RAWSelectionAssistant.WpfTests.CanvasSourceSafetyTests" name="EveryOperationLeavesSourceHashUnchanged" />
    </UnitTest>
  </TestDefinitions>
  <TestEntries>
    <TestEntry testId="14c97b55-35c0-869a-94ed-b77b856d1e7b" executionId="84873630-cd84-476c-888a-2a26a0faf71a" testListId="8c84fa94-04c1-424b-9868-57a2d4851a1d" />
    <TestEntry testId="18ce8580-e406-8bb5-8241-efc50a587573" executionId="c5203438-b730-49eb-8be7-85c10e85f459" testListId="8c84fa94-04c1-424b-9868-57a2d4851a1d" />
  </TestEntries>
  <TestLists>
    <TestList name="列表中未列出的结果" id="8c84fa94-04c1-424b-9868-57a2d4851a1d" />
    <TestList name="所有已加载的结果" id="19431567-8539-422a-85d7-44ee4e166bda" />
  </TestLists>
  <ResultSummary outcome="Completed">
    <Counters total="2" executed="2" passed="2" failed="0" error="0" timeout="0" aborted="0" inconclusive="0" passedButRunAborted="0" notRunnable="0" notExecuted="0" disconnected="0" warning="0" completed="0" inProgress="0" pending="0" />
  </ResultSummary>
</TestRun>