<?xml version="1.0" encoding="utf-8"?>
<TestRun id="83f062ba-3d63-4547-be24-83048e9364c8" name="Administrator@PC-20250309WEIZ 2026-09-20 18:17:13" runUser="PC-20250309WEIZ\Administrator" xmlns="http://microsoft.com/schemas/VisualStudio/TeamTest/2010">
  <Times creation="2026-09-20T18:17:13.4304572+08:00" queuing="2026-09-20T18:17:13.4304575+08:00" start="2026-09-20T18:17:12.8225297+08:00" finish="2026-09-20T18:17:13.4348991+08:00" />
  <TestSettings name="default" id="42127b2e-5857-4ed7-a594-9e888de5e151">
    <Deployment runDeploymentRoot="Administrator_PC-20250309WEIZ_2026-09-20_18_17_13" />
  </TestSettings>
  <Results>
    <UnitTestResult executionId="0df795d9-0d63-4a06-a3b3-09bb869f5241" testId="1adab349-9410-8745-95e4-56f29d8d628c" testName="GestureIsOneUndoAndArrangeCanUndo" computerName="PC-20250309WEIZ" duration="00:00:00.0240172" startTime="2026-09-20T18:17:13.2931541+08:00" endTime="2026-09-20T18:17:13.3333643+08:00" testType="13cdc9d9-ddb5-4fa4-a97d-d965ccfc6d4b" outcome="Passed" testListId="8c84fa94-04c1-424b-9868-57a2d4851a1d" relativeResultsDirectory="0df795d9-0d63-4a06-a3b3-09bb869f5241" />
  </Results>
  <TestDefinitions>
    <UnitTest name="GestureIsOneUndoAndArrangeCanUndo" storage="d:\ai agent\worktrees\pixel-tart-developer-preview-rc6\tests\rawselectionassistant.wpftests\bin\x64\release\net10.0-windows10.0.19041.0\rawselectionassistant.wpftests.dll" id="1adab349-9410-8745-95e4-56f29d8d628c">
      <Execution id="0df795d9-0d63-4a06-a3b3-09bb869f5241" />
      <TestMethod codeBase="D:\AI AGENT\worktrees\pixel-tart-developer-preview-rc6\tests\RAWSelectionAssistant.WpfTests\bin\x64\Release\net10.0-windows10.0.19041.0\RAWSelectionAssistant.WpfTests.dll" adapterTypeName="executor://mstestadapter/v4" className="RAWSelectionAssistant.WpfTests.CanvasUndoRedoTests" name="GestureIsOneUndoAndArrangeCanUndo" />
    </UnitTest>
  </TestDefinitions>
  <TestEntries>
    <TestEntry testId="1adab349-9410-8745-95e4-56f29d8d628c" executionId="0df795d9-0d63-4a06-a3b3-09bb869f5241" testListId="8c84fa94-04c1-424b-9868-57a2d4851a1d" />
  </TestEntries>
  <TestLists>
    <TestList name="列表中未列出的结果" id="8c84fa94-04c1-424b-9868-57a2d4851a1d" />
    <TestList name="所有已加载的结果" id="19431567-8539-422a-85d7-44ee4e166bda" />
  </TestLists>
  <ResultSummary outcome="Completed">
    <Counters total="1" executed="1" passed="1" failed="0" error="0" timeout="0" aborted="0" inconclusive="0" passedButRunAborted="0" notRunnable="0" notExecuted="0" disconnected="0" warning="0" completed="0" inProgress="0" pending="0" />
  </ResultSummary>
</TestRun>