<?xml version="1.0" encoding="utf-8"?>
<TestRun id="444b8a63-e88a-4d37-8480-e6a069cdfba1" name="Administrator@PC-20250309WEIZ 2026-09-20 18:17:42" runUser="PC-20250309WEIZ\Administrator" xmlns="http://microsoft.com/schemas/VisualStudio/TeamTest/2010">
  <Times creation="2026-09-20T18:17:42.6210854+08:00" queuing="2026-09-20T18:17:42.6210860+08:00" start="2026-09-20T18:17:42.0809766+08:00" finish="2026-09-20T18:17:42.6507630+08:00" />
  <TestSettings name="default" id="b68baf5a-a96c-4304-b14c-78a6c4b06a4b">
    <Deployment runDeploymentRoot="Administrator_PC-20250309WEIZ_2026-09-20_18_17_42" />
  </TestSettings>
  <Results>
    <UnitTestResult executionId="98177daf-c5e7-462b-a96e-d4fb65826b0d" testId="165c68d5-fddb-8484-8565-041f38a48782" testName="Step18ReportRecovery_UsesActualCsvJsonTxtFilesAndMissingList" computerName="PC-20250309WEIZ" duration="00:00:00.0004615" startTime="2026-09-20T18:17:42.5894806+08:00" endTime="2026-09-20T18:17:42.5899671+08:00" testType="13cdc9d9-ddb5-4fa4-a97d-d965ccfc6d4b" outcome="Passed" testListId="8c84fa94-04c1-424b-9868-57a2d4851a1d" relativeResultsDirectory="98177daf-c5e7-462b-a96e-d4fb65826b0d" />
    <UnitTestResult executionId="d7a858e9-d1ad-448f-b5c4-e9bcc1460080" testId="1a15caf5-2469-8515-9ac4-5737f6b2902c" testName="ToolboxAndOverflowPopups_CloseThroughEscBoundary" computerName="PC-20250309WEIZ" duration="00:00:00.0008927" startTime="2026-09-20T18:17:42.5589290+08:00" endTime="2026-09-20T18:17:42.5598452+08:00" testType="13cdc9d9-ddb5-4fa4-a97d-d965ccfc6d4b" outcome="Passed" testListId="8c84fa94-04c1-424b-9868-57a2d4851a1d" relativeResultsDirectory="d7a858e9-d1ad-448f-b5c4-e9bcc1460080" />
    <UnitTestResult executionId="2e6682b4-e95c-4814-bf32-245fccccdc23" testId="19e660b0-d553-8204-9fc8-0f2efced6964" testName="RawAndBatchModals_ExposeCancelAndBusySafeProgress" computerName="PC-20250309WEIZ" duration="00:00:00.0014016" startTime="2026-09-20T18:17:42.5543295+08:00" endTime="2026-09-20T18:17:42.5570285+08:00" testType="13cdc9d9-ddb5-4fa4-a97d-d965ccfc6d4b" outcome="Passed" testListId="8c84fa94-04c1-424b-9868-57a2d4851a1d" relativeResultsDirectory="2e6682b4-e95c-4814-bf32-245fccccdc23" />
    <UnitTestResult executionId="0dda9947-c0f5-493d-a7b8-9fbd75d8c6af" testId="12ebbd5a-8da2-82c8-a121-0a07deb59654" testName="TutorialOverlay_LeavesCardInteractiveAndExitAccessible" computerName="PC-20250309WEIZ" duration="00:00:00.0013366" startTime="2026-09-20T18:17:42.5875364+08:00" endTime="2026-09-20T18:17:42.5889072+08:00" testType="13cdc9d9-ddb5-4fa4-a97d-d965ccfc6d4b" outcome="Passed" testListId="8c84fa94-04c1-424b-9868-57a2d4851a1d" relativeResultsDirectory="0dda9947-c0f5-493d-a7b8-9fbd75d8c6af" />
    <UnitTestResult executionId="05e4b88b-330b-4b28-a5aa-1ccddebed7a0" testId="1580f8ad-18fb-8a2b-b4e2-9ac717063263" testName="EscapePageMatrix_UsesShellNavigationWithoutCancellingTasks (&quot;PhotoGrouping&quot;)" computerName="PC-20250309WEIZ" duration="00:00:00.0005990" startTime="2026-09-20T18:17:42.5536892+08:00" endTime="2026-09-20T18:17:42.5543155+08:00" testType="13cdc9d9-ddb5-4fa4-a97d-d965ccfc6d4b" outcome="Passed" testListId="8c84fa94-04c1-424b-9868-57a2d4851a1d" relativeResultsDirectory="05e4b88b-330b-4b28-a5aa-1ccddebed7a0" />
    <UnitTestResult executionId="10743f7e-0b08-4b32-9315-f652caf64011" testId="179fdc27-b075-8469-8a79-be2453eb6b69" testName="ModalCloseSmokeMatrix_ListsAllRequiredSurfaces" computerName="PC-20250309WEIZ" duration="00:00:00.0039982" startTime="2026-09-20T18:17:42.5953757+08:00" endTime="2026-09-20T18:17:42.6004490+08:00" testType="13cdc9d9-ddb5-4fa4-a97d-d965ccfc6d4b" outcome="Passed" testListId="8c84fa94-04c1-424b-9868-57a2d4851a1d" relativeResultsDirectory="10743f7e-0b08-4b32-9315-f652caf64011" />
    <UnitTestResult executionId="de14c55c-fef6-41a5-9cf5-b258045d0e8d" testId="1e39ad90-5996-8b27-a29e-849d7b3db24d" testName="EscapePageMatrix_UsesShellNavigationWithoutCancellingTasks (&quot;RawToJpeg&quot;)" computerName="PC-20250309WEIZ" duration="00:00:00.0060952" startTime="2026-09-20T18:17:42.5272649+08:00" endTime="2026-09-20T18:17:42.5478198+08:00" testType="13cdc9d9-ddb5-4fa4-a97d-d965ccfc6d4b" outcome="Passed" testListId="8c84fa94-04c1-424b-9868-57a2d4851a1d" relativeResultsDirectory="de14c55c-fef6-41a5-9cf5-b258045d0e8d" />
    <UnitTestResult executionId="18260c1f-e989-434b-b809-14bbf58fbec4" testId="1db70932-de0f-811e-b928-2bf110100911" testName="EscapePageMatrix_UsesShellNavigationWithoutCancellingTasks (&quot;Collage&quot;)" computerName="PC-20250309WEIZ" duration="00:00:00.0006677" startTime="2026-09-20T18:17:42.5529568+08:00" endTime="2026-09-20T18:17:42.5536685+08:00" testType="13cdc9d9-ddb5-4fa4-a97d-d965ccfc6d4b" outcome="Passed" testListId="8c84fa94-04c1-424b-9868-57a2d4851a1d" relativeResultsDirectory="18260c1f-e989-434b-b809-14bbf58fbec4" />
    <UnitTestResult executionId="42857ff1-5de8-429b-b8e2-53415fd44f75" testId="110fa99d-8f18-86a9-8354-897cf84f04cd" testName="ModalHostContract_ProvidesCloseCancelTokenAndIdempotentDismissal" computerName="PC-20250309WEIZ" duration="00:00:00.0003255" startTime="2026-09-20T18:17:42.5950014+08:00" endTime="2026-09-20T18:17:42.5953558+08:00" testType="13cdc9d9-ddb5-4fa4-a97d-d965ccfc6d4b" outcome="Passed" testListId="8c84fa94-04c1-424b-9868-57a2d4851a1d" relativeResultsDirectory="42857ff1-5de8-429b-b8e2-53415fd44f75" />
    <UnitTestResult executionId="b98d2e5d-e6aa-408c-9bcc-97c67da638e5" testId="166c3d55-bb4a-8cdc-85ef-c9e53bbb8e4a" testName="TutorialStep18Failure_OffersRetryRecreateBackAndExitWithoutBusyDeadlock" computerName="PC-20250309WEIZ" duration="00:00:00.0040159" startTime="2026-09-20T18:17:42.5899858+08:00" endTime="2026-09-20T18:17:42.5940417+08:00" testType="13cdc9d9-ddb5-4fa4-a97d-d965ccfc6d4b" outcome="Passed" testListId="8c84fa94-04c1-424b-9868-57a2d4851a1d" relativeResultsDirectory="b98d2e5d-e6aa-408c-9bcc-97c67da638e5" />
    <UnitTestResult executionId="cb317b25-0721-424a-8b7c-072ef86e9d61" testId="18bebf8d-9120-8f47-ae39-eb0c032c9b03" testName="ErrorDialog_ClosesWithEscapeAndSupportsOpenCancelAndBusyCompletionPaths" computerName="PC-20250309WEIZ" duration="00:00:00.0008653" startTime="2026-09-20T18:17:42.5940760+08:00" endTime="2026-09-20T18:17:42.5949795+08:00" testType="13cdc9d9-ddb5-4fa4-a97d-d965ccfc6d4b" outcome="Passed" testListId="8c84fa94-04c1-424b-9868-57a2d4851a1d" relativeResultsDirectory="cb317b25-0721-424a-8b7c-072ef86e9d61" />
    <UnitTestResult executionId="d0b7125c-cb5b-448f-ad2d-10c64a9f9ee0" testId="13e1d609-9189-8fe3-8b56-ec412298a4e6" testName="BookingEditorVariants_KeepOneCancelContract (&quot;QuickCreate&quot;)" computerName="PC-20250309WEIZ" duration="00:00:00.0006437" startTime="2026-09-20T18:17:42.5570557+08:00" endTime="2026-09-20T18:17:42.5577376+08:00" testType="13cdc9d9-ddb5-4fa4-a97d-d965ccfc6d4b" outcome="Passed" testListId="8c84fa94-04c1-424b-9868-57a2d4851a1d" relativeResultsDirectory="d0b7125c-cb5b-448f-ad2d-10c64a9f9ee0" />
    <UnitTestResult executionId="08442b6b-f1b9-4ccc-83cd-c9f0529cdaf3" testId="19ed7d34-338b-82fe-ba3b-0511416ab44d" testName="BookingEditorVariants_KeepOneCancelContract (&quot;FullPlanning&quot;)" computerName="PC-20250309WEIZ" duration="00:00:00.0004343" startTime="2026-09-20T18:17:42.5584556+08:00" endTime="2026-09-20T18:17:42.5589169+08:00" testType="13cdc9d9-ddb5-4fa4-a97d-d965ccfc6d4b" outcome="Passed" testListId="8c84fa94-04c1-424b-9868-57a2d4851a1d" relativeResultsDirectory="08442b6b-f1b9-4ccc-83cd-c9f0529cdaf3" />
    <UnitTestResult executionId="b26c2e4b-6384-4787-9ae0-0c820dba387a" testId="19fbb4c2-b09c-8c41-a70c-364e7114a461" testName="BookingEditorVariants_KeepOneCancelContract (&quot;QuickEdit&quot;)" computerName="PC-20250309WEIZ" duration="00:00:00.0006445" startTime="2026-09-20T18:17:42.5577591+08:00" endTime="2026-09-20T18:17:42.5584363+08:00" testType="13cdc9d9-ddb5-4fa4-a97d-d965ccfc6d4b" outcome="Passed" testListId="8c84fa94-04c1-424b-9868-57a2d4851a1d" relativeResultsDirectory="b26c2e4b-6384-4787-9ae0-0c820dba387a" />
    <UnitTestResult executionId="9a327536-0c02-41c1-8ba3-a5b9b714b6e2" testId="16a396d1-3dd8-89f2-99e4-cc858a23428a" testName="OnlineSelectionCreate_ProvidesCancelAndBusyGuard" computerName="PC-20250309WEIZ" duration="00:00:00.0006207" startTime="2026-09-20T18:17:42.5868313+08:00" endTime="2026-09-20T18:17:42.5875091+08:00" testType="13cdc9d9-ddb5-4fa4-a97d-d965ccfc6d4b" outcome="Passed" testListId="8c84fa94-04c1-424b-9868-57a2d4851a1d" relativeResultsDirectory="9a327536-0c02-41c1-8ba3-a5b9b714b6e2" />
    <UnitTestResult executionId="69c13459-96ba-4d14-8bc7-8755391f2be2" testId="1ac32c64-8514-8289-bfab-4c888844334e" testName="EscapePageMatrix_UsesShellNavigationWithoutCancellingTasks (&quot;BatchCompress&quot;)" computerName="PC-20250309WEIZ" duration="00:00:00.0009763" startTime="2026-09-20T18:17:42.5514021+08:00" endTime="2026-09-20T18:17:42.5526480+08:00" testType="13cdc9d9-ddb5-4fa4-a97d-d965ccfc6d4b" outcome="Passed" testListId="8c84fa94-04c1-424b-9868-57a2d4851a1d" relativeResultsDirectory="69c13459-96ba-4d14-8bc7-8755391f2be2" />
    <UnitTestResult executionId="e0a95a96-2208-4d51-9c11-b6b3c065b5eb" testId="12826157-7d59-8f33-b3d4-26a87f418296" testName="TutorialExit_AlwaysCancelsAndRestoresInFinally" computerName="PC-20250309WEIZ" duration="00:00:00.0005029" startTime="2026-09-20T18:17:42.5889301+08:00" endTime="2026-09-20T18:17:42.5894618+08:00" testType="13cdc9d9-ddb5-4fa4-a97d-d965ccfc6d4b" outcome="Passed" testListId="8c84fa94-04c1-424b-9868-57a2d4851a1d" relativeResultsDirectory="e0a95a96-2208-4d51-9c11-b6b3c065b5eb" />
  </Results>
  <TestDefinitions>
    <UnitTest name="Step18ReportRecovery_UsesActualCsvJsonTxtFilesAndMissingList" storage="d:\ai agent\worktrees\pixel-tart-developer-preview-rc6\tests\rawselectionassistant.wpftests\bin\x64\release\net10.0-windows10.0.19041.0\rawselectionassistant.wpftests.dll" id="165c68d5-fddb-8484-8565-041f38a48782">
      <Execution id="98177daf-c5e7-462b-a96e-d4fb65826b0d" />
      <TestMethod codeBase="D:\AI AGENT\worktrees\pixel-tart-developer-preview-rc6\tests\RAWSelectionAssistant.WpfTests\bin\x64\Release\net10.0-windows10.0.19041.0\RAWSelectionAssistant.WpfTests.dll" adapterTypeName="executor://mstestadapter/v4" className="RAWSelectionAssistant.WpfTests.ModalCloseSmokeTests" name="Step18ReportRecovery_UsesActualCsvJsonTxtFilesAndMissingList" />
    </UnitTest>
    <UnitTest name="TutorialStep18Failure_OffersRetryRecreateBackAndExitWithoutBusyDeadlock" storage="d:\ai agent\worktrees\pixel-tart-developer-preview-rc6\tests\rawselectionassistant.wpftests\bin\x64\release\net10.0-windows10.0.19041.0\rawselectionassistant.wpftests.dll" id="166c3d55-bb4a-8cdc-85ef-c9e53bbb8e4a">
      <Execution id="b98d2e5d-e6aa-408c-9bcc-97c67da638e5" />
      <TestMethod codeBase="D:\AI AGENT\worktrees\pixel-tart-developer-preview-rc6\tests\RAWSelectionAssistant.WpfTests\bin\x64\Release\net10.0-windows10.0.19041.0\RAWSelectionAssistant.WpfTests.dll" adapterTypeName="executor://mstestadapter/v4" className="RAWSelectionAssistant.WpfTests.ModalCloseSmokeTests" name="TutorialStep18Failure_OffersRetryRecreateBackAndExitWithoutBusyDeadlock" />
    </UnitTest>
    <UnitTest name="BookingEditorVariants_KeepOneCancelContract (&quot;FullPlanning&quot;)" storage="d:\ai agent\worktrees\pixel-tart-developer-preview-rc6\tests\rawselectionassistant.wpftests\bin\x64\release\net10.0-windows10.0.19041.0\rawselectionassistant.wpftests.dll" id="19ed7d34-338b-82fe-ba3b-0511416ab44d">
      <Execution id="08442b6b-f1b9-4ccc-83cd-c9f0529cdaf3" />
      <TestMethod codeBase="D:\AI AGENT\worktrees\pixel-tart-developer-preview-rc6\tests\RAWSelectionAssistant.WpfTests\bin\x64\Release\net10.0-windows10.0.19041.0\RAWSelectionAssistant.WpfTests.dll" adapterTypeName="executor://mstestadapter/v4" className="RAWSelectionAssistant.WpfTests.ModalCloseSmokeTests" name="BookingEditorVariants_KeepOneCancelContract" />
    </UnitTest>
    <UnitTest name="TutorialExit_AlwaysCancelsAndRestoresInFinally" storage="d:\ai agent\worktrees\pixel-tart-developer-preview-rc6\tests\rawselectionassistant.wpftests\bin\x64\release\net10.0-windows10.0.19041.0\rawselectionassistant.wpftests.dll" id="12826157-7d59-8f33-b3d4-26a87f418296">
      <Execution id="e0a95a96-2208-4d51-9c11-b6b3c065b5eb" />
      <TestMethod codeBase="D:\AI AGENT\worktrees\pixel-tart-developer-preview-rc6\tests\RAWSelectionAssistant.WpfTests\bin\x64\Release\net10.0-windows10.0.19041.0\RAWSelectionAssistant.WpfTests.dll" adapterTypeName="executor://mstestadapter/v4" className="RAWSelectionAssistant.WpfTests.ModalCloseSmokeTests" name="TutorialExit_AlwaysCancelsAndRestoresInFinally" />
    </UnitTest>
    <UnitTest name="EscapePageMatrix_UsesShellNavigationWithoutCancellingTasks (&quot;RawToJpeg&quot;)" storage="d:\ai agent\worktrees\pixel-tart-developer-preview-rc6\tests\rawselectionassistant.wpftests\bin\x64\release\net10.0-windows10.0.19041.0\rawselectionassistant.wpftests.dll" id="1e39ad90-5996-8b27-a29e-849d7b3db24d">
      <Execution id="de14c55c-fef6-41a5-9cf5-b258045d0e8d" />
      <TestMethod codeBase="D:\AI AGENT\worktrees\pixel-tart-developer-preview-rc6\tests\RAWSelectionAssistant.WpfTests\bin\x64\Release\net10.0-windows10.0.19041.0\RAWSelectionAssistant.WpfTests.dll" adapterTypeName="executor://mstestadapter/v4" className="RAWSelectionAssistant.WpfTests.ModalCloseSmokeTests" name="EscapePageMatrix_UsesShellNavigationWithoutCancellingTasks" />
    </UnitTest>
    <UnitTest name="ToolboxAndOverflowPopups_CloseThroughEscBoundary" storage="d:\ai agent\worktrees\pixel-tart-developer-preview-rc6\tests\rawselectionassistant.wpftests\bin\x64\release\net10.0-windows10.0.19041.0\rawselectionassistant.wpftests.dll" id="1a15caf5-2469-8515-9ac4-5737f6b2902c">
      <Execution id="d7a858e9-d1ad-448f-b5c4-e9bcc1460080" />
      <TestMethod codeBase="D:\AI AGENT\worktrees\pixel-tart-developer-preview-rc6\tests\RAWSelectionAssistant.WpfTests\bin\x64\Release\net10.0-windows10.0.19041.0\RAWSelectionAssistant.WpfTests.dll" adapterTypeName="executor://mstestadapter/v4" className="RAWSelectionAssistant.WpfTests.ModalCloseSmokeTests" name="ToolboxAndOverflowPopups_CloseThroughEscBoundary" />
    </UnitTest>
    <UnitTest name="EscapePageMatrix_UsesShellNavigationWithoutCancellingTasks (&quot;BatchCompress&quot;)" storage="d:\ai agent\worktrees\pixel-tart-developer-preview-rc6\tests\rawselectionassistant.wpftests\bin\x64\release\net10.0-windows10.0.19041.0\rawselectionassistant.wpftests.dll" id="1ac32c64-8514-8289-bfab-4c888844334e">
      <Execution id="69c13459-96ba-4d14-8bc7-8755391f2be2" />
      <TestMethod codeBase="D:\AI AGENT\worktrees\pixel-tart-developer-preview-rc6\tests\RAWSelectionAssistant.WpfTests\bin\x64\Release\net10.0-windows10.0.19041.0\RAWSelectionAssistant.WpfTests.dll" adapterTypeName="executor://mstestadapter/v4" className="RAWSelectionAssistant.WpfTests.ModalCloseSmokeTests" name="EscapePageMatrix_UsesShellNavigationWithoutCancellingTasks" />
    </UnitTest>
    <UnitTest name="ModalHostContract_ProvidesCloseCancelTokenAndIdempotentDismissal" storage="d:\ai agent\worktrees\pixel-tart-developer-preview-rc6\tests\rawselectionassistant.wpftests\bin\x64\release\net10.0-windows10.0.19041.0\rawselectionassistant.wpftests.dll" id="110fa99d-8f18-86a9-8354-897cf84f04cd">
      <Execution id="42857ff1-5de8-429b-b8e2-53415fd44f75" />
      <TestMethod codeBase="D:\AI AGENT\worktrees\pixel-tart-developer-preview-rc6\tests\RAWSelectionAssistant.WpfTests\bin\x64\Release\net10.0-windows10.0.19041.0\RAWSelectionAssistant.WpfTests.dll" adapterTypeName="executor://mstestadapter/v4" className="RAWSelectionAssistant.WpfTests.ModalCloseSmokeTests" name="ModalHostContract_ProvidesCloseCancelTokenAndIdempotentDismissal" />
    </UnitTest>
    <UnitTest name="RawAndBatchModals_ExposeCancelAndBusySafeProgress" storage="d:\ai agent\worktrees\pixel-tart-developer-preview-rc6\tests\rawselectionassistant.wpftests\bin\x64\release\net10.0-windows10.0.19041.0\rawselectionassistant.wpftests.dll" id="19e660b0-d553-8204-9fc8-0f2efced6964">
      <Execution id="2e6682b4-e95c-4814-bf32-245fccccdc23" />
      <TestMethod codeBase="D:\AI AGENT\worktrees\pixel-tart-developer-preview-rc6\tests\RAWSelectionAssistant.WpfTests\bin\x64\Release\net10.0-windows10.0.19041.0\RAWSelectionAssistant.WpfTests.dll" adapterTypeName="executor://mstestadapter/v4" className="RAWSelectionAssistant.WpfTests.ModalCloseSmokeTests" name="RawAndBatchModals_ExposeCancelAndBusySafeProgress" />
    </UnitTest>
    <UnitTest name="OnlineSelectionCreate_ProvidesCancelAndBusyGuard" storage="d:\ai agent\worktrees\pixel-tart-developer-preview-rc6\tests\rawselectionassistant.wpftests\bin\x64\release\net10.0-windows10.0.19041.0\rawselectionassistant.wpftests.dll" id="16a396d1-3dd8-89f2-99e4-cc858a23428a">
      <Execution id="9a327536-0c02-41c1-8ba3-a5b9b714b6e2" />
      <TestMethod codeBase="D:\AI AGENT\worktrees\pixel-tart-developer-preview-rc6\tests\RAWSelectionAssistant.WpfTests\bin\x64\Release\net10.0-windows10.0.19041.0\RAWSelectionAssistant.WpfTests.dll" adapterTypeName="executor://mstestadapter/v4" className="RAWSelectionAssistant.WpfTests.ModalCloseSmokeTests" name="OnlineSelectionCreate_ProvidesCancelAndBusyGuard" />
    </UnitTest>
    <UnitTest name="EscapePageMatrix_UsesShellNavigationWithoutCancellingTasks (&quot;Collage&quot;)" storage="d:\ai agent\worktrees\pixel-tart-developer-preview-rc6\tests\rawselectionassistant.wpftests\bin\x64\release\net10.0-windows10.0.19041.0\rawselectionassistant.wpftests.dll" id="1db70932-de0f-811e-b928-2bf110100911">
      <Execution id="18260c1f-e989-434b-b809-14bbf58fbec4" />
      <TestMethod codeBase="D:\AI AGENT\worktrees\pixel-tart-developer-preview-rc6\tests\RAWSelectionAssistant.WpfTests\bin\x64\Release\net10.0-windows10.0.19041.0\RAWSelectionAssistant.WpfTests.dll" adapterTypeName="executor://mstestadapter/v4" className="RAWSelectionAssistant.WpfTests.ModalCloseSmokeTests" name="EscapePageMatrix_UsesShellNavigationWithoutCancellingTasks" />
    </UnitTest>
    <UnitTest name="TutorialOverlay_LeavesCardInteractiveAndExitAccessible" storage="d:\ai agent\worktrees\pixel-tart-developer-preview-rc6\tests\rawselectionassistant.wpftests\bin\x64\release\net10.0-windows10.0.19041.0\rawselectionassistant.wpftests.dll" id="12ebbd5a-8da2-82c8-a121-0a07deb59654">
      <Execution id="0dda9947-c0f5-493d-a7b8-9fbd75d8c6af" />
      <TestMethod codeBase="D:\AI AGENT\worktrees\pixel-tart-developer-preview-rc6\tests\RAWSelectionAssistant.WpfTests\bin\x64\Release\net10.0-windows10.0.19041.0\RAWSelectionAssistant.WpfTests.dll" adapterTypeName="executor://mstestadapter/v4" className="RAWSelectionAssistant.WpfTests.ModalCloseSmokeTests" name="TutorialOverlay_LeavesCardInteractiveAndExitAccessible" />
    </UnitTest>
    <UnitTest name="ModalCloseSmokeMatrix_ListsAllRequiredSurfaces" storage="d:\ai agent\worktrees\pixel-tart-developer-preview-rc6\tests\rawselectionassistant.wpftests\bin\x64\release\net10.0-windows10.0.19041.0\rawselectionassistant.wpftests.dll" id="179fdc27-b075-8469-8a79-be2453eb6b69">
      <Execution id="10743f7e-0b08-4b32-9315-f652caf64011" />
      <TestMethod codeBase="D:\AI AGENT\worktrees\pixel-tart-developer-preview-rc6\tests\RAWSelectionAssistant.WpfTests\bin\x64\Release\net10.0-windows10.0.19041.0\RAWSelectionAssistant.WpfTests.dll" adapterTypeName="executor://mstestadapter/v4" className="RAWSelectionAssistant.WpfTests.ModalCloseSmokeTests" name="ModalCloseSmokeMatrix_ListsAllRequiredSurfaces" />
    </UnitTest>
    <UnitTest name="BookingEditorVariants_KeepOneCancelContract (&quot;QuickCreate&quot;)" storage="d:\ai agent\worktrees\pixel-tart-developer-preview-rc6\tests\rawselectionassistant.wpftests\bin\x64\release\net10.0-windows10.0.19041.0\rawselectionassistant.wpftests.dll" id="13e1d609-9189-8fe3-8b56-ec412298a4e6">
      <Execution id="d0b7125c-cb5b-448f-ad2d-10c64a9f9ee0" />
      <TestMethod codeBase="D:\AI AGENT\worktrees\pixel-tart-developer-preview-rc6\tests\RAWSelectionAssistant.WpfTests\bin\x64\Release\net10.0-windows10.0.19041.0\RAWSelectionAssistant.WpfTests.dll" adapterTypeName="executor://mstestadapter/v4" className="RAWSelectionAssistant.WpfTests.ModalCloseSmokeTests" name="BookingEditorVariants_KeepOneCancelContract" />
    </UnitTest>
    <UnitTest name="ErrorDialog_ClosesWithEscapeAndSupportsOpenCancelAndBusyCompletionPaths" storage="d:\ai agent\worktrees\pixel-tart-developer-preview-rc6\tests\rawselectionassistant.wpftests\bin\x64\release\net10.0-windows10.0.19041.0\rawselectionassistant.wpftests.dll" id="18bebf8d-9120-8f47-ae39-eb0c032c9b03">
      <Execution id="cb317b25-0721-424a-8b7c-072ef86e9d61" />
      <TestMethod codeBase="D:\AI AGENT\worktrees\pixel-tart-developer-preview-rc6\tests\RAWSelectionAssistant.WpfTests\bin\x64\Release\net10.0-windows10.0.19041.0\RAWSelectionAssistant.WpfTests.dll" adapterTypeName="executor://mstestadapter/v4" className="RAWSelectionAssistant.WpfTests.ModalCloseSmokeTests" name="ErrorDialog_ClosesWithEscapeAndSupportsOpenCancelAndBusyCompletionPaths" />
    </UnitTest>
    <UnitTest name="BookingEditorVariants_KeepOneCancelContract (&quot;QuickEdit&quot;)" storage="d:\ai agent\worktrees\pixel-tart-developer-preview-rc6\tests\rawselectionassistant.wpftests\bin\x64\release\net10.0-windows10.0.19041.0\rawselectionassistant.wpftests.dll" id="19fbb4c2-b09c-8c41-a70c-364e7114a461">
      <Execution id="b26c2e4b-6384-4787-9ae0-0c820dba387a" />
      <TestMethod codeBase="D:\AI AGENT\worktrees\pixel-tart-developer-preview-rc6\tests\RAWSelectionAssistant.WpfTests\bin\x64\Release\net10.0-windows10.0.19041.0\RAWSelectionAssistant.WpfTests.dll" adapterTypeName="executor://mstestadapter/v4" className="RAWSelectionAssistant.WpfTests.ModalCloseSmokeTests" name="BookingEditorVariants_KeepOneCancelContract" />
    </UnitTest>
    <UnitTest name="EscapePageMatrix_UsesShellNavigationWithoutCancellingTasks (&quot;PhotoGrouping&quot;)" storage="d:\ai agent\worktrees\pixel-tart-developer-preview-rc6\tests\rawselectionassistant.wpftests\bin\x64\release\net10.0-windows10.0.19041.0\rawselectionassistant.wpftests.dll" id="1580f8ad-18fb-8a2b-b4e2-9ac717063263">
      <Execution id="05e4b88b-330b-4b28-a5aa-1ccddebed7a0" />
      <TestMethod codeBase="D:\AI AGENT\worktrees\pixel-tart-developer-preview-rc6\tests\RAWSelectionAssistant.WpfTests\bin\x64\Release\net10.0-windows10.0.19041.0\RAWSelectionAssistant.WpfTests.dll" adapterTypeName="executor://mstestadapter/v4" className="RAWSelectionAssistant.WpfTests.ModalCloseSmokeTests" name="EscapePageMatrix_UsesShellNavigationWithoutCancellingTasks" />
    </UnitTest>
  </TestDefinitions>
  <TestEntries>
    <TestEntry testId="165c68d5-fddb-8484-8565-041f38a48782" executionId="98177daf-c5e7-462b-a96e-d4fb65826b0d" testListId="8c84fa94-04c1-424b-9868-57a2d4851a1d" />
    <TestEntry testId="1a15caf5-2469-8515-9ac4-5737f6b2902c" executionId="d7a858e9-d1ad-448f-b5c4-e9bcc1460080" testListId="8c84fa94-04c1-424b-9868-57a2d4851a1d" />
    <TestEntry testId="19e660b0-d553-8204-9fc8-0f2efced6964" executionId="2e6682b4-e95c-4814-bf32-245fccccdc23" testListId="8c84fa94-04c1-424b-9868-57a2d4851a1d" />
    <TestEntry testId="12ebbd5a-8da2-82c8-a121-0a07deb59654" executionId="0dda9947-c0f5-493d-a7b8-9fbd75d8c6af" testListId="8c84fa94-04c1-424b-9868-57a2d4851a1d" />
    <TestEntry testId="1580f8ad-18fb-8a2b-b4e2-9ac717063263" executionId="05e4b88b-330b-4b28-a5aa-1ccddebed7a0" testListId="8c84fa94-04c1-424b-9868-57a2d4851a1d" />
    <TestEntry testId="179fdc27-b075-8469-8a79-be2453eb6b69" executionId="10743f7e-0b08-4b32-9315-f652caf64011" testListId="8c84fa94-04c1-424b-9868-57a2d4851a1d" />
    <TestEntry testId="1e39ad90-5996-8b27-a29e-849d7b3db24d" executionId="de14c55c-fef6-41a5-9cf5-b258045d0e8d" testListId="8c84fa94-04c1-424b-9868-57a2d4851a1d" />
    <TestEntry testId="1db70932-de0f-811e-b928-2bf110100911" executionId="18260c1f-e989-434b-b809-14bbf58fbec4" testListId="8c84fa94-04c1-424b-9868-57a2d4851a1d" />
    <TestEntry testId="110fa99d-8f18-86a9-8354-897cf84f04cd" executionId="42857ff1-5de8-429b-b8e2-53415fd44f75" testListId="8c84fa94-04c1-424b-9868-57a2d4851a1d" />
    <TestEntry testId="166c3d55-bb4a-8cdc-85ef-c9e53bbb8e4a" executionId="b98d2e5d-e6aa-408c-9bcc-97c67da638e5" testListId="8c84fa94-04c1-424b-9868-57a2d4851a1d" />
    <TestEntry testId="18bebf8d-9120-8f47-ae39-eb0c032c9b03" executionId="cb317b25-0721-424a-8b7c-072ef86e9d61" testListId="8c84fa94-04c1-424b-9868-57a2d4851a1d" />
    <TestEntry testId="13e1d609-9189-8fe3-8b56-ec412298a4e6" executionId="d0b7125c-cb5b-448f-ad2d-10c64a9f9ee0" testListId="8c84fa94-04c1-424b-9868-57a2d4851a1d" />
    <TestEntry testId="19ed7d34-338b-82fe-ba3b-0511416ab44d" executionId="08442b6b-f1b9-4ccc-83cd-c9f0529cdaf3" testListId="8c84fa94-04c1-424b-9868-57a2d4851a1d" />
    <TestEntry testId="19fbb4c2-b09c-8c41-a70c-364e7114a461" executionId="b26c2e4b-6384-4787-9ae0-0c820dba387a" testListId="8c84fa94-04c1-424b-9868-57a2d4851a1d" />
    <TestEntry testId="16a396d1-3dd8-89f2-99e4-cc858a23428a" executionId="9a327536-0c02-41c1-8ba3-a5b9b714b6e2" testListId="8c84fa94-04c1-424b-9868-57a2d4851a1d" />
    <TestEntry testId="1ac32c64-8514-8289-bfab-4c888844334e" executionId="69c13459-96ba-4d14-8bc7-8755391f2be2" testListId="8c84fa94-04c1-424b-9868-57a2d4851a1d" />
    <TestEntry testId="12826157-7d59-8f33-b3d4-26a87f418296" executionId="e0a95a96-2208-4d51-9c11-b6b3c065b5eb" testListId="8c84fa94-04c1-424b-9868-57a2d4851a1d" />
  </TestEntries>
  <TestLists>
    <TestList name="列表中未列出的结果" id="8c84fa94-04c1-424b-9868-57a2d4851a1d" />
    <TestList name="所有已加载的结果" id="19431567-8539-422a-85d7-44ee4e166bda" />
  </TestLists>
  <ResultSummary outcome="Completed">
    <Counters total="17" executed="17" passed="17" failed="0" error="0" timeout="0" aborted="0" inconclusive="0" passedButRunAborted="0" notRunnable="0" notExecuted="0" disconnected="0" warning="0" completed="0" inProgress="0" pending="0" />
  </ResultSummary>
</TestRun>