<?xml version="1.0" encoding="utf-8"?>
<TestRun id="bbdc6f77-c670-4bbb-839a-21bf86e13560" name="Administrator@PC-20250309WEIZ 2026-09-20 18:17:53" runUser="PC-20250309WEIZ\Administrator" xmlns="http://microsoft.com/schemas/VisualStudio/TeamTest/2010">
  <Times creation="2026-09-20T18:17:53.7117573+08:00" queuing="2026-09-20T18:17:53.7117580+08:00" start="2026-09-20T18:17:53.1216350+08:00" finish="2026-09-20T18:17:53.7160514+08:00" />
  <TestSettings name="default" id="9336c13d-680c-4ad3-8c2d-e45e53946957">
    <Deployment runDeploymentRoot="Administrator_PC-20250309WEIZ_2026-09-20_18_17_53" />
  </TestSettings>
  <Results>
    <UnitTestResult executionId="0036e89a-6c6f-4d29-9db7-95f144cadf02" testId="162f8d21-9c27-8e5c-8fa4-786432c2ea63" testName="ImportingPhotos_EnablesPreviewAndPreviewEnablesExecute" computerName="PC-20250309WEIZ" duration="00:00:00.0339712" startTime="2026-09-20T18:17:53.5675807+08:00" endTime="2026-09-20T18:17:53.6177068+08:00" testType="13cdc9d9-ddb5-4fa4-a97d-d965ccfc6d4b" outcome="Passed" testListId="8c84fa94-04c1-424b-9868-57a2d4851a1d" relativeResultsDirectory="0036e89a-6c6f-4d29-9db7-95f144cadf02" />
  </Results>
  <TestDefinitions>
    <UnitTest name="ImportingPhotos_EnablesPreviewAndPreviewEnablesExecute" storage="d:\ai agent\worktrees\pixel-tart-developer-preview-rc6\tests\rawselectionassistant.wpftests\bin\x64\release\net10.0-windows10.0.19041.0\rawselectionassistant.wpftests.dll" id="162f8d21-9c27-8e5c-8fa4-786432c2ea63">
      <Execution id="0036e89a-6c6f-4d29-9db7-95f144cadf02" />
      <TestMethod codeBase="D:\AI AGENT\worktrees\pixel-tart-developer-preview-rc6\tests\RAWSelectionAssistant.WpfTests\bin\x64\Release\net10.0-windows10.0.19041.0\RAWSelectionAssistant.WpfTests.dll" adapterTypeName="executor://mstestadapter/v4" className="RAWSelectionAssistant.WpfTests.OrganizeCommandStateTests" name="ImportingPhotos_EnablesPreviewAndPreviewEnablesExecute" />
    </UnitTest>
  </TestDefinitions>
  <TestEntries>
    <TestEntry testId="162f8d21-9c27-8e5c-8fa4-786432c2ea63" executionId="0036e89a-6c6f-4d29-9db7-95f144cadf02" testListId="8c84fa94-04c1-424b-9868-57a2d4851a1d" />
  </TestEntries>
  <TestLists>
    <TestList name="列表中未列出的结果" id="8c84fa94-04c1-424b-9868-57a2d4851a1d" />
    <TestList name="所有已加载的结果" id="19431567-8539-422a-85d7-44ee4e166bda" />
  </TestLists>
  <ResultSummary outcome="Completed">
    <Counters total="1" executed="1" passed="1" failed="0" error="0" timeout="0" aborted="0" inconclusive="0" passedButRunAborted="0" notRunnable="0" notExecuted="0" disconnected="0" warning="0" completed="0" inProgress="0" pending="0" />
  </ResultSummary>
</TestRun>