<?xml version="1.0" encoding="utf-8"?>
<TestRun id="569e3f9c-91ad-4fdb-8c80-fcd983f86255" name="Administrator@PC-20250309WEIZ 2026-09-20 18:18:55" runUser="PC-20250309WEIZ\Administrator" xmlns="http://microsoft.com/schemas/VisualStudio/TeamTest/2010">
  <Times creation="2026-09-20T18:18:55.3046463+08:00" queuing="2026-09-20T18:18:55.3046465+08:00" start="2026-09-20T18:18:54.7125800+08:00" finish="2026-09-20T18:18:55.3094224+08:00" />
  <TestSettings name="default" id="3b9eb932-3ade-4eef-ac5c-22a5124a50c6">
    <Deployment runDeploymentRoot="Administrator_PC-20250309WEIZ_2026-09-20_18_18_55" />
  </TestSettings>
  <Results>
    <UnitTestResult executionId="53b35f40-9978-4693-bc61-97150eb39d2c" testId="1e9d7830-e4e0-8edb-aadd-8a1417ec8ae8" testName="StructuredFailure_IsLocalizedSanitizedAndRetryable" computerName="PC-20250309WEIZ" duration="00:00:00.0223798" startTime="2026-09-20T18:18:55.1898265+08:00" endTime="2026-09-20T18:18:55.2122574+08:00" testType="13cdc9d9-ddb5-4fa4-a97d-d965ccfc6d4b" outcome="Passed" testListId="8c84fa94-04c1-424b-9868-57a2d4851a1d" relativeResultsDirectory="53b35f40-9978-4693-bc61-97150eb39d2c" />
    <UnitTestResult executionId="aa4afb3b-6063-43b3-96c2-f194940548e9" testId="197b1411-cabd-8d3a-ab45-7e649c76e8f8" testName="TerminalDiagnostics_KeepTaskIdAndFailureReasonReadable" computerName="PC-20250309WEIZ" duration="00:00:00.0091524" startTime="2026-09-20T18:18:55.1610508+08:00" endTime="2026-09-20T18:18:55.1844021+08:00" testType="13cdc9d9-ddb5-4fa4-a97d-d965ccfc6d4b" outcome="Passed" testListId="8c84fa94-04c1-424b-9868-57a2d4851a1d" relativeResultsDirectory="aa4afb3b-6063-43b3-96c2-f194940548e9" />
    <UnitTestResult executionId="0d9bdeb0-1d02-4bc1-acca-fda087278fe8" testId="102ee668-2d6f-8664-ba81-af77c5818e16" testName="TaskCenterSurface_ExposesFailureCardActionsAndTechnicalDisclosure" computerName="PC-20250309WEIZ" duration="00:00:00.0006152" startTime="2026-09-20T18:18:55.2122900+08:00" endTime="2026-09-20T18:18:55.2139667+08:00" testType="13cdc9d9-ddb5-4fa4-a97d-d965ccfc6d4b" outcome="Passed" testListId="8c84fa94-04c1-424b-9868-57a2d4851a1d" relativeResultsDirectory="0d9bdeb0-1d02-4bc1-acca-fda087278fe8" />
    <UnitTestResult executionId="8dec88b0-10c9-404e-bcb5-e2b5f6c86d5a" testId="1b4a211f-8ffb-8df7-867a-151f84e5e156" testName="TaskCenterSurface_HidesStableIdButKeepsCopyActionInDetails" computerName="PC-20250309WEIZ" duration="00:00:00.0012370" startTime="2026-09-20T18:18:55.1880350+08:00" endTime="2026-09-20T18:18:55.1895408+08:00" testType="13cdc9d9-ddb5-4fa4-a97d-d965ccfc6d4b" outcome="Passed" testListId="8c84fa94-04c1-424b-9868-57a2d4851a1d" relativeResultsDirectory="8dec88b0-10c9-404e-bcb5-e2b5f6c86d5a" />
  </Results>
  <TestDefinitions>
    <UnitTest name="StructuredFailure_IsLocalizedSanitizedAndRetryable" storage="d:\ai agent\worktrees\pixel-tart-developer-preview-rc6\tests\rawselectionassistant.wpftests\bin\x64\release\net10.0-windows10.0.19041.0\rawselectionassistant.wpftests.dll" id="1e9d7830-e4e0-8edb-aadd-8a1417ec8ae8">
      <Execution id="53b35f40-9978-4693-bc61-97150eb39d2c" />
      <TestMethod codeBase="D:\AI AGENT\worktrees\pixel-tart-developer-preview-rc6\tests\RAWSelectionAssistant.WpfTests\bin\x64\Release\net10.0-windows10.0.19041.0\RAWSelectionAssistant.WpfTests.dll" adapterTypeName="executor://mstestadapter/v4" className="RAWSelectionAssistant.WpfTests.TaskCenterConsistencyTests" name="StructuredFailure_IsLocalizedSanitizedAndRetryable" />
    </UnitTest>
    <UnitTest name="TaskCenterSurface_HidesStableIdButKeepsCopyActionInDetails" storage="d:\ai agent\worktrees\pixel-tart-developer-preview-rc6\tests\rawselectionassistant.wpftests\bin\x64\release\net10.0-windows10.0.19041.0\rawselectionassistant.wpftests.dll" id="1b4a211f-8ffb-8df7-867a-151f84e5e156">
      <Execution id="8dec88b0-10c9-404e-bcb5-e2b5f6c86d5a" />
      <TestMethod codeBase="D:\AI AGENT\worktrees\pixel-tart-developer-preview-rc6\tests\RAWSelectionAssistant.WpfTests\bin\x64\Release\net10.0-windows10.0.19041.0\RAWSelectionAssistant.WpfTests.dll" adapterTypeName="executor://mstestadapter/v4" className="RAWSelectionAssistant.WpfTests.TaskCenterConsistencyTests" name="TaskCenterSurface_HidesStableIdButKeepsCopyActionInDetails" />
    </UnitTest>
    <UnitTest name="TerminalDiagnostics_KeepTaskIdAndFailureReasonReadable" storage="d:\ai agent\worktrees\pixel-tart-developer-preview-rc6\tests\rawselectionassistant.wpftests\bin\x64\release\net10.0-windows10.0.19041.0\rawselectionassistant.wpftests.dll" id="197b1411-cabd-8d3a-ab45-7e649c76e8f8">
      <Execution id="aa4afb3b-6063-43b3-96c2-f194940548e9" />
      <TestMethod codeBase="D:\AI AGENT\worktrees\pixel-tart-developer-preview-rc6\tests\RAWSelectionAssistant.WpfTests\bin\x64\Release\net10.0-windows10.0.19041.0\RAWSelectionAssistant.WpfTests.dll" adapterTypeName="executor://mstestadapter/v4" className="RAWSelectionAssistant.WpfTests.TaskCenterConsistencyTests" name="TerminalDiagnostics_KeepTaskIdAndFailureReasonReadable" />
    </UnitTest>
    <UnitTest name="TaskCenterSurface_ExposesFailureCardActionsAndTechnicalDisclosure" storage="d:\ai agent\worktrees\pixel-tart-developer-preview-rc6\tests\rawselectionassistant.wpftests\bin\x64\release\net10.0-windows10.0.19041.0\rawselectionassistant.wpftests.dll" id="102ee668-2d6f-8664-ba81-af77c5818e16">
      <Execution id="0d9bdeb0-1d02-4bc1-acca-fda087278fe8" />
      <TestMethod codeBase="D:\AI AGENT\worktrees\pixel-tart-developer-preview-rc6\tests\RAWSelectionAssistant.WpfTests\bin\x64\Release\net10.0-windows10.0.19041.0\RAWSelectionAssistant.WpfTests.dll" adapterTypeName="executor://mstestadapter/v4" className="RAWSelectionAssistant.WpfTests.TaskCenterConsistencyTests" name="TaskCenterSurface_ExposesFailureCardActionsAndTechnicalDisclosure" />
    </UnitTest>
  </TestDefinitions>
  <TestEntries>
    <TestEntry testId="1e9d7830-e4e0-8edb-aadd-8a1417ec8ae8" executionId="53b35f40-9978-4693-bc61-97150eb39d2c" testListId="8c84fa94-04c1-424b-9868-57a2d4851a1d" />
    <TestEntry testId="197b1411-cabd-8d3a-ab45-7e649c76e8f8" executionId="aa4afb3b-6063-43b3-96c2-f194940548e9" testListId="8c84fa94-04c1-424b-9868-57a2d4851a1d" />
    <TestEntry testId="102ee668-2d6f-8664-ba81-af77c5818e16" executionId="0d9bdeb0-1d02-4bc1-acca-fda087278fe8" testListId="8c84fa94-04c1-424b-9868-57a2d4851a1d" />
    <TestEntry testId="1b4a211f-8ffb-8df7-867a-151f84e5e156" executionId="8dec88b0-10c9-404e-bcb5-e2b5f6c86d5a" testListId="8c84fa94-04c1-424b-9868-57a2d4851a1d" />
  </TestEntries>
  <TestLists>
    <TestList name="列表中未列出的结果" id="8c84fa94-04c1-424b-9868-57a2d4851a1d" />
    <TestList name="所有已加载的结果" id="19431567-8539-422a-85d7-44ee4e166bda" />
  </TestLists>
  <ResultSummary outcome="Completed">
    <Counters total="4" executed="4" passed="4" failed="0" error="0" timeout="0" aborted="0" inconclusive="0" passedButRunAborted="0" notRunnable="0" notExecuted="0" disconnected="0" warning="0" completed="0" inProgress="0" pending="0" />
  </ResultSummary>
</TestRun>