<?xml version="1.0" encoding="utf-8"?>
<TestRun id="ae78c5f6-0f36-4831-8b53-f79aab2618b7" name="Administrator@PC-20250309WEIZ 2026-09-20 18:19:13" runUser="PC-20250309WEIZ\Administrator" xmlns="http://microsoft.com/schemas/VisualStudio/TeamTest/2010">
  <Times creation="2026-09-20T18:19:13.6671367+08:00" queuing="2026-09-20T18:19:13.6671369+08:00" start="2026-09-20T18:19:13.0967676+08:00" finish="2026-09-20T18:19:13.6717542+08:00" />
  <TestSettings name="default" id="3a8a654c-eb61-44aa-9be3-2022713b40af">
    <Deployment runDeploymentRoot="Administrator_PC-20250309WEIZ_2026-09-20_18_19_13" />
  </TestSettings>
  <Results>
    <UnitTestResult executionId="ab26a796-692b-45e0-b07f-f620f1ff6002" testId="1cce665e-1289-81a6-852d-8f556f8248f6" testName="Watermark_ExportAndInputActionsAreExplicitlyPreviewDisabled" computerName="PC-20250309WEIZ" duration="00:00:00.0054090" startTime="2026-09-20T18:19:13.5451506+08:00" endTime="2026-09-20T18:19:13.5648333+08:00" testType="13cdc9d9-ddb5-4fa4-a97d-d965ccfc6d4b" outcome="Passed" testListId="8c84fa94-04c1-424b-9868-57a2d4851a1d" relativeResultsDirectory="ab26a796-692b-45e0-b07f-f620f1ff6002" />
    <UnitTestResult executionId="08846e0a-27aa-430b-b394-43f8bd30cc3c" testId="107386c8-e22c-8fb8-816c-e31a40342e0e" testName="Watermark_IsNotProductionOrDefaultPinned" computerName="PC-20250309WEIZ" duration="00:00:00.0071885" startTime="2026-09-20T18:19:13.5683939+08:00" endTime="2026-09-20T18:19:13.5758602+08:00" testType="13cdc9d9-ddb5-4fa4-a97d-d965ccfc6d4b" outcome="Passed" testListId="8c84fa94-04c1-424b-9868-57a2d4851a1d" relativeResultsDirectory="08846e0a-27aa-430b-b394-43f8bd30cc3c" />
    <UnitTestResult executionId="4d8f746c-bd7e-4547-8334-1eca99badb5d" testId="169753de-5883-8f8b-b31d-bedde65a8677" testName="VisibleFeatureAudit_DeclaresRequiredColumnsAndWatermarkPolicy" computerName="PC-20250309WEIZ" duration="00:00:00.0003544" startTime="2026-09-20T18:19:13.5760832+08:00" endTime="2026-09-20T18:19:13.5773970+08:00" testType="13cdc9d9-ddb5-4fa4-a97d-d965ccfc6d4b" outcome="Passed" testListId="8c84fa94-04c1-424b-9868-57a2d4851a1d" relativeResultsDirectory="4d8f746c-bd7e-4547-8334-1eca99badb5d" />
  </Results>
  <TestDefinitions>
    <UnitTest name="Watermark_IsNotProductionOrDefaultPinned" storage="d:\ai agent\worktrees\pixel-tart-developer-preview-rc6\tests\rawselectionassistant.wpftests\bin\x64\release\net10.0-windows10.0.19041.0\rawselectionassistant.wpftests.dll" id="107386c8-e22c-8fb8-816c-e31a40342e0e">
      <Execution id="08846e0a-27aa-430b-b394-43f8bd30cc3c" />
      <TestMethod codeBase="D:\AI AGENT\worktrees\pixel-tart-developer-preview-rc6\tests\RAWSelectionAssistant.WpfTests\bin\x64\Release\net10.0-windows10.0.19041.0\RAWSelectionAssistant.WpfTests.dll" adapterTypeName="executor://mstestadapter/v4" className="RAWSelectionAssistant.WpfTests.Version230Rc2VisibleFeatureAuditTests" name="Watermark_IsNotProductionOrDefaultPinned" />
    </UnitTest>
    <UnitTest name="Watermark_ExportAndInputActionsAreExplicitlyPreviewDisabled" storage="d:\ai agent\worktrees\pixel-tart-developer-preview-rc6\tests\rawselectionassistant.wpftests\bin\x64\release\net10.0-windows10.0.19041.0\rawselectionassistant.wpftests.dll" id="1cce665e-1289-81a6-852d-8f556f8248f6">
      <Execution id="ab26a796-692b-45e0-b07f-f620f1ff6002" />
      <TestMethod codeBase="D:\AI AGENT\worktrees\pixel-tart-developer-preview-rc6\tests\RAWSelectionAssistant.WpfTests\bin\x64\Release\net10.0-windows10.0.19041.0\RAWSelectionAssistant.WpfTests.dll" adapterTypeName="executor://mstestadapter/v4" className="RAWSelectionAssistant.WpfTests.Version230Rc2VisibleFeatureAuditTests" name="Watermark_ExportAndInputActionsAreExplicitlyPreviewDisabled" />
    </UnitTest>
    <UnitTest name="VisibleFeatureAudit_DeclaresRequiredColumnsAndWatermarkPolicy" storage="d:\ai agent\worktrees\pixel-tart-developer-preview-rc6\tests\rawselectionassistant.wpftests\bin\x64\release\net10.0-windows10.0.19041.0\rawselectionassistant.wpftests.dll" id="169753de-5883-8f8b-b31d-bedde65a8677">
      <Execution id="4d8f746c-bd7e-4547-8334-1eca99badb5d" />
      <TestMethod codeBase="D:\AI AGENT\worktrees\pixel-tart-developer-preview-rc6\tests\RAWSelectionAssistant.WpfTests\bin\x64\Release\net10.0-windows10.0.19041.0\RAWSelectionAssistant.WpfTests.dll" adapterTypeName="executor://mstestadapter/v4" className="RAWSelectionAssistant.WpfTests.Version230Rc2VisibleFeatureAuditTests" name="VisibleFeatureAudit_DeclaresRequiredColumnsAndWatermarkPolicy" />
    </UnitTest>
  </TestDefinitions>
  <TestEntries>
    <TestEntry testId="1cce665e-1289-81a6-852d-8f556f8248f6" executionId="ab26a796-692b-45e0-b07f-f620f1ff6002" testListId="8c84fa94-04c1-424b-9868-57a2d4851a1d" />
    <TestEntry testId="107386c8-e22c-8fb8-816c-e31a40342e0e" executionId="08846e0a-27aa-430b-b394-43f8bd30cc3c" testListId="8c84fa94-04c1-424b-9868-57a2d4851a1d" />
    <TestEntry testId="169753de-5883-8f8b-b31d-bedde65a8677" executionId="4d8f746c-bd7e-4547-8334-1eca99badb5d" testListId="8c84fa94-04c1-424b-9868-57a2d4851a1d" />
  </TestEntries>
  <TestLists>
    <TestList name="列表中未列出的结果" id="8c84fa94-04c1-424b-9868-57a2d4851a1d" />
    <TestList name="所有已加载的结果" id="19431567-8539-422a-85d7-44ee4e166bda" />
  </TestLists>
  <ResultSummary outcome="Completed">
    <Counters total="3" executed="3" passed="3" failed="0" error="0" timeout="0" aborted="0" inconclusive="0" passedButRunAborted="0" notRunnable="0" notExecuted="0" disconnected="0" warning="0" completed="0" inProgress="0" pending="0" />
  </ResultSummary>
</TestRun>