<?xml version="1.0" encoding="utf-8"?>
<TestRun id="66b98558-8a93-479f-bcd4-1ea47c58107a" name="Administrator@PC-20250309WEIZ 2026-09-20 18:19:14" runUser="PC-20250309WEIZ\Administrator" xmlns="http://microsoft.com/schemas/VisualStudio/TeamTest/2010">
  <Times creation="2026-09-20T18:19:14.9894213+08:00" queuing="2026-09-20T18:19:14.9894215+08:00" start="2026-09-20T18:19:14.4635266+08:00" finish="2026-09-20T18:19:15.1473229+08:00" />
  <TestSettings name="default" id="eaf670b5-e728-4446-85ec-36a57c7655ce">
    <Deployment runDeploymentRoot="Administrator_PC-20250309WEIZ_2026-09-20_18_19_14" />
  </TestSettings>
  <Results>
    <UnitTestResult executionId="49415cd1-e517-440e-8c86-f2a1782685fa" testId="10ea9a59-17ae-8087-b463-768ee17aea75" testName="DocumentPanel_ContainsSafePreviewAndRecoverySurface (&quot;安全撤销本次复制&quot;)" computerName="PC-20250309WEIZ" duration="00:00:00.0001045" startTime="2026-09-20T18:19:14.9743905+08:00" endTime="2026-09-20T18:19:14.9745061+08:00" testType="13cdc9d9-ddb5-4fa4-a97d-d965ccfc6d4b" outcome="Passed" testListId="8c84fa94-04c1-424b-9868-57a2d4851a1d" relativeResultsDirectory="49415cd1-e517-440e-8c86-f2a1782685fa" />
    <UnitTestResult executionId="771a9966-39b2-42d2-9a2f-3cd14046cf45" testId="1b71edb8-e6cc-897b-9d16-6fafe9e92b50" testName="TetherRuntime_ContainsCompactSafeUserFacingStates (&quot;CompactMoreButton&quot;)" computerName="PC-20250309WEIZ" duration="00:00:00.0002573" startTime="2026-09-20T18:19:14.9812164+08:00" endTime="2026-09-20T18:19:14.9814959+08:00" testType="13cdc9d9-ddb5-4fa4-a97d-d965ccfc6d4b" outcome="Passed" testListId="8c84fa94-04c1-424b-9868-57a2d4851a1d" relativeResultsDirectory="771a9966-39b2-42d2-9a2f-3cd14046cf45" />
    <UnitTestResult executionId="68f5d63e-03d7-43ac-88e0-ccfcccfd2820" testId="1ae2c6b0-9c63-8a69-a9ca-d09ca72ebda0" testName="BookingStatusConverter_NeverExposesInternalEnum (Delivered,&quot;已返图&quot;)" computerName="PC-20250309WEIZ" duration="00:00:00.0000062" startTime="2026-09-20T18:19:14.9981328+08:00" endTime="2026-09-20T18:19:14.9981675+08:00" testType="13cdc9d9-ddb5-4fa4-a97d-d965ccfc6d4b" outcome="Passed" testListId="8c84fa94-04c1-424b-9868-57a2d4851a1d" relativeResultsDirectory="68f5d63e-03d7-43ac-88e0-ccfcccfd2820" />
    <UnitTestResult executionId="0be65056-e26f-446d-89ec-f14f485411c8" testId="1e46875a-62fa-8d7c-8854-30f37bd0072f" testName="DatePickerTheme_ContainsCompleteRuntimeTemplate (&quot;CalendarTodayOutlineBrush&quot;)" computerName="PC-20250309WEIZ" duration="00:00:00.0003041" startTime="2026-09-20T18:19:14.9913910+08:00" endTime="2026-09-20T18:19:14.9917369+08:00" testType="13cdc9d9-ddb5-4fa4-a97d-d965ccfc6d4b" outcome="Passed" testListId="8c84fa94-04c1-424b-9868-57a2d4851a1d" relativeResultsDirectory="0be65056-e26f-446d-89ec-f14f485411c8" />
    <UnitTestResult executionId="ac397443-b81e-4446-9e70-a33578ac13a5" testId="100395a4-720b-8a5d-9df1-431b60d9bada" testName="FinancePage_ContainsRequiredLocalAccountingSurface (&quot;金额信息仅保存在本机&quot;)" computerName="PC-20250309WEIZ" duration="00:00:00.0003091" startTime="2026-09-20T18:19:14.9597583+08:00" endTime="2026-09-20T18:19:14.9600929+08:00" testType="13cdc9d9-ddb5-4fa4-a97d-d965ccfc6d4b" outcome="Passed" testListId="8c84fa94-04c1-424b-9868-57a2d4851a1d" relativeResultsDirectory="ac397443-b81e-4446-9e70-a33578ac13a5" />
    <UnitTestResult executionId="a5145dc1-bedf-46f5-a803-08408999a982" testId="1f13d78a-9812-81a5-b111-4119ea05620c" testName="TetherRuntime_ContainsCompactSafeUserFacingStates (&quot;照片浏览器&quot;)" computerName="PC-20250309WEIZ" duration="00:00:00.0002336" startTime="2026-09-20T18:19:14.9817682+08:00" endTime="2026-09-20T18:19:14.9820172+08:00" testType="13cdc9d9-ddb5-4fa4-a97d-d965ccfc6d4b" outcome="Passed" testListId="8c84fa94-04c1-424b-9868-57a2d4851a1d" relativeResultsDirectory="a5145dc1-bedf-46f5-a803-08408999a982" />
    <UnitTestResult executionId="2033651f-978a-4390-b4cd-00ae67a38886" testId="152346c8-3806-8337-bcea-40f5cfdb0a18" testName="ProfessionalCalendar_ContainsRequiredRuntimeSurface (&quot;Width=&quot;40*&quot;&quot;)" computerName="PC-20250309WEIZ" duration="00:00:00.0001536" startTime="2026-09-20T18:19:14.9584992+08:00" endTime="2026-09-20T18:19:14.9586740+08:00" testType="13cdc9d9-ddb5-4fa4-a97d-d965ccfc6d4b" outcome="Passed" testListId="8c84fa94-04c1-424b-9868-57a2d4851a1d" relativeResultsDirectory="2033651f-978a-4390-b4cd-00ae67a38886" />
    <UnitTestResult executionId="dcc28f00-1163-45b0-ac63-83e38a4a2470" testId="10042c3c-fde2-85ae-8850-8dba12fdcbaa" testName="DatePickerTheme_ContainsCompleteRuntimeTemplate (&quot;PixelTartCalendarNativeStyle&quot;)" computerName="PC-20250309WEIZ" duration="00:00:00.0003962" startTime="2026-09-20T18:19:14.9882486+08:00" endTime="2026-09-20T18:19:14.9886869+08:00" testType="13cdc9d9-ddb5-4fa4-a97d-d965ccfc6d4b" outcome="Passed" testListId="8c84fa94-04c1-424b-9868-57a2d4851a1d" relativeResultsDirectory="dcc28f00-1163-45b0-ac63-83e38a4a2470" />
    <UnitTestResult executionId="73a2bb12-7505-4777-b4fb-cb53b60d89c0" testId="195711c7-1934-840c-b435-f5bcf4aaf7cc" testName="DocumentPanel_ContainsSafePreviewAndRecoverySurface (&quot;本地摄影资料关联&quot;)" computerName="PC-20250309WEIZ" duration="00:00:00.0003000" startTime="2026-09-20T18:19:14.9696700+08:00" endTime="2026-09-20T18:19:14.9699887+08:00" testType="13cdc9d9-ddb5-4fa4-a97d-d965ccfc6d4b" outcome="Passed" testListId="8c84fa94-04c1-424b-9868-57a2d4851a1d" relativeResultsDirectory="73a2bb12-7505-4777-b4fb-cb53b60d89c0" />
    <UnitTestResult executionId="2d972f96-f4f0-4197-ad6a-f43a55eea913" testId="1822aac1-8fde-8cf4-9ab2-a6f298f82dc2" testName="BookingEditor_ContainsFourStepPeopleAndMoneyWorkflow (&quot;上移工作人员&quot;)" computerName="PC-20250309WEIZ" duration="00:00:00.0001334" startTime="2026-09-20T18:19:14.9785939+08:00" endTime="2026-09-20T18:19:14.9787389+08:00" testType="13cdc9d9-ddb5-4fa4-a97d-d965ccfc6d4b" outcome="Passed" testListId="8c84fa94-04c1-424b-9868-57a2d4851a1d" relativeResultsDirectory="2d972f96-f4f0-4197-ad6a-f43a55eea913" />
    <UnitTestResult executionId="c7fe71cb-7879-4295-9365-978adbcb8f03" testId="19e8d360-c52a-8bab-9275-bc1376c23c51" testName="TetherRuntime_ContainsCompactSafeUserFacingStates (&quot;IsInspectorCollapsed&quot;)" computerName="PC-20250309WEIZ" duration="00:00:00.0004681" startTime="2026-09-20T18:19:14.9876984+08:00" endTime="2026-09-20T18:19:14.9882228+08:00" testType="13cdc9d9-ddb5-4fa4-a97d-d965ccfc6d4b" outcome="Passed" testListId="8c84fa94-04c1-424b-9868-57a2d4851a1d" relativeResultsDirectory="c7fe71cb-7879-4295-9365-978adbcb8f03" />
    <UnitTestResult executionId="99f89ee2-a8df-4a07-bcd7-ea86e9af0ee5" testId="1f2b7e2e-1057-8ead-93d0-c052b630494c" testName="ProfessionalCalendar_ContainsRequiredRuntimeSurface (&quot;关闭档期&quot;)" computerName="PC-20250309WEIZ" duration="00:00:00.0001155" startTime="2026-09-20T18:19:14.9568278+08:00" endTime="2026-09-20T18:19:14.9569545+08:00" testType="13cdc9d9-ddb5-4fa4-a97d-d965ccfc6d4b" outcome="Passed" testListId="8c84fa94-04c1-424b-9868-57a2d4851a1d" relativeResultsDirectory="99f89ee2-a8df-4a07-bcd7-ea86e9af0ee5" />
    <UnitTestResult executionId="1ca1f9ee-9b10-446e-a554-c81a7d546137" testId="13628475-8a84-89ae-97ec-db66e9918a3d" testName="BookingStatusConverter_NeverExposesInternalEnum (AwaitingSelection,&quot;待选片&quot;)" computerName="PC-20250309WEIZ" duration="00:00:00.0000014" startTime="2026-09-20T18:19:14.9974511+08:00" endTime="2026-09-20T18:19:14.9974594+08:00" testType="13cdc9d9-ddb5-4fa4-a97d-d965ccfc6d4b" outcome="Passed" testListId="8c84fa94-04c1-424b-9868-57a2d4851a1d" relativeResultsDirectory="1ca1f9ee-9b10-446e-a554-c81a7d546137" />
    <UnitTestResult executionId="debe5366-58be-4672-84dd-881719d733e7" testId="1a7e2a6c-81a2-88b1-9ebf-c53bc498eab8" testName="DatePickerTheme_ContainsCompleteRuntimeTemplate (&quot;PART_Popup&quot;)" computerName="PC-20250309WEIZ" duration="00:00:00.0002213" startTime="2026-09-20T18:19:14.9898234+08:00" endTime="2026-09-20T18:19:14.9900737+08:00" testType="13cdc9d9-ddb5-4fa4-a97d-d965ccfc6d4b" outcome="Passed" testListId="8c84fa94-04c1-424b-9868-57a2d4851a1d" relativeResultsDirectory="debe5366-58be-4672-84dd-881719d733e7" />
    <UnitTestResult executionId="702adcff-f2df-46e2-be25-5e3b03d5f322" testId="1e58b733-e34e-8d96-9f73-f08cb089aba8" testName="DatePickerTheme_ContainsCompleteRuntimeTemplate (&quot;CalendarDayButton&quot;)" computerName="PC-20250309WEIZ" duration="00:00:00.0002387" startTime="2026-09-20T18:19:14.9892495+08:00" endTime="2026-09-20T18:19:14.9895227+08:00" testType="13cdc9d9-ddb5-4fa4-a97d-d965ccfc6d4b" outcome="Passed" testListId="8c84fa94-04c1-424b-9868-57a2d4851a1d" relativeResultsDirectory="702adcff-f2df-46e2-be25-5e3b03d5f322" />
    <UnitTestResult executionId="0b83e7fe-e872-438c-bb9e-b5cafc57f3cc" testId="1c029c78-6a5c-87c9-aaf3-8be4ec289275" testName="ProfessionalCalendar_ContainsRequiredRuntimeSurface (&quot;待发送选片 / 待选片 / 已选片&quot;)" computerName="PC-20250309WEIZ" duration="00:00:00.0001248" startTime="2026-09-20T18:19:14.9561061+08:00" endTime="2026-09-20T18:19:14.9562439+08:00" testType="13cdc9d9-ddb5-4fa4-a97d-d965ccfc6d4b" outcome="Passed" testListId="8c84fa94-04c1-424b-9868-57a2d4851a1d" relativeResultsDirectory="0b83e7fe-e872-438c-bb9e-b5cafc57f3cc" />
    <UnitTestResult executionId="4c81085d-c4e1-4de2-9060-406ba6ce15f7" testId="1358c536-49ae-8cfd-8b6f-0d276ec78add" testName="DocumentPanel_ContainsSafePreviewAndRecoverySurface (&quot;重新定位&quot;)" computerName="PC-20250309WEIZ" duration="00:00:00.0001080" startTime="2026-09-20T18:19:14.9722978+08:00" endTime="2026-09-20T18:19:14.9724169+08:00" testType="13cdc9d9-ddb5-4fa4-a97d-d965ccfc6d4b" outcome="Passed" testListId="8c84fa94-04c1-424b-9868-57a2d4851a1d" relativeResultsDirectory="4c81085d-c4e1-4de2-9060-406ba6ce15f7" />
    <UnitTestResult executionId="fd2f8f85-5e6f-45f3-81ec-c4c675d90f4c" testId="14aa49ed-61f5-848c-883b-35753845aca3" testName="FinancePage_ContainsRequiredLocalAccountingSurface (&quot;附件（仅关联原位置）&quot;)" computerName="PC-20250309WEIZ" duration="00:00:00.0001311" startTime="2026-09-20T18:19:14.9681079+08:00" endTime="2026-09-20T18:19:14.9682556+08:00" testType="13cdc9d9-ddb5-4fa4-a97d-d965ccfc6d4b" outcome="Passed" testListId="8c84fa94-04c1-424b-9868-57a2d4851a1d" relativeResultsDirectory="fd2f8f85-5e6f-45f3-81ec-c4c675d90f4c" />
    <UnitTestResult executionId="24ba84ac-62d6-44da-a6e6-e24e9f0685cc" testId="1e74e651-12f6-8c2f-b866-56a32e5117e7" testName="DocumentPanel_ContainsSafePreviewAndRecoverySurface (&quot;搜索文本预览&quot;)" computerName="PC-20250309WEIZ" duration="00:00:00.0001365" startTime="2026-09-20T18:19:14.9735640+08:00" endTime="2026-09-20T18:19:14.9737208+08:00" testType="13cdc9d9-ddb5-4fa4-a97d-d965ccfc6d4b" outcome="Passed" testListId="8c84fa94-04c1-424b-9868-57a2d4851a1d" relativeResultsDirectory="24ba84ac-62d6-44da-a6e6-e24e9f0685cc" />
    <UnitTestResult executionId="2c3f1433-ec8e-478b-a433-09dfb153d161" testId="145d1381-ec28-8b88-8cb0-a3da4e2e1816" testName="BookingStatusConverter_NeverExposesInternalEnum (Cancelled,&quot;已取消&quot;)" computerName="PC-20250309WEIZ" duration="00:00:00.0000018" startTime="2026-09-20T18:19:14.9981832+08:00" endTime="2026-09-20T18:19:14.9981954+08:00" testType="13cdc9d9-ddb5-4fa4-a97d-d965ccfc6d4b" outcome="Passed" testListId="8c84fa94-04c1-424b-9868-57a2d4851a1d" relativeResultsDirectory="2c3f1433-ec8e-478b-a433-09dfb153d161" />
    <UnitTestResult executionId="4c97737c-cd09-4f59-b9a7-627891ebdfc9" testId="1ab457e4-9fd4-8e49-808f-dfb85cd3af2e" testName="DocumentPanel_ContainsSafePreviewAndRecoverySurface (&quot;文件夹不会被扫描&quot;)" computerName="PC-20250309WEIZ" duration="00:00:00.0001120" startTime="2026-09-20T18:19:14.9707290+08:00" endTime="2026-09-20T18:19:14.9708536+08:00" testType="13cdc9d9-ddb5-4fa4-a97d-d965ccfc6d4b" outcome="Passed" testListId="8c84fa94-04c1-424b-9868-57a2d4851a1d" relativeResultsDirectory="4c97737c-cd09-4f59-b9a7-627891ebdfc9" />
    <UnitTestResult executionId="13dd1144-04db-47a2-8759-c7308408f34a" testId="1229a4f3-34f1-8ff2-ad21-819e9240085a" testName="BookingEditor_ContainsFourStepPeopleAndMoneyWorkflow (&quot;已收金额&quot;)" computerName="PC-20250309WEIZ" duration="00:00:00.0001496" startTime="2026-09-20T18:19:14.9798529+08:00" endTime="2026-09-20T18:19:14.9800179+08:00" testType="13cdc9d9-ddb5-4fa4-a97d-d965ccfc6d4b" outcome="Passed" testListId="8c84fa94-04c1-424b-9868-57a2d4851a1d" relativeResultsDirectory="13dd1144-04db-47a2-8759-c7308408f34a" />
    <UnitTestResult executionId="8519ae4d-e90d-4cad-8054-291b3368644e" testId="1506ac50-d0a4-87e8-a606-ff41a94bd9a9" testName="FinancePage_ContainsRequiredLocalAccountingSurface (&quot;移除引用&quot;)" computerName="PC-20250309WEIZ" duration="00:00:00.0001901" startTime="2026-09-20T18:19:14.9689703+08:00" endTime="2026-09-20T18:19:14.9691885+08:00" testType="13cdc9d9-ddb5-4fa4-a97d-d965ccfc6d4b" outcome="Passed" testListId="8c84fa94-04c1-424b-9868-57a2d4851a1d" relativeResultsDirectory="8519ae4d-e90d-4cad-8054-291b3368644e" />
    <UnitTestResult executionId="964dcd29-4efd-46e4-92a2-b246b2ecea79" testId="10175da8-8b39-8179-b577-ddb93fe592e0" testName="FinancePage_ContainsRequiredLocalAccountingSurface (&quot;＋ 收入&quot;)" computerName="PC-20250309WEIZ" duration="00:00:00.0001886" startTime="2026-09-20T18:19:14.9607373+08:00" endTime="2026-09-20T18:19:14.9609576+08:00" testType="13cdc9d9-ddb5-4fa4-a97d-d965ccfc6d4b" outcome="Passed" testListId="8c84fa94-04c1-424b-9868-57a2d4851a1d" relativeResultsDirectory="964dcd29-4efd-46e4-92a2-b246b2ecea79" />
    <UnitTestResult executionId="3205f64e-2304-405b-b403-ea4b99248fcc" testId="11300746-bafd-8238-a89d-8175dc5ea381" testName="BookingStatusConverter_NeverExposesInternalEnum (Completed,&quot;已拍摄&quot;)" computerName="PC-20250309WEIZ" duration="00:00:00.0000018" startTime="2026-09-20T18:19:14.9974206+08:00" endTime="2026-09-20T18:19:14.9974325+08:00" testType="13cdc9d9-ddb5-4fa4-a97d-d965ccfc6d4b" outcome="Passed" testListId="8c84fa94-04c1-424b-9868-57a2d4851a1d" relativeResultsDirectory="3205f64e-2304-405b-b403-ea4b99248fcc" />
    <UnitTestResult executionId="e22af95b-6613-4815-b7ee-8252378a3314" testId="160ca6d1-6430-85bc-8abf-12112400a350" testName="FinancePage_ContainsRequiredLocalAccountingSurface (&quot;支付方式&quot;)" computerName="PC-20250309WEIZ" duration="00:00:00.0001468" startTime="2026-09-20T18:19:14.9679295+08:00" endTime="2026-09-20T18:19:14.9680983+08:00" testType="13cdc9d9-ddb5-4fa4-a97d-d965ccfc6d4b" outcome="Passed" testListId="8c84fa94-04c1-424b-9868-57a2d4851a1d" relativeResultsDirectory="e22af95b-6613-4815-b7ee-8252378a3314" />
    <UnitTestResult executionId="006ab677-8d27-4ffb-947f-647049e96fc1" testId="168e9478-b0c4-8a51-9bf2-0d31d6d5c252" testName="DocumentPanel_ContainsSafePreviewAndRecoverySurface (&quot;重试保存关联&quot;)" computerName="PC-20250309WEIZ" duration="00:00:00.0001061" startTime="2026-09-20T18:19:14.9742662+08:00" endTime="2026-09-20T18:19:14.9743839+08:00" testType="13cdc9d9-ddb5-4fa4-a97d-d965ccfc6d4b" outcome="Passed" testListId="8c84fa94-04c1-424b-9868-57a2d4851a1d" relativeResultsDirectory="006ab677-8d27-4ffb-947f-647049e96fc1" />
    <UnitTestResult executionId="ad8f74c5-3eeb-4937-8536-357c9c868a22" testId="1e9a4bf3-e598-8144-abde-a493bb6c58bc" testName="FinancePage_ContainsRequiredLocalAccountingSurface (&quot;保存收支记录&quot;)" computerName="PC-20250309WEIZ" duration="00:00:00.0001333" startTime="2026-09-20T18:19:14.9693707+08:00" endTime="2026-09-20T18:19:14.9695169+08:00" testType="13cdc9d9-ddb5-4fa4-a97d-d965ccfc6d4b" outcome="Passed" testListId="8c84fa94-04c1-424b-9868-57a2d4851a1d" relativeResultsDirectory="ad8f74c5-3eeb-4937-8536-357c9c868a22" />
    <UnitTestResult executionId="46bea3ba-a768-4ef6-bc1f-d6d4b781abc1" testId="1fb1b8d2-dbb8-8528-a269-97e5e8b4f886" testName="FinancePage_ContainsRequiredLocalAccountingSurface (&quot;本月收支记录&quot;)" computerName="PC-20250309WEIZ" duration="00:00:00.0040903" startTime="2026-09-20T18:19:14.9634042+08:00" endTime="2026-09-20T18:19:14.9675342+08:00" testType="13cdc9d9-ddb5-4fa4-a97d-d965ccfc6d4b" outcome="Passed" testListId="8c84fa94-04c1-424b-9868-57a2d4851a1d" relativeResultsDirectory="46bea3ba-a768-4ef6-bc1f-d6d4b781abc1" />
    <UnitTestResult executionId="e1f24f97-e5c3-4f62-9ef3-434cebad526a" testId="15d10512-05ba-80df-9431-1a5589c6c66d" testName="DocumentPanel_ContainsSafePreviewAndRecoverySurface (&quot;检查资料状态&quot;)" computerName="PC-20250309WEIZ" duration="00:00:00.0001045" startTime="2026-09-20T18:19:14.9725472+08:00" endTime="2026-09-20T18:19:14.9726627+08:00" testType="13cdc9d9-ddb5-4fa4-a97d-d965ccfc6d4b" outcome="Passed" testListId="8c84fa94-04c1-424b-9868-57a2d4851a1d" relativeResultsDirectory="e1f24f97-e5c3-4f62-9ef3-434cebad526a" />
    <UnitTestResult executionId="933ab607-7e98-4531-ae17-3f24ce0eb785" testId="1a0dc0e5-aac0-8e44-afe0-b5ff8ca8bb6a" testName="ProfessionalCalendar_ContainsRequiredRuntimeSurface (&quot;月&quot;)" computerName="PC-20250309WEIZ" duration="00:00:00.0001644" startTime="2026-09-20T18:19:14.9320945+08:00" endTime="2026-09-20T18:19:14.9322784+08:00" testType="13cdc9d9-ddb5-4fa4-a97d-d965ccfc6d4b" outcome="Passed" testListId="8c84fa94-04c1-424b-9868-57a2d4851a1d" relativeResultsDirectory="933ab607-7e98-4531-ae17-3f24ce0eb785" />
    <UnitTestResult executionId="c3f13142-3924-4f7e-90f1-40439b2814d2" testId="1ef3e4ea-d3ba-84d1-a875-932587e56a5d" testName="DocumentPanel_ContainsSafePreviewAndRecoverySurface (&quot;只读文本预览&quot;)" computerName="PC-20250309WEIZ" duration="00:00:00.0001214" startTime="2026-09-20T18:19:14.9737362+08:00" endTime="2026-09-20T18:19:14.9738788+08:00" testType="13cdc9d9-ddb5-4fa4-a97d-d965ccfc6d4b" outcome="Passed" testListId="8c84fa94-04c1-424b-9868-57a2d4851a1d" relativeResultsDirectory="c3f13142-3924-4f7e-90f1-40439b2814d2" />
    <UnitTestResult executionId="9258fd49-18ce-4271-8c96-bc7612371587" testId="15e45184-b876-865b-8ec3-872ee2ae4a01" testName="BookingEditor_ContainsFourStepPeopleAndMoneyWorkflow (&quot;主要联系人&quot;)" computerName="PC-20250309WEIZ" duration="00:00:00.0001281" startTime="2026-09-20T18:19:14.9780093+08:00" endTime="2026-09-20T18:19:14.9781506+08:00" testType="13cdc9d9-ddb5-4fa4-a97d-d965ccfc6d4b" outcome="Passed" testListId="8c84fa94-04c1-424b-9868-57a2d4851a1d" relativeResultsDirectory="9258fd49-18ce-4271-8c96-bc7612371587" />
    <UnitTestResult executionId="2c700fce-4472-4aad-b4f9-9d1e1d98c3d9" testId="186a3d1c-0dfe-896c-8270-e20802ff1929" testName="BookingStatusConverter_NeverExposesInternalEnum (Shooting,&quot;拍摄中&quot;)" computerName="PC-20250309WEIZ" duration="00:00:00.0000022" startTime="2026-09-20T18:19:14.9973979+08:00" endTime="2026-09-20T18:19:14.9974131+08:00" testType="13cdc9d9-ddb5-4fa4-a97d-d965ccfc6d4b" outcome="Passed" testListId="8c84fa94-04c1-424b-9868-57a2d4851a1d" relativeResultsDirectory="2c700fce-4472-4aad-b4f9-9d1e1d98c3d9" />
    <UnitTestResult executionId="5fae8604-d01c-4d71-9556-2e2a5118536a" testId="13c34912-2331-8099-af6e-2bc6bf3a9e8f" testName="BookingStatusConverter_NeverExposesInternalEnum (AwaitingRetouch,&quot;待精修&quot;)" computerName="PC-20250309WEIZ" duration="00:00:00.0000009" startTime="2026-09-20T18:19:14.9974770+08:00" endTime="2026-09-20T18:19:14.9974850+08:00" testType="13cdc9d9-ddb5-4fa4-a97d-d965ccfc6d4b" outcome="Passed" testListId="8c84fa94-04c1-424b-9868-57a2d4851a1d" relativeResultsDirectory="5fae8604-d01c-4d71-9556-2e2a5118536a" />
    <UnitTestResult executionId="725e67cc-4995-4dd4-82e8-ba506f961b29" testId="10524b9f-14d6-8a7f-ae22-287136d59a17" testName="ProfessionalCalendar_ContainsRequiredRuntimeSurface (&quot;日期跳转&quot;)" computerName="PC-20250309WEIZ" duration="00:00:00.0002156" startTime="2026-09-20T18:19:14.9318228+08:00" endTime="2026-09-20T18:19:14.9320775+08:00" testType="13cdc9d9-ddb5-4fa4-a97d-d965ccfc6d4b" outcome="Passed" testListId="8c84fa94-04c1-424b-9868-57a2d4851a1d" relativeResultsDirectory="725e67cc-4995-4dd4-82e8-ba506f961b29" />
    <UnitTestResult executionId="c30afd18-18b5-4c4c-a285-5d018b1058fd" testId="17da440a-20cd-8380-b6fb-a65801c16640" testName="DocumentPanel_ContainsSafePreviewAndRecoverySurface (&quot;安全文件卡片&quot;)" computerName="PC-20250309WEIZ" duration="00:00:00.0001086" startTime="2026-09-20T18:19:14.9738869+08:00" endTime="2026-09-20T18:19:14.9740091+08:00" testType="13cdc9d9-ddb5-4fa4-a97d-d965ccfc6d4b" outcome="Passed" testListId="8c84fa94-04c1-424b-9868-57a2d4851a1d" relativeResultsDirectory="c30afd18-18b5-4c4c-a285-5d018b1058fd" />
    <UnitTestResult executionId="0111f614-398c-456d-8962-b2eed4e4cb29" testId="118322a9-924f-872e-8da4-aad03bca2e5f" testName="ProfessionalCalendar_ContainsRequiredRuntimeSurface (&quot;日&quot;)" computerName="PC-20250309WEIZ" duration="00:00:00.0001367" startTime="2026-09-20T18:19:14.9324618+08:00" endTime="2026-09-20T18:19:14.9326113+08:00" testType="13cdc9d9-ddb5-4fa4-a97d-d965ccfc6d4b" outcome="Passed" testListId="8c84fa94-04c1-424b-9868-57a2d4851a1d" relativeResultsDirectory="0111f614-398c-456d-8962-b2eed4e4cb29" />
    <UnitTestResult executionId="73e276c9-2199-48c4-8d80-43d4ca8010e5" testId="1dc815c7-dcd6-8097-b6dc-c40d359a3ace" testName="FinancePage_ContainsRequiredLocalAccountingSurface (&quot;本月支出&quot;)" computerName="PC-20250309WEIZ" duration="00:00:00.0001150" startTime="2026-09-20T18:19:14.9614057+08:00" endTime="2026-09-20T18:19:14.9615321+08:00" testType="13cdc9d9-ddb5-4fa4-a97d-d965ccfc6d4b" outcome="Passed" testListId="8c84fa94-04c1-424b-9868-57a2d4851a1d" relativeResultsDirectory="73e276c9-2199-48c4-8d80-43d4ca8010e5" />
    <UnitTestResult executionId="1e2e5c51-456f-4202-adac-84d19591baea" testId="1a78db0b-f754-8ff7-95c3-009f79c5fce0" testName="ProfessionalCalendar_ContainsRequiredRuntimeSurface (&quot;已拍摄&quot;)" computerName="PC-20250309WEIZ" duration="00:00:00.0001491" startTime="2026-09-20T18:19:14.9559313+08:00" endTime="2026-09-20T18:19:14.9560964+08:00" testType="13cdc9d9-ddb5-4fa4-a97d-d965ccfc6d4b" outcome="Passed" testListId="8c84fa94-04c1-424b-9868-57a2d4851a1d" relativeResultsDirectory="1e2e5c51-456f-4202-adac-84d19591baea" />
    <UnitTestResult executionId="51dfed27-2f0d-4d5f-8f66-28d2f3c52cba" testId="124cca3d-2d2a-8165-8079-ccc5ec310ea5" testName="DocumentPanel_ContainsSafePreviewAndRecoverySurface (&quot;移除关联&quot;)" computerName="PC-20250309WEIZ" duration="00:00:00.0001058" startTime="2026-09-20T18:19:14.9724235+08:00" endTime="2026-09-20T18:19:14.9725407+08:00" testType="13cdc9d9-ddb5-4fa4-a97d-d965ccfc6d4b" outcome="Passed" testListId="8c84fa94-04c1-424b-9868-57a2d4851a1d" relativeResultsDirectory="51dfed27-2f0d-4d5f-8f66-28d2f3c52cba" />
    <UnitTestResult executionId="4ff4c886-1f02-4c4d-b1a2-9add7c873177" testId="1b6fc969-4d74-8562-9f88-c9b27c192bd6" testName="BookingEditor_ContainsFourStepPeopleAndMoneyWorkflow (&quot;工作人员姓名或代号&quot;)" computerName="PC-20250309WEIZ" duration="00:00:00.0001245" startTime="2026-09-20T18:19:14.9781589+08:00" endTime="2026-09-20T18:19:14.9782952+08:00" testType="13cdc9d9-ddb5-4fa4-a97d-d965ccfc6d4b" outcome="Passed" testListId="8c84fa94-04c1-424b-9868-57a2d4851a1d" relativeResultsDirectory="4ff4c886-1f02-4c4d-b1a2-9add7c873177" />
    <UnitTestResult executionId="dd4cc55b-2889-48d9-89db-002da802e6c2" testId="1b85fd7c-652e-8614-92f2-a05fc4bd7b17" testName="TetherRuntime_ContainsCompactSafeUserFacingStates (&quot;更多联机监看工具&quot;)" computerName="PC-20250309WEIZ" duration="00:00:00.0002348" startTime="2026-09-20T18:19:14.9815075+08:00" endTime="2026-09-20T18:19:14.9817586+08:00" testType="13cdc9d9-ddb5-4fa4-a97d-d965ccfc6d4b" outcome="Passed" testListId="8c84fa94-04c1-424b-9868-57a2d4851a1d" relativeResultsDirectory="dd4cc55b-2889-48d9-89db-002da802e6c2" />
    <UnitTestResult executionId="25330dc6-8131-4892-a2c6-fbc5d113a192" testId="141e235f-7cb0-8e6f-8e86-fe9e2a747272" testName="ProfessionalCalendar_ContainsRequiredRuntimeSurface (&quot;未拍摄&quot;)" computerName="PC-20250309WEIZ" duration="00:00:00.0001820" startTime="2026-09-20T18:19:14.9557122+08:00" endTime="2026-09-20T18:19:14.9559194+08:00" testType="13cdc9d9-ddb5-4fa4-a97d-d965ccfc6d4b" outcome="Passed" testListId="8c84fa94-04c1-424b-9868-57a2d4851a1d" relativeResultsDirectory="25330dc6-8131-4892-a2c6-fbc5d113a192" />
    <UnitTestResult executionId="933cde85-226e-43fe-9cf9-761d8a3439a1" testId="1215d5d0-fa4c-8524-9770-6afd881d617e" testName="DocumentPanel_ContainsSafePreviewAndRecoverySurface (&quot;支持一次添加多个文件&quot;)" computerName="PC-20250309WEIZ" duration="00:00:00.0001809" startTime="2026-09-20T18:19:14.9715088+08:00" endTime="2026-09-20T18:19:14.9717122+08:00" testType="13cdc9d9-ddb5-4fa4-a97d-d965ccfc6d4b" outcome="Passed" testListId="8c84fa94-04c1-424b-9868-57a2d4851a1d" relativeResultsDirectory="933cde85-226e-43fe-9cf9-761d8a3439a1" />
    <UnitTestResult executionId="c95f0f34-fbf3-4235-bc63-5cbd926aaf86" testId="162f6491-f7ef-815b-aba9-d7b5832fa372" testName="FinancePage_ContainsRequiredLocalAccountingSurface (&quot;本月收入&quot;)" computerName="PC-20250309WEIZ" duration="00:00:00.0001138" startTime="2026-09-20T18:19:14.9612727+08:00" endTime="2026-09-20T18:19:14.9613982+08:00" testType="13cdc9d9-ddb5-4fa4-a97d-d965ccfc6d4b" outcome="Passed" testListId="8c84fa94-04c1-424b-9868-57a2d4851a1d" relativeResultsDirectory="c95f0f34-fbf3-4235-bc63-5cbd926aaf86" />
    <UnitTestResult executionId="7a6724d9-ce77-4caf-b508-1244653f0e0c" testId="17badd18-f21e-8dca-b9f1-229ee3c2a0ce" testName="ProfessionalCalendar_ContainsRequiredRuntimeSurface (&quot;搜索排期&quot;)" computerName="PC-20250309WEIZ" duration="00:00:00.0001297" startTime="2026-09-20T18:19:14.9329033+08:00" endTime="2026-09-20T18:19:14.9330446+08:00" testType="13cdc9d9-ddb5-4fa4-a97d-d965ccfc6d4b" outcome="Passed" testListId="8c84fa94-04c1-424b-9868-57a2d4851a1d" relativeResultsDirectory="7a6724d9-ce77-4caf-b508-1244653f0e0c" />
    <UnitTestResult executionId="80a8a4ab-7ade-42b7-9c00-3d2ba7cbcdd7" testId="12e1f79c-6f01-845c-bd40-c806971e3260" testName="DatePickerTheme_ContainsCompleteRuntimeTemplate (&quot;InputBorderBrush&quot;)" computerName="PC-20250309WEIZ" duration="00:00:00.0002008" startTime="2026-09-20T18:19:14.9928682+08:00" endTime="2026-09-20T18:19:14.9930946+08:00" testType="13cdc9d9-ddb5-4fa4-a97d-d965ccfc6d4b" outcome="Passed" testListId="8c84fa94-04c1-424b-9868-57a2d4851a1d" relativeResultsDirectory="80a8a4ab-7ade-42b7-9c00-3d2ba7cbcdd7" />
    <UnitTestResult executionId="87da21ff-c517-45fc-b156-aa82cecda639" testId="1b0b7ae9-1d7b-8673-b18a-30e13fd63cf8" testName="ProfessionalCalendar_ContainsRequiredRuntimeSurface (&quot;拍摄类型筛选&quot;)" computerName="PC-20250309WEIZ" duration="00:00:00.0001228" startTime="2026-09-20T18:19:14.9327615+08:00" endTime="2026-09-20T18:19:14.9328961+08:00" testType="13cdc9d9-ddb5-4fa4-a97d-d965ccfc6d4b" outcome="Passed" testListId="8c84fa94-04c1-424b-9868-57a2d4851a1d" relativeResultsDirectory="87da21ff-c517-45fc-b156-aa82cecda639" />
    <UnitTestResult executionId="a797a309-047d-45b2-9201-b1c426bcafd6" testId="1d76a298-3877-8264-9549-7aa1c70b8ecf" testName="ProfessionalCalendar_ContainsRequiredRuntimeSurface (&quot;Width=&quot;60*&quot;&quot;)" computerName="PC-20250309WEIZ" duration="00:00:00.0002306" startTime="2026-09-20T18:19:14.9582109+08:00" endTime="2026-09-20T18:19:14.9584797+08:00" testType="13cdc9d9-ddb5-4fa4-a97d-d965ccfc6d4b" outcome="Passed" testListId="8c84fa94-04c1-424b-9868-57a2d4851a1d" relativeResultsDirectory="a797a309-047d-45b2-9201-b1c426bcafd6" />
    <UnitTestResult executionId="6678591e-8cd5-4b60-92d3-ec75ca872402" testId="1e5d3c30-9607-8293-b808-9946da828144" testName="ProfessionalCalendar_ContainsRequiredRuntimeSurface (&quot;GridSplitter&quot;)" computerName="PC-20250309WEIZ" duration="00:00:00.0001487" startTime="2026-09-20T18:19:14.9587047+08:00" endTime="2026-09-20T18:19:14.9588812+08:00" testType="13cdc9d9-ddb5-4fa4-a97d-d965ccfc6d4b" outcome="Passed" testListId="8c84fa94-04c1-424b-9868-57a2d4851a1d" relativeResultsDirectory="6678591e-8cd5-4b60-92d3-ec75ca872402" />
    <UnitTestResult executionId="d98b18ff-4a28-4ac6-931d-bf65a2e9d234" testId="1e7c898a-ee18-8445-99d0-8837d07d95ef" testName="DatePickerTheme_ContainsCompleteRuntimeTemplate (&quot;CalendarStyle&quot;)" computerName="PC-20250309WEIZ" duration="00:00:00.0002422" startTime="2026-09-20T18:19:14.9917574+08:00" endTime="2026-09-20T18:19:14.9920316+08:00" testType="13cdc9d9-ddb5-4fa4-a97d-d965ccfc6d4b" outcome="Passed" testListId="8c84fa94-04c1-424b-9868-57a2d4851a1d" relativeResultsDirectory="d98b18ff-4a28-4ac6-931d-bf65a2e9d234" />
    <UnitTestResult executionId="6d33ca3b-1b04-426c-8720-75ce89714ce5" testId="1ffccabf-7e4c-86ba-9422-8e374e95f99b" testName="BookingEditor_ContainsFourStepPeopleAndMoneyWorkflow (&quot;拍摄总金额&quot;)" computerName="PC-20250309WEIZ" duration="00:00:00.0001224" startTime="2026-09-20T18:19:14.9788873+08:00" endTime="2026-09-20T18:19:14.9790210+08:00" testType="13cdc9d9-ddb5-4fa4-a97d-d965ccfc6d4b" outcome="Passed" testListId="8c84fa94-04c1-424b-9868-57a2d4851a1d" relativeResultsDirectory="6d33ca3b-1b04-426c-8720-75ce89714ce5" />
    <UnitTestResult executionId="31ba86b4-f51b-42ea-999c-e543d969803f" testId="138de03f-d57e-8a15-9633-edb24c420990" testName="DocumentPanel_ContainsSafePreviewAndRecoverySurface (&quot;Office 文件不执行宏&quot;)" computerName="PC-20250309WEIZ" duration="00:00:00.0001062" startTime="2026-09-20T18:19:14.9740166+08:00" endTime="2026-09-20T18:19:14.9741349+08:00" testType="13cdc9d9-ddb5-4fa4-a97d-d965ccfc6d4b" outcome="Passed" testListId="8c84fa94-04c1-424b-9868-57a2d4851a1d" relativeResultsDirectory="31ba86b4-f51b-42ea-999c-e543d969803f" />
    <UnitTestResult executionId="e74b5f49-d79b-4fe4-9542-5e0fb61b79ff" testId="1ddc3131-73fa-85ca-944d-a97564a5b4eb" testName="TetherRuntime_ContainsCompactSafeUserFacingStates (&quot;选择看守文件夹&quot;)" computerName="PC-20250309WEIZ" duration="00:00:00.0002333" startTime="2026-09-20T18:19:14.9849989+08:00" endTime="2026-09-20T18:19:14.9852462+08:00" testType="13cdc9d9-ddb5-4fa4-a97d-d965ccfc6d4b" outcome="Passed" testListId="8c84fa94-04c1-424b-9868-57a2d4851a1d" relativeResultsDirectory="e74b5f49-d79b-4fe4-9542-5e0fb61b79ff" />
    <UnitTestResult executionId="dfcffe3f-3935-4280-865a-2ca99ec180e2" testId="10282f99-98d7-8cbb-b849-7bd614cb1bda" testName="DocumentPanel_ContainsSafePreviewAndRecoverySurface (&quot;PreviewDisplayHeight&quot;)" computerName="PC-20250309WEIZ" duration="00:00:00.0001474" startTime="2026-09-20T18:19:14.9733839+08:00" endTime="2026-09-20T18:19:14.9735520+08:00" testType="13cdc9d9-ddb5-4fa4-a97d-d965ccfc6d4b" outcome="Passed" testListId="8c84fa94-04c1-424b-9868-57a2d4851a1d" relativeResultsDirectory="dfcffe3f-3935-4280-865a-2ca99ec180e2" />
    <UnitTestResult executionId="3d251a19-1969-4553-856e-8c00dc552a46" testId="137038f9-c1c4-8da5-98bb-209d2f718d7d" testName="FinancePage_ContainsRequiredLocalAccountingSurface (&quot;按分类筛选&quot;)" computerName="PC-20250309WEIZ" duration="00:00:00.0001178" startTime="2026-09-20T18:19:14.9630062+08:00" endTime="2026-09-20T18:19:14.9631369+08:00" testType="13cdc9d9-ddb5-4fa4-a97d-d965ccfc6d4b" outcome="Passed" testListId="8c84fa94-04c1-424b-9868-57a2d4851a1d" relativeResultsDirectory="3d251a19-1969-4553-856e-8c00dc552a46" />
    <UnitTestResult executionId="14b75e2d-cbc0-44b4-9c5a-b7024f72476c" testId="172d50d1-3eeb-8b2e-b0ae-e2b243160e83" testName="FinancePage_ContainsRequiredLocalAccountingSurface (&quot;按支付状态筛选&quot;)" computerName="PC-20250309WEIZ" duration="00:00:00.0001289" startTime="2026-09-20T18:19:14.9628525+08:00" endTime="2026-09-20T18:19:14.9629970+08:00" testType="13cdc9d9-ddb5-4fa4-a97d-d965ccfc6d4b" outcome="Passed" testListId="8c84fa94-04c1-424b-9868-57a2d4851a1d" relativeResultsDirectory="14b75e2d-cbc0-44b4-9c5a-b7024f72476c" />
    <UnitTestResult executionId="a623cafa-a8ad-4446-8b8e-84ffa95267ed" testId="19d92c75-600b-8828-9ee2-bf4bb2fde313" testName="ProfessionalCalendar_ContainsRequiredRuntimeSurface (&quot;时间冲突&quot;)" computerName="PC-20250309WEIZ" duration="00:00:00.0001245" startTime="2026-09-20T18:19:14.9565481+08:00" endTime="2026-09-20T18:19:14.9566845+08:00" testType="13cdc9d9-ddb5-4fa4-a97d-d965ccfc6d4b" outcome="Passed" testListId="8c84fa94-04c1-424b-9868-57a2d4851a1d" relativeResultsDirectory="a623cafa-a8ad-4446-8b8e-84ffa95267ed" />
    <UnitTestResult executionId="6724e79d-2054-4101-a93b-fd010f9286d3" testId="1c0965fc-845a-875d-86df-d49cdd115805" testName="BookingEditor_ContainsFourStepPeopleAndMoneyWorkflow (&quot;1 基础信息&quot;)" computerName="PC-20250309WEIZ" duration="00:00:00.0002787" startTime="2026-09-20T18:19:14.9754098+08:00" endTime="2026-09-20T18:19:14.9757086+08:00" testType="13cdc9d9-ddb5-4fa4-a97d-d965ccfc6d4b" outcome="Passed" testListId="8c84fa94-04c1-424b-9868-57a2d4851a1d" relativeResultsDirectory="6724e79d-2054-4101-a93b-fd010f9286d3" />
    <UnitTestResult executionId="e992e06a-9cac-4658-9ab7-6f0d029c7752" testId="1e4174d1-8fbe-8949-9594-d91bdf10bdc3" testName="DatePickerTheme_ContainsCompleteRuntimeTemplate (&quot;DropdownBackgroundBrush&quot;)" computerName="PC-20250309WEIZ" duration="00:00:00.0002388" startTime="2026-09-20T18:19:14.9920495+08:00" endTime="2026-09-20T18:19:14.9923185+08:00" testType="13cdc9d9-ddb5-4fa4-a97d-d965ccfc6d4b" outcome="Passed" testListId="8c84fa94-04c1-424b-9868-57a2d4851a1d" relativeResultsDirectory="e992e06a-9cac-4658-9ab7-6f0d029c7752" />
    <UnitTestResult executionId="a8b3cd3e-58cd-48ba-ad93-30aa08d11435" testId="1da9914d-b9a8-806b-8be4-50a5ecfc5360" testName="DocumentPanel_ContainsSafePreviewAndRecoverySurface (&quot;默认仅关联原位置&quot;)" computerName="PC-20250309WEIZ" duration="00:00:00.0003365" startTime="2026-09-20T18:19:14.9700029+08:00" endTime="2026-09-20T18:19:14.9703635+08:00" testType="13cdc9d9-ddb5-4fa4-a97d-d965ccfc6d4b" outcome="Passed" testListId="8c84fa94-04c1-424b-9868-57a2d4851a1d" relativeResultsDirectory="a8b3cd3e-58cd-48ba-ad93-30aa08d11435" />
    <UnitTestResult executionId="618388f0-297f-4224-a810-e4c8c2224d17" testId="1c9b347e-f778-8519-9633-9809b09bece7" testName="TetherRuntime_ContainsCompactSafeUserFacingStates (&quot;全屏监看&quot;)" computerName="PC-20250309WEIZ" duration="00:00:00.0002328" startTime="2026-09-20T18:19:14.9839409+08:00" endTime="2026-09-20T18:19:14.9841887+08:00" testType="13cdc9d9-ddb5-4fa4-a97d-d965ccfc6d4b" outcome="Passed" testListId="8c84fa94-04c1-424b-9868-57a2d4851a1d" relativeResultsDirectory="618388f0-297f-4224-a810-e4c8c2224d17" />
    <UnitTestResult executionId="f103ef0c-757d-42b5-a21c-60d789d03a24" testId="119ed998-0f31-8094-85ac-484f2eb2bb8c" testName="ProfessionalCalendar_ContainsRequiredRuntimeSurface (&quot;周&quot;)" computerName="PC-20250309WEIZ" duration="00:00:00.0001471" startTime="2026-09-20T18:19:14.9322896+08:00" endTime="2026-09-20T18:19:14.9324523+08:00" testType="13cdc9d9-ddb5-4fa4-a97d-d965ccfc6d4b" outcome="Passed" testListId="8c84fa94-04c1-424b-9868-57a2d4851a1d" relativeResultsDirectory="f103ef0c-757d-42b5-a21c-60d789d03a24" />
    <UnitTestResult executionId="5a2b44ac-9646-4f79-864a-570aeb622786" testId="158a26fc-f007-8768-96f7-2bed5fb53f65" testName="DocumentPanel_ContainsSafePreviewAndRecoverySurface (&quot;打开所在位置&quot;)" computerName="PC-20250309WEIZ" duration="00:00:00.0001117" startTime="2026-09-20T18:19:14.9721674+08:00" endTime="2026-09-20T18:19:14.9722906+08:00" testType="13cdc9d9-ddb5-4fa4-a97d-d965ccfc6d4b" outcome="Passed" testListId="8c84fa94-04c1-424b-9868-57a2d4851a1d" relativeResultsDirectory="5a2b44ac-9646-4f79-864a-570aeb622786" />
    <UnitTestResult executionId="1462cb7c-d2c1-49d0-b506-144b5f48a5e0" testId="18ae6b8b-bad6-8e12-acc8-4ad78b44dc45" testName="DocumentPanel_ContainsSafePreviewAndRecoverySurface (&quot;复制到项目资料目录并关联&quot;)" computerName="PC-20250309WEIZ" duration="00:00:00.0001170" startTime="2026-09-20T18:19:14.9718889+08:00" endTime="2026-09-20T18:19:14.9720188+08:00" testType="13cdc9d9-ddb5-4fa4-a97d-d965ccfc6d4b" outcome="Passed" testListId="8c84fa94-04c1-424b-9868-57a2d4851a1d" relativeResultsDirectory="1462cb7c-d2c1-49d0-b506-144b5f48a5e0" />
    <UnitTestResult executionId="8936c761-4cff-40a9-8f72-bd9d04dbafaf" testId="1665344b-66ab-8094-b6c0-7f94a8673b24" testName="BookingEditor_ContainsFourStepPeopleAndMoneyWorkflow (&quot;邮箱&quot;)" computerName="PC-20250309WEIZ" duration="00:00:00.0001214" startTime="2026-09-20T18:19:14.9768553+08:00" endTime="2026-09-20T18:19:14.9769881+08:00" testType="13cdc9d9-ddb5-4fa4-a97d-d965ccfc6d4b" outcome="Passed" testListId="8c84fa94-04c1-424b-9868-57a2d4851a1d" relativeResultsDirectory="8936c761-4cff-40a9-8f72-bd9d04dbafaf" />
    <UnitTestResult executionId="93dcfef4-178f-4bc2-90d8-2143baaf3499" testId="18a1284c-3ed4-8ddf-8d45-b679ed23bec0" testName="BookingEditor_ContainsFourStepPeopleAndMoneyWorkflow (&quot;微信&quot;)" computerName="PC-20250309WEIZ" duration="00:00:00.0001228" startTime="2026-09-20T18:19:14.9767137+08:00" endTime="2026-09-20T18:19:14.9768480+08:00" testType="13cdc9d9-ddb5-4fa4-a97d-d965ccfc6d4b" outcome="Passed" testListId="8c84fa94-04c1-424b-9868-57a2d4851a1d" relativeResultsDirectory="93dcfef4-178f-4bc2-90d8-2143baaf3499" />
    <UnitTestResult executionId="0c84fb51-37cf-41ba-9b5a-d7fc1f04b86c" testId="1500982a-e1af-813f-b8d7-c03c061555f7" testName="TetherRuntime_ContainsCompactSafeUserFacingStates (&quot;任务中心&quot;)" computerName="PC-20250309WEIZ" duration="00:00:00.0002357" startTime="2026-09-20T18:19:14.9836801+08:00" endTime="2026-09-20T18:19:14.9839317+08:00" testType="13cdc9d9-ddb5-4fa4-a97d-d965ccfc6d4b" outcome="Passed" testListId="8c84fa94-04c1-424b-9868-57a2d4851a1d" relativeResultsDirectory="0c84fb51-37cf-41ba-9b5a-d7fc1f04b86c" />
    <UnitTestResult executionId="3042a29f-3a3b-4ee5-ba36-31a546012f27" testId="10ebcdbe-2aeb-89a4-bb50-73c9257d02c3" testName="BookingStatusConverter_NeverExposesInternalEnum (Postponed,&quot;已延期&quot;)" computerName="PC-20250309WEIZ" duration="00:00:00.0000009" startTime="2026-09-20T18:19:14.9982025+08:00" endTime="2026-09-20T18:19:14.9982111+08:00" testType="13cdc9d9-ddb5-4fa4-a97d-d965ccfc6d4b" outcome="Passed" testListId="8c84fa94-04c1-424b-9868-57a2d4851a1d" relativeResultsDirectory="3042a29f-3a3b-4ee5-ba36-31a546012f27" />
    <UnitTestResult executionId="f572b1b4-d00f-469c-8bab-c1c9ff1b64ce" testId="1d831bdd-8acd-8337-a4e0-b8ec709663c2" testName="DocumentPanel_ContainsSafePreviewAndRecoverySurface (&quot;PreviewDisplayWidth&quot;)" computerName="PC-20250309WEIZ" duration="00:00:00.0001057" startTime="2026-09-20T18:19:14.9726694+08:00" endTime="2026-09-20T18:19:14.9727881+08:00" testType="13cdc9d9-ddb5-4fa4-a97d-d965ccfc6d4b" outcome="Passed" testListId="8c84fa94-04c1-424b-9868-57a2d4851a1d" relativeResultsDirectory="f572b1b4-d00f-469c-8bab-c1c9ff1b64ce" />
    <UnitTestResult executionId="a645f8ca-f913-445b-b8e0-257d6c0e2a11" testId="14521223-ae2f-850c-8346-8781e77d5bbc" testName="DocumentPanel_ContainsSafePreviewAndRecoverySurface (&quot;不会自动复制&quot;)" computerName="PC-20250309WEIZ" duration="00:00:00.0001258" startTime="2026-09-20T18:19:14.9705798+08:00" endTime="2026-09-20T18:19:14.9707212+08:00" testType="13cdc9d9-ddb5-4fa4-a97d-d965ccfc6d4b" outcome="Passed" testListId="8c84fa94-04c1-424b-9868-57a2d4851a1d" relativeResultsDirectory="a645f8ca-f913-445b-b8e0-257d6c0e2a11" />
    <UnitTestResult executionId="19beeff8-2aec-4c9a-a61a-2fd8f758c936" testId="1e7a1fd3-e770-85c3-9548-fedfd23a61e8" testName="TetherRuntime_ContainsCompactSafeUserFacingStates (&quot;ShowTetherEmptyState&quot;)" computerName="PC-20250309WEIZ" duration="00:00:00.0002526" startTime="2026-09-20T18:19:14.9847239+08:00" endTime="2026-09-20T18:19:14.9849906+08:00" testType="13cdc9d9-ddb5-4fa4-a97d-d965ccfc6d4b" outcome="Passed" testListId="8c84fa94-04c1-424b-9868-57a2d4851a1d" relativeResultsDirectory="19beeff8-2aec-4c9a-a61a-2fd8f758c936" />
    <UnitTestResult executionId="be32bd64-4b58-4a1d-bac2-10b801ba36b5" testId="17880235-4053-8d5f-aef1-8c020276d20b" testName="BookingEditor_ContainsFourStepPeopleAndMoneyWorkflow (&quot;2 时间与准备&quot;)" computerName="PC-20250309WEIZ" duration="00:00:00.0003270" startTime="2026-09-20T18:19:14.9757238+08:00" endTime="2026-09-20T18:19:14.9760772+08:00" testType="13cdc9d9-ddb5-4fa4-a97d-d965ccfc6d4b" outcome="Passed" testListId="8c84fa94-04c1-424b-9868-57a2d4851a1d" relativeResultsDirectory="be32bd64-4b58-4a1d-bac2-10b801ba36b5" />
    <UnitTestResult executionId="c2a2cc59-0da0-443d-992d-5d020c642ccd" testId="1c344ba1-1191-8da8-a4b6-2c683ce35c85" testName="FinancePage_ContainsRequiredLocalAccountingSurface (&quot;按项目筛选&quot;)" computerName="PC-20250309WEIZ" duration="00:00:00.0001118" startTime="2026-09-20T18:19:14.9631447+08:00" endTime="2026-09-20T18:19:14.9632682+08:00" testType="13cdc9d9-ddb5-4fa4-a97d-d965ccfc6d4b" outcome="Passed" testListId="8c84fa94-04c1-424b-9868-57a2d4851a1d" relativeResultsDirectory="c2a2cc59-0da0-443d-992d-5d020c642ccd" />
    <UnitTestResult executionId="adb91e6d-c82f-4ef0-b3e3-efa2795c5167" testId="1ad5f21c-c1b2-8f5b-93fd-c6445a3465f5" testName="BookingEditor_ContainsFourStepPeopleAndMoneyWorkflow (&quot;4 联系人、工作人员与收支&quot;)" computerName="PC-20250309WEIZ" duration="00:00:00.0001280" startTime="2026-09-20T18:19:14.9762743+08:00" endTime="2026-09-20T18:19:14.9764166+08:00" testType="13cdc9d9-ddb5-4fa4-a97d-d965ccfc6d4b" outcome="Passed" testListId="8c84fa94-04c1-424b-9868-57a2d4851a1d" relativeResultsDirectory="adb91e6d-c82f-4ef0-b3e3-efa2795c5167" />
    <UnitTestResult executionId="63af0ae0-fc9e-4ff4-aa36-8eb92d4542cb" testId="1129dbe5-6a81-8dbd-b767-5d4d3d548258" testName="FinancePage_ContainsRequiredLocalAccountingSurface (&quot;本月净现金流&quot;)" computerName="PC-20250309WEIZ" duration="00:00:00.0001107" startTime="2026-09-20T18:19:14.9615398+08:00" endTime="2026-09-20T18:19:14.9616619+08:00" testType="13cdc9d9-ddb5-4fa4-a97d-d965ccfc6d4b" outcome="Passed" testListId="8c84fa94-04c1-424b-9868-57a2d4851a1d" relativeResultsDirectory="63af0ae0-fc9e-4ff4-aa36-8eb92d4542cb" />
    <UnitTestResult executionId="eaea2652-6dc3-4201-a18d-c0ad7baf3746" testId="13ae71cc-d419-80a1-8b30-5b41cd379112" testName="TetherRuntime_ContainsCompactSafeUserFacingStates (&quot;缩略图会按需加载&quot;)" computerName="PC-20250309WEIZ" duration="00:00:00.0002492" startTime="2026-09-20T18:19:14.9841979+08:00" endTime="2026-09-20T18:19:14.9844618+08:00" testType="13cdc9d9-ddb5-4fa4-a97d-d965ccfc6d4b" outcome="Passed" testListId="8c84fa94-04c1-424b-9868-57a2d4851a1d" relativeResultsDirectory="eaea2652-6dc3-4201-a18d-c0ad7baf3746" />
    <UnitTestResult executionId="6ca1e66a-cecd-4089-acc3-95f617e32bd0" testId="140ed612-ec18-8d6b-88c1-df5ad9cae25a" testName="FinancePage_ContainsRequiredLocalAccountingSurface (&quot;搜索词不会写入日志&quot;)" computerName="PC-20250309WEIZ" duration="00:00:00.0001258" startTime="2026-09-20T18:19:14.9695246+08:00" endTime="2026-09-20T18:19:14.9696624+08:00" testType="13cdc9d9-ddb5-4fa4-a97d-d965ccfc6d4b" outcome="Passed" testListId="8c84fa94-04c1-424b-9868-57a2d4851a1d" relativeResultsDirectory="6ca1e66a-cecd-4089-acc3-95f617e32bd0" />
    <UnitTestResult executionId="72953d91-404e-4b1e-a7c8-1e2caf3938b3" testId="12aacee0-464c-8c7f-924d-896ab941c0bf" testName="ProfessionalCalendar_ContainsRequiredRuntimeSurface (&quot;当前周期总览&quot;)" computerName="PC-20250309WEIZ" duration="00:00:00.0001202" startTime="2026-09-20T18:19:14.9590429+08:00" endTime="2026-09-20T18:19:14.9591756+08:00" testType="13cdc9d9-ddb5-4fa4-a97d-d965ccfc6d4b" outcome="Passed" testListId="8c84fa94-04c1-424b-9868-57a2d4851a1d" relativeResultsDirectory="72953d91-404e-4b1e-a7c8-1e2caf3938b3" />
    <UnitTestResult executionId="6710acc8-0830-4dd7-81fe-2b6e6d3cb5b6" testId="1f1137b7-c122-8b9a-a4e8-303884cce586" testName="BookingEditor_ContainsFourStepPeopleAndMoneyWorkflow (&quot;手机&quot;)" computerName="PC-20250309WEIZ" duration="00:00:00.0001255" startTime="2026-09-20T18:19:14.9765689+08:00" endTime="2026-09-20T18:19:14.9767062+08:00" testType="13cdc9d9-ddb5-4fa4-a97d-d965ccfc6d4b" outcome="Passed" testListId="8c84fa94-04c1-424b-9868-57a2d4851a1d" relativeResultsDirectory="6710acc8-0830-4dd7-81fe-2b6e6d3cb5b6" />
    <UnitTestResult executionId="a1c09540-6560-4c51-ab99-2765e968f1d7" testId="1b089586-d2b1-86d6-b4c3-193383e6a95d" testName="DocumentPanel_ContainsSafePreviewAndRecoverySurface (&quot;未知格式仅显示元数据&quot;)" computerName="PC-20250309WEIZ" duration="00:00:00.0001064" startTime="2026-09-20T18:19:14.9741418+08:00" endTime="2026-09-20T18:19:14.9742597+08:00" testType="13cdc9d9-ddb5-4fa4-a97d-d965ccfc6d4b" outcome="Passed" testListId="8c84fa94-04c1-424b-9868-57a2d4851a1d" relativeResultsDirectory="a1c09540-6560-4c51-ab99-2765e968f1d7" />
    <UnitTestResult executionId="857aafd5-7a27-4714-aac0-b6260c12fb9e" testId="1a822701-0c2d-8a56-9858-6551df210642" testName="BookingEditor_ContainsFourStepPeopleAndMoneyWorkflow (&quot;定金&quot;)" computerName="PC-20250309WEIZ" duration="00:00:00.0001806" startTime="2026-09-20T18:19:14.9796380+08:00" endTime="2026-09-20T18:19:14.9798400+08:00" testType="13cdc9d9-ddb5-4fa4-a97d-d965ccfc6d4b" outcome="Passed" testListId="8c84fa94-04c1-424b-9868-57a2d4851a1d" relativeResultsDirectory="857aafd5-7a27-4714-aac0-b6260c12fb9e" />
    <UnitTestResult executionId="e12eaeda-9c1d-4808-b50e-44239fa2d536" testId="19ccb508-d564-8207-8a91-485916f02a49" testName="ProfessionalCalendar_ContainsRequiredRuntimeSurface (&quot;当前周期拍摄列表&quot;)" computerName="PC-20250309WEIZ" duration="00:00:00.0001225" startTime="2026-09-20T18:19:14.9588960+08:00" endTime="2026-09-20T18:19:14.9590338+08:00" testType="13cdc9d9-ddb5-4fa4-a97d-d965ccfc6d4b" outcome="Passed" testListId="8c84fa94-04c1-424b-9868-57a2d4851a1d" relativeResultsDirectory="e12eaeda-9c1d-4808-b50e-44239fa2d536" />
    <UnitTestResult executionId="c29a4f86-c29a-4cf5-bc7a-68391ee9c7fc" testId="18594e35-250e-8d75-a1ef-1aaf40724fee" testName="BookingStatusConverter_NeverExposesInternalEnum (Preparing,&quot;准备中&quot;)" computerName="PC-20250309WEIZ" duration="00:00:00.0000075" startTime="2026-09-20T18:19:14.9973428+08:00" endTime="2026-09-20T18:19:14.9973832+08:00" testType="13cdc9d9-ddb5-4fa4-a97d-d965ccfc6d4b" outcome="Passed" testListId="8c84fa94-04c1-424b-9868-57a2d4851a1d" relativeResultsDirectory="c29a4f86-c29a-4cf5-bc7a-68391ee9c7fc" />
    <UnitTestResult executionId="bab9f2fb-b2b8-4f67-9ced-8bd2487811f2" testId="18271e97-17f1-80ac-a696-6a145b02ff3d" testName="FinancePage_ContainsRequiredLocalAccountingSurface (&quot;按拍摄任务筛选&quot;)" computerName="PC-20250309WEIZ" duration="00:00:00.0001103" startTime="2026-09-20T18:19:14.9632755+08:00" endTime="2026-09-20T18:19:14.9633969+08:00" testType="13cdc9d9-ddb5-4fa4-a97d-d965ccfc6d4b" outcome="Passed" testListId="8c84fa94-04c1-424b-9868-57a2d4851a1d" relativeResultsDirectory="bab9f2fb-b2b8-4f67-9ced-8bd2487811f2" />
    <UnitTestResult executionId="0d4b8026-5bf3-480f-8298-66a40887cab6" testId="151d1374-53a9-88bc-b89d-31a37fbea5d9" testName="TetherRuntime_ContainsCompactSafeUserFacingStates (&quot;只监看所选文件夹顶层&quot;)" computerName="PC-20250309WEIZ" duration="00:00:00.0003739" startTime="2026-09-20T18:19:14.9803416+08:00" endTime="2026-09-20T18:19:14.9807328+08:00" testType="13cdc9d9-ddb5-4fa4-a97d-d965ccfc6d4b" outcome="Passed" testListId="8c84fa94-04c1-424b-9868-57a2d4851a1d" relativeResultsDirectory="0d4b8026-5bf3-480f-8298-66a40887cab6" />
    <UnitTestResult executionId="e01c2f0e-c657-4aea-b551-098991554de1" testId="18686cf6-b955-8b60-8124-45d712763b32" testName="FinancePage_ContainsRequiredLocalAccountingSurface (&quot;付款方或收款方&quot;)" computerName="PC-20250309WEIZ" duration="00:00:00.0002848" startTime="2026-09-20T18:19:14.9675761+08:00" endTime="2026-09-20T18:19:14.9679128+08:00" testType="13cdc9d9-ddb5-4fa4-a97d-d965ccfc6d4b" outcome="Passed" testListId="8c84fa94-04c1-424b-9868-57a2d4851a1d" relativeResultsDirectory="e01c2f0e-c657-4aea-b551-098991554de1" />
    <UnitTestResult executionId="c7baf699-d095-432f-bac3-12773317a4c4" testId="187e5aa2-f483-8de4-9617-91906ab2f676" testName="BookingStatusConverter_NeverExposesInternalEnum (Tentative,&quot;待确定&quot;)" computerName="PC-20250309WEIZ" duration="00:00:00.0010777" startTime="2026-09-20T18:19:14.9953353+08:00" endTime="2026-09-20T18:19:14.9964545+08:00" testType="13cdc9d9-ddb5-4fa4-a97d-d965ccfc6d4b" outcome="Passed" testListId="8c84fa94-04c1-424b-9868-57a2d4851a1d" relativeResultsDirectory="c7baf699-d095-432f-bac3-12773317a4c4" />
    <UnitTestResult executionId="a788a6a6-8b62-43e5-ac15-5a5a2878968f" testId="1f3075cb-f887-804f-ad53-24ac9eebdc38" testName="BookingEditor_ContainsFourStepPeopleAndMoneyWorkflow (&quot;3 策划资料&quot;)" computerName="PC-20250309WEIZ" duration="00:00:00.0001489" startTime="2026-09-20T18:19:14.9760939+08:00" endTime="2026-09-20T18:19:14.9762642+08:00" testType="13cdc9d9-ddb5-4fa4-a97d-d965ccfc6d4b" outcome="Passed" testListId="8c84fa94-04c1-424b-9868-57a2d4851a1d" relativeResultsDirectory="a788a6a6-8b62-43e5-ac15-5a5a2878968f" />
    <UnitTestResult executionId="6f72facc-bd67-4a48-ad2d-261dd4239a1a" testId="10e5cee6-c150-8d32-bcf3-b7cb3666c83d" testName="FinancePage_ContainsRequiredLocalAccountingSurface (&quot;待付款&quot;)" computerName="PC-20250309WEIZ" duration="00:00:00.0001110" startTime="2026-09-20T18:19:14.9618040+08:00" endTime="2026-09-20T18:19:14.9619260+08:00" testType="13cdc9d9-ddb5-4fa4-a97d-d965ccfc6d4b" outcome="Passed" testListId="8c84fa94-04c1-424b-9868-57a2d4851a1d" relativeResultsDirectory="6f72facc-bd67-4a48-ad2d-261dd4239a1a" />
    <UnitTestResult executionId="95e0649f-d92e-4cec-bce3-2d7832876d93" testId="109d684d-7f34-8cb1-93ee-9768b1178c02" testName="FinancePage_ContainsRequiredLocalAccountingSurface (&quot;按收入支出筛选&quot;)" computerName="PC-20250309WEIZ" duration="00:00:00.0001647" startTime="2026-09-20T18:19:14.9626531+08:00" endTime="2026-09-20T18:19:14.9628391+08:00" testType="13cdc9d9-ddb5-4fa4-a97d-d965ccfc6d4b" outcome="Passed" testListId="8c84fa94-04c1-424b-9868-57a2d4851a1d" relativeResultsDirectory="95e0649f-d92e-4cec-bce3-2d7832876d93" />
    <UnitTestResult executionId="4b3e7882-5a45-43e8-bff0-38401bc619b4" testId="1f4adcf9-6ecf-8034-bdc6-9487eaa61cd9" testName="DocumentPanel_ContainsSafePreviewAndRecoverySurface (&quot;文档分类&quot;)" computerName="PC-20250309WEIZ" duration="00:00:00.0001380" startTime="2026-09-20T18:19:14.9717257+08:00" endTime="2026-09-20T18:19:14.9718794+08:00" testType="13cdc9d9-ddb5-4fa4-a97d-d965ccfc6d4b" outcome="Passed" testListId="8c84fa94-04c1-424b-9868-57a2d4851a1d" relativeResultsDirectory="4b3e7882-5a45-43e8-bff0-38401bc619b4" />
    <UnitTestResult executionId="5d63a92c-c412-43ce-bd97-f442d2f91750" testId="102da513-6a82-8167-b5bf-b31b38e35942" testName="UpgradeTutorialButtons_CloseSafelyInModalAndRuntimeReviewWindows" computerName="PC-20250309WEIZ" duration="00:00:00.0011544" startTime="2026-09-20T18:19:15.0987754+08:00" endTime="2026-09-20T18:19:15.0999761+08:00" testType="13cdc9d9-ddb5-4fa4-a97d-d965ccfc6d4b" outcome="Passed" testListId="8c84fa94-04c1-424b-9868-57a2d4851a1d" relativeResultsDirectory="5d63a92c-c412-43ce-bd97-f442d2f91750" />
    <UnitTestResult executionId="7365a540-dab3-4542-81de-e43ce49c1b78" testId="1212f696-620c-847b-8781-de285e420115" testName="TetherRuntime_ContainsCompactSafeUserFacingStates (&quot;检查器&quot;)" computerName="PC-20250309WEIZ" duration="00:00:00.0002405" startTime="2026-09-20T18:19:14.9834089+08:00" endTime="2026-09-20T18:19:14.9836675+08:00" testType="13cdc9d9-ddb5-4fa4-a97d-d965ccfc6d4b" outcome="Passed" testListId="8c84fa94-04c1-424b-9868-57a2d4851a1d" relativeResultsDirectory="7365a540-dab3-4542-81de-e43ce49c1b78" />
    <UnitTestResult executionId="3afe88e0-0e1b-4f15-ad50-94a1bb3904aa" testId="1fa79bcf-d324-8f3d-82cd-bf9cf5323f8e" testName="BookingEditor_ContainsFourStepPeopleAndMoneyWorkflow (&quot;其他联系方式&quot;)" computerName="PC-20250309WEIZ" duration="00:00:00.0001842" startTime="2026-09-20T18:19:14.9776209+08:00" endTime="2026-09-20T18:19:14.9778285+08:00" testType="13cdc9d9-ddb5-4fa4-a97d-d965ccfc6d4b" outcome="Passed" testListId="8c84fa94-04c1-424b-9868-57a2d4851a1d" relativeResultsDirectory="3afe88e0-0e1b-4f15-ad50-94a1bb3904aa" />
    <UnitTestResult executionId="da33d2c4-e6ba-4195-b50f-eb371fb4a55a" testId="1349a802-289c-8247-95b0-50c8ab6283a0" testName="FinancePage_ContainsRequiredLocalAccountingSurface (&quot;不会删除电脑中的原文件&quot;)" computerName="PC-20250309WEIZ" duration="00:00:00.0001422" startTime="2026-09-20T18:19:14.9692025+08:00" endTime="2026-09-20T18:19:14.9693612+08:00" testType="13cdc9d9-ddb5-4fa4-a97d-d965ccfc6d4b" outcome="Passed" testListId="8c84fa94-04c1-424b-9868-57a2d4851a1d" relativeResultsDirectory="da33d2c4-e6ba-4195-b50f-eb371fb4a55a" />
    <UnitTestResult executionId="44331c9e-e260-462e-9352-f86d28bc45d3" testId="1720d838-742f-80ce-b822-bd5c4d287505" testName="DocumentPanel_ContainsSafePreviewAndRecoverySurface (&quot;不把文件写入数据库&quot;)" computerName="PC-20250309WEIZ" duration="00:00:00.0001669" startTime="2026-09-20T18:19:14.9703797+08:00" endTime="2026-09-20T18:19:14.9705686+08:00" testType="13cdc9d9-ddb5-4fa4-a97d-d965ccfc6d4b" outcome="Passed" testListId="8c84fa94-04c1-424b-9868-57a2d4851a1d" relativeResultsDirectory="44331c9e-e260-462e-9352-f86d28bc45d3" />
    <UnitTestResult executionId="f9e632cc-6604-4f33-a2e2-704b8911530a" testId="13a8cf63-a1bc-8275-b843-916a43e227b2" testName="ProfessionalCalendar_ContainsRequiredRuntimeSurface (&quot;工作日历视图&quot;)" computerName="PC-20250309WEIZ" duration="00:00:00.0051622" startTime="2026-09-20T18:19:14.9082201+08:00" endTime="2026-09-20T18:19:14.9272322+08:00" testType="13cdc9d9-ddb5-4fa4-a97d-d965ccfc6d4b" outcome="Passed" testListId="8c84fa94-04c1-424b-9868-57a2d4851a1d" relativeResultsDirectory="f9e632cc-6604-4f33-a2e2-704b8911530a" />
    <UnitTestResult executionId="dcf72456-14ed-4630-af69-9a93a73d4c3a" testId="12fb38e0-0223-8868-bfcf-252de554b6dd" testName="ProfessionalCalendar_ContainsRequiredRuntimeSurface (&quot;工作日历排序&quot;)" computerName="PC-20250309WEIZ" duration="00:00:00.0004892" startTime="2026-09-20T18:19:14.9307649+08:00" endTime="2026-09-20T18:19:14.9315186+08:00" testType="13cdc9d9-ddb5-4fa4-a97d-d965ccfc6d4b" outcome="Passed" testListId="8c84fa94-04c1-424b-9868-57a2d4851a1d" relativeResultsDirectory="dcf72456-14ed-4630-af69-9a93a73d4c3a" />
    <UnitTestResult executionId="d4ecf031-071a-42c0-b896-1ebe9d0cc19f" testId="1fec8e9d-4c09-8699-b685-7a6b7390d624" testName="BookingEditor_ContainsFourStepPeopleAndMoneyWorkflow (&quot;工作人员备注&quot;)" computerName="PC-20250309WEIZ" duration="00:00:00.0001232" startTime="2026-09-20T18:19:14.9784519+08:00" endTime="2026-09-20T18:19:14.9785867+08:00" testType="13cdc9d9-ddb5-4fa4-a97d-d965ccfc6d4b" outcome="Passed" testListId="8c84fa94-04c1-424b-9868-57a2d4851a1d" relativeResultsDirectory="d4ecf031-071a-42c0-b896-1ebe9d0cc19f" />
    <UnitTestResult executionId="bfe89072-6ce0-4707-9a8c-011a81381b1b" testId="1970a630-173c-873d-9ee5-c75e25fa2159" testName="BookingStatusConverter_NeverExposesInternalEnum (AwaitingDelivery,&quot;待交付&quot;)" computerName="PC-20250309WEIZ" duration="00:00:00.0000008" startTime="2026-09-20T18:19:14.9975020+08:00" endTime="2026-09-20T18:19:14.9975098+08:00" testType="13cdc9d9-ddb5-4fa4-a97d-d965ccfc6d4b" outcome="Passed" testListId="8c84fa94-04c1-424b-9868-57a2d4851a1d" relativeResultsDirectory="bfe89072-6ce0-4707-9a8c-011a81381b1b" />
    <UnitTestResult executionId="bff34f3e-d596-4fe3-a681-6ecd208252bd" testId="103d3dc3-408e-8849-ab67-cbd4889f99ba" testName="BookingEditor_ContainsFourStepPeopleAndMoneyWorkflow (&quot;联系人备注&quot;)" computerName="PC-20250309WEIZ" duration="00:00:00.0001412" startTime="2026-09-20T18:19:14.9778424+08:00" endTime="2026-09-20T18:19:14.9779994+08:00" testType="13cdc9d9-ddb5-4fa4-a97d-d965ccfc6d4b" outcome="Passed" testListId="8c84fa94-04c1-424b-9868-57a2d4851a1d" relativeResultsDirectory="bff34f3e-d596-4fe3-a681-6ecd208252bd" />
    <UnitTestResult executionId="8884e487-d172-43ae-9972-3ca08868e456" testId="103a47d5-75cf-8d36-b771-0f270140551e" testName="TetherRuntime_ContainsCompactSafeUserFacingStates (&quot;客户监看&quot;)" computerName="PC-20250309WEIZ" duration="00:00:00.0002631" startTime="2026-09-20T18:19:14.9831042+08:00" endTime="2026-09-20T18:19:14.9833937+08:00" testType="13cdc9d9-ddb5-4fa4-a97d-d965ccfc6d4b" outcome="Passed" testListId="8c84fa94-04c1-424b-9868-57a2d4851a1d" relativeResultsDirectory="8884e487-d172-43ae-9972-3ca08868e456" />
    <UnitTestResult executionId="b8adb4e3-f89a-40cb-a613-4f87f3e67c3e" testId="17a13514-73b8-87b3-bb46-312f14883b73" testName="ProfessionalCalendar_ContainsRequiredRuntimeSurface (&quot;StatusToTextConverter&quot;)" computerName="PC-20250309WEIZ" duration="00:00:00.0001214" startTime="2026-09-20T18:19:14.9591837+08:00" endTime="2026-09-20T18:19:14.9593167+08:00" testType="13cdc9d9-ddb5-4fa4-a97d-d965ccfc6d4b" outcome="Passed" testListId="8c84fa94-04c1-424b-9868-57a2d4851a1d" relativeResultsDirectory="b8adb4e3-f89a-40cb-a613-4f87f3e67c3e" />
    <UnitTestResult executionId="91ae5bc3-4ee9-458c-8be4-e9701de601fb" testId="19b33efd-dcbc-8502-8c01-a21f7b564207" testName="ProfessionalCalendar_ContainsRequiredRuntimeSurface (&quot;已返图&quot;)" computerName="PC-20250309WEIZ" duration="00:00:00.0001285" startTime="2026-09-20T18:19:14.9563997+08:00" endTime="2026-09-20T18:19:14.9565407+08:00" testType="13cdc9d9-ddb5-4fa4-a97d-d965ccfc6d4b" outcome="Passed" testListId="8c84fa94-04c1-424b-9868-57a2d4851a1d" relativeResultsDirectory="91ae5bc3-4ee9-458c-8be4-e9701de601fb" />
    <UnitTestResult executionId="7636606c-7f2c-4a28-b8be-df448fc81b59" testId="14983fcb-e1a6-86f9-bfe3-623fadd5b8f3" testName="RuntimeDialogs_AreThemedAndNoDirectMessageBoxRemains" computerName="PC-20250309WEIZ" duration="00:00:00.1001337" startTime="2026-09-20T18:19:14.9985628+08:00" endTime="2026-09-20T18:19:15.0987373+08:00" testType="13cdc9d9-ddb5-4fa4-a97d-d965ccfc6d4b" outcome="Passed" testListId="8c84fa94-04c1-424b-9868-57a2d4851a1d" relativeResultsDirectory="7636606c-7f2c-4a28-b8be-df448fc81b59" />
    <UnitTestResult executionId="b3db1163-87d5-4e69-bb1e-6337a89051df" testId="1330ce45-97e6-8cb2-b161-4ec8fe9d54af" testName="TetherRuntime_ContainsCompactSafeUserFacingStates (&quot;不会递归扫描子文件夹&quot;)" computerName="PC-20250309WEIZ" duration="00:00:00.0004273" startTime="2026-09-20T18:19:14.9807474+08:00" endTime="2026-09-20T18:19:14.9811999+08:00" testType="13cdc9d9-ddb5-4fa4-a97d-d965ccfc6d4b" outcome="Passed" testListId="8c84fa94-04c1-424b-9868-57a2d4851a1d" relativeResultsDirectory="b3db1163-87d5-4e69-bb1e-6337a89051df" />
    <UnitTestResult executionId="e1bafd3b-4e18-48c3-b9e2-1094d5e553cc" testId="14179f42-5cb3-8ff2-830a-7da149ae9cb7" testName="FinancePage_ContainsRequiredLocalAccountingSurface (&quot;待收款&quot;)" computerName="PC-20250309WEIZ" duration="00:00:00.0001143" startTime="2026-09-20T18:19:14.9616691+08:00" endTime="2026-09-20T18:19:14.9617967+08:00" testType="13cdc9d9-ddb5-4fa4-a97d-d965ccfc6d4b" outcome="Passed" testListId="8c84fa94-04c1-424b-9868-57a2d4851a1d" relativeResultsDirectory="e1bafd3b-4e18-48c3-b9e2-1094d5e553cc" />
    <UnitTestResult executionId="e6d3759d-b436-499c-a79e-ad2559893859" testId="14912fbf-3f5d-8b3b-9741-7e0de9d78f19" testName="BookingEditor_ContainsFourStepPeopleAndMoneyWorkflow (&quot;到场时间&quot;)" computerName="PC-20250309WEIZ" duration="00:00:00.0001298" startTime="2026-09-20T18:19:14.9783027+08:00" endTime="2026-09-20T18:19:14.9784442+08:00" testType="13cdc9d9-ddb5-4fa4-a97d-d965ccfc6d4b" outcome="Passed" testListId="8c84fa94-04c1-424b-9868-57a2d4851a1d" relativeResultsDirectory="e6d3759d-b436-499c-a79e-ad2559893859" />
    <UnitTestResult executionId="2c747529-fb0a-44b5-acc8-5c19df4605f3" testId="1bd08a4c-78ab-8f91-98c7-634ec9c7e3c9" testName="DatePickerTheme_ContainsCompleteRuntimeTemplate (&quot;DatePickerTextBox&quot;)" computerName="PC-20250309WEIZ" duration="00:00:00.0002310" startTime="2026-09-20T18:19:14.9895430+08:00" endTime="2026-09-20T18:19:14.9898046+08:00" testType="13cdc9d9-ddb5-4fa4-a97d-d965ccfc6d4b" outcome="Passed" testListId="8c84fa94-04c1-424b-9868-57a2d4851a1d" relativeResultsDirectory="2c747529-fb0a-44b5-acc8-5c19df4605f3" />
    <UnitTestResult executionId="7150ca3c-d089-4689-b28e-ded61c80fb71" testId="101016c0-60b3-898f-bb87-00cee11c7ac5" testName="ReadOnlyRuntimeValues_AreNeverBoundBackToViewModels" computerName="PC-20250309WEIZ" duration="00:00:00.0004789" startTime="2026-09-20T18:19:15.1000025+08:00" endTime="2026-09-20T18:19:15.1005157+08:00" testType="13cdc9d9-ddb5-4fa4-a97d-d965ccfc6d4b" outcome="Passed" testListId="8c84fa94-04c1-424b-9868-57a2d4851a1d" relativeResultsDirectory="7150ca3c-d089-4689-b28e-ded61c80fb71" />
    <UnitTestResult executionId="3092a25a-2ccf-4721-a558-248854bcd145" testId="1b2f0c6b-0851-8e7c-90a5-bd49278ff3ca" testName="ProfessionalCalendar_ContainsRequiredRuntimeSurface (&quot;拍摄状态筛选&quot;)" computerName="PC-20250309WEIZ" duration="00:00:00.0001226" startTime="2026-09-20T18:19:14.9326190+08:00" endTime="2026-09-20T18:19:14.9327539+08:00" testType="13cdc9d9-ddb5-4fa4-a97d-d965ccfc6d4b" outcome="Passed" testListId="8c84fa94-04c1-424b-9868-57a2d4851a1d" relativeResultsDirectory="3092a25a-2ccf-4721-a558-248854bcd145" />
    <UnitTestResult executionId="32f9e645-001a-4f41-a8e5-b6c64f2acba1" testId="1cb9a3de-aec5-8fd9-832d-0216640f7dda" testName="Rc3ViewsRemainValidXaml" computerName="PC-20250309WEIZ" duration="00:00:00.0040777" startTime="2026-09-20T18:19:15.1005356+08:00" endTime="2026-09-20T18:19:15.1057162+08:00" testType="13cdc9d9-ddb5-4fa4-a97d-d965ccfc6d4b" outcome="Passed" testListId="8c84fa94-04c1-424b-9868-57a2d4851a1d" relativeResultsDirectory="32f9e645-001a-4f41-a8e5-b6c64f2acba1" />
    <UnitTestResult executionId="916d691c-2a0c-4c1a-a185-c713a48e5c57" testId="196925d5-0277-86a1-bdc7-a4ad257ddd98" testName="FinancePage_ContainsRequiredLocalAccountingSurface (&quot;项目预计利润&quot;)" computerName="PC-20250309WEIZ" duration="00:00:00.0001073" startTime="2026-09-20T18:19:14.9619332+08:00" endTime="2026-09-20T18:19:14.9620513+08:00" testType="13cdc9d9-ddb5-4fa4-a97d-d965ccfc6d4b" outcome="Passed" testListId="8c84fa94-04c1-424b-9868-57a2d4851a1d" relativeResultsDirectory="916d691c-2a0c-4c1a-a185-c713a48e5c57" />
    <UnitTestResult executionId="a62bcaab-096b-4bbc-846d-068972b243dc" testId="1bf33276-0964-8a30-bb6f-209fe01c6b1f" testName="ProfessionalCalendar_ContainsRequiredRuntimeSurface (&quot;可折叠状态图例&quot;)" computerName="PC-20250309WEIZ" duration="00:00:00.0003116" startTime="2026-09-20T18:19:14.9553172+08:00" endTime="2026-09-20T18:19:14.9556855+08:00" testType="13cdc9d9-ddb5-4fa4-a97d-d965ccfc6d4b" outcome="Passed" testListId="8c84fa94-04c1-424b-9868-57a2d4851a1d" relativeResultsDirectory="a62bcaab-096b-4bbc-846d-068972b243dc" />
    <UnitTestResult executionId="0f9d7e21-9c9f-48a1-9560-77e7c761ff97" testId="1239491c-cd79-8aad-ab12-c172c7ba2b43" testName="BookingStatusConverter_NeverExposesInternalEnum (Confirmed,&quot;已确认&quot;)" computerName="PC-20250309WEIZ" duration="00:00:00.0001755" startTime="2026-09-20T18:19:14.9964739+08:00" endTime="2026-09-20T18:19:14.9966932+08:00" testType="13cdc9d9-ddb5-4fa4-a97d-d965ccfc6d4b" outcome="Passed" testListId="8c84fa94-04c1-424b-9868-57a2d4851a1d" relativeResultsDirectory="0f9d7e21-9c9f-48a1-9560-77e7c761ff97" />
    <UnitTestResult executionId="1530cc49-5be3-40b4-a04d-a9e9971b0035" testId="15aa52ee-cad2-8e5f-aecd-d5fa675aeab3" testName="DatePickerTheme_ContainsCompleteRuntimeTemplate (&quot;AccentBrush&quot;)" computerName="PC-20250309WEIZ" duration="00:00:00.0002117" startTime="2026-09-20T18:19:14.9926113+08:00" endTime="2026-09-20T18:19:14.9928505+08:00" testType="13cdc9d9-ddb5-4fa4-a97d-d965ccfc6d4b" outcome="Passed" testListId="8c84fa94-04c1-424b-9868-57a2d4851a1d" relativeResultsDirectory="1530cc49-5be3-40b4-a04d-a9e9971b0035" />
    <UnitTestResult executionId="9af8f2ea-ed87-4787-8261-f3381bc5a797" testId="126ef575-c13e-8f43-b819-f6bde71d008e" testName="TetherRuntime_ContainsCompactSafeUserFacingStates (&quot;开始联机会话&quot;)" computerName="PC-20250309WEIZ" duration="00:00:00.0002982" startTime="2026-09-20T18:19:14.9859165+08:00" endTime="2026-09-20T18:19:14.9862436+08:00" testType="13cdc9d9-ddb5-4fa4-a97d-d965ccfc6d4b" outcome="Passed" testListId="8c84fa94-04c1-424b-9868-57a2d4851a1d" relativeResultsDirectory="9af8f2ea-ed87-4787-8261-f3381bc5a797" />
    <UnitTestResult executionId="1bf8e021-ed06-45b1-a73c-d53d8578c09e" testId="1afa5c91-647d-86aa-b943-6d670ba7bc87" testName="ProfessionalCalendar_ContainsRequiredRuntimeSurface (&quot;天气风险&quot;)" computerName="PC-20250309WEIZ" duration="00:00:00.0001168" startTime="2026-09-20T18:19:14.9566918+08:00" endTime="2026-09-20T18:19:14.9568206+08:00" testType="13cdc9d9-ddb5-4fa4-a97d-d965ccfc6d4b" outcome="Passed" testListId="8c84fa94-04c1-424b-9868-57a2d4851a1d" relativeResultsDirectory="1bf8e021-ed06-45b1-a73c-d53d8578c09e" />
    <UnitTestResult executionId="0fe90083-b90d-4674-95f2-88638c63c93c" testId="179cc94c-bffc-89c4-a863-ff1b0dc4e69b" testName="TetherRuntime_ContainsCompactSafeUserFacingStates (&quot;选择一张照片后才能进入全屏监看&quot;)" computerName="PC-20250309WEIZ" duration="00:00:00.0002302" startTime="2026-09-20T18:19:14.9844703+08:00" endTime="2026-09-20T18:19:14.9847150+08:00" testType="13cdc9d9-ddb5-4fa4-a97d-d965ccfc6d4b" outcome="Passed" testListId="8c84fa94-04c1-424b-9868-57a2d4851a1d" relativeResultsDirectory="0fe90083-b90d-4674-95f2-88638c63c93c" />
    <UnitTestResult executionId="325b1336-72e9-4427-8efc-15f2db3a6752" testId="1ae6612d-01c1-88c1-ab67-aedf934fd22e" testName="WorkCalendar_OwnsStatusConverterRequiredByDeferredBookingTemplates" computerName="PC-20250309WEIZ" duration="00:00:00.0003152" startTime="2026-09-20T18:19:14.9982166+08:00" endTime="2026-09-20T18:19:14.9985484+08:00" testType="13cdc9d9-ddb5-4fa4-a97d-d965ccfc6d4b" outcome="Passed" testListId="8c84fa94-04c1-424b-9868-57a2d4851a1d" relativeResultsDirectory="325b1336-72e9-4427-8efc-15f2db3a6752" />
    <UnitTestResult executionId="2102108f-bec5-4bdc-93db-a6cffdf18821" testId="19300ca9-8187-88a5-bcef-ff66ceec2fe4" testName="TetherRuntime_ContainsCompactSafeUserFacingStates (&quot;HasSelection&quot;)" computerName="PC-20250309WEIZ" duration="00:00:00.0002412" startTime="2026-09-20T18:19:14.9862577+08:00" endTime="2026-09-20T18:19:14.9865172+08:00" testType="13cdc9d9-ddb5-4fa4-a97d-d965ccfc6d4b" outcome="Passed" testListId="8c84fa94-04c1-424b-9868-57a2d4851a1d" relativeResultsDirectory="2102108f-bec5-4bdc-93db-a6cffdf18821" />
    <UnitTestResult executionId="f591a7c2-9e83-477d-aa18-e12015c5cfd1" testId="10922568-17c7-8651-98bc-812223747dcd" testName="BookingStatusConverter_NeverExposesInternalEnum (Retouched,&quot;已精修&quot;)" computerName="PC-20250309WEIZ" duration="00:00:00.0000009" startTime="2026-09-20T18:19:14.9974895+08:00" endTime="2026-09-20T18:19:14.9974975+08:00" testType="13cdc9d9-ddb5-4fa4-a97d-d965ccfc6d4b" outcome="Passed" testListId="8c84fa94-04c1-424b-9868-57a2d4851a1d" relativeResultsDirectory="f591a7c2-9e83-477d-aa18-e12015c5cfd1" />
    <UnitTestResult executionId="d95980f7-f7f5-481c-82a4-3810e6161b64" testId="11bc0d2b-0122-81f6-9cb4-e8eb6b410574" testName="DatePickerTheme_ContainsCompleteRuntimeTemplate (&quot;TextPrimaryBrush&quot;)" computerName="PC-20250309WEIZ" duration="00:00:00.0002303" startTime="2026-09-20T18:19:14.9923364+08:00" endTime="2026-09-20T18:19:14.9925940+08:00" testType="13cdc9d9-ddb5-4fa4-a97d-d965ccfc6d4b" outcome="Passed" testListId="8c84fa94-04c1-424b-9868-57a2d4851a1d" relativeResultsDirectory="d95980f7-f7f5-481c-82a4-3810e6161b64" />
    <UnitTestResult executionId="2f3d0dfe-17ae-4f8a-9b39-bf1843afb441" testId="1846342d-9c7a-8c32-a60f-d9f1170308dc" testName="BookingEditor_ContainsFourStepPeopleAndMoneyWorkflow (&quot;保存草稿&quot;)" computerName="PC-20250309WEIZ" duration="00:00:00.0001415" startTime="2026-09-20T18:19:14.9800270+08:00" endTime="2026-09-20T18:19:14.9801810+08:00" testType="13cdc9d9-ddb5-4fa4-a97d-d965ccfc6d4b" outcome="Passed" testListId="8c84fa94-04c1-424b-9868-57a2d4851a1d" relativeResultsDirectory="2f3d0dfe-17ae-4f8a-9b39-bf1843afb441" />
    <UnitTestResult executionId="0972fbde-ea61-44b4-8706-b22db3b563f1" testId="11ef56d3-d09b-8b90-b59a-12ba00135037" testName="BookingStatusConverter_NeverExposesInternalEnum (AwaitingSelectionDelivery,&quot;待发送选片&quot;)" computerName="PC-20250309WEIZ" duration="00:00:00.0000013" startTime="2026-09-20T18:19:14.9974379+08:00" endTime="2026-09-20T18:19:14.9974463+08:00" testType="13cdc9d9-ddb5-4fa4-a97d-d965ccfc6d4b" outcome="Passed" testListId="8c84fa94-04c1-424b-9868-57a2d4851a1d" relativeResultsDirectory="0972fbde-ea61-44b4-8706-b22db3b563f1" />
    <UnitTestResult executionId="823f4ade-a3bc-4618-9e1a-b9cc1d9d391e" testId="1853614a-eeb5-82a9-bfe1-7eccf26e11f8" testName="DatePickerTheme_ContainsCompleteRuntimeTemplate (&quot;CalendarItem&quot;)" computerName="PC-20250309WEIZ" duration="00:00:00.0004530" startTime="2026-09-20T18:19:14.9887302+08:00" endTime="2026-09-20T18:19:14.9892262+08:00" testType="13cdc9d9-ddb5-4fa4-a97d-d965ccfc6d4b" outcome="Passed" testListId="8c84fa94-04c1-424b-9868-57a2d4851a1d" relativeResultsDirectory="823f4ade-a3bc-4618-9e1a-b9cc1d9d391e" />
    <UnitTestResult executionId="9c108b1c-254e-4988-9acc-e6e21e4ff47b" testId="1a4ff90b-cc92-806e-97ec-60093cc9f97e" testName="ProfessionalCalendar_ContainsRequiredRuntimeSurface (&quot;待精修 / 已精修 / 待交付&quot;)" computerName="PC-20250309WEIZ" duration="00:00:00.0001267" startTime="2026-09-20T18:19:14.9562519+08:00" endTime="2026-09-20T18:19:14.9563914+08:00" testType="13cdc9d9-ddb5-4fa4-a97d-d965ccfc6d4b" outcome="Passed" testListId="8c84fa94-04c1-424b-9868-57a2d4851a1d" relativeResultsDirectory="9c108b1c-254e-4988-9acc-e6e21e4ff47b" />
    <UnitTestResult executionId="c246276c-1ea4-4cb5-bada-26a3f78fab0d" testId="1060411b-93e9-86e0-a942-92349ffec179" testName="DatePickerTheme_ContainsCompleteRuntimeTemplate (&quot;CalendarButton&quot;)" computerName="PC-20250309WEIZ" duration="00:00:00.0002402" startTime="2026-09-20T18:19:14.9900909+08:00" endTime="2026-09-20T18:19:14.9903592+08:00" testType="13cdc9d9-ddb5-4fa4-a97d-d965ccfc6d4b" outcome="Passed" testListId="8c84fa94-04c1-424b-9868-57a2d4851a1d" relativeResultsDirectory="c246276c-1ea4-4cb5-bada-26a3f78fab0d" />
    <UnitTestResult executionId="08b54eb5-14e4-4e57-9f36-325dd40b2341" testId="1003d560-54a5-86a5-90e3-4fb37ca17607" testName="BookingEditor_ContainsFourStepPeopleAndMoneyWorkflow (&quot;客户或模特姓名/代号&quot;)" computerName="PC-20250309WEIZ" duration="00:00:00.0001235" startTime="2026-09-20T18:19:14.9764254+08:00" endTime="2026-09-20T18:19:14.9765611+08:00" testType="13cdc9d9-ddb5-4fa4-a97d-d965ccfc6d4b" outcome="Passed" testListId="8c84fa94-04c1-424b-9868-57a2d4851a1d" relativeResultsDirectory="08b54eb5-14e4-4e57-9f36-325dd40b2341" />
    <UnitTestResult executionId="03a7d0e3-afee-4ff4-bdd3-42dc43995e12" testId="1b3e8c01-215f-8d25-9c99-ffc8a349b494" testName="BookingEditor_ContainsFourStepPeopleAndMoneyWorkflow (&quot;保存排期&quot;)" computerName="PC-20250309WEIZ" duration="00:00:00.0001333" startTime="2026-09-20T18:19:14.9801891+08:00" endTime="2026-09-20T18:19:14.9803341+08:00" testType="13cdc9d9-ddb5-4fa4-a97d-d965ccfc6d4b" outcome="Passed" testListId="8c84fa94-04c1-424b-9868-57a2d4851a1d" relativeResultsDirectory="03a7d0e3-afee-4ff4-bdd3-42dc43995e12" />
    <UnitTestResult executionId="e77e36b5-1801-4cb6-9c92-6d75399780b2" testId="113c3c9e-4ef3-886c-8a7a-88eacbd2be35" testName="ComboBoxTheme_PreservesDisplayMemberPathAtRuntime" computerName="PC-20250309WEIZ" duration="00:00:00.0003787" startTime="2026-09-20T18:19:14.9931121+08:00" endTime="2026-09-20T18:19:14.9953111+08:00" testType="13cdc9d9-ddb5-4fa4-a97d-d965ccfc6d4b" outcome="Passed" testListId="8c84fa94-04c1-424b-9868-57a2d4851a1d" relativeResultsDirectory="e77e36b5-1801-4cb6-9c92-6d75399780b2" />
    <UnitTestResult executionId="a1b7baae-3b89-4f4b-8ab3-dcf84486d8a8" testId="10f023d4-37a8-801f-a486-90b6757f26b5" testName="FinancePage_ContainsRequiredLocalAccountingSurface (&quot;＋ 支出&quot;)" computerName="PC-20250309WEIZ" duration="00:00:00.0001316" startTime="2026-09-20T18:19:14.9609735+08:00" endTime="2026-09-20T18:19:14.9611225+08:00" testType="13cdc9d9-ddb5-4fa4-a97d-d965ccfc6d4b" outcome="Passed" testListId="8c84fa94-04c1-424b-9868-57a2d4851a1d" relativeResultsDirectory="a1b7baae-3b89-4f4b-8ab3-dcf84486d8a8" />
    <UnitTestResult executionId="fdabc171-6015-4c1f-9951-b08a604882e2" testId="1ec6d8eb-4d19-8bfc-892a-e737b2a3406c" testName="BookingEditor_ContainsFourStepPeopleAndMoneyWorkflow (&quot;下移工作人员&quot;)" computerName="PC-20250309WEIZ" duration="00:00:00.0001224" startTime="2026-09-20T18:19:14.9787464+08:00" endTime="2026-09-20T18:19:14.9788802+08:00" testType="13cdc9d9-ddb5-4fa4-a97d-d965ccfc6d4b" outcome="Passed" testListId="8c84fa94-04c1-424b-9868-57a2d4851a1d" relativeResultsDirectory="fdabc171-6015-4c1f-9951-b08a604882e2" />
    <UnitTestResult executionId="f809d571-817c-4183-8483-65a562cb9f52" testId="1fd95d04-9a95-8d7f-a4c2-a8b4bce648d2" testName="FinancePage_ContainsRequiredLocalAccountingSurface (&quot;导出 CSV&quot;)" computerName="PC-20250309WEIZ" duration="00:00:00.0001180" startTime="2026-09-20T18:19:14.9611324+08:00" endTime="2026-09-20T18:19:14.9612642+08:00" testType="13cdc9d9-ddb5-4fa4-a97d-d965ccfc6d4b" outcome="Passed" testListId="8c84fa94-04c1-424b-9868-57a2d4851a1d" relativeResultsDirectory="f809d571-817c-4183-8483-65a562cb9f52" />
    <UnitTestResult executionId="4cc490b4-d725-4f92-bebe-bd8181c2ecf2" testId="16bf0bbb-1b76-83a1-80b7-f0a63555e8b0" testName="FinancePage_ContainsRequiredLocalAccountingSurface (&quot;摄影收支&quot;)" computerName="PC-20250309WEIZ" duration="00:00:00.0002659" startTime="2026-09-20T18:19:14.9594607+08:00" endTime="2026-09-20T18:19:14.9597437+08:00" testType="13cdc9d9-ddb5-4fa4-a97d-d965ccfc6d4b" outcome="Passed" testListId="8c84fa94-04c1-424b-9868-57a2d4851a1d" relativeResultsDirectory="4cc490b4-d725-4f92-bebe-bd8181c2ecf2" />
    <UnitTestResult executionId="d172081b-fcb0-4a14-aaf5-5ab92f567d3d" testId="1f3acd60-d141-8322-b972-759a8a314758" testName="DocumentPanel_ContainsSafePreviewAndRecoverySurface (&quot;VerticalScrollBarVisibility=&quot;Auto&quot;&quot;)" computerName="PC-20250309WEIZ" duration="00:00:00.0001389" startTime="2026-09-20T18:19:14.9752388+08:00" endTime="2026-09-20T18:19:14.9753987+08:00" testType="13cdc9d9-ddb5-4fa4-a97d-d965ccfc6d4b" outcome="Passed" testListId="8c84fa94-04c1-424b-9868-57a2d4851a1d" relativeResultsDirectory="d172081b-fcb0-4a14-aaf5-5ab92f567d3d" />
    <UnitTestResult executionId="8427e5ad-7cb0-4e7b-8e32-334e8f80ac2f" testId="1d98ae3d-f904-880a-a69d-0223fb92f87e" testName="ProfessionalCalendar_ContainsRequiredRuntimeSurface (&quot;DaySchedulePanel&quot;)" computerName="PC-20250309WEIZ" duration="00:00:00.0001180" startTime="2026-09-20T18:19:14.9593241+08:00" endTime="2026-09-20T18:19:14.9594538+08:00" testType="13cdc9d9-ddb5-4fa4-a97d-d965ccfc6d4b" outcome="Passed" testListId="8c84fa94-04c1-424b-9868-57a2d4851a1d" relativeResultsDirectory="8427e5ad-7cb0-4e7b-8e32-334e8f80ac2f" />
    <UnitTestResult executionId="ab32cc1b-771a-43c1-a03f-4456394ef0b2" testId="182e19a5-2d8c-87f9-b18a-c9191254d43e" testName="DocumentPanel_ContainsSafePreviewAndRecoverySurface (&quot;保留文件但放弃关联&quot;)" computerName="PC-20250309WEIZ" duration="00:00:00.0001041" startTime="2026-09-20T18:19:14.9745127+08:00" endTime="2026-09-20T18:19:14.9746276+08:00" testType="13cdc9d9-ddb5-4fa4-a97d-d965ccfc6d4b" outcome="Passed" testListId="8c84fa94-04c1-424b-9868-57a2d4851a1d" relativeResultsDirectory="ab32cc1b-771a-43c1-a03f-4456394ef0b2" />
    <UnitTestResult executionId="373d4e7c-209e-47fd-a62d-8cd105a74dff" testId="1765b7e6-9ab5-833d-91db-e8d9a5f9d8cb" testName="BookingStatusConverter_NeverExposesInternalEnum (Selected,&quot;已选片&quot;)" computerName="PC-20250309WEIZ" duration="00:00:00.0000012" startTime="2026-09-20T18:19:14.9974643+08:00" endTime="2026-09-20T18:19:14.9974723+08:00" testType="13cdc9d9-ddb5-4fa4-a97d-d965ccfc6d4b" outcome="Passed" testListId="8c84fa94-04c1-424b-9868-57a2d4851a1d" relativeResultsDirectory="373d4e7c-209e-47fd-a62d-8cd105a74dff" />
    <UnitTestResult executionId="b7338d90-814f-4f85-b2b2-b6fb6f34ee0c" testId="1b19977a-7f10-8481-b1b6-8db76baef6e0" testName="TetherRuntime_ContainsCompactSafeUserFacingStates (&quot;自动最新&quot;)" computerName="PC-20250309WEIZ" duration="00:00:00.0003638" startTime="2026-09-20T18:19:14.9826855+08:00" endTime="2026-09-20T18:19:14.9830807+08:00" testType="13cdc9d9-ddb5-4fa4-a97d-d965ccfc6d4b" outcome="Passed" testListId="8c84fa94-04c1-424b-9868-57a2d4851a1d" relativeResultsDirectory="b7338d90-814f-4f85-b2b2-b6fb6f34ee0c" />
    <UnitTestResult executionId="f061e78e-cb66-44f8-a376-edfa2858361c" testId="1c3a31cb-2ed0-889c-bdbf-69ed2ae5d40d" testName="DocumentPanel_ContainsSafePreviewAndRecoverySurface (&quot;预览&quot;)" computerName="PC-20250309WEIZ" duration="00:00:00.0001222" startTime="2026-09-20T18:19:14.9720264+08:00" endTime="2026-09-20T18:19:14.9721603+08:00" testType="13cdc9d9-ddb5-4fa4-a97d-d965ccfc6d4b" outcome="Passed" testListId="8c84fa94-04c1-424b-9868-57a2d4851a1d" relativeResultsDirectory="f061e78e-cb66-44f8-a376-edfa2858361c" />
  </Results>
  <TestDefinitions>
    <UnitTest name="DocumentPanel_ContainsSafePreviewAndRecoverySurface (&quot;搜索文本预览&quot;)" storage="d:\ai agent\worktrees\pixel-tart-developer-preview-rc6\tests\rawselectionassistant.wpftests\bin\x64\release\net10.0-windows10.0.19041.0\rawselectionassistant.wpftests.dll" id="1e74e651-12f6-8c2f-b866-56a32e5117e7">
      <Execution id="24ba84ac-62d6-44da-a6e6-e24e9f0685cc" />
      <TestMethod codeBase="D:\AI AGENT\worktrees\pixel-tart-developer-preview-rc6\tests\RAWSelectionAssistant.WpfTests\bin\x64\Release\net10.0-windows10.0.19041.0\RAWSelectionAssistant.WpfTests.dll" adapterTypeName="executor://mstestadapter/v4" className="RAWSelectionAssistant.WpfTests.Version230Rc3RuntimeUiTests" name="DocumentPanel_ContainsSafePreviewAndRecoverySurface" />
    </UnitTest>
    <UnitTest name="DocumentPanel_ContainsSafePreviewAndRecoverySurface (&quot;安全撤销本次复制&quot;)" storage="d:\ai agent\worktrees\pixel-tart-developer-preview-rc6\tests\rawselectionassistant.wpftests\bin\x64\release\net10.0-windows10.0.19041.0\rawselectionassistant.wpftests.dll" id="10ea9a59-17ae-8087-b463-768ee17aea75">
      <Execution id="49415cd1-e517-440e-8c86-f2a1782685fa" />
      <TestMethod codeBase="D:\AI AGENT\worktrees\pixel-tart-developer-preview-rc6\tests\RAWSelectionAssistant.WpfTests\bin\x64\Release\net10.0-windows10.0.19041.0\RAWSelectionAssistant.WpfTests.dll" adapterTypeName="executor://mstestadapter/v4" className="RAWSelectionAssistant.WpfTests.Version230Rc3RuntimeUiTests" name="DocumentPanel_ContainsSafePreviewAndRecoverySurface" />
    </UnitTest>
    <UnitTest name="DocumentPanel_ContainsSafePreviewAndRecoverySurface (&quot;默认仅关联原位置&quot;)" storage="d:\ai agent\worktrees\pixel-tart-developer-preview-rc6\tests\rawselectionassistant.wpftests\bin\x64\release\net10.0-windows10.0.19041.0\rawselectionassistant.wpftests.dll" id="1da9914d-b9a8-806b-8be4-50a5ecfc5360">
      <Execution id="a8b3cd3e-58cd-48ba-ad93-30aa08d11435" />
      <TestMethod codeBase="D:\AI AGENT\worktrees\pixel-tart-developer-preview-rc6\tests\RAWSelectionAssistant.WpfTests\bin\x64\Release\net10.0-windows10.0.19041.0\RAWSelectionAssistant.WpfTests.dll" adapterTypeName="executor://mstestadapter/v4" className="RAWSelectionAssistant.WpfTests.Version230Rc3RuntimeUiTests" name="DocumentPanel_ContainsSafePreviewAndRecoverySurface" />
    </UnitTest>
    <UnitTest name="BookingEditor_ContainsFourStepPeopleAndMoneyWorkflow (&quot;上移工作人员&quot;)" storage="d:\ai agent\worktrees\pixel-tart-developer-preview-rc6\tests\rawselectionassistant.wpftests\bin\x64\release\net10.0-windows10.0.19041.0\rawselectionassistant.wpftests.dll" id="1822aac1-8fde-8cf4-9ab2-a6f298f82dc2">
      <Execution id="2d972f96-f4f0-4197-ad6a-f43a55eea913" />
[...]
    <TestEntry testId="160ca6d1-6430-85bc-8abf-12112400a350" executionId="e22af95b-6613-4815-b7ee-8252378a3314" testListId="8c84fa94-04c1-424b-9868-57a2d4851a1d" />
    <TestEntry testId="168e9478-b0c4-8a51-9bf2-0d31d6d5c252" executionId="006ab677-8d27-4ffb-947f-647049e96fc1" testListId="8c84fa94-04c1-424b-9868-57a2d4851a1d" />
    <TestEntry testId="1e9a4bf3-e598-8144-abde-a493bb6c58bc" executionId="ad8f74c5-3eeb-4937-8536-357c9c868a22" testListId="8c84fa94-04c1-424b-9868-57a2d4851a1d" />
    <TestEntry testId="1fb1b8d2-dbb8-8528-a269-97e5e8b4f886" executionId="46bea3ba-a768-4ef6-bc1f-d6d4b781abc1" testListId="8c84fa94-04c1-424b-9868-57a2d4851a1d" />
    <TestEntry testId="15d10512-05ba-80df-9431-1a5589c6c66d" executionId="e1f24f97-e5c3-4f62-9ef3-434cebad526a" testListId="8c84fa94-04c1-424b-9868-57a2d4851a1d" />
    <TestEntry testId="1a0dc0e5-aac0-8e44-afe0-b5ff8ca8bb6a" executionId="933ab607-7e98-4531-ae17-3f24ce0eb785" testListId="8c84fa94-04c1-424b-9868-57a2d4851a1d" />
    <TestEntry testId="1ef3e4ea-d3ba-84d1-a875-932587e56a5d" executionId="c3f13142-3924-4f7e-90f1-40439b2814d2" testListId="8c84fa94-04c1-424b-9868-57a2d4851a1d" />
    <TestEntry testId="15e45184-b876-865b-8ec3-872ee2ae4a01" executionId="9258fd49-18ce-4271-8c96-bc7612371587" testListId="8c84fa94-04c1-424b-9868-57a2d4851a1d" />
    <TestEntry testId="186a3d1c-0dfe-896c-8270-e20802ff1929" executionId="2c700fce-4472-4aad-b4f9-9d1e1d98c3d9" testListId="8c84fa94-04c1-424b-9868-57a2d4851a1d" />
    <TestEntry testId="13c34912-2331-8099-af6e-2bc6bf3a9e8f" executionId="5fae8604-d01c-4d71-9556-2e2a5118536a" testListId="8c84fa94-04c1-424b-9868-57a2d4851a1d" />
    <TestEntry testId="10524b9f-14d6-8a7f-ae22-287136d59a17" executionId="725e67cc-4995-4dd4-82e8-ba506f961b29" testListId="8c84fa94-04c1-424b-9868-57a2d4851a1d" />
    <TestEntry testId="17da440a-20cd-8380-b6fb-a65801c16640" executionId="c30afd18-18b5-4c4c-a285-5d018b1058fd" testListId="8c84fa94-04c1-424b-9868-57a2d4851a1d" />
    <TestEntry testId="118322a9-924f-872e-8da4-aad03bca2e5f" executionId="0111f614-398c-456d-8962-b2eed4e4cb29" testListId="8c84fa94-04c1-424b-9868-57a2d4851a1d" />
    <TestEntry testId="1dc815c7-dcd6-8097-b6dc-c40d359a3ace" executionId="73e276c9-2199-48c4-8d80-43d4ca8010e5" testListId="8c84fa94-04c1-424b-9868-57a2d4851a1d" />
    <TestEntry testId="1a78db0b-f754-8ff7-95c3-009f79c5fce0" executionId="1e2e5c51-456f-4202-adac-84d19591baea" testListId="8c84fa94-04c1-424b-9868-57a2d4851a1d" />
    <TestEntry testId="124cca3d-2d2a-8165-8079-ccc5ec310ea5" executionId="51dfed27-2f0d-4d5f-8f66-28d2f3c52cba" testListId="8c84fa94-04c1-424b-9868-57a2d4851a1d" />
    <TestEntry testId="1b6fc969-4d74-8562-9f88-c9b27c192bd6" executionId="4ff4c886-1f02-4c4d-b1a2-9add7c873177" testListId="8c84fa94-04c1-424b-9868-57a2d4851a1d" />
    <TestEntry testId="1b85fd7c-652e-8614-92f2-a05fc4bd7b17" executionId="dd4cc55b-2889-48d9-89db-002da802e6c2" testListId="8c84fa94-04c1-424b-9868-57a2d4851a1d" />
    <TestEntry testId="141e235f-7cb0-8e6f-8e86-fe9e2a747272" executionId="25330dc6-8131-4892-a2c6-fbc5d113a192" testListId="8c84fa94-04c1-424b-9868-57a2d4851a1d" />
    <TestEntry testId="1215d5d0-fa4c-8524-9770-6afd881d617e" executionId="933cde85-226e-43fe-9cf9-761d8a3439a1" testListId="8c84fa94-04c1-424b-9868-57a2d4851a1d" />
    <TestEntry testId="162f6491-f7ef-815b-aba9-d7b5832fa372" executionId="c95f0f34-fbf3-4235-bc63-5cbd926aaf86" testListId="8c84fa94-04c1-424b-9868-57a2d4851a1d" />
    <TestEntry testId="17badd18-f21e-8dca-b9f1-229ee3c2a0ce" executionId="7a6724d9-ce77-4caf-b508-1244653f0e0c" testListId="8c84fa94-04c1-424b-9868-57a2d4851a1d" />
    <TestEntry testId="12e1f79c-6f01-845c-bd40-c806971e3260" executionId="80a8a4ab-7ade-42b7-9c00-3d2ba7cbcdd7" testListId="8c84fa94-04c1-424b-9868-57a2d4851a1d" />
    <TestEntry testId="1b0b7ae9-1d7b-8673-b18a-30e13fd63cf8" executionId="87da21ff-c517-45fc-b156-aa82cecda639" testListId="8c84fa94-04c1-424b-9868-57a2d4851a1d" />
    <TestEntry testId="1d76a298-3877-8264-9549-7aa1c70b8ecf" executionId="a797a309-047d-45b2-9201-b1c426bcafd6" testListId="8c84fa94-04c1-424b-9868-57a2d4851a1d" />
    <TestEntry testId="1e5d3c30-9607-8293-b808-9946da828144" executionId="6678591e-8cd5-4b60-92d3-ec75ca872402" testListId="8c84fa94-04c1-424b-9868-57a2d4851a1d" />
    <TestEntry testId="1e7c898a-ee18-8445-99d0-8837d07d95ef" executionId="d98b18ff-4a28-4ac6-931d-bf65a2e9d234" testListId="8c84fa94-04c1-424b-9868-57a2d4851a1d" />
    <TestEntry testId="1ffccabf-7e4c-86ba-9422-8e374e95f99b" executionId="6d33ca3b-1b04-426c-8720-75ce89714ce5" testListId="8c84fa94-04c1-424b-9868-57a2d4851a1d" />
    <TestEntry testId="138de03f-d57e-8a15-9633-edb24c420990" executionId="31ba86b4-f51b-42ea-999c-e543d969803f" testListId="8c84fa94-04c1-424b-9868-57a2d4851a1d" />
    <TestEntry testId="1ddc3131-73fa-85ca-944d-a97564a5b4eb" executionId="e74b5f49-d79b-4fe4-9542-5e0fb61b79ff" testListId="8c84fa94-04c1-424b-9868-57a2d4851a1d" />
    <TestEntry testId="10282f99-98d7-8cbb-b849-7bd614cb1bda" executionId="dfcffe3f-3935-4280-865a-2ca99ec180e2" testListId="8c84fa94-04c1-424b-9868-57a2d4851a1d" />
    <TestEntry testId="137038f9-c1c4-8da5-98bb-209d2f718d7d" executionId="3d251a19-1969-4553-856e-8c00dc552a46" testListId="8c84fa94-04c1-424b-9868-57a2d4851a1d" />
    <TestEntry testId="172d50d1-3eeb-8b2e-b0ae-e2b243160e83" executionId="14b75e2d-cbc0-44b4-9c5a-b7024f72476c" testListId="8c84fa94-04c1-424b-9868-57a2d4851a1d" />
    <TestEntry testId="19d92c75-600b-8828-9ee2-bf4bb2fde313" executionId="a623cafa-a8ad-4446-8b8e-84ffa95267ed" testListId="8c84fa94-04c1-424b-9868-57a2d4851a1d" />
    <TestEntry testId="1c0965fc-845a-875d-86df-d49cdd115805" executionId="6724e79d-2054-4101-a93b-fd010f9286d3" testListId="8c84fa94-04c1-424b-9868-57a2d4851a1d" />
    <TestEntry testId="1e4174d1-8fbe-8949-9594-d91bdf10bdc3" executionId="e992e06a-9cac-4658-9ab7-6f0d029c7752" testListId="8c84fa94-04c1-424b-9868-57a2d4851a1d" />
    <TestEntry testId="1da9914d-b9a8-806b-8be4-50a5ecfc5360" executionId="a8b3cd3e-58cd-48ba-ad93-30aa08d11435" testListId="8c84fa94-04c1-424b-9868-57a2d4851a1d" />
    <TestEntry testId="1c9b347e-f778-8519-9633-9809b09bece7" executionId="618388f0-297f-4224-a810-e4c8c2224d17" testListId="8c84fa94-04c1-424b-9868-57a2d4851a1d" />
    <TestEntry testId="119ed998-0f31-8094-85ac-484f2eb2bb8c" executionId="f103ef0c-757d-42b5-a21c-60d789d03a24" testListId="8c84fa94-04c1-424b-9868-57a2d4851a1d" />
    <TestEntry testId="158a26fc-f007-8768-96f7-2bed5fb53f65" executionId="5a2b44ac-9646-4f79-864a-570aeb622786" testListId="8c84fa94-04c1-424b-9868-57a2d4851a1d" />
    <TestEntry testId="18ae6b8b-bad6-8e12-acc8-4ad78b44dc45" executionId="1462cb7c-d2c1-49d0-b506-144b5f48a5e0" testListId="8c84fa94-04c1-424b-9868-57a2d4851a1d" />
    <TestEntry testId="1665344b-66ab-8094-b6c0-7f94a8673b24" executionId="8936c761-4cff-40a9-8f72-bd9d04dbafaf" testListId="8c84fa94-04c1-424b-9868-57a2d4851a1d" />
    <TestEntry testId="18a1284c-3ed4-8ddf-8d45-b679ed23bec0" executionId="93dcfef4-178f-4bc2-90d8-2143baaf3499" testListId="8c84fa94-04c1-424b-9868-57a2d4851a1d" />
    <TestEntry testId="1500982a-e1af-813f-b8d7-c03c061555f7" executionId="0c84fb51-37cf-41ba-9b5a-d7fc1f04b86c" testListId="8c84fa94-04c1-424b-9868-57a2d4851a1d" />
    <TestEntry testId="10ebcdbe-2aeb-89a4-bb50-73c9257d02c3" executionId="3042a29f-3a3b-4ee5-ba36-31a546012f27" testListId="8c84fa94-04c1-424b-9868-57a2d4851a1d" />
    <TestEntry testId="1d831bdd-8acd-8337-a4e0-b8ec709663c2" executionId="f572b1b4-d00f-469c-8bab-c1c9ff1b64ce" testListId="8c84fa94-04c1-424b-9868-57a2d4851a1d" />
    <TestEntry testId="14521223-ae2f-850c-8346-8781e77d5bbc" executionId="a645f8ca-f913-445b-b8e0-257d6c0e2a11" testListId="8c84fa94-04c1-424b-9868-57a2d4851a1d" />
    <TestEntry testId="1e7a1fd3-e770-85c3-9548-fedfd23a61e8" executionId="19beeff8-2aec-4c9a-a61a-2fd8f758c936" testListId="8c84fa94-04c1-424b-9868-57a2d4851a1d" />
    <TestEntry testId="17880235-4053-8d5f-aef1-8c020276d20b" executionId="be32bd64-4b58-4a1d-bac2-10b801ba36b5" testListId="8c84fa94-04c1-424b-9868-57a2d4851a1d" />
    <TestEntry testId="1c344ba1-1191-8da8-a4b6-2c683ce35c85" executionId="c2a2cc59-0da0-443d-992d-5d020c642ccd" testListId="8c84fa94-04c1-424b-9868-57a2d4851a1d" />
    <TestEntry testId="1ad5f21c-c1b2-8f5b-93fd-c6445a3465f5" executionId="adb91e6d-c82f-4ef0-b3e3-efa2795c5167" testListId="8c84fa94-04c1-424b-9868-57a2d4851a1d" />
    <TestEntry testId="1129dbe5-6a81-8dbd-b767-5d4d3d548258" executionId="63af0ae0-fc9e-4ff4-aa36-8eb92d4542cb" testListId="8c84fa94-04c1-424b-9868-57a2d4851a1d" />
    <TestEntry testId="13ae71cc-d419-80a1-8b30-5b41cd379112" executionId="eaea2652-6dc3-4201-a18d-c0ad7baf3746" testListId="8c84fa94-04c1-424b-9868-57a2d4851a1d" />
    <TestEntry testId="140ed612-ec18-8d6b-88c1-df5ad9cae25a" executionId="6ca1e66a-cecd-4089-acc3-95f617e32bd0" testListId="8c84fa94-04c1-424b-9868-57a2d4851a1d" />
    <TestEntry testId="12aacee0-464c-8c7f-924d-896ab941c0bf" executionId="72953d91-404e-4b1e-a7c8-1e2caf3938b3" testListId="8c84fa94-04c1-424b-9868-57a2d4851a1d" />
    <TestEntry testId="1f1137b7-c122-8b9a-a4e8-303884cce586" executionId="6710acc8-0830-4dd7-81fe-2b6e6d3cb5b6" testListId="8c84fa94-04c1-424b-9868-57a2d4851a1d" />
    <TestEntry testId="1b089586-d2b1-86d6-b4c3-193383e6a95d" executionId="a1c09540-6560-4c51-ab99-2765e968f1d7" testListId="8c84fa94-04c1-424b-9868-57a2d4851a1d" />
    <TestEntry testId="1a822701-0c2d-8a56-9858-6551df210642" executionId="857aafd5-7a27-4714-aac0-b6260c12fb9e" testListId="8c84fa94-04c1-424b-9868-57a2d4851a1d" />
    <TestEntry testId="19ccb508-d564-8207-8a91-485916f02a49" executionId="e12eaeda-9c1d-4808-b50e-44239fa2d536" testListId="8c84fa94-04c1-424b-9868-57a2d4851a1d" />
    <TestEntry testId="18594e35-250e-8d75-a1ef-1aaf40724fee" executionId="c29a4f86-c29a-4cf5-bc7a-68391ee9c7fc" testListId="8c84fa94-04c1-424b-9868-57a2d4851a1d" />
    <TestEntry testId="18271e97-17f1-80ac-a696-6a145b02ff3d" executionId="bab9f2fb-b2b8-4f67-9ced-8bd2487811f2" testListId="8c84fa94-04c1-424b-9868-57a2d4851a1d" />
    <TestEntry testId="151d1374-53a9-88bc-b89d-31a37fbea5d9" executionId="0d4b8026-5bf3-480f-8298-66a40887cab6" testListId="8c84fa94-04c1-424b-9868-57a2d4851a1d" />
    <TestEntry testId="18686cf6-b955-8b60-8124-45d712763b32" executionId="e01c2f0e-c657-4aea-b551-098991554de1" testListId="8c84fa94-04c1-424b-9868-57a2d4851a1d" />
    <TestEntry testId="187e5aa2-f483-8de4-9617-91906ab2f676" executionId="c7baf699-d095-432f-bac3-12773317a4c4" testListId="8c84fa94-04c1-424b-9868-57a2d4851a1d" />
    <TestEntry testId="1f3075cb-f887-804f-ad53-24ac9eebdc38" executionId="a788a6a6-8b62-43e5-ac15-5a5a2878968f" testListId="8c84fa94-04c1-424b-9868-57a2d4851a1d" />
    <TestEntry testId="10e5cee6-c150-8d32-bcf3-b7cb3666c83d" executionId="6f72facc-bd67-4a48-ad2d-261dd4239a1a" testListId="8c84fa94-04c1-424b-9868-57a2d4851a1d" />
    <TestEntry testId="109d684d-7f34-8cb1-93ee-9768b1178c02" executionId="95e0649f-d92e-4cec-bce3-2d7832876d93" testListId="8c84fa94-04c1-424b-9868-57a2d4851a1d" />
    <TestEntry testId="1f4adcf9-6ecf-8034-bdc6-9487eaa61cd9" executionId="4b3e7882-5a45-43e8-bff0-38401bc619b4" testListId="8c84fa94-04c1-424b-9868-57a2d4851a1d" />
    <TestEntry testId="102da513-6a82-8167-b5bf-b31b38e35942" executionId="5d63a92c-c412-43ce-bd97-f442d2f91750" testListId="8c84fa94-04c1-424b-9868-57a2d4851a1d" />
    <TestEntry testId="1212f696-620c-847b-8781-de285e420115" executionId="7365a540-dab3-4542-81de-e43ce49c1b78" testListId="8c84fa94-04c1-424b-9868-57a2d4851a1d" />
    <TestEntry testId="1fa79bcf-d324-8f3d-82cd-bf9cf5323f8e" executionId="3afe88e0-0e1b-4f15-ad50-94a1bb3904aa" testListId="8c84fa94-04c1-424b-9868-57a2d4851a1d" />
    <TestEntry testId="1349a802-289c-8247-95b0-50c8ab6283a0" executionId="da33d2c4-e6ba-4195-b50f-eb371fb4a55a" testListId="8c84fa94-04c1-424b-9868-57a2d4851a1d" />
    <TestEntry testId="1720d838-742f-80ce-b822-bd5c4d287505" executionId="44331c9e-e260-462e-9352-f86d28bc45d3" testListId="8c84fa94-04c1-424b-9868-57a2d4851a1d" />
    <TestEntry testId="13a8cf63-a1bc-8275-b843-916a43e227b2" executionId="f9e632cc-6604-4f33-a2e2-704b8911530a" testListId="8c84fa94-04c1-424b-9868-57a2d4851a1d" />
    <TestEntry testId="12fb38e0-0223-8868-bfcf-252de554b6dd" executionId="dcf72456-14ed-4630-af69-9a93a73d4c3a" testListId="8c84fa94-04c1-424b-9868-57a2d4851a1d" />
    <TestEntry testId="1fec8e9d-4c09-8699-b685-7a6b7390d624" executionId="d4ecf031-071a-42c0-b896-1ebe9d0cc19f" testListId="8c84fa94-04c1-424b-9868-57a2d4851a1d" />
    <TestEntry testId="1970a630-173c-873d-9ee5-c75e25fa2159" executionId="bfe89072-6ce0-4707-9a8c-011a81381b1b" testListId="8c84fa94-04c1-424b-9868-57a2d4851a1d" />
    <TestEntry testId="103d3dc3-408e-8849-ab67-cbd4889f99ba" executionId="bff34f3e-d596-4fe3-a681-6ecd208252bd" testListId="8c84fa94-04c1-424b-9868-57a2d4851a1d" />
    <TestEntry testId="103a47d5-75cf-8d36-b771-0f270140551e" executionId="8884e487-d172-43ae-9972-3ca08868e456" testListId="8c84fa94-04c1-424b-9868-57a2d4851a1d" />
    <TestEntry testId="17a13514-73b8-87b3-bb46-312f14883b73" executionId="b8adb4e3-f89a-40cb-a613-4f87f3e67c3e" testListId="8c84fa94-04c1-424b-9868-57a2d4851a1d" />
    <TestEntry testId="19b33efd-dcbc-8502-8c01-a21f7b564207" executionId="91ae5bc3-4ee9-458c-8be4-e9701de601fb" testListId="8c84fa94-04c1-424b-9868-57a2d4851a1d" />
    <TestEntry testId="14983fcb-e1a6-86f9-bfe3-623fadd5b8f3" executionId="7636606c-7f2c-4a28-b8be-df448fc81b59" testListId="8c84fa94-04c1-424b-9868-57a2d4851a1d" />
    <TestEntry testId="1330ce45-97e6-8cb2-b161-4ec8fe9d54af" executionId="b3db1163-87d5-4e69-bb1e-6337a89051df" testListId="8c84fa94-04c1-424b-9868-57a2d4851a1d" />
    <TestEntry testId="14179f42-5cb3-8ff2-830a-7da149ae9cb7" executionId="e1bafd3b-4e18-48c3-b9e2-1094d5e553cc" testListId="8c84fa94-04c1-424b-9868-57a2d4851a1d" />
    <TestEntry testId="14912fbf-3f5d-8b3b-9741-7e0de9d78f19" executionId="e6d3759d-b436-499c-a79e-ad2559893859" testListId="8c84fa94-04c1-424b-9868-57a2d4851a1d" />
    <TestEntry testId="1bd08a4c-78ab-8f91-98c7-634ec9c7e3c9" executionId="2c747529-fb0a-44b5-acc8-5c19df4605f3" testListId="8c84fa94-04c1-424b-9868-57a2d4851a1d" />
    <TestEntry testId="101016c0-60b3-898f-bb87-00cee11c7ac5" executionId="7150ca3c-d089-4689-b28e-ded61c80fb71" testListId="8c84fa94-04c1-424b-9868-57a2d4851a1d" />
    <TestEntry testId="1b2f0c6b-0851-8e7c-90a5-bd49278ff3ca" executionId="3092a25a-2ccf-4721-a558-248854bcd145" testListId="8c84fa94-04c1-424b-9868-57a2d4851a1d" />
    <TestEntry testId="1cb9a3de-aec5-8fd9-832d-0216640f7dda" executionId="32f9e645-001a-4f41-a8e5-b6c64f2acba1" testListId="8c84fa94-04c1-424b-9868-57a2d4851a1d" />
    <TestEntry testId="196925d5-0277-86a1-bdc7-a4ad257ddd98" executionId="916d691c-2a0c-4c1a-a185-c713a48e5c57" testListId="8c84fa94-04c1-424b-9868-57a2d4851a1d" />
    <TestEntry testId="1bf33276-0964-8a30-bb6f-209fe01c6b1f" executionId="a62bcaab-096b-4bbc-846d-068972b243dc" testListId="8c84fa94-04c1-424b-9868-57a2d4851a1d" />
    <TestEntry testId="1239491c-cd79-8aad-ab12-c172c7ba2b43" executionId="0f9d7e21-9c9f-48a1-9560-77e7c761ff97" testListId="8c84fa94-04c1-424b-9868-57a2d4851a1d" />
    <TestEntry testId="15aa52ee-cad2-8e5f-aecd-d5fa675aeab3" executionId="1530cc49-5be3-40b4-a04d-a9e9971b0035" testListId="8c84fa94-04c1-424b-9868-57a2d4851a1d" />
    <TestEntry testId="126ef575-c13e-8f43-b819-f6bde71d008e" executionId="9af8f2ea-ed87-4787-8261-f3381bc5a797" testListId="8c84fa94-04c1-424b-9868-57a2d4851a1d" />
    <TestEntry testId="1afa5c91-647d-86aa-b943-6d670ba7bc87" executionId="1bf8e021-ed06-45b1-a73c-d53d8578c09e" testListId="8c84fa94-04c1-424b-9868-57a2d4851a1d" />
    <TestEntry testId="179cc94c-bffc-89c4-a863-ff1b0dc4e69b" executionId="0fe90083-b90d-4674-95f2-88638c63c93c" testListId="8c84fa94-04c1-424b-9868-57a2d4851a1d" />
    <TestEntry testId="1ae6612d-01c1-88c1-ab67-aedf934fd22e" executionId="325b1336-72e9-4427-8efc-15f2db3a6752" testListId="8c84fa94-04c1-424b-9868-57a2d4851a1d" />
    <TestEntry testId="19300ca9-8187-88a5-bcef-ff66ceec2fe4" executionId="2102108f-bec5-4bdc-93db-a6cffdf18821" testListId="8c84fa94-04c1-424b-9868-57a2d4851a1d" />
    <TestEntry testId="10922568-17c7-8651-98bc-812223747dcd" executionId="f591a7c2-9e83-477d-aa18-e12015c5cfd1" testListId="8c84fa94-04c1-424b-9868-57a2d4851a1d" />
    <TestEntry testId="11bc0d2b-0122-81f6-9cb4-e8eb6b410574" executionId="d95980f7-f7f5-481c-82a4-3810e6161b64" testListId="8c84fa94-04c1-424b-9868-57a2d4851a1d" />
    <TestEntry testId="1846342d-9c7a-8c32-a60f-d9f1170308dc" executionId="2f3d0dfe-17ae-4f8a-9b39-bf1843afb441" testListId="8c84fa94-04c1-424b-9868-57a2d4851a1d" />
    <TestEntry testId="11ef56d3-d09b-8b90-b59a-12ba00135037" executionId="0972fbde-ea61-44b4-8706-b22db3b563f1" testListId="8c84fa94-04c1-424b-9868-57a2d4851a1d" />
    <TestEntry testId="1853614a-eeb5-82a9-bfe1-7eccf26e11f8" executionId="823f4ade-a3bc-4618-9e1a-b9cc1d9d391e" testListId="8c84fa94-04c1-424b-9868-57a2d4851a1d" />
    <TestEntry testId="1a4ff90b-cc92-806e-97ec-60093cc9f97e" executionId="9c108b1c-254e-4988-9acc-e6e21e4ff47b" testListId="8c84fa94-04c1-424b-9868-57a2d4851a1d" />
    <TestEntry testId="1060411b-93e9-86e0-a942-92349ffec179" executionId="c246276c-1ea4-4cb5-bada-26a3f78fab0d" testListId="8c84fa94-04c1-424b-9868-57a2d4851a1d" />
    <TestEntry testId="1003d560-54a5-86a5-90e3-4fb37ca17607" executionId="08b54eb5-14e4-4e57-9f36-325dd40b2341" testListId="8c84fa94-04c1-424b-9868-57a2d4851a1d" />
    <TestEntry testId="1b3e8c01-215f-8d25-9c99-ffc8a349b494" executionId="03a7d0e3-afee-4ff4-bdd3-42dc43995e12" testListId="8c84fa94-04c1-424b-9868-57a2d4851a1d" />
    <TestEntry testId="113c3c9e-4ef3-886c-8a7a-88eacbd2be35" executionId="e77e36b5-1801-4cb6-9c92-6d75399780b2" testListId="8c84fa94-04c1-424b-9868-57a2d4851a1d" />
    <TestEntry testId="10f023d4-37a8-801f-a486-90b6757f26b5" executionId="a1b7baae-3b89-4f4b-8ab3-dcf84486d8a8" testListId="8c84fa94-04c1-424b-9868-57a2d4851a1d" />
    <TestEntry testId="1ec6d8eb-4d19-8bfc-892a-e737b2a3406c" executionId="fdabc171-6015-4c1f-9951-b08a604882e2" testListId="8c84fa94-04c1-424b-9868-57a2d4851a1d" />
    <TestEntry testId="1fd95d04-9a95-8d7f-a4c2-a8b4bce648d2" executionId="f809d571-817c-4183-8483-65a562cb9f52" testListId="8c84fa94-04c1-424b-9868-57a2d4851a1d" />
    <TestEntry testId="16bf0bbb-1b76-83a1-80b7-f0a63555e8b0" executionId="4cc490b4-d725-4f92-bebe-bd8181c2ecf2" testListId="8c84fa94-04c1-424b-9868-57a2d4851a1d" />
    <TestEntry testId="1f3acd60-d141-8322-b972-759a8a314758" executionId="d172081b-fcb0-4a14-aaf5-5ab92f567d3d" testListId="8c84fa94-04c1-424b-9868-57a2d4851a1d" />
    <TestEntry testId="1d98ae3d-f904-880a-a69d-0223fb92f87e" executionId="8427e5ad-7cb0-4e7b-8e32-334e8f80ac2f" testListId="8c84fa94-04c1-424b-9868-57a2d4851a1d" />
    <TestEntry testId="182e19a5-2d8c-87f9-b18a-c9191254d43e" executionId="ab32cc1b-771a-43c1-a03f-4456394ef0b2" testListId="8c84fa94-04c1-424b-9868-57a2d4851a1d" />
    <TestEntry testId="1765b7e6-9ab5-833d-91db-e8d9a5f9d8cb" executionId="373d4e7c-209e-47fd-a62d-8cd105a74dff" testListId="8c84fa94-04c1-424b-9868-57a2d4851a1d" />
    <TestEntry testId="1b19977a-7f10-8481-b1b6-8db76baef6e0" executionId="b7338d90-814f-4f85-b2b2-b6fb6f34ee0c" testListId="8c84fa94-04c1-424b-9868-57a2d4851a1d" />
    <TestEntry testId="1c3a31cb-2ed0-889c-bdbf-69ed2ae5d40d" executionId="f061e78e-cb66-44f8-a376-edfa2858361c" testListId="8c84fa94-04c1-424b-9868-57a2d4851a1d" />
  </TestEntries>
  <TestLists>
    <TestList name="列表中未列出的结果" id="8c84fa94-04c1-424b-9868-57a2d4851a1d" />
    <TestList name="所有已加载的结果" id="19431567-8539-422a-85d7-44ee4e166bda" />
  </TestLists>
  <ResultSummary outcome="Completed">
    <Counters total="143" executed="143" passed="143" failed="0" error="0" timeout="0" aborted="0" inconclusive="0" passedButRunAborted="0" notRunnable="0" notExecuted="0" disconnected="0" warning="0" completed="0" inProgress="0" pending="0" />
  </ResultSummary>
</TestRun>