<?xml version="1.0" encoding="utf-8"?>
<TestRun id="d353add7-e094-45c8-81e4-35b3f780977b" name="Administrator@PC-20250309WEIZ 2026-09-20 18:19:21" runUser="PC-20250309WEIZ\Administrator" xmlns="http://microsoft.com/schemas/VisualStudio/TeamTest/2010">
  <Times creation="2026-09-20T18:19:21.5364532+08:00" queuing="2026-09-20T18:19:21.5364534+08:00" start="2026-09-20T18:19:21.0118931+08:00" finish="2026-09-20T18:19:21.6004361+08:00" />
  <TestSettings name="default" id="a0a02b0d-4b4d-432d-b428-d4152b2e9f2e">
    <Deployment runDeploymentRoot="Administrator_PC-20250309WEIZ_2026-09-20_18_19_21" />
  </TestSettings>
  <Results>
    <UnitTestResult executionId="86e47812-f18a-4bea-9e83-a53effe58340" testId="14a4cfeb-f0f4-8e61-9bb2-f94e553d1d0a" testName="Toolbox_ReleaseCatalogHidesLowValueEntries (BatchConvert)" computerName="PC-20250309WEIZ" duration="00:00:00.0000012" startTime="2026-09-20T18:19:21.5247351+08:00" endTime="2026-09-20T18:19:21.5247478+08:00" testType="13cdc9d9-ddb5-4fa4-a97d-d965ccfc6d4b" outcome="Passed" testListId="8c84fa94-04c1-424b-9868-57a2d4851a1d" relativeResultsDirectory="86e47812-f18a-4bea-9e83-a53effe58340" />
    <UnitTestResult executionId="4ae2b0da-a162-43d2-902f-ead10f21903b" testId="1c2d793c-063a-8cb0-a3d4-60ffdf637c67" testName="TaskCenter_ShowsActiveAndOnlyTwoRecentCompleted" computerName="PC-20250309WEIZ" duration="00:00:00.0007841" startTime="2026-09-20T18:19:21.5592853+08:00" endTime="2026-09-20T18:19:21.5610930+08:00" testType="13cdc9d9-ddb5-4fa4-a97d-d965ccfc6d4b" outcome="Passed" testListId="8c84fa94-04c1-424b-9868-57a2d4851a1d" relativeResultsDirectory="4ae2b0da-a162-43d2-902f-ead10f21903b" />
    <UnitTestResult executionId="9973b98f-dfc9-448f-9b0a-301433e8bade" testId="1cb896e9-3324-8ad2-aa1b-42cb51a7ee0e" testName="Calendar_WorkflowMapperIsSingleStateSource (Completed,PendingDelivery)" computerName="PC-20250309WEIZ" duration="00:00:00.0000092" startTime="2026-09-20T18:19:21.5020534+08:00" endTime="2026-09-20T18:19:21.5021187+08:00" testType="13cdc9d9-ddb5-4fa4-a97d-d965ccfc6d4b" outcome="Passed" testListId="8c84fa94-04c1-424b-9868-57a2d4851a1d" relativeResultsDirectory="9973b98f-dfc9-448f-9b0a-301433e8bade" />
    <UnitTestResult executionId="dbcbd988-fb65-43d7-888d-1024c1334cd2" testId="15ef4cb1-3475-8b81-a398-f8f738c85e23" testName="Toolbox_PinUsesAccessibleVectorState (&quot;已固定&quot;)" computerName="PC-20250309WEIZ" duration="00:00:00.0008116" startTime="2026-09-20T18:19:21.5166100+08:00" endTime="2026-09-20T18:19:21.5174728+08:00" testType="13cdc9d9-ddb5-4fa4-a97d-d965ccfc6d4b" outcome="Passed" testListId="8c84fa94-04c1-424b-9868-57a2d4851a1d" relativeResultsDirectory="dbcbd988-fb65-43d7-888d-1024c1334cd2" />
    <UnitTestResult executionId="4588b551-81df-4eba-8804-81ed8f0c0aca" testId="114e7203-db4d-83a0-89d1-95ba5d342d48" testName="Finance_DepositCannotExceedTotal (0,0,True)" computerName="PC-20250309WEIZ" duration="00:00:00.0006232" startTime="2026-09-20T18:19:21.5552490+08:00" endTime="2026-09-20T18:19:21.5559056+08:00" testType="13cdc9d9-ddb5-4fa4-a97d-d965ccfc6d4b" outcome="Passed" testListId="8c84fa94-04c1-424b-9868-57a2d4851a1d" relativeResultsDirectory="4588b551-81df-4eba-8804-81ed8f0c0aca" />
    <UnitTestResult executionId="2ad11a08-9f00-4d5c-877c-960ca55c63bd" testId="17f8610f-c192-822a-b303-1bc9ca32cd83" testName="Calendar_DetailsNavigationResetsOverviewScrollAndFocus (&quot;OverviewScroll.ScrollToTop&quot;)" computerName="PC-20250309WEIZ" duration="00:00:00.0005439" startTime="2026-09-20T18:19:21.5445724+08:00" endTime="2026-09-20T18:19:21.5451445+08:00" testType="13cdc9d9-ddb5-4fa4-a97d-d965ccfc6d4b" outcome="Passed" testListId="8c84fa94-04c1-424b-9868-57a2d4851a1d" relativeResultsDirectory="2ad11a08-9f00-4d5c-877c-960ca55c63bd" />
    <UnitTestResult executionId="c04ac20a-81a1-41b5-b51f-9bfcf38eace5" testId="166d595e-9d51-8dc5-b27f-3eb6d743a2cd" testName="Calendar_WorkflowMapperIsSingleStateSource (Retouched,PendingDelivery)" computerName="PC-20250309WEIZ" duration="00:00:00.0000006" startTime="2026-09-20T18:19:21.5022046+08:00" endTime="2026-09-20T18:19:21.5022124+08:00" testType="13cdc9d9-ddb5-4fa4-a97d-d965ccfc6d4b" outcome="Passed" testListId="8c84fa94-04c1-424b-9868-57a2d4851a1d" relativeResultsDirectory="c04ac20a-81a1-41b5-b51f-9bfcf38eace5" />
    <UnitTestResult executionId="26f10b71-6825-4b5f-963e-a12d01e7e210" testId="155e3666-dbdc-8fc2-aef1-a4d5591cb4e6" testName="Toolbox_ReleaseCatalogContainsOnlyCoreEntries (Watermark)" computerName="PC-20250309WEIZ" duration="00:00:00.0000007" startTime="2026-09-20T18:19:21.5235774+08:00" endTime="2026-09-20T18:19:21.5235850+08:00" testType="13cdc9d9-ddb5-4fa4-a97d-d965ccfc6d4b" outcome="Passed" testListId="8c84fa94-04c1-424b-9868-57a2d4851a1d" relativeResultsDirectory="26f10b71-6825-4b5f-963e-a12d01e7e210" />
    <UnitTestResult executionId="6dc774cd-6be1-49b4-abc1-ea00a9c34d75" testId="15c5f81f-0a54-8dff-a674-7cf931883b36" testName="Calendar_DayDetailsContainRequiredSummary (&quot;ClientDisplayName&quot;)" computerName="PC-20250309WEIZ" duration="00:00:00.0004560" startTime="2026-09-20T18:19:21.5411889+08:00" endTime="2026-09-20T18:19:21.5416784+08:00" testType="13cdc9d9-ddb5-4fa4-a97d-d965ccfc6d4b" outcome="Passed" testListId="8c84fa94-04c1-424b-9868-57a2d4851a1d" relativeResultsDirectory="6dc774cd-6be1-49b4-abc1-ea00a9c34d75" />
    <UnitTestResult executionId="b5bb9a15-0d34-4be1-b977-a4eed60454f6" testId="10fadda9-6e15-8d2f-b697-e33ec1200c2d" testName="Calendar_DarkThemeUsesVisibleFiveStatePalette (&quot;CalendarStatusShotBrush&quot;,&quot;#3DB879&quot;)" computerName="PC-20250309WEIZ" duration="00:00:00.0002248" startTime="2026-09-20T18:19:21.4782370+08:00" endTime="2026-09-20T18:19:21.4785061+08:00" testType="13cdc9d9-ddb5-4fa4-a97d-d965ccfc6d4b" outcome="Passed" testListId="8c84fa94-04c1-424b-9868-57a2d4851a1d" relativeResultsDirectory="b5bb9a15-0d34-4be1-b977-a4eed60454f6" />
    <UnitTestResult executionId="57cacb28-0f59-4806-8676-08c5c685c2e1" testId="1f649bd8-e0e4-8da0-be29-db1f88c677b7" testName="Toolbox_WatermarkIsPreviewAndNeverDefaultPinned" computerName="PC-20250309WEIZ" duration="00:00:00.0012046" startTime="2026-09-20T18:19:21.5247561+08:00" endTime="2026-09-20T18:19:21.5259883+08:00" testType="13cdc9d9-ddb5-4fa4-a97d-d965ccfc6d4b" outcome="Passed" testListId="8c84fa94-04c1-424b-9868-57a2d4851a1d" relativeResultsDirectory="57cacb28-0f59-4806-8676-08c5c685c2e1" />
    <UnitTestResult executionId="5e1e7356-83ef-4cee-bedd-7c9640ceaaae" testId="14f3895c-0c5c-8758-8f56-4ba6c1e19ae8" testName="Toolbox_PinUsesAccessibleVectorState (&quot;ToolIconPinOutline&quot;)" computerName="PC-20250309WEIZ" duration="00:00:00.0008406" startTime="2026-09-20T18:19:21.5067309+08:00" endTime="2026-09-20T18:19:21.5076020+08:00" testType="13cdc9d9-ddb5-4fa4-a97d-d965ccfc6d4b" outcome="Passed" testListId="8c84fa94-04c1-424b-9868-57a2d4851a1d" relativeResultsDirectory="5e1e7356-83ef-4cee-bedd-7c9640ceaaae" />
    <UnitTestResult executionId="eca67f33-9169-4767-b222-b4535ac92533" testId="1101feb8-4f71-8738-ab9e-67639a7e71f6" testName="Calendar_DayDetailsContainRequiredSummary (&quot;VisibleBookings&quot;)" computerName="PC-20250309WEIZ" duration="00:00:00.0003648" startTime="2026-09-20T18:19:21.5420977+08:00" endTime="2026-09-20T18:19:21.5424797+08:00" testType="13cdc9d9-ddb5-4fa4-a97d-d965ccfc6d4b" outcome="Passed" testListId="8c84fa94-04c1-424b-9868-57a2d4851a1d" relativeResultsDirectory="eca67f33-9169-4767-b222-b4535ac92533" />
    <UnitTestResult executionId="654dc275-dd29-4087-aae5-851f0a058f8e" testId="1aff1903-48ce-83b4-aee4-b225f1c7862b" testName="Finance_DepositCannotExceedTotal (23200,44400,False)" computerName="PC-20250309WEIZ" duration="00:00:00.0000046" startTime="2026-09-20T18:19:21.5562052+08:00" endTime="2026-09-20T18:19:21.5562306+08:00" testType="13cdc9d9-ddb5-4fa4-a97d-d965ccfc6d4b" outcome="Passed" testListId="8c84fa94-04c1-424b-9868-57a2d4851a1d" relativeResultsDirectory="654dc275-dd29-4087-aae5-851f0a058f8e" />
    <UnitTestResult executionId="32ec685f-3d38-4d18-a1b3-e3485425d9f0" testId="133b74b7-f453-8250-994b-9de0d9f53e42" testName="Calendar_WorkflowMapperIsSingleStateSource (Shooting,PendingDelivery)" computerName="PC-20250309WEIZ" duration="00:00:00.0000009" startTime="2026-09-20T18:19:21.4797339+08:00" endTime="2026-09-20T18:19:21.4797436+08:00" testType="13cdc9d9-ddb5-4fa4-a97d-d965ccfc6d4b" outcome="Passed" testListId="8c84fa94-04c1-424b-9868-57a2d4851a1d" relativeResultsDirectory="32ec685f-3d38-4d18-a1b3-e3485425d9f0" />
    <UnitTestResult executionId="09a16a5e-ffc7-4e5b-ac88-0899157e3be8" testId="16ca2c76-6f9c-8498-b249-29b1659c0de8" testName="Toolbox_ReleaseCatalogContainsOnlyCoreEntries (LocalSplit)" computerName="PC-20250309WEIZ" duration="00:00:00.0057272" startTime="2026-09-20T18:19:21.5174982+08:00" endTime="2026-09-20T18:19:21.5232673+08:00" testType="13cdc9d9-ddb5-4fa4-a97d-d965ccfc6d4b" outcome="Passed" testListId="8c84fa94-04c1-424b-9868-57a2d4851a1d" relativeResultsDirectory="09a16a5e-ffc7-4e5b-ac88-0899157e3be8" />
    <UnitTestResult executionId="ef45d750-b496-4ca8-95e4-d47154ccbecb" testId="1167afc5-6eb6-85dc-82d1-c5824fd11d36" testName="Toolbox_CapacityMessageIsUserFacing" computerName="PC-20250309WEIZ" duration="00:00:00.0005581" startTime="2026-09-20T18:19:21.5277150+08:00" endTime="2026-09-20T18:19:21.5283010+08:00" testType="13cdc9d9-ddb5-4fa4-a97d-d965ccfc6d4b" outcome="Passed" testListId="8c84fa94-04c1-424b-9868-57a2d4851a1d" relativeResultsDirectory="ef45d750-b496-4ca8-95e4-d47154ccbecb" />
    <UnitTestResult executionId="b25ea6e0-e867-493d-8f3b-e8f76c9e8d00" testId="18cfd134-6db7-83d2-be3b-2d76452a7c4e" testName="Workbench_UpcomingCardsMakeProjectNameProminent" computerName="PC-20250309WEIZ" duration="00:00:00.0004440" startTime="2026-09-20T18:19:21.5428630+08:00" endTime="2026-09-20T18:19:21.5433294+08:00" testType="13cdc9d9-ddb5-4fa4-a97d-d965ccfc6d4b" outcome="Passed" testListId="8c84fa94-04c1-424b-9868-57a2d4851a1d" relativeResultsDirectory="b25ea6e0-e867-493d-8f3b-e8f76c9e8d00" />
    <UnitTestResult executionId="dd0188d8-d286-4917-a567-ad171407677f" testId="12e767a7-4bf1-8af6-87de-be90f8406466" testName="Calendar_DarkThemeUsesVisibleFiveStatePalette (&quot;CalendarStatusPendingDeliveryBrush&quot;,&quot;#DDAF32&quot;)" computerName="PC-20250309WEIZ" duration="00:00:00.0001236" startTime="2026-09-20T18:19:21.4785239+08:00" endTime="2026-09-20T18:19:21.4786653+08:00" testType="13cdc9d9-ddb5-4fa4-a97d-d965ccfc6d4b" outcome="Passed" testListId="8c84fa94-04c1-424b-9868-57a2d4851a1d" relativeResultsDirectory="dd0188d8-d286-4917-a567-ad171407677f" />
    <UnitTestResult executionId="7e025712-d8b0-46ba-8610-c951f4f17cd0" testId="17280536-4195-8406-b4c0-c03bf977d1bf" testName="Toolbox_ReleaseCatalogContainsOnlyCoreEntries (BatchCompress)" computerName="PC-20250309WEIZ" duration="00:00:00.0000008" startTime="2026-09-20T18:19:21.5235650+08:00" endTime="2026-09-20T18:19:21.5235726+08:00" testType="13cdc9d9-ddb5-4fa4-a97d-d965ccfc6d4b" outcome="Passed" testListId="8c84fa94-04c1-424b-9868-57a2d4851a1d" relativeResultsDirectory="7e025712-d8b0-46ba-8610-c951f4f17cd0" />
    <UnitTestResult executionId="24513a32-63d4-450a-8e62-453a88788bca" testId="171dd61f-c489-817d-aa46-126b96854ec6" testName="Calendar_ViewDayDetailsUsesRealContextDate (&quot;NavigateToSurface(&quot;WorkCalendar&quot;)&quot;)" computerName="PC-20250309WEIZ" duration="00:00:00.0008603" startTime="2026-09-20T18:19:21.5349335+08:00" endTime="2026-09-20T18:19:21.5358398+08:00" testType="13cdc9d9-ddb5-4fa4-a97d-d965ccfc6d4b" outcome="Passed" testListId="8c84fa94-04c1-424b-9868-57a2d4851a1d" relativeResultsDirectory="24513a32-63d4-450a-8e62-453a88788bca" />
    <UnitTestResult executionId="e3231f12-3472-4bfd-ae21-214484394703" testId="1e0df697-7fdc-8bea-89d1-a6fe428a3430" testName="Calendar_DarkThemeUsesVisibleFiveStatePalette (&quot;CalendarStatusDeliveredBrush&quot;,&quot;#3E8ED0&quot;)" computerName="PC-20250309WEIZ" duration="00:00:00.0001062" startTime="2026-09-20T18:19:21.4786754+08:00" endTime="2026-09-20T18:19:21.4787946+08:00" testType="13cdc9d9-ddb5-4fa4-a97d-d965ccfc6d4b" outcome="Passed" testListId="8c84fa94-04c1-424b-9868-57a2d4851a1d" relativeResultsDirectory="e3231f12-3472-4bfd-ae21-214484394703" />
    <UnitTestResult executionId="b91d76ed-1d36-4e39-b64b-9486c3104d50" testId="1e226353-ed02-89b5-922d-091189cd28f2" testName="Toolbox_ReleaseCatalogHidesLowValueEntries (DeleteRejects)" computerName="PC-20250309WEIZ" duration="00:00:00.0002124" startTime="2026-09-20T18:19:21.5235895+08:00" endTime="2026-09-20T18:19:21.5238167+08:00" testType="13cdc9d9-ddb5-4fa4-a97d-d965ccfc6d4b" outcome="Passed" testListId="8c84fa94-04c1-424b-9868-57a2d4851a1d" relativeResultsDirectory="b91d76ed-1d36-4e39-b64b-9486c3104d50" />
    <UnitTestResult executionId="0cf9213e-fd1e-4d13-8f81-96a0ea2cbb1c" testId="1b73b51e-e401-8a66-bbb5-9c62e5416917" testName="Calendar_DetailsNavigationResetsOverviewScrollAndFocus (&quot;DayDetailsNavigationRequested&quot;)" computerName="PC-20250309WEIZ" duration="00:00:00.0003323" startTime="2026-09-20T18:19:21.5455267+08:00" endTime="2026-09-20T18:19:21.5458737+08:00" testType="13cdc9d9-ddb5-4fa4-a97d-d965ccfc6d4b" outcome="Passed" testListId="8c84fa94-04c1-424b-9868-57a2d4851a1d" relativeResultsDirectory="0cf9213e-fd1e-4d13-8f81-96a0ea2cbb1c" />
    <UnitTestResult executionId="08f5165a-865b-4af6-a0cf-299f531e9b9d" testId="154d0586-5c30-8700-b6b3-bc45be10ecc6" testName="Calendar_DayNumberBadgeUsesRealWorkflowState (&quot;WorkbenchCalendarPanel.xaml&quot;)" computerName="PC-20250309WEIZ" duration="00:00:00.0003634" startTime="2026-09-20T18:19:21.5039237+08:00" endTime="2026-09-20T18:19:21.5043313+08:00" testType="13cdc9d9-ddb5-4fa4-a97d-d965ccfc6d4b" outcome="Passed" testListId="8c84fa94-04c1-424b-9868-57a2d4851a1d" relativeResultsDirectory="08f5165a-865b-4af6-a0cf-299f531e9b9d" />
    <UnitTestResult executionId="d1e72c6a-1d78-433e-9859-e1b1f1c4a1a2" testId="157a13b2-ca28-8b45-80b3-4c17dedecc01" testName="Calendar_DayDetailsContainRequiredSummary (&quot;TimeText&quot;)" computerName="PC-20250309WEIZ" duration="00:00:00.0005628" startTime="2026-09-20T18:19:21.5379184+08:00" endTime="2026-09-20T18:19:21.5385091+08:00" testType="13cdc9d9-ddb5-4fa4-a97d-d965ccfc6d4b" outcome="Passed" testListId="8c84fa94-04c1-424b-9868-57a2d4851a1d" relativeResultsDirectory="d1e72c6a-1d78-433e-9859-e1b1f1c4a1a2" />
    <UnitTestResult executionId="0b14091f-0dd3-4467-b5a9-e4d3f78565c1" testId="1823d0bf-e7c8-89c7-bf11-a2892a441910" testName="Documents_SupportedDraftFileIsNotMissing (&quot;.txt&quot;)" computerName="PC-20250309WEIZ" duration="00:00:00.0008386" startTime="2026-09-20T18:19:21.5543564+08:00" endTime="2026-09-20T18:19:21.5552299+08:00" testType="13cdc9d9-ddb5-4fa4-a97d-d965ccfc6d4b" outcome="Passed" testListId="8c84fa94-04c1-424b-9868-57a2d4851a1d" relativeResultsDirectory="0b14091f-0dd3-4467-b5a9-e4d3f78565c1" />
    <UnitTestResult executionId="81c17e8f-bfa2-4490-86d5-99af9d006a17" testId="19fe93bb-3bcd-8706-8363-dbcc21e4ae34" testName="Calendar_FullViewUsesDirectRuntimeDayStateTriggers" computerName="PC-20250309WEIZ" duration="00:00:00.0003963" startTime="2026-09-20T18:19:21.5043519+08:00" endTime="2026-09-20T18:19:21.5060236+08:00" testType="13cdc9d9-ddb5-4fa4-a97d-d965ccfc6d4b" outcome="Passed" testListId="8c84fa94-04c1-424b-9868-57a2d4851a1d" relativeResultsDirectory="81c17e8f-bfa2-4490-86d5-99af9d006a17" />
    <UnitTestResult executionId="096f566f-4dcf-493b-847e-a5da4ebfd19c" testId="1f30aad3-299f-8b81-aa05-57812458124f" testName="Calendar_ViewDayDetailsUsesRealContextDate (&quot;NavigateToCalendarDetailsAsync&quot;)" computerName="PC-20250309WEIZ" duration="00:00:00.0014220" startTime="2026-09-20T18:19:21.5296880+08:00" endTime="2026-09-20T18:19:21.5311637+08:00" testType="13cdc9d9-ddb5-4fa4-a97d-d965ccfc6d4b" outcome="Passed" testListId="8c84fa94-04c1-424b-9868-57a2d4851a1d" relativeResultsDirectory="096f566f-4dcf-493b-847e-a5da4ebfd19c" />
    <UnitTestResult executionId="9420e5c4-d58e-4a73-94a1-ece85e911309" testId="1d92e2a4-f1bf-80ab-8091-a60147bdf66d" testName="Calendar_DayDetailsContainRequiredSummary (&quot;还有 {OverflowCount} 项&quot;)" computerName="PC-20250309WEIZ" duration="00:00:00.0003493" startTime="2026-09-20T18:19:21.5424903+08:00" endTime="2026-09-20T18:19:21.5428541+08:00" testType="13cdc9d9-ddb5-4fa4-a97d-d965ccfc6d4b" outcome="Passed" testListId="8c84fa94-04c1-424b-9868-57a2d4851a1d" relativeResultsDirectory="9420e5c4-d58e-4a73-94a1-ece85e911309" />
    <UnitTestResult executionId="1d4cf848-dbe1-4ab7-a0df-1fd872ced6b6" testId="12ade078-23d9-8e3f-aea7-78fdf7677033" testName="Finance_DefaultFiltersAreExplicit (&quot;全部支付状态&quot;)" computerName="PC-20250309WEIZ" duration="00:00:00.0003344" startTime="2026-09-20T18:19:21.5580467+08:00" endTime="2026-09-20T18:19:21.5584093+08:00" testType="13cdc9d9-ddb5-4fa4-a97d-d965ccfc6d4b" outcome="Passed" testListId="8c84fa94-04c1-424b-9868-57a2d4851a1d" relativeResultsDirectory="1d4cf848-dbe1-4ab7-a0df-1fd872ced6b6" />
    <UnitTestResult executionId="f8319d8b-f767-4534-be8b-1926038ac719" testId="1f524525-2b61-83dc-a954-46c6923eea7c" testName="Calendar_DetailsNavigationResetsOverviewScrollAndFocus (&quot;PrepareForNavigation&quot;)" computerName="PC-20250309WEIZ" duration="00:00:00.0003322" startTime="2026-09-20T18:19:21.5451615+08:00" endTime="2026-09-20T18:19:21.5455161+08:00" testType="13cdc9d9-ddb5-4fa4-a97d-d965ccfc6d4b" outcome="Passed" testListId="8c84fa94-04c1-424b-9868-57a2d4851a1d" relativeResultsDirectory="f8319d8b-f767-4534-be8b-1926038ac719" />
    <UnitTestResult executionId="4862ab46-874a-49ba-a31a-0f13ad0f6858" testId="1dc38f53-747c-871c-ac9b-4bef25622844" testName="Calendar_DayNumberBadgeUsesRealWorkflowState (&quot;MonthCalendarView.xaml&quot;)" computerName="PC-20250309WEIZ" duration="00:00:00.0003738" startTime="2026-09-20T18:19:21.5022408+08:00" endTime="2026-09-20T18:19:21.5026322+08:00" testType="13cdc9d9-ddb5-4fa4-a97d-d965ccfc6d4b" outcome="Passed" testListId="8c84fa94-04c1-424b-9868-57a2d4851a1d" relativeResultsDirectory="4862ab46-874a-49ba-a31a-0f13ad0f6858" />
    <UnitTestResult executionId="21c1f3f3-ed53-4f46-84d1-027af9ee30ee" testId="12a2d3fe-0ed3-8c62-9a3b-36f330354240" testName="Toolbox_ReleaseCatalogHidesLowValueEntries (FtpTool)" computerName="PC-20250309WEIZ" duration="00:00:00.0001312" startTime="2026-09-20T18:19:21.5238313+08:00" endTime="2026-09-20T18:19:21.5239907+08:00" testType="13cdc9d9-ddb5-4fa4-a97d-d965ccfc6d4b" outcome="Passed" testListId="8c84fa94-04c1-424b-9868-57a2d4851a1d" relativeResultsDirectory="21c1f3f3-ed53-4f46-84d1-027af9ee30ee" />
    <UnitTestResult executionId="8f2d9cd1-6515-4860-a223-edfbd780ded7" testId="1162fe7f-c3e4-8da0-a954-128df4e3df2b" testName="Calendar_WorkflowMapperIsSingleStateSource (AwaitingRetouch,PendingDelivery)" computerName="PC-20250309WEIZ" duration="00:00:00.0000006" startTime="2026-09-20T18:19:21.5021917+08:00" endTime="2026-09-20T18:19:21.5021998+08:00" testType="13cdc9d9-ddb5-4fa4-a97d-d965ccfc6d4b" outcome="Passed" testListId="8c84fa94-04c1-424b-9868-57a2d4851a1d" relativeResultsDirectory="8f2d9cd1-6515-4860-a223-edfbd780ded7" />
    <UnitTestResult executionId="6ec752d3-cdf7-461c-b518-d131d63b11c4" testId="12cba241-30b7-82a7-b151-a16e0a79bf1e" testName="Calendar_WorkflowMapperIsSingleStateSource (AwaitingSelectionDelivery,PendingDelivery)" computerName="PC-20250309WEIZ" duration="00:00:00.0000014" startTime="2026-09-20T18:19:21.5021459+08:00" endTime="2026-09-20T18:19:21.5021579+08:00" testType="13cdc9d9-ddb5-4fa4-a97d-d965ccfc6d4b" outcome="Passed" testListId="8c84fa94-04c1-424b-9868-57a2d4851a1d" relativeResultsDirectory="6ec752d3-cdf7-461c-b518-d131d63b11c4" />
    <UnitTestResult executionId="0673c069-3b50-4e4c-bfc0-c390927bc2aa" testId="132b136a-ffe2-891b-9b6b-09779e909058" testName="Calendar_DayDetailsContainRequiredSummary (&quot;Booking.Location&quot;)" computerName="PC-20250309WEIZ" duration="00:00:00.0003718" startTime="2026-09-20T18:19:21.5416937+08:00" endTime="2026-09-20T18:19:21.5420863+08:00" testType="13cdc9d9-ddb5-4fa4-a97d-d965ccfc6d4b" outcome="Passed" testListId="8c84fa94-04c1-424b-9868-57a2d4851a1d" relativeResultsDirectory="0673c069-3b50-4e4c-bfc0-c390927bc2aa" />
    <UnitTestResult executionId="487861e8-bd69-4067-b14d-15fc3f37cf18" testId="11ccf89c-598e-8f0f-9d16-ecf49f4a8111" testName="Calendar_WorkflowMapperIsSingleStateSource (Confirmed,Scheduled)" computerName="PC-20250309WEIZ" duration="00:00:00.0002221" startTime="2026-09-20T18:19:21.4794297+08:00" endTime="2026-09-20T18:19:21.4796832+08:00" testType="13cdc9d9-ddb5-4fa4-a97d-d965ccfc6d4b" outcome="Passed" testListId="8c84fa94-04c1-424b-9868-57a2d4851a1d" relativeResultsDirectory="487861e8-bd69-4067-b14d-15fc3f37cf18" />
    <UnitTestResult executionId="cf465015-61b0-43d0-9f42-20dcf99784d3" testId="10aabc4e-b87c-844f-b46b-f0c2a71456fa" testName="Toolbox_PinUsesAccessibleVectorState (&quot;Width=&quot;32&quot; Height=&quot;32&quot;&quot;)" computerName="PC-20250309WEIZ" duration="00:00:00.0006335" startTime="2026-09-20T18:19:21.5092526+08:00" endTime="2026-09-20T18:19:21.5099041+08:00" testType="13cdc9d9-ddb5-4fa4-a97d-d965ccfc6d4b" outcome="Passed" testListId="8c84fa94-04c1-424b-9868-57a2d4851a1d" relativeResultsDirectory="cf465015-61b0-43d0-9f42-20dcf99784d3" />
    <UnitTestResult executionId="dbce60f5-2b7b-4d33-b770-215b4563878c" testId="11a930e2-57d9-8733-b0b3-4499ad5cc619" testName="Documents_SupportedDraftFileIsNotMissing (&quot;.ppt&quot;)" computerName="PC-20250309WEIZ" duration="00:00:00.0027433" startTime="2026-09-20T18:19:21.5465924+08:00" endTime="2026-09-20T18:19:21.5493677+08:00" testType="13cdc9d9-ddb5-4fa4-a97d-d965ccfc6d4b" outcome="Passed" testListId="8c84fa94-04c1-424b-9868-57a2d4851a1d" relativeResultsDirectory="dbce60f5-2b7b-4d33-b770-215b4563878c" />
    <UnitTestResult executionId="6ea645e1-cd45-4939-a2c9-3327a8c145cd" testId="149b49e6-459e-8754-9ace-8e2accb494c7" testName="Calendar_WorkflowMapperIsSingleStateSource (AwaitingSelection,PendingDelivery)" computerName="PC-20250309WEIZ" duration="00:00:00.0000007" startTime="2026-09-20T18:19:21.5021649+08:00" endTime="2026-09-20T18:19:21.5021735+08:00" testType="13cdc9d9-ddb5-4fa4-a97d-d965ccfc6d4b" outcome="Passed" testListId="8c84fa94-04c1-424b-9868-57a2d4851a1d" relativeResultsDirectory="6ea645e1-cd45-4939-a2c9-3327a8c145cd" />
    <UnitTestResult executionId="6d94d9c6-3dd0-44e1-a2fa-7d4369425c6f" testId="170142b1-1752-8e31-9b73-7108e005d7ac" testName="Finance_DefaultFiltersAreExplicit (&quot;全部分类&quot;)" computerName="PC-20250309WEIZ" duration="00:00:00.0001639" startTime="2026-09-20T18:19:21.5584265+08:00" endTime="2026-09-20T18:19:21.5586119+08:00" testType="13cdc9d9-ddb5-4fa4-a97d-d965ccfc6d4b" outcome="Passed" testListId="8c84fa94-04c1-424b-9868-57a2d4851a1d" relativeResultsDirectory="6d94d9c6-3dd0-44e1-a2fa-7d4369425c6f" />
    <UnitTestResult executionId="824b361e-2d6e-4cf6-a484-77643b1df22d" testId="18ebb526-0727-8c11-8c73-b0b9ac12982a" testName="Toolbox_ReleaseCatalogContainsOnlyCoreEntries (Workflow)" computerName="PC-20250309WEIZ" duration="00:00:00.0001623" startTime="2026-09-20T18:19:21.5232957+08:00" endTime="2026-09-20T18:19:21.5234975+08:00" testType="13cdc9d9-ddb5-4fa4-a97d-d965ccfc6d4b" outcome="Passed" testListId="8c84fa94-04c1-424b-9868-57a2d4851a1d" relativeResultsDirectory="824b361e-2d6e-4cf6-a484-77643b1df22d" />
    <UnitTestResult executionId="5537a96a-e361-4f8a-aac0-377281b31974" testId="15d7855d-8fe8-8269-aaa1-9827f22f1fe3" testName="Documents_SupportedDraftFileIsNotMissing (&quot;.pdf&quot;)" computerName="PC-20250309WEIZ" duration="00:00:00.0013041" startTime="2026-09-20T18:19:21.5510346+08:00" endTime="2026-09-20T18:19:21.5523845+08:00" testType="13cdc9d9-ddb5-4fa4-a97d-d965ccfc6d4b" outcome="Passed" testListId="8c84fa94-04c1-424b-9868-57a2d4851a1d" relativeResultsDirectory="5537a96a-e361-4f8a-aac0-377281b31974" />
    <UnitTestResult executionId="7f529d8f-4fb3-4227-a4ea-a2babce63135" testId="1adecbaf-ed72-8761-8410-1e07576f1af2" testName="Toolbox_PinUsesAccessibleVectorState (&quot;固定到工作台&quot;)" computerName="PC-20250309WEIZ" duration="00:00:00.0006262" startTime="2026-09-20T18:19:21.5099153+08:00" endTime="2026-09-20T18:19:21.5105576+08:00" testType="13cdc9d9-ddb5-4fa4-a97d-d965ccfc6d4b" outcome="Passed" testListId="8c84fa94-04c1-424b-9868-57a2d4851a1d" relativeResultsDirectory="7f529d8f-4fb3-4227-a4ea-a2babce63135" />
    <UnitTestResult executionId="c0fe4573-cb0d-475f-bd63-4588b0637619" testId="19c244fd-3c25-8e4f-bb3f-308b966cb20a" testName="Toolbox_PinUsesAccessibleVectorState (&quot;ToolIconPinFilled&quot;)" computerName="PC-20250309WEIZ" duration="00:00:00.0008861" startTime="2026-09-20T18:19:21.5076202+08:00" endTime="2026-09-20T18:19:21.5085358+08:00" testType="13cdc9d9-ddb5-4fa4-a97d-d965ccfc6d4b" outcome="Passed" testListId="8c84fa94-04c1-424b-9868-57a2d4851a1d" relativeResultsDirectory="c0fe4573-cb0d-475f-bd63-4588b0637619" />
    <UnitTestResult executionId="55cb45a8-d1ea-4b32-8380-a094d95c0974" testId="14594839-6db6-874a-91cd-89d1c5a6322d" testName="Toolbox_ReleaseCatalogContainsOnlyCoreEntries (PhotoOrganize)" computerName="PC-20250309WEIZ" duration="00:00:00.0000042" startTime="2026-09-20T18:19:21.5235168+08:00" endTime="2026-09-20T18:19:21.5235424+08:00" testType="13cdc9d9-ddb5-4fa4-a97d-d965ccfc6d4b" outcome="Passed" testListId="8c84fa94-04c1-424b-9868-57a2d4851a1d" relativeResultsDirectory="55cb45a8-d1ea-4b32-8380-a094d95c0974" />
    <UnitTestResult executionId="d0de9e12-999f-45cc-88e1-112e84c4e76d" testId="1d4b2d89-0c4a-8e82-9541-33b45a66d97f" testName="Calendar_WorkflowMapperIsSingleStateSource (Delivered,Delivered)" computerName="PC-20250309WEIZ" duration="00:00:00.0000006" startTime="2026-09-20T18:19:21.5022284+08:00" endTime="2026-09-20T18:19:21.5022364+08:00" testType="13cdc9d9-ddb5-4fa4-a97d-d965ccfc6d4b" outcome="Passed" testListId="8c84fa94-04c1-424b-9868-57a2d4851a1d" relativeResultsDirectory="d0de9e12-999f-45cc-88e1-112e84c4e76d" />
    <UnitTestResult executionId="b557be55-bc3c-4792-bfa1-574ea7b39919" testId="13530d78-3996-8416-b35a-2d5489c5b2c1" testName="Calendar_ViewDayDetailsUsesRealContextDate (&quot;OpenDayDetailsForDateAsync&quot;)" computerName="PC-20250309WEIZ" duration="00:00:00.0012836" startTime="2026-09-20T18:19:21.5283197+08:00" endTime="2026-09-20T18:19:21.5296425+08:00" testType="13cdc9d9-ddb5-4fa4-a97d-d965ccfc6d4b" outcome="Passed" testListId="8c84fa94-04c1-424b-9868-57a2d4851a1d" relativeResultsDirectory="b557be55-bc3c-4792-bfa1-574ea7b39919" />
    <UnitTestResult executionId="7014a730-a3cc-425c-a63a-92d6134b57fc" testId="1feb9b31-ddc3-8a55-b413-089119331ea2" testName="Calendar_WorkflowMapperIsSingleStateSource (AwaitingDelivery,PendingDelivery)" computerName="PC-20250309WEIZ" duration="00:00:00.0000005" startTime="2026-09-20T18:19:21.5022166+08:00" endTime="2026-09-20T18:19:21.5022242+08:00" testType="13cdc9d9-ddb5-4fa4-a97d-d965ccfc6d4b" outcome="Passed" testListId="8c84fa94-04c1-424b-9868-57a2d4851a1d" relativeResultsDirectory="7014a730-a3cc-425c-a63a-92d6134b57fc" />
    <UnitTestResult executionId="584fddbd-4fcb-400e-9925-63b7bf26bd0d" testId="14383bf6-e449-8dba-98e4-12f015fcf0eb" testName="Calendar_DarkThemeUsesVisibleFiveStatePalette (&quot;CalendarStatusScheduledBrush&quot;,&quot;#E05252&quot;)" computerName="PC-20250309WEIZ" duration="00:00:00.0005543" startTime="2026-09-20T18:19:21.4770803+08:00" endTime="2026-09-20T18:19:21.4779219+08:00" testType="13cdc9d9-ddb5-4fa4-a97d-d965ccfc6d4b" outcome="Passed" testListId="8c84fa94-04c1-424b-9868-57a2d4851a1d" relativeResultsDirectory="584fddbd-4fcb-400e-9925-63b7bf26bd0d" />
    <UnitTestResult executionId="70087534-88a7-4e56-9c89-39a6a6ffa85e" testId="1eb9120a-3c74-8d7c-be6f-38f38e8f1242" testName="Calendar_DetailsNavigationResetsOverviewScrollAndFocus (&quot;DayDetailsPanel&quot;)" computerName="PC-20250309WEIZ" duration="00:00:00.0003333" startTime="2026-09-20T18:19:21.5462361+08:00" endTime="2026-09-20T18:19:21.5465830+08:00" testType="13cdc9d9-ddb5-4fa4-a97d-d965ccfc6d4b" outcome="Passed" testListId="8c84fa94-04c1-424b-9868-57a2d4851a1d" relativeResultsDirectory="70087534-88a7-4e56-9c89-39a6a6ffa85e" />
    <UnitTestResult executionId="3b0d1aee-8593-49c7-98b4-42409abf01b5" testId="1db0b69f-e2bd-8c23-997a-13e03291030b" testName="Calendar_ViewDayDetailsUsesRealContextDate (&quot;day.Date&quot;)" computerName="PC-20250309WEIZ" duration="00:00:00.0036460" startTime="2026-09-20T18:19:21.5311943+08:00" endTime="2026-09-20T18:19:21.5348965+08:00" testType="13cdc9d9-ddb5-4fa4-a97d-d965ccfc6d4b" outcome="Passed" testListId="8c84fa94-04c1-424b-9868-57a2d4851a1d" relativeResultsDirectory="3b0d1aee-8593-49c7-98b4-42409abf01b5" />
    <UnitTestResult executionId="e3024b81-c1ef-49df-8fc9-3673bce030a6" testId="13c69f81-8e81-8213-b518-81a98f0f2fde" testName="Calendar_DarkThemeUsesVisibleFiveStatePalette (&quot;CalendarStatusFreeBrush&quot;,&quot;#59616B&quot;)" computerName="PC-20250309WEIZ" duration="00:00:00.0054119" startTime="2026-09-20T18:19:21.4542075+08:00" endTime="2026-09-20T18:19:21.4733359+08:00" testType="13cdc9d9-ddb5-4fa4-a97d-d965ccfc6d4b" outcome="Passed" testListId="8c84fa94-04c1-424b-9868-57a2d4851a1d" relativeResultsDirectory="e3024b81-c1ef-49df-8fc9-3673bce030a6" />
    <UnitTestResult executionId="ebc671dd-3ebb-4459-b1aa-8b79e4cefa6c" testId="1b9dfb8e-fc50-8398-ad2f-000da7268e9a" testName="Calendar_DetailsNavigationResetsOverviewScrollAndFocus (&quot;DayDetailsHost&quot;)" computerName="PC-20250309WEIZ" duration="00:00:00.0003303" startTime="2026-09-20T18:19:21.5458830+08:00" endTime="2026-09-20T18:19:21.5462268+08:00" testType="13cdc9d9-ddb5-4fa4-a97d-d965ccfc6d4b" outcome="Passed" testListId="8c84fa94-04c1-424b-9868-57a2d4851a1d" relativeResultsDirectory="ebc671dd-3ebb-4459-b1aa-8b79e4cefa6c" />
    <UnitTestResult executionId="74c3dabe-4a75-4cb8-8d31-7423b8c2a75f" testId="1f19740e-b29d-8382-8391-7144be4b7c7c" testName="Finance_DefaultFiltersAreExplicit (&quot;全部类型&quot;)" computerName="PC-20250309WEIZ" duration="00:00:00.0003051" startTime="2026-09-20T18:19:21.5576944+08:00" endTime="2026-09-20T18:19:21.5580297+08:00" testType="13cdc9d9-ddb5-4fa4-a97d-d965ccfc6d4b" outcome="Passed" testListId="8c84fa94-04c1-424b-9868-57a2d4851a1d" relativeResultsDirectory="74c3dabe-4a75-4cb8-8d31-7423b8c2a75f" />
    <UnitTestResult executionId="a79de0b0-f464-4ec0-b6c6-6878b27c0322" testId="1752316e-98c7-87d1-9827-a37cd3a7e435" testName="Toolbox_ReleaseCatalogContainsOnlyCoreEntries (Collage)" computerName="PC-20250309WEIZ" duration="00:00:00.0000010" startTime="2026-09-20T18:19:21.5235500+08:00" endTime="2026-09-20T18:19:21.5235592+08:00" testType="13cdc9d9-ddb5-4fa4-a97d-d965ccfc6d4b" outcome="Passed" testListId="8c84fa94-04c1-424b-9868-57a2d4851a1d" relativeResultsDirectory="a79de0b0-f464-4ec0-b6c6-6878b27c0322" />
    <UnitTestResult executionId="121f0cb7-d750-4638-9e3e-a3818e8d2e11" testId="1ab68aef-b5d8-8eb9-b0ab-b457833f4b1a" testName="Toolbox_PinUsesAccessibleVectorState (&quot;PinIconResourceKey&quot;)" computerName="PC-20250309WEIZ" duration="00:00:00.0006604" startTime="2026-09-20T18:19:21.5085549+08:00" endTime="2026-09-20T18:19:21.5092404+08:00" testType="13cdc9d9-ddb5-4fa4-a97d-d965ccfc6d4b" outcome="Passed" testListId="8c84fa94-04c1-424b-9868-57a2d4851a1d" relativeResultsDirectory="121f0cb7-d750-4638-9e3e-a3818e8d2e11" />
    <UnitTestResult executionId="93ccb9eb-da1a-41e4-a6ce-53240ede980d" testId="187581e3-9cd1-8dc9-85ee-de8c9fab42ab" testName="Calendar_StatusSaveRefreshesAllSharedConsumers" computerName="PC-20250309WEIZ" duration="00:00:00.0006383" startTime="2026-09-20T18:19:21.5060443+08:00" endTime="2026-09-20T18:19:21.5067128+08:00" testType="13cdc9d9-ddb5-4fa4-a97d-d965ccfc6d4b" outcome="Passed" testListId="8c84fa94-04c1-424b-9868-57a2d4851a1d" relativeResultsDirectory="93ccb9eb-da1a-41e4-a6ce-53240ede980d" />
    <UnitTestResult executionId="ec2c5bf0-6a65-4d45-ae28-7e303880a5e1" testId="18a034a3-dfef-8d47-b5fd-0ca1661cd527" testName="Calendar_DayDetailsContainRequiredSummary (&quot;StatusText&quot;)" computerName="PC-20250309WEIZ" duration="00:00:00.0026064" startTime="2026-09-20T18:19:21.5385261+08:00" endTime="2026-09-20T18:19:21.5411656+08:00" testType="13cdc9d9-ddb5-4fa4-a97d-d965ccfc6d4b" outcome="Passed" testListId="8c84fa94-04c1-424b-9868-57a2d4851a1d" relativeResultsDirectory="ec2c5bf0-6a65-4d45-ae28-7e303880a5e1" />
    <UnitTestResult executionId="82cbcb47-00ea-46d4-9252-e28e5985757c" testId="1fb4ec03-14b3-8079-9163-8af89574fc49" testName="Calendar_WorkflowMapperIsSingleStateSource (Selected,PendingDelivery)" computerName="PC-20250309WEIZ" duration="00:00:00.0000006" startTime="2026-09-20T18:19:21.5021786+08:00" endTime="2026-09-20T18:19:21.5021870+08:00" testType="13cdc9d9-ddb5-4fa4-a97d-d965ccfc6d4b" outcome="Passed" testListId="8c84fa94-04c1-424b-9868-57a2d4851a1d" relativeResultsDirectory="82cbcb47-00ea-46d4-9252-e28e5985757c" />
    <UnitTestResult executionId="83f7f63c-19c5-4e75-b52c-ace1599c69a2" testId="1070e493-38ff-8898-8f26-b386dbf98ff7" testName="Calendar_WorkflowMapperIsSingleStateSource (Tentative,Scheduled)" computerName="PC-20250309WEIZ" duration="00:00:00.0005835" startTime="2026-09-20T18:19:21.4788038+08:00" endTime="2026-09-20T18:19:21.4794096+08:00" testType="13cdc9d9-ddb5-4fa4-a97d-d965ccfc6d4b" outcome="Passed" testListId="8c84fa94-04c1-424b-9868-57a2d4851a1d" relativeResultsDirectory="83f7f63c-19c5-4e75-b52c-ace1599c69a2" />
    <UnitTestResult executionId="222a12e4-8446-4306-b246-6709d70e29f5" testId="115baca1-4b90-8f1e-bed3-dc5c63c8ed0c" testName="Calendar_DetailsNavigationResetsOverviewScrollAndFocus (&quot;SelectedTabIndex = 0&quot;)" computerName="PC-20250309WEIZ" duration="00:00:00.0005618" startTime="2026-09-20T18:19:21.5439435+08:00" endTime="2026-09-20T18:19:21.5445533+08:00" testType="13cdc9d9-ddb5-4fa4-a97d-d965ccfc6d4b" outcome="Passed" testListId="8c84fa94-04c1-424b-9868-57a2d4851a1d" relativeResultsDirectory="222a12e4-8446-4306-b246-6709d70e29f5" />
    <UnitTestResult executionId="28f91876-10e3-4b1a-b597-3b769baa5151" testId="1cdc06e4-82e7-87b9-8997-2513dcef7ed2" testName="Finance_DepositCannotExceedTotal (23200,23200,True)" computerName="PC-20250309WEIZ" duration="00:00:00.0002319" startTime="2026-09-20T18:19:21.5559253+08:00" endTime="2026-09-20T18:19:21.5561878+08:00" testType="13cdc9d9-ddb5-4fa4-a97d-d965ccfc6d4b" outcome="Passed" testListId="8c84fa94-04c1-424b-9868-57a2d4851a1d" relativeResultsDirectory="28f91876-10e3-4b1a-b597-3b769baa5151" />
    <UnitTestResult executionId="e1574307-293f-4215-bedd-95ce0b52d730" testId="1a3500db-c6ee-8a24-9c2d-ce692864b483" testName="Calendar_WorkflowMapperIsSingleStateSource (Preparing,Scheduled)" computerName="PC-20250309WEIZ" duration="00:00:00.0000043" startTime="2026-09-20T18:19:21.4797015+08:00" endTime="2026-09-20T18:19:21.4797271+08:00" testType="13cdc9d9-ddb5-4fa4-a97d-d965ccfc6d4b" outcome="Passed" testListId="8c84fa94-04c1-424b-9868-57a2d4851a1d" relativeResultsDirectory="e1574307-293f-4215-bedd-95ce0b52d730" />
    <UnitTestResult executionId="feaf0e49-8f42-4565-9045-dfb058b88c58" testId="1a1f01e2-13b3-8520-b360-ffc67c6c7bcd" testName="Calendar_DayDetailsContainRequiredSummary (&quot;Title&quot;)" computerName="PC-20250309WEIZ" duration="00:00:00.0005134" startTime="2026-09-20T18:19:21.5373619+08:00" endTime="2026-09-20T18:19:21.5379013+08:00" testType="13cdc9d9-ddb5-4fa4-a97d-d965ccfc6d4b" outcome="Passed" testListId="8c84fa94-04c1-424b-9868-57a2d4851a1d" relativeResultsDirectory="feaf0e49-8f42-4565-9045-dfb058b88c58" />
    <UnitTestResult executionId="99d9e17f-6369-4dbb-a5e6-5379cf0c3c6f" testId="19883aef-ca7a-83cc-8aad-fc58187beddc" testName="Finance_OverpaymentWarnsAndNeverDisplaysNegativeReceivable" computerName="PC-20250309WEIZ" duration="00:00:00.0014129" startTime="2026-09-20T18:19:21.5562385+08:00" endTime="2026-09-20T18:19:21.5576754+08:00" testType="13cdc9d9-ddb5-4fa4-a97d-d965ccfc6d4b" outcome="Passed" testListId="8c84fa94-04c1-424b-9868-57a2d4851a1d" relativeResultsDirectory="99d9e17f-6369-4dbb-a5e6-5379cf0c3c6f" />
    <UnitTestResult executionId="24a798a4-8ad2-4b81-b265-ed267a168b33" testId="1f445299-bb6a-872d-951d-48ce365a67b1" testName="Toolbox_ReleaseCatalogHidesLowValueEntries (BatchRename)" computerName="PC-20250309WEIZ" duration="00:00:00.0000052" startTime="2026-09-20T18:19:21.5246859+08:00" endTime="2026-09-20T18:19:21.5247210+08:00" testType="13cdc9d9-ddb5-4fa4-a97d-d965ccfc6d4b" outcome="Passed" testListId="8c84fa94-04c1-424b-9868-57a2d4851a1d" relativeResultsDirectory="24a798a4-8ad2-4b81-b265-ed267a168b33" />
    <UnitTestResult executionId="00d70ac0-0c6a-48a3-aba0-f2172cc30b72" testId="1f318d2f-feb4-8112-8c2c-65bdc7edc992" testName="Documents_SupportedDraftFileIsNotMissing (&quot;.pptx&quot;)" computerName="PC-20250309WEIZ" duration="00:00:00.0015558" startTime="2026-09-20T18:19:21.5493974+08:00" endTime="2026-09-20T18:19:21.5510063+08:00" testType="13cdc9d9-ddb5-4fa4-a97d-d965ccfc6d4b" outcome="Passed" testListId="8c84fa94-04c1-424b-9868-57a2d4851a1d" relativeResultsDirectory="00d70ac0-0c6a-48a3-aba0-f2172cc30b72" />
    <UnitTestResult executionId="1a027d22-3216-4e06-ab8b-c70c8aa3b573" testId="1d298870-9977-8579-9cc6-cf536ca461f3" testName="Toolbox_PinUsesAccessibleVectorState (&quot;从工作台取消固定&quot;)" computerName="PC-20250309WEIZ" duration="00:00:00.0053308" startTime="2026-09-20T18:19:21.5105680+08:00" endTime="2026-09-20T18:19:21.5159345+08:00" testType="13cdc9d9-ddb5-4fa4-a97d-d965ccfc6d4b" outcome="Passed" testListId="8c84fa94-04c1-424b-9868-57a2d4851a1d" relativeResultsDirectory="1a027d22-3216-4e06-ab8b-c70c8aa3b573" />
    <UnitTestResult executionId="dcefa16d-5c69-4912-bc38-a947fd8e9e29" testId="154acfed-24be-84b0-b469-d9e83d56c1db" testName="Calendar_ViewDayDetailsUsesRealContextDate (&quot;DaySchedule.Bookings.FirstOrDefault&quot;)" computerName="PC-20250309WEIZ" duration="00:00:00.0008199" startTime="2026-09-20T18:19:21.5364951+08:00" endTime="2026-09-20T18:19:21.5373456+08:00" testType="13cdc9d9-ddb5-4fa4-a97d-d965ccfc6d4b" outcome="Passed" testListId="8c84fa94-04c1-424b-9868-57a2d4851a1d" relativeResultsDirectory="dcefa16d-5c69-4912-bc38-a947fd8e9e29" />
    <UnitTestResult executionId="3cf3fea9-4b11-478d-9339-7a392a4b42a0" testId="1dcdac46-5b82-8517-8679-1f499923470f" testName="Documents_SupportedDraftFileIsNotMissing (&quot;.docx&quot;)" computerName="PC-20250309WEIZ" duration="00:00:00.0012300" startTime="2026-09-20T18:19:21.5530619+08:00" endTime="2026-09-20T18:19:21.5543354+08:00" testType="13cdc9d9-ddb5-4fa4-a97d-d965ccfc6d4b" outcome="Passed" testListId="8c84fa94-04c1-424b-9868-57a2d4851a1d" relativeResultsDirectory="3cf3fea9-4b11-478d-9339-7a392a4b42a0" />
    <UnitTestResult executionId="fdb7d6de-ee15-4cd5-8c09-0bfcf4b3d9cd" testId="17d6f6a3-51a9-89d6-a03a-f522f86435e7" testName="Toolbox_LegacyHiddenPinsAreNormalizedAway" computerName="PC-20250309WEIZ" duration="00:00:00.0016558" startTime="2026-09-20T18:19:21.5260086+08:00" endTime="2026-09-20T18:19:21.5276954+08:00" testType="13cdc9d9-ddb5-4fa4-a97d-d965ccfc6d4b" outcome="Passed" testListId="8c84fa94-04c1-424b-9868-57a2d4851a1d" relativeResultsDirectory="fdb7d6de-ee15-4cd5-8c09-0bfcf4b3d9cd" />
  </Results>
  <TestDefinitions>
    <UnitTest name="Calendar_WorkflowMapperIsSingleStateSource (Confirmed,Scheduled)" storage="d:\ai agent\worktrees\pixel-tart-developer-preview-rc6\tests\rawselectionassistant.wpftests\bin\x64\release\net10.0-windows10.0.19041.0\rawselectionassistant.wpftests.dll" id="11ccf89c-598e-8f0f-9d16-ecf49f4a8111">
      <Execution id="487861e8-bd69-4067-b14d-15fc3f37cf18" />
      <TestMethod codeBase="D:\AI AGENT\worktrees\pixel-tart-developer-preview-rc6\tests\RAWSelectionAssistant.WpfTests\bin\x64\Release\net10.0-windows10.0.19041.0\RAWSelectionAssistant.WpfTests.dll" adapterTypeName="executor://mstestadapter/v4" className="RAWSelectionAssistant.WpfTests.Version230Rc5CoreInteractionHotfixTests" name="Calendar_WorkflowMapperIsSingleStateSource" />
    </UnitTest>
    <UnitTest name="Calendar_WorkflowMapperIsSingleStateSource (Retouched,PendingDelivery)" storage="d:\ai agent\worktrees\pixel-tart-developer-preview-rc6\tests\rawselectionassistant.wpftests\bin\x64\release\net10.0-windows10.0.19041.0\rawselectionassistant.wpftests.dll" id="166d595e-9d51-8dc5-b27f-3eb6d743a2cd">
      <Execution id="c04ac20a-81a1-41b5-b51f-9bfcf38eace5" />
      <TestMethod codeBase="D:\AI AGENT\worktrees\pixel-tart-developer-preview-rc6\tests\RAWSelectionAssistant.WpfTests\bin\x64\Release\net10.0-windows10.0.19041.0\RAWSelectionAssistant.WpfTests.dll" adapterTypeName="executor://mstestadapter/v4" className="RAWSelectionAssistant.WpfTests.Version230Rc5CoreInteractionHotfixTests" name="Calendar_WorkflowMapperIsSingleStateSource" />
    </UnitTest>
    <UnitTest name="Finance_DefaultFiltersAreExplicit (&quot;全部支付状态&quot;)" storage="d:\ai agent\worktrees\pixel-tart-developer-preview-rc6\tests\rawselectionassistant.wpftests\bin\x64\release\net10.0-windows10.0.19041.0\rawselectionassistant.wpftests.dll" id="12ade078-23d9-8e3f-aea7-78fdf7677033">
      <Execution id="1d4cf848-dbe1-4ab7-a0df-1fd872ced6b6" />
      <TestMethod codeBase="D:\AI AGENT\worktrees\pixel-tart-developer-preview-rc6\tests\RAWSelectionAssistant.WpfTests\bin\x64\Release\net10.0-windows10.0.19041.0\RAWSelectionAssistant.WpfTests.dll" adapterTypeName="executor://mstestadapter/v4" className="RAWSelectionAssistant.WpfTests.Version230Rc5CoreInteractionHotfixTests" name="Finance_DefaultFiltersAreExplicit" />
    </UnitTest>
    <UnitTest name="Calendar_WorkflowMapperIsSingleStateSource (AwaitingDelivery,PendingDelivery)" storage="d:\ai agent\worktrees\pixel-tart-developer-preview-rc6\tests\rawselectionassistant.wpftests\bin\x64\release\net10.0-windows10.0.19041.0\rawselectionassistant.wpftests.dll" id="1feb9b31-ddc3-8a55-b413-089119331ea2">
      <Execution id="7014a730-a3cc-425c-a63a-92d6134b57fc" />
      <TestMethod codeBase="D:\AI AGENT\worktrees\pixel-tart-developer-preview-rc6\tests\RAWSelectionAssistant.WpfTests\bin\x64\Release\net10.0-windows10.0.19041.0\RAWSelectionAssistant.WpfTests.dll" adapterTypeName="executor://mstestadapter/v4" className="RAWSelectionAssistant.WpfTests.Version230Rc5CoreInteractionHotfixTests" name="Calendar_WorkflowMapperIsSingleStateSource" />
    </UnitTest>
    <UnitTest name="Toolbox_ReleaseCatalogHidesLowValueEntries (DeleteRejects)" storage="d:\ai agent\worktrees\pixel-tart-developer-preview-rc6\tests\rawselectionassistant.wpftests\bin\x64\release\net10.0-windows10.0.19041.0\rawselectionassistant.wpftests.dll" id="1e226353-ed02-89b5-922d-091189cd28f2">
      <Execution id="b91d76ed-1d36-4e39-b64b-9486c3104d50" />
      <TestMethod codeBase="D:\AI AGENT\worktrees\pixel-tart-developer-preview-rc6\tests\RAWSelectionAssistant.WpfTests\bin\x64\Release\net10.0-windows10.0.19041.0\RAWSelectionAssistant.WpfTests.dll" adapterTypeName="executor://mstestadapter/v4" className="RAWSelectionAssistant.WpfTests.Version230Rc5CoreInteractionHotfixTests" name="Toolbox_ReleaseCatalogHidesLowValueEntries" />
    </UnitTest>
    <UnitTest name="Calendar_DarkThemeUsesVisibleFiveStatePalette (&quot;CalendarStatusFreeBrush&quot;,&quot;#59616B&quot;)" storage="d:\ai agent\worktrees\pixel-tart-developer-preview-rc6\tests\rawselectionassistant.wpftests\bin\x64\release\net10.0-windows10.0.19041.0\rawselectionassistant.wpftests.dll" id="13c69f81-8e81-8213-b518-81a98f0f2fde">
      <Execution id="e3024b81-c1ef-49df-8fc9-3673bce030a6" />
      <TestMethod codeBase="D:\AI AGENT\worktrees\pixel-tart-developer-preview-rc6\tests\RAWSelectionAssistant.WpfTests\bin\x64\Release\net10.0-windows10.0.19041.0\RAWSelectionAssistant.WpfTests.dll" adapterTypeName="executor://mstestadapter/v4" className="RAWSelectionAssistant.WpfTests.Version230Rc5CoreInteractionHotfixTests" name="Calendar_DarkThemeUsesVisibleFiveStatePalette" />
    </UnitTest>
    <UnitTest name="Calendar_ViewDayDetailsUsesRealContextDate (&quot;NavigateToSurface(&quot;WorkCalendar&quot;)&quot;)" storage="d:\ai agent\worktrees\pixel-tart-developer-preview-rc6\tests\rawselectionassistant.wpftests\bin\x64\release\net10.0-windows10.0.19041.0\rawselectionassistant.wpftests.dll" id="171dd61f-c489-817d-aa46-126b96854ec6">
      <Execution id="24513a32-63d4-450a-8e62-453a88788bca" />
      <TestMethod codeBase="D:\AI AGENT\worktrees\pixel-tart-developer-preview-rc6\tests\RAWSelectionAssistant.WpfTests\bin\x64\Release\net10.0-windows10.0.19041.0\RAWSelectionAssistant.WpfTests.dll" adapterTypeName="executor://mstestadapter/v4" className="RAWSelectionAssistant.WpfTests.Version230Rc5CoreInteractionHotfixTests" name="Calendar_ViewDayDetailsUsesRealContextDate" />
    </UnitTest>
    <UnitTest name="Calendar_DetailsNavigationResetsOverviewScrollAndFocus (&quot;OverviewScroll.ScrollToTop&quot;)" storage="d:\ai agent\worktrees\pixel-tart-developer-preview-rc6\tests\rawselectionassistant.wpftests\bin\x64\release\net10.0-windows10.0.19041.0\rawselectionassistant.wpftests.dll" id="17f8610f-c192-822a-b303-1bc9ca32cd83">
      <Execution id="2ad11a08-9f00-4d5c-877c-960ca55c63bd" />
      <TestMethod codeBase="D:\AI AGENT\worktrees\pixel-tart-developer-preview-rc6\tests\RAWSelectionAssistant.WpfTests\bin\x64\Release\net10.0-windows10.0.19041.0\RAWSelectionAssistant.WpfTests.dll" adapterTypeName="executor://mstestadapter/v4" className="RAWSelectionAssistant.WpfTests.Version230Rc5CoreInteractionHotfixTests" name="Calendar_DetailsNavigationResetsOverviewScrollAndFocus" />
    </UnitTest>
    <UnitTest name="Toolbox_LegacyHiddenPinsAreNormalizedAway" storage="d:\ai agent\worktrees\pixel-tart-developer-preview-rc6\tests\rawselectionassistant.wpftests\bin\x64\release\net10.0-windows10.0.19041.0\rawselectionassistant.wpftests.dll" id="17d6f6a3-51a9-89d6-a03a-f522f86435e7">
      <Execution id="fdb7d6de-ee15-4cd5-8c09-0bfcf4b3d9cd" />
      <TestMethod codeBase="D:\AI AGENT\worktrees\pixel-tart-developer-preview-rc6\tests\RAWSelectionAssistant.WpfTests\bin\x64\Release\net10.0-windows10.0.19041.0\RAWSelectionAssistant.WpfTests.dll" adapterTypeName="executor://mstestadapter/v4" className="RAWSelectionAssistant.WpfTests.Version230Rc5CoreInteractionHotfixTests" name="Toolbox_LegacyHiddenPinsAreNormalizedAway" />
    </UnitTest>
    <UnitTest name="Toolbox_CapacityMessageIsUserFacing" storage="d:\ai agent\worktrees\pixel-tart-developer-preview-rc6\tests\rawselectionassistant.wpftests\bin\x64\release\net10.0-windows10.0.19041.0\rawselectionassistant.wpftests.dll" id="1167afc5-6eb6-85dc-82d1-c5824fd11d36">
      <Execution id="ef45d750-b496-4ca8-95e4-d47154ccbecb" />
      <TestMethod codeBase="D:\AI AGENT\worktrees\pixel-tart-developer-preview-rc6\tests\RAWSelectionAssistant.WpfTests\bin\x64\Release\net10.0-windows10.0.19041.0\RAWSelectionAssistant.WpfTests.dll" adapterTypeName="executor://mstestadapter/v4" className="RAWSelectionAssistant.WpfTests.Version230Rc5CoreInteractionHotfixTests" name="Toolbox_CapacityMessageIsUserFacing" />
    </UnitTest>
    <UnitTest name="Documents_SupportedDraftFileIsNotMissing (&quot;.pdf&quot;)" storage="d:\ai agent\worktrees\pixel-tart-developer-preview-rc6\tests\rawselectionassistant.wpftests\bin\x64\release\net10.0-windows10.0.19041.0\rawselectionassistant.wpftests.dll" id="15d7855d-8fe8-8269-aaa1-9827f22f1fe3">
      <Execution id="5537a96a-e361-4f8a-aac0-377281b31974" />
      <TestMethod codeBase="D:\AI AGENT\worktrees\pixel-tart-developer-preview-rc6\tests\RAWSelectionAssistant.WpfTests\bin\x64\Release\net10.0-windows10.0.19041.0\RAWSelectionAssistant.WpfTests.dll" adapterTypeName="executor://mstestadapter/v4" className="RAWSelectionAssistant.WpfTests.Version230Rc5CoreInteractionHotfixTests" name="Documents_SupportedDraftFileIsNotMissing" />
    </UnitTest>
    <UnitTest name="Calendar_DarkThemeUsesVisibleFiveStatePalette (&quot;CalendarStatusPendingDeliveryBrush&quot;,&quot;#DDAF32&quot;)" storage="d:\ai agent\worktrees\pixel-tart-developer-preview-rc6\tests\rawselectionassistant.wpftests\bin\x64\release\net10.0-windows10.0.19041.0\rawselectionassistant.wpftests.dll" id="12e767a7-4bf1-8af6-87de-be90f8406466">
      <Execution id="dd0188d8-d286-4917-a567-ad171407677f" />
      <TestMethod codeBase="D:\AI AGENT\worktrees\pixel-tart-developer-preview-rc6\tests\RAWSelectionAssistant.WpfTests\bin\x64\Release\net10.0-windows10.0.19041.0\RAWSelectionAssistant.WpfTests.dll" adapterTypeName="executor://mstestadapter/v4" className="RAWSelectionAssistant.WpfTests.Version230Rc5CoreInteractionHotfixTests" name="Calendar_DarkThemeUsesVisibleFiveStatePalette" />
    </UnitTest>
    <UnitTest name="Finance_DefaultFiltersAreExplicit (&quot;全部类型&quot;)" storage="d:\ai agent\worktrees\pixel-tart-developer-preview-rc6\tests\rawselectionassistant.wpftests\bin\x64\release\net10.0-windows10.0.19041.0\rawselectionassistant.wpftests.dll" id="1f19740e-b29d-8382-8391-7144be4b7c7c">
      <Execution id="74c3dabe-4a75-4cb8-8d31-7423b8c2a75f" />
      <TestMethod codeBase="D:\AI AGENT\worktrees\pixel-tart-developer-preview-rc6\tests\RAWSelectionAssistant.WpfTests\bin\x64\Release\net10.0-windows10.0.19041.0\RAWSelectionAssistant.WpfTests.dll" adapterTypeName="executor://mstestadapter/v4" className="RAWSelectionAssistant.WpfTests.Version230Rc5CoreInteractionHotfixTests" name="Finance_DefaultFiltersAreExplicit" />
    </UnitTest>
    <UnitTest name="Calendar_DetailsNavigationResetsOverviewScrollAndFocus (&quot;SelectedTabIndex = 0&quot;)" storage="d:\ai agent\worktrees\pixel-tart-developer-preview-rc6\tests\rawselectionassistant.wpftests\bin\x64\release\net10.0-windows10.0.19041.0\rawselectionassistant.wpftests.dll" id="115baca1-4b90-8f1e-bed3-dc5c63c8ed0c">
      <Execution id="222a12e4-8446-4306-b246-6709d70e29f5" />
      <TestMethod codeBase="D:\AI AGENT\worktrees\pixel-tart-developer-preview-rc6\tests\RAWSelectionAssistant.WpfTests\bin\x64\Release\net10.0-windows10.0.19041.0\RAWSelectionAssistant.WpfTests.dll" adapterTypeName="executor://mstestadapter/v4" className="RAWSelectionAssistant.WpfTests.Version230Rc5CoreInteractionHotfixTests" name="Calendar_DetailsNavigationResetsOverviewScrollAndFocus" />
    </UnitTest>
    <UnitTest name="Calendar_WorkflowMapperIsSingleStateSource (Preparing,Scheduled)" storage="d:\ai agent\worktrees\pixel-tart-developer-preview-rc6\tests\rawselectionassistant.wpftests\bin\x64\release\net10.0-windows10.0.19041.0\rawselectionassistant.wpftests.dll" id="1a3500db-c6ee-8a24-9c2d-ce692864b483">
      <Execution id="e1574307-293f-4215-bedd-95ce0b52d730" />
      <TestMethod codeBase="D:\AI AGENT\worktrees\pixel-tart-developer-preview-rc6\tests\RAWSelectionAssistant.WpfTests\bin\x64\Release\net10.0-windows10.0.19041.0\RAWSelectionAssistant.WpfTests.dll" adapterTypeName="executor://mstestadapter/v4" className="RAWSelectionAssistant.WpfTests.Version230Rc5CoreInteractionHotfixTests" name="Calendar_WorkflowMapperIsSingleStateSource" />
    </UnitTest>
    <UnitTest name="Toolbox_ReleaseCatalogContainsOnlyCoreEntries (PhotoOrganize)" storage="d:\ai agent\worktrees\pixel-tart-developer-preview-rc6\tests\rawselectionassistant.wpftests\bin\x64\release\net10.0-windows10.0.19041.0\rawselectionassistant.wpftests.dll" id="14594839-6db6-874a-91cd-89d1c5a6322d">
      <Execution id="55cb45a8-d1ea-4b32-8380-a094d95c0974" />
      <TestMethod codeBase="D:\AI AGENT\worktrees\pixel-tart-developer-preview-rc6\tests\RAWSelectionAssistant.WpfTests\bin\x64\Release\net10.0-windows10.0.19041.0\RAWSelectionAssistant.WpfTests.dll" adapterTypeName="executor://mstestadapter/v4" className="RAWSelectionAssistant.WpfTests.Version230Rc5CoreInteractionHotfixTests" name="Toolbox_ReleaseCatalogContainsOnlyCoreEntries" />
    </UnitTest>
    <UnitTest name="Toolbox_ReleaseCatalogHidesLowValueEntries (BatchConvert)" storage="d:\ai agent\worktrees\pixel-tart-developer-preview-rc6\tests\rawselectionassistant.wpftests\bin\x64\release\net10.0-windows10.0.19041.0\rawselectionassistant.wpftests.dll" id="14a4cfeb-f0f4-8e61-9bb2-f94e553d1d0a">
      <Execution id="86e47812-f18a-4bea-9e83-a53effe58340" />
      <TestMethod codeBase="D:\AI AGENT\worktrees\pixel-tart-developer-preview-rc6\tests\RAWSelectionAssistant.WpfTests\bin\x64\Release\net10.0-windows10.0.19041.0\RAWSelectionAssistant.WpfTests.dll" adapterTypeName="executor://mstestadapter/v4" className="RAWSelectionAssistant.WpfTests.Version230Rc5CoreInteractionHotfixTests" name="Toolbox_ReleaseCatalogHidesLowValueEntries" />
    </UnitTest>
    <UnitTest name="Calendar_WorkflowMapperIsSingleStateSource (Delivered,Delivered)" storage="d:\ai agent\worktrees\pixel-tart-developer-preview-rc6\tests\rawselectionassistant.wpftests\bin\x64\release\net10.0-windows10.0.19041.0\rawselectionassistant.wpftests.dll" id="1d4b2d89-0c4a-8e82-9541-33b45a66d97f">
      <Execution id="d0de9e12-999f-45cc-88e1-112e84c4e76d" />
      <TestMethod codeBase="D:\AI AGENT\worktrees\pixel-tart-developer-preview-rc6\tests\RAWSelectionAssistant.WpfTests\bin\x64\Release\net10.0-windows10.0.19041.0\RAWSelectionAssistant.WpfTests.dll" adapterTypeName="executor://mstestadapter/v4" className="RAWSelectionAssistant.WpfTests.Version230Rc5CoreInteractionHotfixTests" name="Calendar_WorkflowMapperIsSingleStateSource" />
    </UnitTest>
    <UnitTest name="TaskCenter_ShowsActiveAndOnlyTwoRecentCompleted" storage="d:\ai agent\worktrees\pixel-tart-developer-preview-rc6\tests\rawselectionassistant.wpftests\bin\x64\release\net10.0-windows10.0.19041.0\rawselectionassistant.wpftests.dll" id="1c2d793c-063a-8cb0-a3d4-60ffdf637c67">
      <Execution id="4ae2b0da-a162-43d2-902f-ead10f21903b" />
      <TestMethod codeBase="D:\AI AGENT\worktrees\pixel-tart-developer-preview-rc6\tests\RAWSelectionAssistant.WpfTests\bin\x64\Release\net10.0-windows10.0.19041.0\RAWSelectionAssistant.WpfTests.dll" adapterTypeName="executor://mstestadapter/v4" className="RAWSelectionAssistant.WpfTests.Version230Rc5CoreInteractionHotfixTests" name="TaskCenter_ShowsActiveAndOnlyTwoRecentCompleted" />
    </UnitTest>
    <UnitTest name="Workbench_UpcomingCardsMakeProjectNameProminent" storage="d:\ai agent\worktrees\pixel-tart-developer-preview-rc6\tests\rawselectionassistant.wpftests\bin\x64\release\net10.0-windows10.0.19041.0\rawselectionassistant.wpftests.dll" id="18cfd134-6db7-83d2-be3b-2d76452a7c4e">
      <Execution id="b25ea6e0-e867-493d-8f3b-e8f76c9e8d00" />
      <TestMethod codeBase="D:\AI AGENT\worktrees\pixel-tart-developer-preview-rc6\tests\RAWSelectionAssistant.WpfTests\bin\x64\Release\net10.0-windows10.0.19041.0\RAWSelectionAssistant.WpfTests.dll" adapterTypeName="executor://mstestadapter/v4" className="RAWSelectionAssistant.WpfTests.Version230Rc5CoreInteractionHotfixTests" name="Workbench_UpcomingCardsMakeProjectNameProminent" />
    </UnitTest>
    <UnitTest name="Finance_DefaultFiltersAreExplicit (&quot;全部分类&quot;)" storage="d:\ai agent\worktrees\pixel-tart-developer-preview-rc6\tests\rawselectionassistant.wpftests\bin\x64\release\net10.0-windows10.0.19041.0\rawselectionassistant.wpftests.dll" id="170142b1-1752-8e31-9b73-7108e005d7ac">
      <Execution id="6d94d9c6-3dd0-44e1-a2fa-7d4369425c6f" />
      <TestMethod codeBase="D:\AI AGENT\worktrees\pixel-tart-developer-preview-rc6\tests\RAWSelectionAssistant.WpfTests\bin\x64\Release\net10.0-windows10.0.19041.0\RAWSelectionAssistant.WpfTests.dll" adapterTypeName="executor://mstestadapter/v4" className="RAWSelectionAssistant.WpfTests.Version230Rc5CoreInteractionHotfixTests" name="Finance_DefaultFiltersAreExplicit" />
    </UnitTest>
    <UnitTest name="Toolbox_ReleaseCatalogContainsOnlyCoreEntries (Watermark)" storage="d:\ai agent\worktrees\pixel-tart-developer-preview-rc6\tests\rawselectionassistant.wpftests\bin\x64\release\net10.0-windows10.0.19041.0\rawselectionassistant.wpftests.dll" id="155e3666-dbdc-8fc2-aef1-a4d5591cb4e6">
      <Execution id="26f10b71-6825-4b5f-963e-a12d01e7e210" />
      <TestMethod codeBase="D:\AI AGENT\worktrees\pixel-tart-developer-preview-rc6\tests\RAWSelectionAssistant.WpfTests\bin\x64\Release\net10.0-windows10.0.19041.0\RAWSelectionAssistant.WpfTests.dll" adapterTypeName="executor://mstestadapter/v4" className="RAWSelectionAssistant.WpfTests.Version230Rc5CoreInteractionHotfixTests" name="Toolbox_ReleaseCatalogContainsOnlyCoreEntries" />
    </UnitTest>
    <UnitTest name="Calendar_WorkflowMapperIsSingleStateSource (AwaitingRetouch,PendingDelivery)" storage="d:\ai agent\worktrees\pixel-tart-developer-preview-rc6\tests\rawselectionassistant.wpftests\bin\x64\release\net10.0-windows10.0.19041.0\rawselectionassistant.wpftests.dll" id="1162fe7f-c3e4-8da0-a954-128df4e3df2b">
      <Execution id="8f2d9cd1-6515-4860-a223-edfbd780ded7" />
      <TestMethod codeBase="D:\AI AGENT\worktrees\pixel-tart-developer-preview-rc6\tests\RAWSelectionAssistant.WpfTests\bin\x64\Release\net10.0-windows10.0.19041.0\RAWSelectionAssistant.WpfTests.dll" adapterTypeName="executor://mstestadapter/v4" className="RAWSelectionAssistant.WpfTests.Version230Rc5CoreInteractionHotfixTests" name="Calendar_WorkflowMapperIsSingleStateSource" />
    </UnitTest>
    <UnitTest name="Calendar_WorkflowMapperIsSingleStateSource (Selected,PendingDelivery)" storage="d:\ai agent\worktrees\pixel-tart-developer-preview-rc6\tests\rawselectionassistant.wpftests\bin\x64\release\net10.0-windows10.0.19041.0\rawselectionassistant.wpftests.dll" id="1fb4ec03-14b3-8079-9163-8af89574fc49">
      <Execution id="82cbcb47-00ea-46d4-9252-e28e5985757c" />
      <TestMethod codeBase="D:\AI AGENT\worktrees\pixel-tart-developer-preview-rc6\tests\RAWSelectionAssistant.WpfTests\bin\x64\Release\net10.0-windows10.0.19041.0\RAWSelectionAssistant.WpfTests.dll" adapterTypeName="executor://mstestadapter/v4" className="RAWSelectionAssistant.WpfTests.Version230Rc5CoreInteractionHotfixTests" name="Calendar_WorkflowMapperIsSingleStateSource" />
    </UnitTest>
    <UnitTest name="Calendar_DayDetailsContainRequiredSummary (&quot;Booking.Location&quot;)" storage="d:\ai agent\worktrees\pixel-tart-developer-preview-rc6\tests\rawselectionassistant.wpftests\bin\x64\release\net10.0-windows10.0.19041.0\rawselectionassistant.wpftests.dll" id="132b136a-ffe2-891b-9b6b-09779e909058">
      <Execution id="0673c069-3b50-4e4c-bfc0-c390927bc2aa" />
      <TestMethod codeBase="D:\AI AGENT\worktrees\pixel-tart-developer-preview-rc6\tests\RAWSelectionAssistant.WpfTests\bin\x64\Release\net10.0-windows10.0.19041.0\RAWSelectionAssistant.WpfTests.dll" adapterTypeName="executor://mstestadapter/v4" className="RAWSelectionAssistant.WpfTests.Version230Rc5CoreInteractionHotfixTests" name="Calendar_DayDetailsContainRequiredSummary" />
    </UnitTest>
    <UnitTest name="Calendar_DayNumberBadgeUsesRealWorkflowState (&quot;WorkbenchCalendarPanel.xaml&quot;)" storage="d:\ai agent\worktrees\pixel-tart-developer-preview-rc6\tests\rawselectionassistant.wpftests\bin\x64\release\net10.0-windows10.0.19041.0\rawselectionassistant.wpftests.dll" id="154d0586-5c30-8700-b6b3-bc45be10ecc6">
      <Execution id="08f5165a-865b-4af6-a0cf-299f531e9b9d" />
      <TestMethod codeBase="D:\AI AGENT\worktrees\pixel-tart-developer-preview-rc6\tests\RAWSelectionAssistant.WpfTests\bin\x64\Release\net10.0-windows10.0.19041.0\RAWSelectionAssistant.WpfTests.dll" adapterTypeName="executor://mstestadapter/v4" className="RAWSelectionAssistant.WpfTests.Version230Rc5CoreInteractionHotfixTests" name="Calendar_DayNumberBadgeUsesRealWorkflowState" />
    </UnitTest>
    <UnitTest name="Finance_DepositCannotExceedTotal (0,0,True)" storage="d:\ai agent\worktrees\pixel-tart-developer-preview-rc6\tests\rawselectionassistant.wpftests\bin\x64\release\net10.0-windows10.0.19041.0\rawselectionassistant.wpftests.dll" id="114e7203-db4d-83a0-89d1-95ba5d342d48">
      <Execution id="4588b551-81df-4eba-8804-81ed8f0c0aca" />
      <TestMethod codeBase="D:\AI AGENT\worktrees\pixel-tart-developer-preview-rc6\tests\RAWSelectionAssistant.WpfTests\bin\x64\Release\net10.0-windows10.0.19041.0\RAWSelectionAssistant.WpfTests.dll" adapterTypeName="executor://mstestadapter/v4" className="RAWSelectionAssistant.WpfTests.Version230Rc5CoreInteractionHotfixTests" name="Finance_DepositCannotExceedTotal" />
    </UnitTest>
    <UnitTest name="Documents_SupportedDraftFileIsNotMissing (&quot;.docx&quot;)" storage="d:\ai agent\worktrees\pixel-tart-developer-preview-rc6\tests\rawselectionassistant.wpftests\bin\x64\release\net10.0-windows10.0.19041.0\rawselectionassistant.wpftests.dll" id="1dcdac46-5b82-8517-8679-1f499923470f">
      <Execution id="3cf3fea9-4b11-478d-9339-7a392a4b42a0" />
      <TestMethod codeBase="D:\AI AGENT\worktrees\pixel-tart-developer-preview-rc6\tests\RAWSelectionAssistant.WpfTests\bin\x64\Release\net10.0-windows10.0.19041.0\RAWSelectionAssistant.WpfTests.dll" adapterTypeName="executor://mstestadapter/v4" className="RAWSelectionAssistant.WpfTests.Version230Rc5CoreInteractionHotfixTests" name="Documents_SupportedDraftFileIsNotMissing" />
    </UnitTest>
    <UnitTest name="Calendar_DetailsNavigationResetsOverviewScrollAndFocus (&quot;DayDetailsPanel&quot;)" storage="d:\ai agent\worktrees\pixel-tart-developer-preview-rc6\tests\rawselectionassistant.wpftests\bin\x64\release\net10.0-windows10.0.19041.0\rawselectionassistant.wpftests.dll" id="1eb9120a-3c74-8d7c-be6f-38f38e8f1242">
      <Execution id="70087534-88a7-4e56-9c89-39a6a6ffa85e" />
      <TestMethod codeBase="D:\AI AGENT\worktrees\pixel-tart-developer-preview-rc6\tests\RAWSelectionAssistant.WpfTests\bin\x64\Release\net10.0-windows10.0.19041.0\RAWSelectionAssistant.WpfTests.dll" adapterTypeName="executor://mstestadapter/v4" className="RAWSelectionAssistant.WpfTests.Version230Rc5CoreInteractionHotfixTests" name="Calendar_DetailsNavigationResetsOverviewScrollAndFocus" />
    </UnitTest>
    <UnitTest name="Finance_OverpaymentWarnsAndNeverDisplaysNegativeReceivable" storage="d:\ai agent\worktrees\pixel-tart-developer-preview-rc6\tests\rawselectionassistant.wpftests\bin\x64\release\net10.0-windows10.0.19041.0\rawselectionassistant.wpftests.dll" id="19883aef-ca7a-83cc-8aad-fc58187beddc">
      <Execution id="99d9e17f-6369-4dbb-a5e6-5379cf0c3c6f" />
      <TestMethod codeBase="D:\AI AGENT\worktrees\pixel-tart-developer-preview-rc6\tests\RAWSelectionAssistant.WpfTests\bin\x64\Release\net10.0-windows10.0.19041.0\RAWSelectionAssistant.WpfTests.dll" adapterTypeName="executor://mstestadapter/v4" className="RAWSelectionAssistant.WpfTests.Version230Rc5CoreInteractionHotfixTests" name="Finance_OverpaymentWarnsAndNeverDisplaysNegativeReceivable" />
    </UnitTest>
    <UnitTest name="Calendar_DetailsNavigationResetsOverviewScrollAndFocus (&quot;DayDetailsNavigationRequested&quot;)" storage="d:\ai agent\worktrees\pixel-tart-developer-preview-rc6\tests\rawselectionassistant.wpftests\bin\x64\release\net10.0-windows10.0.19041.0\rawselectionassistant.wpftests.dll" id="1b73b51e-e401-8a66-bbb5-9c62e5416917">
      <Execution id="0cf9213e-fd1e-4d13-8f81-96a0ea2cbb1c" />
      <TestMethod codeBase="D:\AI AGENT\worktrees\pixel-tart-developer-preview-rc6\tests\RAWSelectionAssistant.WpfTests\bin\x64\Release\net10.0-windows10.0.19041.0\RAWSelectionAssistant.WpfTests.dll" adapterTypeName="executor://mstestadapter/v4" className="RAWSelectionAssistant.WpfTests.Version230Rc5CoreInteractionHotfixTests" name="Calendar_DetailsNavigationResetsOverviewScrollAndFocus" />
    </UnitTest>
    <UnitTest name="Calendar_DayDetailsContainRequiredSummary (&quot;TimeText&quot;)" storage="d:\ai agent\worktrees\pixel-tart-developer-preview-rc6\tests\rawselectionassistant.wpftests\bin\x64\release\net10.0-windows10.0.19041.0\rawselectionassistant.wpftests.dll" id="157a13b2-ca28-8b45-80b3-4c17dedecc01">
      <Execution id="d1e72c6a-1d78-433e-9859-e1b1f1c4a1a2" />
      <TestMethod codeBase="D:\AI AGENT\worktrees\pixel-tart-developer-preview-rc6\tests\RAWSelectionAssistant.WpfTests\bin\x64\Release\net10.0-windows10.0.19041.0\RAWSelectionAssistant.WpfTests.dll" adapterTypeName="executor://mstestadapter/v4" className="RAWSelectionAssistant.WpfTests.Version230Rc5CoreInteractionHotfixTests" name="Calendar_DayDetailsContainRequiredSummary" />
    </UnitTest>
    <UnitTest name="Calendar_ViewDayDetailsUsesRealContextDate (&quot;DaySchedule.Bookings.FirstOrDefault&quot;)" storage="d:\ai agent\worktrees\pixel-tart-developer-preview-rc6\tests\rawselectionassistant.wpftests\bin\x64\release\net10.0-windows10.0.19041.0\rawselectionassistant.wpftests.dll" id="154acfed-24be-84b0-b469-d9e83d56c1db">
      <Execution id="dcefa16d-5c69-4912-bc38-a947fd8e9e29" />
      <TestMethod codeBase="D:\AI AGENT\worktrees\pixel-tart-developer-preview-rc6\tests\RAWSelectionAssistant.WpfTests\bin\x64\Release\net10.0-windows10.0.19041.0\RAWSelectionAssistant.WpfTests.dll" adapterTypeName="executor://mstestadapter/v4" className="RAWSelectionAssistant.WpfTests.Version230Rc5CoreInteractionHotfixTests" name="Calendar_ViewDayDetailsUsesRealContextDate" />
    </UnitTest>
    <UnitTest name="Calendar_DetailsNavigationResetsOverviewScrollAndFocus (&quot;DayDetailsHost&quot;)" storage="d:\ai agent\worktrees\pixel-tart-developer-preview-rc6\tests\rawselectionassistant.wpftests\bin\x64\release\net10.0-windows10.0.19041.0\rawselectionassistant.wpftests.dll" id="1b9dfb8e-fc50-8398-ad2f-000da7268e9a">
      <Execution id="ebc671dd-3ebb-4459-b1aa-8b79e4cefa6c" />
      <TestMethod codeBase="D:\AI AGENT\worktrees\pixel-tart-developer-preview-rc6\tests\RAWSelectionAssistant.WpfTests\bin\x64\Release\net10.0-windows10.0.19041.0\RAWSelectionAssistant.WpfTests.dll" adapterTypeName="executor://mstestadapter/v4" className="RAWSelectionAssistant.WpfTests.Version230Rc5CoreInteractionHotfixTests" name="Calendar_DetailsNavigationResetsOverviewScrollAndFocus" />
    </UnitTest>
    <UnitTest name="Documents_SupportedDraftFileIsNotMissing (&quot;.txt&quot;)" storage="d:\ai agent\worktrees\pixel-tart-developer-preview-rc6\tests\rawselectionassistant.wpftests\bin\x64\release\net10.0-windows10.0.19041.0\rawselectionassistant.wpftests.dll" id="1823d0bf-e7c8-89c7-bf11-a2892a441910">
      <Execution id="0b14091f-0dd3-4467-b5a9-e4d3f78565c1" />
      <TestMethod codeBase="D:\AI AGENT\worktrees\pixel-tart-developer-preview-rc6\tests\RAWSelectionAssistant.WpfTests\bin\x64\Release\net10.0-windows10.0.19041.0\RAWSelectionAssistant.WpfTests.dll" adapterTypeName="executor://mstestadapter/v4" className="RAWSelectionAssistant.WpfTests.Version230Rc5CoreInteractionHotfixTests" name="Documents_SupportedDraftFileIsNotMissing" />
    </UnitTest>
    <UnitTest name="Toolbox_ReleaseCatalogContainsOnlyCoreEntries (Collage)" storage="d:\ai agent\worktrees\pixel-tart-developer-preview-rc6\tests\rawselectionassistant.wpftests\bin\x64\release\net10.0-windows10.0.19041.0\rawselectionassistant.wpftests.dll" id="1752316e-98c7-87d1-9827-a37cd3a7e435">
      <Execution id="a79de0b0-f464-4ec0-b6c6-6878b27c0322" />
      <TestMethod codeBase="D:\AI AGENT\worktrees\pixel-tart-developer-preview-rc6\tests\RAWSelectionAssistant.WpfTests\bin\x64\Release\net10.0-windows10.0.19041.0\RAWSelectionAssistant.WpfTests.dll" adapterTypeName="executor://mstestadapter/v4" className="RAWSelectionAssistant.WpfTests.Version230Rc5CoreInteractionHotfixTests" name="Toolbox_ReleaseCatalogContainsOnlyCoreEntries" />
    </UnitTest>
    <UnitTest name="Finance_DepositCannotExceedTotal (23200,23200,True)" storage="d:\ai agent\worktrees\pixel-tart-developer-preview-rc6\tests\rawselectionassistant.wpftests\bin\x64\release\net10.0-windows10.0.19041.0\rawselectionassistant.wpftests.dll" id="1cdc06e4-82e7-87b9-8997-2513dcef7ed2">
      <Execution id="28f91876-10e3-4b1a-b597-3b769baa5151" />
      <TestMethod codeBase="D:\AI AGENT\worktrees\pixel-tart-developer-preview-rc6\tests\RAWSelectionAssistant.WpfTests\bin\x64\Release\net10.0-windows10.0.19041.0\RAWSelectionAssistant.WpfTests.dll" adapterTypeName="executor://mstestadapter/v4" className="RAWSelectionAssistant.WpfTests.Version230Rc5CoreInteractionHotfixTests" name="Finance_DepositCannotExceedTotal" />
    </UnitTest>
    <UnitTest name="Calendar_WorkflowMapperIsSingleStateSource (Tentative,Scheduled)" storage="d:\ai agent\worktrees\pixel-tart-developer-preview-rc6\tests\rawselectionassistant.wpftests\bin\x64\release\net10.0-windows10.0.19041.0\rawselectionassistant.wpftests.dll" id="1070e493-38ff-8898-8f26-b386dbf98ff7">
      <Execution id="83f7f63c-19c5-4e75-b52c-ace1599c69a2" />
      <TestMethod codeBase="D:\AI AGENT\worktrees\pixel-tart-developer-preview-rc6\tests\RAWSelectionAssistant.WpfTests\bin\x64\Release\net10.0-windows10.0.19041.0\RAWSelectionAssistant.WpfTests.dll" adapterTypeName="executor://mstestadapter/v4" className="RAWSelectionAssistant.WpfTests.Version230Rc5CoreInteractionHotfixTests" name="Calendar_WorkflowMapperIsSingleStateSource" />
    </UnitTest>
    <UnitTest name="Calendar_ViewDayDetailsUsesRealContextDate (&quot;OpenDayDetailsForDateAsync&quot;)" storage="d:\ai agent\worktrees\pixel-tart-developer-preview-rc6\tests\rawselectionassistant.wpftests\bin\x64\release\net10.0-windows10.0.19041.0\rawselectionassistant.wpftests.dll" id="13530d78-3996-8416-b35a-2d5489c5b2c1">
      <Execution id="b557be55-bc3c-4792-bfa1-574ea7b39919" />
      <TestMethod codeBase="D:\AI AGENT\worktrees\pixel-tart-developer-preview-rc6\tests\RAWSelectionAssistant.WpfTests\bin\x64\Release\net10.0-windows10.0.19041.0\RAWSelectionAssistant.WpfTests.dll" adapterTypeName="executor://mstestadapter/v4" className="RAWSelectionAssistant.WpfTests.Version230Rc5CoreInteractionHotfixTests" name="Calendar_ViewDayDetailsUsesRealContextDate" />
    </UnitTest>
    <UnitTest name="Calendar_DayDetailsContainRequiredSummary (&quot;ClientDisplayName&quot;)" storage="d:\ai agent\worktrees\pixel-tart-developer-preview-rc6\tests\rawselectionassistant.wpftests\bin\x64\release\net10.0-windows10.0.19041.0\rawselectionassistant.wpftests.dll" id="15c5f81f-0a54-8dff-a674-7cf931883b36">
      <Execution id="6dc774cd-6be1-49b4-abc1-ea00a9c34d75" />
      <TestMethod codeBase="D:\AI AGENT\worktrees\pixel-tart-developer-preview-rc6\tests\RAWSelectionAssistant.WpfTests\bin\x64\Release\net10.0-windows10.0.19041.0\RAWSelectionAssistant.WpfTests.dll" adapterTypeName="executor://mstestadapter/v4" className="RAWSelectionAssistant.WpfTests.Version230Rc5CoreInteractionHotfixTests" name="Calendar_DayDetailsContainRequiredSummary" />
    </UnitTest>
    <UnitTest name="Calendar_DarkThemeUsesVisibleFiveStatePalette (&quot;CalendarStatusDeliveredBrush&quot;,&quot;#3E8ED0&quot;)" storage="d:\ai agent\worktrees\pixel-tart-developer-preview-rc6\tests\rawselectionassistant.wpftests\bin\x64\release\net10.0-windows10.0.19041.0\rawselectionassistant.wpftests.dll" id="1e0df697-7fdc-8bea-89d1-a6fe428a3430">
      <Execution id="e3231f12-3472-4bfd-ae21-214484394703" />
      <TestMethod codeBase="D:\AI AGENT\worktrees\pixel-tart-developer-preview-rc6\tests\RAWSelectionAssistant.WpfTests\bin\x64\Release\net10.0-windows10.0.19041.0\RAWSelectionAssistant.WpfTests.dll" adapterTypeName="executor://mstestadapter/v4" className="RAWSelectionAssistant.WpfTests.Version230Rc5CoreInteractionHotfixTests" name="Calendar_DarkThemeUsesVisibleFiveStatePalette" />
    </UnitTest>
    <UnitTest name="Calendar_WorkflowMapperIsSingleStateSource (AwaitingSelection,PendingDelivery)" storage="d:\ai agent\worktrees\pixel-tart-developer-preview-rc6\tests\rawselectionassistant.wpftests\bin\x64\release\net10.0-windows10.0.19041.0\rawselectionassistant.wpftests.dll" id="149b49e6-459e-8754-9ace-8e2accb494c7">
      <Execution id="6ea645e1-cd45-4939-a2c9-3327a8c145cd" />
      <TestMethod codeBase="D:\AI AGENT\worktrees\pixel-tart-developer-preview-rc6\tests\RAWSelectionAssistant.WpfTests\bin\x64\Release\net10.0-windows10.0.19041.0\RAWSelectionAssistant.WpfTests.dll" adapterTypeName="executor://mstestadapter/v4" className="RAWSelectionAssistant.WpfTests.Version230Rc5CoreInteractionHotfixTests" name="Calendar_WorkflowMapperIsSingleStateSource" />
    </UnitTest>
    <UnitTest name="Toolbox_ReleaseCatalogContainsOnlyCoreEntries (BatchCompress)" storage="d:\ai agent\worktrees\pixel-tart-developer-preview-rc6\tests\rawselectionassistant.wpftests\bin\x64\release\net10.0-windows10.0.19041.0\rawselectionassistant.wpftests.dll" id="17280536-4195-8406-b4c0-c03bf977d1bf">
      <Execution id="7e025712-d8b0-46ba-8610-c951f4f17cd0" />
      <TestMethod codeBase="D:\AI AGENT\worktrees\pixel-tart-developer-preview-rc6\tests\RAWSelectionAssistant.WpfTests\bin\x64\Release\net10.0-windows10.0.19041.0\RAWSelectionAssistant.WpfTests.dll" adapterTypeName="executor://mstestadapter/v4" className="RAWSelectionAssistant.WpfTests.Version230Rc5CoreInteractionHotfixTests" name="Toolbox_ReleaseCatalogContainsOnlyCoreEntries" />
    </UnitTest>
    <UnitTest name="Toolbox_PinUsesAccessibleVectorState (&quot;固定到工作台&quot;)" storage="d:\ai agent\worktrees\pixel-tart-developer-preview-rc6\tests\rawselectionassistant.wpftests\bin\x64\release\net10.0-windows10.0.19041.0\rawselectionassistant.wpftests.dll" id="1adecbaf-ed72-8761-8410-1e07576f1af2">
      <Execution id="7f529d8f-4fb3-4227-a4ea-a2babce63135" />
      <TestMethod codeBase="D:\AI AGENT\worktrees\pixel-tart-developer-preview-rc6\tests\RAWSelectionAssistant.WpfTests\bin\x64\Release\net10.0-windows10.0.19041.0\RAWSelectionAssistant.WpfTests.dll" adapterTypeName="executor://mstestadapter/v4" className="RAWSelectionAssistant.WpfTests.Version230Rc5CoreInteractionHotfixTests" name="Toolbox_PinUsesAccessibleVectorState" />
    </UnitTest>
    <UnitTest name="Finance_DepositCannotExceedTotal (23200,44400,False)" storage="d:\ai agent\worktrees\pixel-tart-developer-preview-rc6\tests\rawselectionassistant.wpftests\bin\x64\release\net10.0-windows10.0.19041.0\rawselectionassistant.wpftests.dll" id="1aff1903-48ce-83b4-aee4-b225f1c7862b">
      <Execution id="654dc275-dd29-4087-aae5-851f0a058f8e" />
      <TestMethod codeBase="D:\AI AGENT\worktrees\pixel-tart-developer-preview-rc6\tests\RAWSelectionAssistant.WpfTests\bin\x64\Release\net10.0-windows10.0.19041.0\RAWSelectionAssistant.WpfTests.dll" adapterTypeName="executor://mstestadapter/v4" className="RAWSelectionAssistant.WpfTests.Version230Rc5CoreInteractionHotfixTests" name="Finance_DepositCannotExceedTotal" />
    </UnitTest>
    <UnitTest name="Calendar_DarkThemeUsesVisibleFiveStatePalette (&quot;CalendarStatusScheduledBrush&quot;,&quot;#E05252&quot;)" storage="d:\ai agent\worktrees\pixel-tart-developer-preview-rc6\tests\rawselectionassistant.wpftests\bin\x64\release\net10.0-windows10.0.19041.0\rawselectionassistant.wpftests.dll" id="14383bf6-e449-8dba-98e4-12f015fcf0eb">
      <Execution id="584fddbd-4fcb-400e-9925-63b7bf26bd0d" />
      <TestMethod codeBase="D:\AI AGENT\worktrees\pixel-tart-developer-preview-rc6\tests\RAWSelectionAssistant.WpfTests\bin\x64\Release\net10.0-windows10.0.19041.0\RAWSelectionAssistant.WpfTests.dll" adapterTypeName="executor://mstestadapter/v4" className="RAWSelectionAssistant.WpfTests.Version230Rc5CoreInteractionHotfixTests" name="Calendar_DarkThemeUsesVisibleFiveStatePalette" />
    </UnitTest>
    <UnitTest name="Calendar_DayDetailsContainRequiredSummary (&quot;StatusText&quot;)" storage="d:\ai agent\worktrees\pixel-tart-developer-preview-rc6\tests\rawselectionassistant.wpftests\bin\x64\release\net10.0-windows10.0.19041.0\rawselectionassistant.wpftests.dll" id="18a034a3-dfef-8d47-b5fd-0ca1661cd527">
      <Execution id="ec2c5bf0-6a65-4d45-ae28-7e303880a5e1" />
      <TestMethod codeBase="D:\AI AGENT\worktrees\pixel-tart-developer-preview-rc6\tests\RAWSelectionAssistant.WpfTests\bin\x64\Release\net10.0-windows10.0.19041.0\RAWSelectionAssistant.WpfTests.dll" adapterTypeName="executor://mstestadapter/v4" className="RAWSelectionAssistant.WpfTests.Version230Rc5CoreInteractionHotfixTests" name="Calendar_DayDetailsContainRequiredSummary" />
    </UnitTest>
    <UnitTest name="Toolbox_ReleaseCatalogHidesLowValueEntries (FtpTool)" storage="d:\ai agent\worktrees\pixel-tart-developer-preview-rc6\tests\rawselectionassistant.wpftests\bin\x64\release\net10.0-windows10.0.19041.0\rawselectionassistant.wpftests.dll" id="12a2d3fe-0ed3-8c62-9a3b-36f330354240">
      <Execution id="21c1f3f3-ed53-4f46-84d1-027af9ee30ee" />
      <TestMethod codeBase="D:\AI AGENT\worktrees\pixel-tart-developer-preview-rc6\tests\RAWSelectionAssistant.WpfTests\bin\x64\Release\net10.0-windows10.0.19041.0\RAWSelectionAssistant.WpfTests.dll" adapterTypeName="executor://mstestadapter/v4" className="RAWSelectionAssistant.WpfTests.Version230Rc5CoreInteractionHotfixTests" name="Toolbox_ReleaseCatalogHidesLowValueEntries" />
    </UnitTest>
    <UnitTest name="Toolbox_ReleaseCatalogContainsOnlyCoreEntries (LocalSplit)" storage="d:\ai agent\worktrees\pixel-tart-developer-preview-rc6\tests\rawselectionassistant.wpftests\bin\x64\release\net10.0-windows10.0.19041.0\rawselectionassistant.wpftests.dll" id="16ca2c76-6f9c-8498-b249-29b1659c0de8">
      <Execution id="09a16a5e-ffc7-4e5b-ac88-0899157e3be8" />
      <TestMethod codeBase="D:\AI AGENT\worktrees\pixel-tart-developer-preview-rc6\tests\RAWSelectionAssistant.WpfTests\bin\x64\Release\net10.0-windows10.0.19041.0\RAWSelectionAssistant.WpfTests.dll" adapterTypeName="executor://mstestadapter/v4" className="RAWSelectionAssistant.WpfTests.Version230Rc5CoreInteractionHotfixTests" name="Toolbox_ReleaseCatalogContainsOnlyCoreEntries" />
    </UnitTest>
    <UnitTest name="Documents_SupportedDraftFileIsNotMissing (&quot;.pptx&quot;)" storage="d:\ai agent\worktrees\pixel-tart-developer-preview-rc6\tests\rawselectionassistant.wpftests\bin\x64\release\net10.0-windows10.0.19041.0\rawselectionassistant.wpftests.dll" id="1f318d2f-feb4-8112-8c2c-65bdc7edc992">
      <Execution id="00d70ac0-0c6a-48a3-aba0-f2172cc30b72" />
      <TestMethod codeBase="D:\AI AGENT\worktrees\pixel-tart-developer-preview-rc6\tests\RAWSelectionAssistant.WpfTests\bin\x64\Release\net10.0-windows10.0.19041.0\RAWSelectionAssistant.WpfTests.dll" adapterTypeName="executor://mstestadapter/v4" className="RAWSelectionAssistant.WpfTests.Version230Rc5CoreInteractionHotfixTests" name="Documents_SupportedDraftFileIsNotMissing" />
    </UnitTest>
    <UnitTest name="Calendar_DayNumberBadgeUsesRealWorkflowState (&quot;MonthCalendarView.xaml&quot;)" storage="d:\ai agent\worktrees\pixel-tart-developer-preview-rc6\tests\rawselectionassistant.wpftests\bin\x64\release\net10.0-windows10.0.19041.0\rawselectionassistant.wpftests.dll" id="1dc38f53-747c-871c-ac9b-4bef25622844">
      <Execution id="4862ab46-874a-49ba-a31a-0f13ad0f6858" />
      <TestMethod codeBase="D:\AI AGENT\worktrees\pixel-tart-developer-preview-rc6\tests\RAWSelectionAssistant.WpfTests\bin\x64\Release\net10.0-windows10.0.19041.0\RAWSelectionAssistant.WpfTests.dll" adapterTypeName="executor://mstestadapter/v4" className="RAWSelectionAssistant.WpfTests.Version230Rc5CoreInteractionHotfixTests" name="Calendar_DayNumberBadgeUsesRealWorkflowState" />
    </UnitTest>
    <UnitTest name="Toolbox_ReleaseCatalogHidesLowValueEntries (BatchRename)" storage="d:\ai agent\worktrees\pixel-tart-developer-preview-rc6\tests\rawselectionassistant.wpftests\bin\x64\release\net10.0-windows10.0.19041.0\rawselectionassistant.wpftests.dll" id="1f445299-bb6a-872d-951d-48ce365a67b1">
      <Execution id="24a798a4-8ad2-4b81-b265-ed267a168b33" />
      <TestMethod codeBase="D:\AI AGENT\worktrees\pixel-tart-developer-preview-rc6\tests\RAWSelectionAssistant.WpfTests\bin\x64\Release\net10.0-windows10.0.19041.0\RAWSelectionAssistant.WpfTests.dll" adapterTypeName="executor://mstestadapter/v4" className="RAWSelectionAssistant.WpfTests.Version230Rc5CoreInteractionHotfixTests" name="Toolbox_ReleaseCatalogHidesLowValueEntries" />
    </UnitTest>
    <UnitTest name="Toolbox_PinUsesAccessibleVectorState (&quot;Width=&quot;32&quot; Height=&quot;32&quot;&quot;)" storage="d:\ai agent\worktrees\pixel-tart-developer-preview-rc6\tests\rawselectionassistant.wpftests\bin\x64\release\net10.0-windows10.0.19041.0\rawselectionassistant.wpftests.dll" id="10aabc4e-b87c-844f-b46b-f0c2a71456fa">
      <Execution id="cf465015-61b0-43d0-9f42-20dcf99784d3" />
[...]
      <Execution id="6ec752d3-cdf7-461c-b518-d131d63b11c4" />
      <TestMethod codeBase="D:\AI AGENT\worktrees\pixel-tart-developer-preview-rc6\tests\RAWSelectionAssistant.WpfTests\bin\x64\Release\net10.0-windows10.0.19041.0\RAWSelectionAssistant.WpfTests.dll" adapterTypeName="executor://mstestadapter/v4" className="RAWSelectionAssistant.WpfTests.Version230Rc5CoreInteractionHotfixTests" name="Calendar_WorkflowMapperIsSingleStateSource" />
    </UnitTest>
    <UnitTest name="Calendar_StatusSaveRefreshesAllSharedConsumers" storage="d:\ai agent\worktrees\pixel-tart-developer-preview-rc6\tests\rawselectionassistant.wpftests\bin\x64\release\net10.0-windows10.0.19041.0\rawselectionassistant.wpftests.dll" id="187581e3-9cd1-8dc9-85ee-de8c9fab42ab">
      <Execution id="93ccb9eb-da1a-41e4-a6ce-53240ede980d" />
      <TestMethod codeBase="D:\AI AGENT\worktrees\pixel-tart-developer-preview-rc6\tests\RAWSelectionAssistant.WpfTests\bin\x64\Release\net10.0-windows10.0.19041.0\RAWSelectionAssistant.WpfTests.dll" adapterTypeName="executor://mstestadapter/v4" className="RAWSelectionAssistant.WpfTests.Version230Rc5CoreInteractionHotfixTests" name="Calendar_StatusSaveRefreshesAllSharedConsumers" />
    </UnitTest>
    <UnitTest name="Calendar_DetailsNavigationResetsOverviewScrollAndFocus (&quot;PrepareForNavigation&quot;)" storage="d:\ai agent\worktrees\pixel-tart-developer-preview-rc6\tests\rawselectionassistant.wpftests\bin\x64\release\net10.0-windows10.0.19041.0\rawselectionassistant.wpftests.dll" id="1f524525-2b61-83dc-a954-46c6923eea7c">
      <Execution id="f8319d8b-f767-4534-be8b-1926038ac719" />
      <TestMethod codeBase="D:\AI AGENT\worktrees\pixel-tart-developer-preview-rc6\tests\RAWSelectionAssistant.WpfTests\bin\x64\Release\net10.0-windows10.0.19041.0\RAWSelectionAssistant.WpfTests.dll" adapterTypeName="executor://mstestadapter/v4" className="RAWSelectionAssistant.WpfTests.Version230Rc5CoreInteractionHotfixTests" name="Calendar_DetailsNavigationResetsOverviewScrollAndFocus" />
    </UnitTest>
    <UnitTest name="Toolbox_PinUsesAccessibleVectorState (&quot;ToolIconPinFilled&quot;)" storage="d:\ai agent\worktrees\pixel-tart-developer-preview-rc6\tests\rawselectionassistant.wpftests\bin\x64\release\net10.0-windows10.0.19041.0\rawselectionassistant.wpftests.dll" id="19c244fd-3c25-8e4f-bb3f-308b966cb20a">
      <Execution id="c0fe4573-cb0d-475f-bd63-4588b0637619" />
      <TestMethod codeBase="D:\AI AGENT\worktrees\pixel-tart-developer-preview-rc6\tests\RAWSelectionAssistant.WpfTests\bin\x64\Release\net10.0-windows10.0.19041.0\RAWSelectionAssistant.WpfTests.dll" adapterTypeName="executor://mstestadapter/v4" className="RAWSelectionAssistant.WpfTests.Version230Rc5CoreInteractionHotfixTests" name="Toolbox_PinUsesAccessibleVectorState" />
    </UnitTest>
    <UnitTest name="Toolbox_PinUsesAccessibleVectorState (&quot;ToolIconPinOutline&quot;)" storage="d:\ai agent\worktrees\pixel-tart-developer-preview-rc6\tests\rawselectionassistant.wpftests\bin\x64\release\net10.0-windows10.0.19041.0\rawselectionassistant.wpftests.dll" id="14f3895c-0c5c-8758-8f56-4ba6c1e19ae8">
      <Execution id="5e1e7356-83ef-4cee-bedd-7c9640ceaaae" />
      <TestMethod codeBase="D:\AI AGENT\worktrees\pixel-tart-developer-preview-rc6\tests\RAWSelectionAssistant.WpfTests\bin\x64\Release\net10.0-windows10.0.19041.0\RAWSelectionAssistant.WpfTests.dll" adapterTypeName="executor://mstestadapter/v4" className="RAWSelectionAssistant.WpfTests.Version230Rc5CoreInteractionHotfixTests" name="Toolbox_PinUsesAccessibleVectorState" />
    </UnitTest>
    <UnitTest name="Toolbox_PinUsesAccessibleVectorState (&quot;已固定&quot;)" storage="d:\ai agent\worktrees\pixel-tart-developer-preview-rc6\tests\rawselectionassistant.wpftests\bin\x64\release\net10.0-windows10.0.19041.0\rawselectionassistant.wpftests.dll" id="15ef4cb1-3475-8b81-a398-f8f738c85e23">
      <Execution id="dbcbd988-fb65-43d7-888d-1024c1334cd2" />
      <TestMethod codeBase="D:\AI AGENT\worktrees\pixel-tart-developer-preview-rc6\tests\RAWSelectionAssistant.WpfTests\bin\x64\Release\net10.0-windows10.0.19041.0\RAWSelectionAssistant.WpfTests.dll" adapterTypeName="executor://mstestadapter/v4" className="RAWSelectionAssistant.WpfTests.Version230Rc5CoreInteractionHotfixTests" name="Toolbox_PinUsesAccessibleVectorState" />
    </UnitTest>
    <UnitTest name="Calendar_ViewDayDetailsUsesRealContextDate (&quot;NavigateToCalendarDetailsAsync&quot;)" storage="d:\ai agent\worktrees\pixel-tart-developer-preview-rc6\tests\rawselectionassistant.wpftests\bin\x64\release\net10.0-windows10.0.19041.0\rawselectionassistant.wpftests.dll" id="1f30aad3-299f-8b81-aa05-57812458124f">
      <Execution id="096f566f-4dcf-493b-847e-a5da4ebfd19c" />
      <TestMethod codeBase="D:\AI AGENT\worktrees\pixel-tart-developer-preview-rc6\tests\RAWSelectionAssistant.WpfTests\bin\x64\Release\net10.0-windows10.0.19041.0\RAWSelectionAssistant.WpfTests.dll" adapterTypeName="executor://mstestadapter/v4" className="RAWSelectionAssistant.WpfTests.Version230Rc5CoreInteractionHotfixTests" name="Calendar_ViewDayDetailsUsesRealContextDate" />
    </UnitTest>
    <UnitTest name="Calendar_DayDetailsContainRequiredSummary (&quot;Title&quot;)" storage="d:\ai agent\worktrees\pixel-tart-developer-preview-rc6\tests\rawselectionassistant.wpftests\bin\x64\release\net10.0-windows10.0.19041.0\rawselectionassistant.wpftests.dll" id="1a1f01e2-13b3-8520-b360-ffc67c6c7bcd">
      <Execution id="feaf0e49-8f42-4565-9045-dfb058b88c58" />
      <TestMethod codeBase="D:\AI AGENT\worktrees\pixel-tart-developer-preview-rc6\tests\RAWSelectionAssistant.WpfTests\bin\x64\Release\net10.0-windows10.0.19041.0\RAWSelectionAssistant.WpfTests.dll" adapterTypeName="executor://mstestadapter/v4" className="RAWSelectionAssistant.WpfTests.Version230Rc5CoreInteractionHotfixTests" name="Calendar_DayDetailsContainRequiredSummary" />
    </UnitTest>
    <UnitTest name="Toolbox_WatermarkIsPreviewAndNeverDefaultPinned" storage="d:\ai agent\worktrees\pixel-tart-developer-preview-rc6\tests\rawselectionassistant.wpftests\bin\x64\release\net10.0-windows10.0.19041.0\rawselectionassistant.wpftests.dll" id="1f649bd8-e0e4-8da0-be29-db1f88c677b7">
      <Execution id="57cacb28-0f59-4806-8676-08c5c685c2e1" />
      <TestMethod codeBase="D:\AI AGENT\worktrees\pixel-tart-developer-preview-rc6\tests\RAWSelectionAssistant.WpfTests\bin\x64\Release\net10.0-windows10.0.19041.0\RAWSelectionAssistant.WpfTests.dll" adapterTypeName="executor://mstestadapter/v4" className="RAWSelectionAssistant.WpfTests.Version230Rc5CoreInteractionHotfixTests" name="Toolbox_WatermarkIsPreviewAndNeverDefaultPinned" />
    </UnitTest>
    <UnitTest name="Calendar_FullViewUsesDirectRuntimeDayStateTriggers" storage="d:\ai agent\worktrees\pixel-tart-developer-preview-rc6\tests\rawselectionassistant.wpftests\bin\x64\release\net10.0-windows10.0.19041.0\rawselectionassistant.wpftests.dll" id="19fe93bb-3bcd-8706-8363-dbcc21e4ae34">
      <Execution id="81c17e8f-bfa2-4490-86d5-99af9d006a17" />
      <TestMethod codeBase="D:\AI AGENT\worktrees\pixel-tart-developer-preview-rc6\tests\RAWSelectionAssistant.WpfTests\bin\x64\Release\net10.0-windows10.0.19041.0\RAWSelectionAssistant.WpfTests.dll" adapterTypeName="executor://mstestadapter/v4" className="RAWSelectionAssistant.WpfTests.Version230Rc5CoreInteractionHotfixTests" name="Calendar_FullViewUsesDirectRuntimeDayStateTriggers" />
    </UnitTest>
  </TestDefinitions>
  <TestEntries>
    <TestEntry testId="14a4cfeb-f0f4-8e61-9bb2-f94e553d1d0a" executionId="86e47812-f18a-4bea-9e83-a53effe58340" testListId="8c84fa94-04c1-424b-9868-57a2d4851a1d" />
    <TestEntry testId="1c2d793c-063a-8cb0-a3d4-60ffdf637c67" executionId="4ae2b0da-a162-43d2-902f-ead10f21903b" testListId="8c84fa94-04c1-424b-9868-57a2d4851a1d" />
    <TestEntry testId="1cb896e9-3324-8ad2-aa1b-42cb51a7ee0e" executionId="9973b98f-dfc9-448f-9b0a-301433e8bade" testListId="8c84fa94-04c1-424b-9868-57a2d4851a1d" />
    <TestEntry testId="15ef4cb1-3475-8b81-a398-f8f738c85e23" executionId="dbcbd988-fb65-43d7-888d-1024c1334cd2" testListId="8c84fa94-04c1-424b-9868-57a2d4851a1d" />
    <TestEntry testId="114e7203-db4d-83a0-89d1-95ba5d342d48" executionId="4588b551-81df-4eba-8804-81ed8f0c0aca" testListId="8c84fa94-04c1-424b-9868-57a2d4851a1d" />
    <TestEntry testId="17f8610f-c192-822a-b303-1bc9ca32cd83" executionId="2ad11a08-9f00-4d5c-877c-960ca55c63bd" testListId="8c84fa94-04c1-424b-9868-57a2d4851a1d" />
    <TestEntry testId="166d595e-9d51-8dc5-b27f-3eb6d743a2cd" executionId="c04ac20a-81a1-41b5-b51f-9bfcf38eace5" testListId="8c84fa94-04c1-424b-9868-57a2d4851a1d" />
    <TestEntry testId="155e3666-dbdc-8fc2-aef1-a4d5591cb4e6" executionId="26f10b71-6825-4b5f-963e-a12d01e7e210" testListId="8c84fa94-04c1-424b-9868-57a2d4851a1d" />
    <TestEntry testId="15c5f81f-0a54-8dff-a674-7cf931883b36" executionId="6dc774cd-6be1-49b4-abc1-ea00a9c34d75" testListId="8c84fa94-04c1-424b-9868-57a2d4851a1d" />
    <TestEntry testId="10fadda9-6e15-8d2f-b697-e33ec1200c2d" executionId="b5bb9a15-0d34-4be1-b977-a4eed60454f6" testListId="8c84fa94-04c1-424b-9868-57a2d4851a1d" />
    <TestEntry testId="1f649bd8-e0e4-8da0-be29-db1f88c677b7" executionId="57cacb28-0f59-4806-8676-08c5c685c2e1" testListId="8c84fa94-04c1-424b-9868-57a2d4851a1d" />
    <TestEntry testId="14f3895c-0c5c-8758-8f56-4ba6c1e19ae8" executionId="5e1e7356-83ef-4cee-bedd-7c9640ceaaae" testListId="8c84fa94-04c1-424b-9868-57a2d4851a1d" />
    <TestEntry testId="1101feb8-4f71-8738-ab9e-67639a7e71f6" executionId="eca67f33-9169-4767-b222-b4535ac92533" testListId="8c84fa94-04c1-424b-9868-57a2d4851a1d" />
    <TestEntry testId="1aff1903-48ce-83b4-aee4-b225f1c7862b" executionId="654dc275-dd29-4087-aae5-851f0a058f8e" testListId="8c84fa94-04c1-424b-9868-57a2d4851a1d" />
    <TestEntry testId="133b74b7-f453-8250-994b-9de0d9f53e42" executionId="32ec685f-3d38-4d18-a1b3-e3485425d9f0" testListId="8c84fa94-04c1-424b-9868-57a2d4851a1d" />
    <TestEntry testId="16ca2c76-6f9c-8498-b249-29b1659c0de8" executionId="09a16a5e-ffc7-4e5b-ac88-0899157e3be8" testListId="8c84fa94-04c1-424b-9868-57a2d4851a1d" />
    <TestEntry testId="1167afc5-6eb6-85dc-82d1-c5824fd11d36" executionId="ef45d750-b496-4ca8-95e4-d47154ccbecb" testListId="8c84fa94-04c1-424b-9868-57a2d4851a1d" />
    <TestEntry testId="18cfd134-6db7-83d2-be3b-2d76452a7c4e" executionId="b25ea6e0-e867-493d-8f3b-e8f76c9e8d00" testListId="8c84fa94-04c1-424b-9868-57a2d4851a1d" />
    <TestEntry testId="12e767a7-4bf1-8af6-87de-be90f8406466" executionId="dd0188d8-d286-4917-a567-ad171407677f" testListId="8c84fa94-04c1-424b-9868-57a2d4851a1d" />
    <TestEntry testId="17280536-4195-8406-b4c0-c03bf977d1bf" executionId="7e025712-d8b0-46ba-8610-c951f4f17cd0" testListId="8c84fa94-04c1-424b-9868-57a2d4851a1d" />
    <TestEntry testId="171dd61f-c489-817d-aa46-126b96854ec6" executionId="24513a32-63d4-450a-8e62-453a88788bca" testListId="8c84fa94-04c1-424b-9868-57a2d4851a1d" />
    <TestEntry testId="1e0df697-7fdc-8bea-89d1-a6fe428a3430" executionId="e3231f12-3472-4bfd-ae21-214484394703" testListId="8c84fa94-04c1-424b-9868-57a2d4851a1d" />
    <TestEntry testId="1e226353-ed02-89b5-922d-091189cd28f2" executionId="b91d76ed-1d36-4e39-b64b-9486c3104d50" testListId="8c84fa94-04c1-424b-9868-57a2d4851a1d" />
    <TestEntry testId="1b73b51e-e401-8a66-bbb5-9c62e5416917" executionId="0cf9213e-fd1e-4d13-8f81-96a0ea2cbb1c" testListId="8c84fa94-04c1-424b-9868-57a2d4851a1d" />
    <TestEntry testId="154d0586-5c30-8700-b6b3-bc45be10ecc6" executionId="08f5165a-865b-4af6-a0cf-299f531e9b9d" testListId="8c84fa94-04c1-424b-9868-57a2d4851a1d" />
    <TestEntry testId="157a13b2-ca28-8b45-80b3-4c17dedecc01" executionId="d1e72c6a-1d78-433e-9859-e1b1f1c4a1a2" testListId="8c84fa94-04c1-424b-9868-57a2d4851a1d" />
    <TestEntry testId="1823d0bf-e7c8-89c7-bf11-a2892a441910" executionId="0b14091f-0dd3-4467-b5a9-e4d3f78565c1" testListId="8c84fa94-04c1-424b-9868-57a2d4851a1d" />
    <TestEntry testId="19fe93bb-3bcd-8706-8363-dbcc21e4ae34" executionId="81c17e8f-bfa2-4490-86d5-99af9d006a17" testListId="8c84fa94-04c1-424b-9868-57a2d4851a1d" />
    <TestEntry testId="1f30aad3-299f-8b81-aa05-57812458124f" executionId="096f566f-4dcf-493b-847e-a5da4ebfd19c" testListId="8c84fa94-04c1-424b-9868-57a2d4851a1d" />
    <TestEntry testId="1d92e2a4-f1bf-80ab-8091-a60147bdf66d" executionId="9420e5c4-d58e-4a73-94a1-ece85e911309" testListId="8c84fa94-04c1-424b-9868-57a2d4851a1d" />
    <TestEntry testId="12ade078-23d9-8e3f-aea7-78fdf7677033" executionId="1d4cf848-dbe1-4ab7-a0df-1fd872ced6b6" testListId="8c84fa94-04c1-424b-9868-57a2d4851a1d" />
    <TestEntry testId="1f524525-2b61-83dc-a954-46c6923eea7c" executionId="f8319d8b-f767-4534-be8b-1926038ac719" testListId="8c84fa94-04c1-424b-9868-57a2d4851a1d" />
    <TestEntry testId="1dc38f53-747c-871c-ac9b-4bef25622844" executionId="4862ab46-874a-49ba-a31a-0f13ad0f6858" testListId="8c84fa94-04c1-424b-9868-57a2d4851a1d" />
    <TestEntry testId="12a2d3fe-0ed3-8c62-9a3b-36f330354240" executionId="21c1f3f3-ed53-4f46-84d1-027af9ee30ee" testListId="8c84fa94-04c1-424b-9868-57a2d4851a1d" />
    <TestEntry testId="1162fe7f-c3e4-8da0-a954-128df4e3df2b" executionId="8f2d9cd1-6515-4860-a223-edfbd780ded7" testListId="8c84fa94-04c1-424b-9868-57a2d4851a1d" />
    <TestEntry testId="12cba241-30b7-82a7-b151-a16e0a79bf1e" executionId="6ec752d3-cdf7-461c-b518-d131d63b11c4" testListId="8c84fa94-04c1-424b-9868-57a2d4851a1d" />
    <TestEntry testId="132b136a-ffe2-891b-9b6b-09779e909058" executionId="0673c069-3b50-4e4c-bfc0-c390927bc2aa" testListId="8c84fa94-04c1-424b-9868-57a2d4851a1d" />
    <TestEntry testId="11ccf89c-598e-8f0f-9d16-ecf49f4a8111" executionId="487861e8-bd69-4067-b14d-15fc3f37cf18" testListId="8c84fa94-04c1-424b-9868-57a2d4851a1d" />
    <TestEntry testId="10aabc4e-b87c-844f-b46b-f0c2a71456fa" executionId="cf465015-61b0-43d0-9f42-20dcf99784d3" testListId="8c84fa94-04c1-424b-9868-57a2d4851a1d" />
    <TestEntry testId="11a930e2-57d9-8733-b0b3-4499ad5cc619" executionId="dbce60f5-2b7b-4d33-b770-215b4563878c" testListId="8c84fa94-04c1-424b-9868-57a2d4851a1d" />
    <TestEntry testId="149b49e6-459e-8754-9ace-8e2accb494c7" executionId="6ea645e1-cd45-4939-a2c9-3327a8c145cd" testListId="8c84fa94-04c1-424b-9868-57a2d4851a1d" />
    <TestEntry testId="170142b1-1752-8e31-9b73-7108e005d7ac" executionId="6d94d9c6-3dd0-44e1-a2fa-7d4369425c6f" testListId="8c84fa94-04c1-424b-9868-57a2d4851a1d" />
    <TestEntry testId="18ebb526-0727-8c11-8c73-b0b9ac12982a" executionId="824b361e-2d6e-4cf6-a484-77643b1df22d" testListId="8c84fa94-04c1-424b-9868-57a2d4851a1d" />
    <TestEntry testId="15d7855d-8fe8-8269-aaa1-9827f22f1fe3" executionId="5537a96a-e361-4f8a-aac0-377281b31974" testListId="8c84fa94-04c1-424b-9868-57a2d4851a1d" />
    <TestEntry testId="1adecbaf-ed72-8761-8410-1e07576f1af2" executionId="7f529d8f-4fb3-4227-a4ea-a2babce63135" testListId="8c84fa94-04c1-424b-9868-57a2d4851a1d" />
    <TestEntry testId="19c244fd-3c25-8e4f-bb3f-308b966cb20a" executionId="c0fe4573-cb0d-475f-bd63-4588b0637619" testListId="8c84fa94-04c1-424b-9868-57a2d4851a1d" />
    <TestEntry testId="14594839-6db6-874a-91cd-89d1c5a6322d" executionId="55cb45a8-d1ea-4b32-8380-a094d95c0974" testListId="8c84fa94-04c1-424b-9868-57a2d4851a1d" />
    <TestEntry testId="1d4b2d89-0c4a-8e82-9541-33b45a66d97f" executionId="d0de9e12-999f-45cc-88e1-112e84c4e76d" testListId="8c84fa94-04c1-424b-9868-57a2d4851a1d" />
    <TestEntry testId="13530d78-3996-8416-b35a-2d5489c5b2c1" executionId="b557be55-bc3c-4792-bfa1-574ea7b39919" testListId="8c84fa94-04c1-424b-9868-57a2d4851a1d" />
    <TestEntry testId="1feb9b31-ddc3-8a55-b413-089119331ea2" executionId="7014a730-a3cc-425c-a63a-92d6134b57fc" testListId="8c84fa94-04c1-424b-9868-57a2d4851a1d" />
    <TestEntry testId="14383bf6-e449-8dba-98e4-12f015fcf0eb" executionId="584fddbd-4fcb-400e-9925-63b7bf26bd0d" testListId="8c84fa94-04c1-424b-9868-57a2d4851a1d" />
    <TestEntry testId="1eb9120a-3c74-8d7c-be6f-38f38e8f1242" executionId="70087534-88a7-4e56-9c89-39a6a6ffa85e" testListId="8c84fa94-04c1-424b-9868-57a2d4851a1d" />
    <TestEntry testId="1db0b69f-e2bd-8c23-997a-13e03291030b" executionId="3b0d1aee-8593-49c7-98b4-42409abf01b5" testListId="8c84fa94-04c1-424b-9868-57a2d4851a1d" />
    <TestEntry testId="13c69f81-8e81-8213-b518-81a98f0f2fde" executionId="e3024b81-c1ef-49df-8fc9-3673bce030a6" testListId="8c84fa94-04c1-424b-9868-57a2d4851a1d" />
    <TestEntry testId="1b9dfb8e-fc50-8398-ad2f-000da7268e9a" executionId="ebc671dd-3ebb-4459-b1aa-8b79e4cefa6c" testListId="8c84fa94-04c1-424b-9868-57a2d4851a1d" />
    <TestEntry testId="1f19740e-b29d-8382-8391-7144be4b7c7c" executionId="74c3dabe-4a75-4cb8-8d31-7423b8c2a75f" testListId="8c84fa94-04c1-424b-9868-57a2d4851a1d" />
    <TestEntry testId="1752316e-98c7-87d1-9827-a37cd3a7e435" executionId="a79de0b0-f464-4ec0-b6c6-6878b27c0322" testListId="8c84fa94-04c1-424b-9868-57a2d4851a1d" />
    <TestEntry testId="1ab68aef-b5d8-8eb9-b0ab-b457833f4b1a" executionId="121f0cb7-d750-4638-9e3e-a3818e8d2e11" testListId="8c84fa94-04c1-424b-9868-57a2d4851a1d" />
    <TestEntry testId="187581e3-9cd1-8dc9-85ee-de8c9fab42ab" executionId="93ccb9eb-da1a-41e4-a6ce-53240ede980d" testListId="8c84fa94-04c1-424b-9868-57a2d4851a1d" />
    <TestEntry testId="18a034a3-dfef-8d47-b5fd-0ca1661cd527" executionId="ec2c5bf0-6a65-4d45-ae28-7e303880a5e1" testListId="8c84fa94-04c1-424b-9868-57a2d4851a1d" />
    <TestEntry testId="1fb4ec03-14b3-8079-9163-8af89574fc49" executionId="82cbcb47-00ea-46d4-9252-e28e5985757c" testListId="8c84fa94-04c1-424b-9868-57a2d4851a1d" />
    <TestEntry testId="1070e493-38ff-8898-8f26-b386dbf98ff7" executionId="83f7f63c-19c5-4e75-b52c-ace1599c69a2" testListId="8c84fa94-04c1-424b-9868-57a2d4851a1d" />
    <TestEntry testId="115baca1-4b90-8f1e-bed3-dc5c63c8ed0c" executionId="222a12e4-8446-4306-b246-6709d70e29f5" testListId="8c84fa94-04c1-424b-9868-57a2d4851a1d" />
    <TestEntry testId="1cdc06e4-82e7-87b9-8997-2513dcef7ed2" executionId="28f91876-10e3-4b1a-b597-3b769baa5151" testListId="8c84fa94-04c1-424b-9868-57a2d4851a1d" />
    <TestEntry testId="1a3500db-c6ee-8a24-9c2d-ce692864b483" executionId="e1574307-293f-4215-bedd-95ce0b52d730" testListId="8c84fa94-04c1-424b-9868-57a2d4851a1d" />
    <TestEntry testId="1a1f01e2-13b3-8520-b360-ffc67c6c7bcd" executionId="feaf0e49-8f42-4565-9045-dfb058b88c58" testListId="8c84fa94-04c1-424b-9868-57a2d4851a1d" />
    <TestEntry testId="19883aef-ca7a-83cc-8aad-fc58187beddc" executionId="99d9e17f-6369-4dbb-a5e6-5379cf0c3c6f" testListId="8c84fa94-04c1-424b-9868-57a2d4851a1d" />
    <TestEntry testId="1f445299-bb6a-872d-951d-48ce365a67b1" executionId="24a798a4-8ad2-4b81-b265-ed267a168b33" testListId="8c84fa94-04c1-424b-9868-57a2d4851a1d" />
    <TestEntry testId="1f318d2f-feb4-8112-8c2c-65bdc7edc992" executionId="00d70ac0-0c6a-48a3-aba0-f2172cc30b72" testListId="8c84fa94-04c1-424b-9868-57a2d4851a1d" />
    <TestEntry testId="1d298870-9977-8579-9cc6-cf536ca461f3" executionId="1a027d22-3216-4e06-ab8b-c70c8aa3b573" testListId="8c84fa94-04c1-424b-9868-57a2d4851a1d" />
    <TestEntry testId="154acfed-24be-84b0-b469-d9e83d56c1db" executionId="dcefa16d-5c69-4912-bc38-a947fd8e9e29" testListId="8c84fa94-04c1-424b-9868-57a2d4851a1d" />
    <TestEntry testId="1dcdac46-5b82-8517-8679-1f499923470f" executionId="3cf3fea9-4b11-478d-9339-7a392a4b42a0" testListId="8c84fa94-04c1-424b-9868-57a2d4851a1d" />
    <TestEntry testId="17d6f6a3-51a9-89d6-a03a-f522f86435e7" executionId="fdb7d6de-ee15-4cd5-8c09-0bfcf4b3d9cd" testListId="8c84fa94-04c1-424b-9868-57a2d4851a1d" />
  </TestEntries>
  <TestLists>
    <TestList name="列表中未列出的结果" id="8c84fa94-04c1-424b-9868-57a2d4851a1d" />
    <TestList name="所有已加载的结果" id="19431567-8539-422a-85d7-44ee4e166bda" />
  </TestLists>
  <ResultSummary outcome="Completed">
    <Counters total="73" executed="73" passed="73" failed="0" error="0" timeout="0" aborted="0" inconclusive="0" passedButRunAborted="0" notRunnable="0" notExecuted="0" disconnected="0" warning="0" completed="0" inProgress="0" pending="0" />
  </ResultSummary>
</TestRun>