<?xml version="1.0" encoding="utf-8"?>
<TestRun id="65cf5ddf-54ea-478f-8039-9234509474b4" name="Administrator@PC-20250309WEIZ 2026-09-20 18:19:25" runUser="PC-20250309WEIZ\Administrator" xmlns="http://microsoft.com/schemas/VisualStudio/TeamTest/2010">
  <Times creation="2026-09-20T18:19:25.4820844+08:00" queuing="2026-09-20T18:19:25.4820847+08:00" start="2026-09-20T18:19:24.8529084+08:00" finish="2026-09-20T18:19:25.5126161+08:00" />
  <TestSettings name="default" id="b1081da8-1a3e-4641-8a00-0c078727d36c">
    <Deployment runDeploymentRoot="Administrator_PC-20250309WEIZ_2026-09-20_18_19_25" />
  </TestSettings>
  <Results>
    <UnitTestResult executionId="d3be77da-f221-43f2-bf72-d7f620ca73d4" testId="133968d8-28a6-8eb7-a9ff-3b094613f063" testName="BookingVisibleTime_UsesStoredBookingZoneInsteadOfMachineZone" computerName="PC-20250309WEIZ" duration="00:00:00.0039495" startTime="2026-09-20T18:19:25.3244080+08:00" endTime="2026-09-20T18:19:25.3284015+08:00" testType="13cdc9d9-ddb5-4fa4-a97d-d965ccfc6d4b" outcome="Passed" testListId="8c84fa94-04c1-424b-9868-57a2d4851a1d" relativeResultsDirectory="d3be77da-f221-43f2-bf72-d7f620ca73d4" />
    <UnitTestResult executionId="7433a28b-42f7-4f04-b5af-ad86d4d71779" testId="1abaa93c-59dc-8635-80b0-daa76f519658" testName="CalendarThemes_KeepFiveFixedSemanticColorResources (&quot;Theme.Dark.xaml&quot;)" computerName="PC-20250309WEIZ" duration="00:00:00.0003869" startTime="2026-09-20T18:19:25.4235922+08:00" endTime="2026-09-20T18:19:25.4251708+08:00" testType="13cdc9d9-ddb5-4fa4-a97d-d965ccfc6d4b" outcome="Passed" testListId="8c84fa94-04c1-424b-9868-57a2d4851a1d" relativeResultsDirectory="7433a28b-42f7-4f04-b5af-ad86d4d71779" />
    <UnitTestResult executionId="90f7da98-74ad-4f23-b496-39e42da4a333" testId="12cbb0b0-7713-85cc-a725-2e8bc5249c76" testName="Sidebar_PrimaryEntriesUseDistinctVectorKeysAndAccessibleNames" computerName="PC-20250309WEIZ" duration="00:00:00.0009496" startTime="2026-09-20T18:19:25.4510768+08:00" endTime="2026-09-20T18:19:25.4520565+08:00" testType="13cdc9d9-ddb5-4fa4-a97d-d965ccfc6d4b" outcome="Passed" testListId="8c84fa94-04c1-424b-9868-57a2d4851a1d" relativeResultsDirectory="90f7da98-74ad-4f23-b496-39e42da4a333" />
    <UnitTestResult executionId="38179abf-064d-4b1d-981c-ba835665b695" testId="108e976d-959a-89f1-b904-eb7405f825d4" testName="CalendarMixedDay_UsesAtMostThreeSegmentsAndCountText" computerName="PC-20250309WEIZ" duration="00:00:00.0054948" startTime="2026-09-20T18:19:25.4180239+08:00" endTime="2026-09-20T18:19:25.4235676+08:00" testType="13cdc9d9-ddb5-4fa4-a97d-d965ccfc6d4b" outcome="Passed" testListId="8c84fa94-04c1-424b-9868-57a2d4851a1d" relativeResultsDirectory="38179abf-064d-4b1d-981c-ba835665b695" />
    <UnitTestResult executionId="cd3226fc-f387-41ff-8bff-f417509b8153" testId="1ccf9230-a400-8e54-819e-3b78691fed4b" testName="StaffArrival_RoundTripsThroughBookingTimeZone" computerName="PC-20250309WEIZ" duration="00:00:00.0895076" startTime="2026-09-20T18:19:25.3284266+08:00" endTime="2026-09-20T18:19:25.4179853+08:00" testType="13cdc9d9-ddb5-4fa4-a97d-d965ccfc6d4b" outcome="Passed" testListId="8c84fa94-04c1-424b-9868-57a2d4851a1d" relativeResultsDirectory="cd3226fc-f387-41ff-8bff-f417509b8153" />
    <UnitTestResult executionId="f14b7a62-72e2-4e40-ad9e-292819856101" testId="1a756ac8-993f-8327-a708-c02b7b0ddea3" testName="FullCalendar_ExposesPrimaryAndDetailedStatusFilters (&quot;已拍摄&quot;)" computerName="PC-20250309WEIZ" duration="00:00:00.0001780" startTime="2026-09-20T18:19:25.4490935+08:00" endTime="2026-09-20T18:19:25.4492992+08:00" testType="13cdc9d9-ddb5-4fa4-a97d-d965ccfc6d4b" outcome="Passed" testListId="8c84fa94-04c1-424b-9868-57a2d4851a1d" relativeResultsDirectory="f14b7a62-72e2-4e40-ad9e-292819856101" />
    <UnitTestResult executionId="d3b364a3-ff4e-4447-83ed-c6959201baf4" testId="12aa9859-6a5f-8e83-a2ee-4ed644453ffb" testName="TaskCenter_UsesChineseLabelsForEveryLifecycleState" computerName="PC-20250309WEIZ" duration="00:00:00.0054534" startTime="2026-09-20T18:19:25.2967439+08:00" endTime="2026-09-20T18:19:25.3179303+08:00" testType="13cdc9d9-ddb5-4fa4-a97d-d965ccfc6d4b" outcome="Passed" testListId="8c84fa94-04c1-424b-9868-57a2d4851a1d" relativeResultsDirectory="d3b364a3-ff4e-4447-83ed-c6959201baf4" />
    <UnitTestResult executionId="aa461b38-7c5b-4996-98c9-937a10a3a404" testId="1d199473-f7f8-8d0b-8064-645e75b3e061" testName="CalendarDetails_UsesDarkTabsAndImmediateWorkflowSelector" computerName="PC-20250309WEIZ" duration="00:00:00.0006677" startTime="2026-09-20T18:19:25.4503655+08:00" endTime="2026-09-20T18:19:25.4510574+08:00" testType="13cdc9d9-ddb5-4fa4-a97d-d965ccfc6d4b" outcome="Passed" testListId="8c84fa94-04c1-424b-9868-57a2d4851a1d" relativeResultsDirectory="aa461b38-7c5b-4996-98c9-937a10a3a404" />
    <UnitTestResult executionId="862055ad-9277-4690-b6f6-8ebdedb29582" testId="1c5c301e-2d5a-8603-95de-64a4ccd13058" testName="FullCalendar_ExposesPrimaryAndDetailedStatusFilters (&quot;天气风险&quot;)" computerName="PC-20250309WEIZ" duration="00:00:00.0001234" startTime="2026-09-20T18:19:25.4502252+08:00" endTime="2026-09-20T18:19:25.4503586+08:00" testType="13cdc9d9-ddb5-4fa4-a97d-d965ccfc6d4b" outcome="Passed" testListId="8c84fa94-04c1-424b-9868-57a2d4851a1d" relativeResultsDirectory="862055ad-9277-4690-b6f6-8ebdedb29582" />
    <UnitTestResult executionId="353f424b-b276-4e89-87ad-2775d9ff5600" testId="12c2164e-ec2f-8de0-bb5f-586c652cd3ae" testName="FullCalendar_ExposesPrimaryAndDetailedStatusFilters (&quot;DetailedStatusOptions&quot;)" computerName="PC-20250309WEIZ" duration="00:00:00.0001392" startTime="2026-09-20T18:19:25.4499177+08:00" endTime="2026-09-20T18:19:25.4500704+08:00" testType="13cdc9d9-ddb5-4fa4-a97d-d965ccfc6d4b" outcome="Passed" testListId="8c84fa94-04c1-424b-9868-57a2d4851a1d" relativeResultsDirectory="353f424b-b276-4e89-87ad-2775d9ff5600" />
    <UnitTestResult executionId="2bd1844f-32f1-4713-a0b0-caf95f6fe4a8" testId="1172cd57-8568-8d83-81c0-9705996c51c7" testName="Rc5ModifiedViewsRemainValidXaml" computerName="PC-20250309WEIZ" duration="00:00:00.0099562" startTime="2026-09-20T18:19:25.4569771+08:00" endTime="2026-09-20T18:19:25.4679832+08:00" testType="13cdc9d9-ddb5-4fa4-a97d-d965ccfc6d4b" outcome="Passed" testListId="8c84fa94-04c1-424b-9868-57a2d4851a1d" relativeResultsDirectory="2bd1844f-32f1-4713-a0b0-caf95f6fe4a8" />
    <UnitTestResult executionId="45c23a10-1580-4a7c-8381-2d8fe729a60b" testId="1ed33263-2273-8f0b-a92c-a2719440acfb" testName="FullCalendar_ExposesPrimaryAndDetailedStatusFilters (&quot;有拍摄&quot;)" computerName="PC-20250309WEIZ" duration="00:00:00.0004199" startTime="2026-09-20T18:19:25.4485732+08:00" endTime="2026-09-20T18:19:25.4490630+08:00" testType="13cdc9d9-ddb5-4fa4-a97d-d965ccfc6d4b" outcome="Passed" testListId="8c84fa94-04c1-424b-9868-57a2d4851a1d" relativeResultsDirectory="45c23a10-1580-4a7c-8381-2d8fe729a60b" />
    <UnitTestResult executionId="0822eded-3873-43bd-ac85-11b72b5460eb" testId="13f5a684-352c-80b3-b3f3-80b53a8031fb" testName="FullCalendar_ExposesPrimaryAndDetailedStatusFilters (&quot;空闲&quot;)" computerName="PC-20250309WEIZ" duration="00:00:00.0007030" startTime="2026-09-20T18:19:25.4258062+08:00" endTime="2026-09-20T18:19:25.4265344+08:00" testType="13cdc9d9-ddb5-4fa4-a97d-d965ccfc6d4b" outcome="Passed" testListId="8c84fa94-04c1-424b-9868-57a2d4851a1d" relativeResultsDirectory="0822eded-3873-43bd-ac85-11b72b5460eb" />
    <UnitTestResult executionId="7ab45287-9fb3-4408-91b6-cc771c7dbe38" testId="1c3d7b76-5fbe-8bf2-b2b6-53c14ff8988a" testName="FinanceAndDocuments_UseCompactRc5Controls" computerName="PC-20250309WEIZ" duration="00:00:00.0006951" startTime="2026-09-20T18:19:25.4551017+08:00" endTime="2026-09-20T18:19:25.4558236+08:00" testType="13cdc9d9-ddb5-4fa4-a97d-d965ccfc6d4b" outcome="Passed" testListId="8c84fa94-04c1-424b-9868-57a2d4851a1d" relativeResultsDirectory="7ab45287-9fb3-4408-91b6-cc771c7dbe38" />
    <UnitTestResult executionId="c8ddcc8b-2ab9-44a8-8359-4c41f5dc6947" testId="140867ce-432f-874e-adea-3adf7ddc395c" testName="StatusBarAndIsolatedRuntimeHaveExplicitSeparationContracts" computerName="PC-20250309WEIZ" duration="00:00:00.0006145" startTime="2026-09-20T18:19:25.4563225+08:00" endTime="2026-09-20T18:19:25.4569604+08:00" testType="13cdc9d9-ddb5-4fa4-a97d-d965ccfc6d4b" outcome="Passed" testListId="8c84fa94-04c1-424b-9868-57a2d4851a1d" relativeResultsDirectory="c8ddcc8b-2ab9-44a8-8359-4c41f5dc6947" />
    <UnitTestResult executionId="8a629ed2-09b4-461e-aab8-f56709869e63" testId="1f73cb51-28ff-82c2-842b-9f848ae88d8b" testName="CalendarThemes_KeepFiveFixedSemanticColorResources (&quot;Theme.Light.xaml&quot;)" computerName="PC-20250309WEIZ" duration="00:00:00.0003624" startTime="2026-09-20T18:19:25.4251912+08:00" endTime="2026-09-20T18:19:25.4255919+08:00" testType="13cdc9d9-ddb5-4fa4-a97d-d965ccfc6d4b" outcome="Passed" testListId="8c84fa94-04c1-424b-9868-57a2d4851a1d" relativeResultsDirectory="8a629ed2-09b4-461e-aab8-f56709869e63" />
    <UnitTestResult executionId="6c4ba23e-4586-4b28-8b4c-8278ca0fa0ca" testId="17eaf7b1-1cc6-8858-a817-a7a08cf48c88" testName="LocalSplit_BlockerAndInteractionFillRegressionAreRemoved" computerName="PC-20250309WEIZ" duration="00:00:00.0020947" startTime="2026-09-20T18:19:25.3217391+08:00" endTime="2026-09-20T18:19:25.3241133+08:00" testType="13cdc9d9-ddb5-4fa4-a97d-d965ccfc6d4b" outcome="Passed" testListId="8c84fa94-04c1-424b-9868-57a2d4851a1d" relativeResultsDirectory="6c4ba23e-4586-4b28-8b4c-8278ca0fa0ca" />
    <UnitTestResult executionId="265e3302-abd9-4f5a-a71b-e39ac1b238b8" testId="15c39afe-37da-8100-b84b-e74417d51569" testName="Weather_DefaultsToEnabledAutoLocationWithClearFallback" computerName="PC-20250309WEIZ" duration="00:00:00.0010202" startTime="2026-09-20T18:19:25.4540343+08:00" endTime="2026-09-20T18:19:25.4550821+08:00" testType="13cdc9d9-ddb5-4fa4-a97d-d965ccfc6d4b" outcome="Passed" testListId="8c84fa94-04c1-424b-9868-57a2d4851a1d" relativeResultsDirectory="265e3302-abd9-4f5a-a71b-e39ac1b238b8" />
    <UnitTestResult executionId="ee8863a8-8a4f-4be5-8441-dc3fef730af4" testId="13e8fb86-039a-8c09-b617-fa83c1cd6b16" testName="FullCalendar_ExposesPrimaryAndDetailedStatusFilters (&quot;已返图&quot;)" computerName="PC-20250309WEIZ" duration="00:00:00.0001630" startTime="2026-09-20T18:19:25.4497298+08:00" endTime="2026-09-20T18:19:25.4499089+08:00" testType="13cdc9d9-ddb5-4fa4-a97d-d965ccfc6d4b" outcome="Passed" testListId="8c84fa94-04c1-424b-9868-57a2d4851a1d" relativeResultsDirectory="ee8863a8-8a4f-4be5-8441-dc3fef730af4" />
    <UnitTestResult executionId="0a8f13a0-80f2-43d0-a2af-a9f69db2d37d" testId="1a65dee9-4473-8008-a7ff-f64697d32c4a" testName="Sidebar_CollapsedModeUsesDedicatedPanelIcons" computerName="PC-20250309WEIZ" duration="00:00:00.0006668" startTime="2026-09-20T18:19:25.4533090+08:00" endTime="2026-09-20T18:19:25.4540144+08:00" testType="13cdc9d9-ddb5-4fa4-a97d-d965ccfc6d4b" outcome="Passed" testListId="8c84fa94-04c1-424b-9868-57a2d4851a1d" relativeResultsDirectory="0a8f13a0-80f2-43d0-a2af-a9f69db2d37d" />
    <UnitTestResult executionId="594e998a-b504-4d7e-a393-f46842b154f3" testId="1f250f87-e1c6-8041-8d63-4a9bafca7e4d" testName="FullCalendar_ExposesPrimaryAndDetailedStatusFilters (&quot;时间冲突&quot;)" computerName="PC-20250309WEIZ" duration="00:00:00.0001282" startTime="2026-09-20T18:19:25.4500788+08:00" endTime="2026-09-20T18:19:25.4502180+08:00" testType="13cdc9d9-ddb5-4fa4-a97d-d965ccfc6d4b" outcome="Passed" testListId="8c84fa94-04c1-424b-9868-57a2d4851a1d" relativeResultsDirectory="594e998a-b504-4d7e-a393-f46842b154f3" />
    <UnitTestResult executionId="ce3bb46c-6238-4234-93a3-f43fc16076bd" testId="11077562-56b8-8069-879f-f9652b61290c" testName="CalendarThemes_KeepFiveFixedSemanticColorResources (&quot;Theme.HighContrast.xaml&quot;)" computerName="PC-20250309WEIZ" duration="00:00:00.0001590" startTime="2026-09-20T18:19:25.4256123+08:00" endTime="2026-09-20T18:19:25.4257956+08:00" testType="13cdc9d9-ddb5-4fa4-a97d-d965ccfc6d4b" outcome="Passed" testListId="8c84fa94-04c1-424b-9868-57a2d4851a1d" relativeResultsDirectory="ce3bb46c-6238-4234-93a3-f43fc16076bd" />
    <UnitTestResult executionId="418d5ba9-f2a7-42a0-918a-fe71f2284732" testId="131810b0-5a24-8cb4-8483-3953e4f50060" testName="FullCalendar_ExposesPrimaryAndDetailedStatusFilters (&quot;待返图&quot;)" computerName="PC-20250309WEIZ" duration="00:00:00.0003865" startTime="2026-09-20T18:19:25.4493116+08:00" endTime="2026-09-20T18:19:25.4497171+08:00" testType="13cdc9d9-ddb5-4fa4-a97d-d965ccfc6d4b" outcome="Passed" testListId="8c84fa94-04c1-424b-9868-57a2d4851a1d" relativeResultsDirectory="418d5ba9-f2a7-42a0-918a-fe71f2284732" />
    <UnitTestResult executionId="58a7b32f-ad3b-468a-af70-0189a9ff2180" testId="166ef96e-4178-8997-9f8f-f56447686bc9" testName="BookingEditor_UsesDarkStepperAndBoundedContentWidth" computerName="PC-20250309WEIZ" duration="00:00:00.0004408" startTime="2026-09-20T18:19:25.4558408+08:00" endTime="2026-09-20T18:19:25.4563060+08:00" testType="13cdc9d9-ddb5-4fa4-a97d-d965ccfc6d4b" outcome="Passed" testListId="8c84fa94-04c1-424b-9868-57a2d4851a1d" relativeResultsDirectory="58a7b32f-ad3b-468a-af70-0189a9ff2180" />
  </Results>
  <TestDefinitions>
    <UnitTest name="CalendarThemes_KeepFiveFixedSemanticColorResources (&quot;Theme.Light.xaml&quot;)" storage="d:\ai agent\worktrees\pixel-tart-developer-preview-rc6\tests\rawselectionassistant.wpftests\bin\x64\release\net10.0-windows10.0.19041.0\rawselectionassistant.wpftests.dll" id="1f73cb51-28ff-82c2-842b-9f848ae88d8b">
      <Execution id="8a629ed2-09b4-461e-aab8-f56709869e63" />
      <TestMethod codeBase="D:\AI AGENT\worktrees\pixel-tart-developer-preview-rc6\tests\RAWSelectionAssistant.WpfTests\bin\x64\Release\net10.0-windows10.0.19041.0\RAWSelectionAssistant.WpfTests.dll" adapterTypeName="executor://mstestadapter/v4" className="RAWSelectionAssistant.WpfTests.Version230Rc5RuntimePolishTests" name="CalendarThemes_KeepFiveFixedSemanticColorResources" />
    </UnitTest>
    <UnitTest name="TaskCenter_UsesChineseLabelsForEveryLifecycleState" storage="d:\ai agent\worktrees\pixel-tart-developer-preview-rc6\tests\rawselectionassistant.wpftests\bin\x64\release\net10.0-windows10.0.19041.0\rawselectionassistant.wpftests.dll" id="12aa9859-6a5f-8e83-a2ee-4ed644453ffb">
      <Execution id="d3b364a3-ff4e-4447-83ed-c6959201baf4" />
      <TestMethod codeBase="D:\AI AGENT\worktrees\pixel-tart-developer-preview-rc6\tests\RAWSelectionAssistant.WpfTests\bin\x64\Release\net10.0-windows10.0.19041.0\RAWSelectionAssistant.WpfTests.dll" adapterTypeName="executor://mstestadapter/v4" className="RAWSelectionAssistant.WpfTests.Version230Rc5RuntimePolishTests" name="TaskCenter_UsesChineseLabelsForEveryLifecycleState" />
    </UnitTest>
    <UnitTest name="FullCalendar_ExposesPrimaryAndDetailedStatusFilters (&quot;DetailedStatusOptions&quot;)" storage="d:\ai agent\worktrees\pixel-tart-developer-preview-rc6\tests\rawselectionassistant.wpftests\bin\x64\release\net10.0-windows10.0.19041.0\rawselectionassistant.wpftests.dll" id="12c2164e-ec2f-8de0-bb5f-586c652cd3ae">
      <Execution id="353f424b-b276-4e89-87ad-2775d9ff5600" />
      <TestMethod codeBase="D:\AI AGENT\worktrees\pixel-tart-developer-preview-rc6\tests\RAWSelectionAssistant.WpfTests\bin\x64\Release\net10.0-windows10.0.19041.0\RAWSelectionAssistant.WpfTests.dll" adapterTypeName="executor://mstestadapter/v4" className="RAWSelectionAssistant.WpfTests.Version230Rc5RuntimePolishTests" name="FullCalendar_ExposesPrimaryAndDetailedStatusFilters" />
    </UnitTest>
    <UnitTest name="FullCalendar_ExposesPrimaryAndDetailedStatusFilters (&quot;已拍摄&quot;)" storage="d:\ai agent\worktrees\pixel-tart-developer-preview-rc6\tests\rawselectionassistant.wpftests\bin\x64\release\net10.0-windows10.0.19041.0\rawselectionassistant.wpftests.dll" id="1a756ac8-993f-8327-a708-c02b7b0ddea3">
      <Execution id="f14b7a62-72e2-4e40-ad9e-292819856101" />
      <TestMethod codeBase="D:\AI AGENT\worktrees\pixel-tart-developer-preview-rc6\tests\RAWSelectionAssistant.WpfTests\bin\x64\Release\net10.0-windows10.0.19041.0\RAWSelectionAssistant.WpfTests.dll" adapterTypeName="executor://mstestadapter/v4" className="RAWSelectionAssistant.WpfTests.Version230Rc5RuntimePolishTests" name="FullCalendar_ExposesPrimaryAndDetailedStatusFilters" />
    </UnitTest>
    <UnitTest name="LocalSplit_BlockerAndInteractionFillRegressionAreRemoved" storage="d:\ai agent\worktrees\pixel-tart-developer-preview-rc6\tests\rawselectionassistant.wpftests\bin\x64\release\net10.0-windows10.0.19041.0\rawselectionassistant.wpftests.dll" id="17eaf7b1-1cc6-8858-a817-a7a08cf48c88">
      <Execution id="6c4ba23e-4586-4b28-8b4c-8278ca0fa0ca" />
      <TestMethod codeBase="D:\AI AGENT\worktrees\pixel-tart-developer-preview-rc6\tests\RAWSelectionAssistant.WpfTests\bin\x64\Release\net10.0-windows10.0.19041.0\RAWSelectionAssistant.WpfTests.dll" adapterTypeName="executor://mstestadapter/v4" className="RAWSelectionAssistant.WpfTests.Version230Rc5RuntimePolishTests" name="LocalSplit_BlockerAndInteractionFillRegressionAreRemoved" />
    </UnitTest>
    <UnitTest name="Weather_DefaultsToEnabledAutoLocationWithClearFallback" storage="d:\ai agent\worktrees\pixel-tart-developer-preview-rc6\tests\rawselectionassistant.wpftests\bin\x64\release\net10.0-windows10.0.19041.0\rawselectionassistant.wpftests.dll" id="15c39afe-37da-8100-b84b-e74417d51569">
      <Execution id="265e3302-abd9-4f5a-a71b-e39ac1b238b8" />
      <TestMethod codeBase="D:\AI AGENT\worktrees\pixel-tart-developer-preview-rc6\tests\RAWSelectionAssistant.WpfTests\bin\x64\Release\net10.0-windows10.0.19041.0\RAWSelectionAssistant.WpfTests.dll" adapterTypeName="executor://mstestadapter/v4" className="RAWSelectionAssistant.WpfTests.Version230Rc5RuntimePolishTests" name="Weather_DefaultsToEnabledAutoLocationWithClearFallback" />
    </UnitTest>
    <UnitTest name="Rc5ModifiedViewsRemainValidXaml" storage="d:\ai agent\worktrees\pixel-tart-developer-preview-rc6\tests\rawselectionassistant.wpftests\bin\x64\release\net10.0-windows10.0.19041.0\rawselectionassistant.wpftests.dll" id="1172cd57-8568-8d83-81c0-9705996c51c7">
      <Execution id="2bd1844f-32f1-4713-a0b0-caf95f6fe4a8" />
      <TestMethod codeBase="D:\AI AGENT\worktrees\pixel-tart-developer-preview-rc6\tests\RAWSelectionAssistant.WpfTests\bin\x64\Release\net10.0-windows10.0.19041.0\RAWSelectionAssistant.WpfTests.dll" adapterTypeName="executor://mstestadapter/v4" className="RAWSelectionAssistant.WpfTests.Version230Rc5RuntimePolishTests" name="Rc5ModifiedViewsRemainValidXaml" />
    </UnitTest>
    <UnitTest name="BookingVisibleTime_UsesStoredBookingZoneInsteadOfMachineZone" storage="d:\ai agent\worktrees\pixel-tart-developer-preview-rc6\tests\rawselectionassistant.wpftests\bin\x64\release\net10.0-windows10.0.19041.0\rawselectionassistant.wpftests.dll" id="133968d8-28a6-8eb7-a9ff-3b094613f063">
      <Execution id="d3be77da-f221-43f2-bf72-d7f620ca73d4" />
      <TestMethod codeBase="D:\AI AGENT\worktrees\pixel-tart-developer-preview-rc6\tests\RAWSelectionAssistant.WpfTests\bin\x64\Release\net10.0-windows10.0.19041.0\RAWSelectionAssistant.WpfTests.dll" adapterTypeName="executor://mstestadapter/v4" className="RAWSelectionAssistant.WpfTests.Version230Rc5RuntimePolishTests" name="BookingVisibleTime_UsesStoredBookingZoneInsteadOfMachineZone" />
    </UnitTest>
    <UnitTest name="FullCalendar_ExposesPrimaryAndDetailedStatusFilters (&quot;有拍摄&quot;)" storage="d:\ai agent\worktrees\pixel-tart-developer-preview-rc6\tests\rawselectionassistant.wpftests\bin\x64\release\net10.0-windows10.0.19041.0\rawselectionassistant.wpftests.dll" id="1ed33263-2273-8f0b-a92c-a2719440acfb">
      <Execution id="45c23a10-1580-4a7c-8381-2d8fe729a60b" />
      <TestMethod codeBase="D:\AI AGENT\worktrees\pixel-tart-developer-preview-rc6\tests\RAWSelectionAssistant.WpfTests\bin\x64\Release\net10.0-windows10.0.19041.0\RAWSelectionAssistant.WpfTests.dll" adapterTypeName="executor://mstestadapter/v4" className="RAWSelectionAssistant.WpfTests.Version230Rc5RuntimePolishTests" name="FullCalendar_ExposesPrimaryAndDetailedStatusFilters" />
    </UnitTest>
    <UnitTest name="FullCalendar_ExposesPrimaryAndDetailedStatusFilters (&quot;时间冲突&quot;)" storage="d:\ai agent\worktrees\pixel-tart-developer-preview-rc6\tests\rawselectionassistant.wpftests\bin\x64\release\net10.0-windows10.0.19041.0\rawselectionassistant.wpftests.dll" id="1f250f87-e1c6-8041-8d63-4a9bafca7e4d">
      <Execution id="594e998a-b504-4d7e-a393-f46842b154f3" />
      <TestMethod codeBase="D:\AI AGENT\worktrees\pixel-tart-developer-preview-rc6\tests\RAWSelectionAssistant.WpfTests\bin\x64\Release\net10.0-windows10.0.19041.0\RAWSelectionAssistant.WpfTests.dll" adapterTypeName="executor://mstestadapter/v4" className="RAWSelectionAssistant.WpfTests.Version230Rc5RuntimePolishTests" name="FullCalendar_ExposesPrimaryAndDetailedStatusFilters" />
    </UnitTest>
    <UnitTest name="FullCalendar_ExposesPrimaryAndDetailedStatusFilters (&quot;空闲&quot;)" storage="d:\ai agent\worktrees\pixel-tart-developer-preview-rc6\tests\rawselectionassistant.wpftests\bin\x64\release\net10.0-windows10.0.19041.0\rawselectionassistant.wpftests.dll" id="13f5a684-352c-80b3-b3f3-80b53a8031fb">
      <Execution id="0822eded-3873-43bd-ac85-11b72b5460eb" />
      <TestMethod codeBase="D:\AI AGENT\worktrees\pixel-tart-developer-preview-rc6\tests\RAWSelectionAssistant.WpfTests\bin\x64\Release\net10.0-windows10.0.19041.0\RAWSelectionAssistant.WpfTests.dll" adapterTypeName="executor://mstestadapter/v4" className="RAWSelectionAssistant.WpfTests.Version230Rc5RuntimePolishTests" name="FullCalendar_ExposesPrimaryAndDetailedStatusFilters" />
    </UnitTest>
    <UnitTest name="CalendarThemes_KeepFiveFixedSemanticColorResources (&quot;Theme.HighContrast.xaml&quot;)" storage="d:\ai agent\worktrees\pixel-tart-developer-preview-rc6\tests\rawselectionassistant.wpftests\bin\x64\release\net10.0-windows10.0.19041.0\rawselectionassistant.wpftests.dll" id="11077562-56b8-8069-879f-f9652b61290c">
      <Execution id="ce3bb46c-6238-4234-93a3-f43fc16076bd" />
      <TestMethod codeBase="D:\AI AGENT\worktrees\pixel-tart-developer-preview-rc6\tests\RAWSelectionAssistant.WpfTests\bin\x64\Release\net10.0-windows10.0.19041.0\RAWSelectionAssistant.WpfTests.dll" adapterTypeName="executor://mstestadapter/v4" className="RAWSelectionAssistant.WpfTests.Version230Rc5RuntimePolishTests" name="CalendarThemes_KeepFiveFixedSemanticColorResources" />
    </UnitTest>
    <UnitTest name="Sidebar_PrimaryEntriesUseDistinctVectorKeysAndAccessibleNames" storage="d:\ai agent\worktrees\pixel-tart-developer-preview-rc6\tests\rawselectionassistant.wpftests\bin\x64\release\net10.0-windows10.0.19041.0\rawselectionassistant.wpftests.dll" id="12cbb0b0-7713-85cc-a725-2e8bc5249c76">
      <Execution id="90f7da98-74ad-4f23-b496-39e42da4a333" />
      <TestMethod codeBase="D:\AI AGENT\worktrees\pixel-tart-developer-preview-rc6\tests\RAWSelectionAssistant.WpfTests\bin\x64\Release\net10.0-windows10.0.19041.0\RAWSelectionAssistant.WpfTests.dll" adapterTypeName="executor://mstestadapter/v4" className="RAWSelectionAssistant.WpfTests.Version230Rc5RuntimePolishTests" name="Sidebar_PrimaryEntriesUseDistinctVectorKeysAndAccessibleNames" />
    </UnitTest>
    <UnitTest name="FullCalendar_ExposesPrimaryAndDetailedStatusFilters (&quot;待返图&quot;)" storage="d:\ai agent\worktrees\pixel-tart-developer-preview-rc6\tests\rawselectionassistant.wpftests\bin\x64\release\net10.0-windows10.0.19041.0\rawselectionassistant.wpftests.dll" id="131810b0-5a24-8cb4-8483-3953e4f50060">
      <Execution id="418d5ba9-f2a7-42a0-918a-fe71f2284732" />
      <TestMethod codeBase="D:\AI AGENT\worktrees\pixel-tart-developer-preview-rc6\tests\RAWSelectionAssistant.WpfTests\bin\x64\Release\net10.0-windows10.0.19041.0\RAWSelectionAssistant.WpfTests.dll" adapterTypeName="executor://mstestadapter/v4" className="RAWSelectionAssistant.WpfTests.Version230Rc5RuntimePolishTests" name="FullCalendar_ExposesPrimaryAndDetailedStatusFilters" />
    </UnitTest>
    <UnitTest name="CalendarThemes_KeepFiveFixedSemanticColorResources (&quot;Theme.Dark.xaml&quot;)" storage="d:\ai agent\worktrees\pixel-tart-developer-preview-rc6\tests\rawselectionassistant.wpftests\bin\x64\release\net10.0-windows10.0.19041.0\rawselectionassistant.wpftests.dll" id="1abaa93c-59dc-8635-80b0-daa76f519658">
      <Execution id="7433a28b-42f7-4f04-b5af-ad86d4d71779" />
      <TestMethod codeBase="D:\AI AGENT\worktrees\pixel-tart-developer-preview-rc6\tests\RAWSelectionAssistant.WpfTests\bin\x64\Release\net10.0-windows10.0.19041.0\RAWSelectionAssistant.WpfTests.dll" adapterTypeName="executor://mstestadapter/v4" className="RAWSelectionAssistant.WpfTests.Version230Rc5RuntimePolishTests" name="CalendarThemes_KeepFiveFixedSemanticColorResources" />
    </UnitTest>
    <UnitTest name="FullCalendar_ExposesPrimaryAndDetailedStatusFilters (&quot;天气风险&quot;)" storage="d:\ai agent\worktrees\pixel-tart-developer-preview-rc6\tests\rawselectionassistant.wpftests\bin\x64\release\net10.0-windows10.0.19041.0\rawselectionassistant.wpftests.dll" id="1c5c301e-2d5a-8603-95de-64a4ccd13058">
      <Execution id="862055ad-9277-4690-b6f6-8ebdedb29582" />
      <TestMethod codeBase="D:\AI AGENT\worktrees\pixel-tart-developer-preview-rc6\tests\RAWSelectionAssistant.WpfTests\bin\x64\Release\net10.0-windows10.0.19041.0\RAWSelectionAssistant.WpfTests.dll" adapterTypeName="executor://mstestadapter/v4" className="RAWSelectionAssistant.WpfTests.Version230Rc5RuntimePolishTests" name="FullCalendar_ExposesPrimaryAndDetailedStatusFilters" />
    </UnitTest>
    <UnitTest name="CalendarMixedDay_UsesAtMostThreeSegmentsAndCountText" storage="d:\ai agent\worktrees\pixel-tart-developer-preview-rc6\tests\rawselectionassistant.wpftests\bin\x64\release\net10.0-windows10.0.19041.0\rawselectionassistant.wpftests.dll" id="108e976d-959a-89f1-b904-eb7405f825d4">
      <Execution id="38179abf-064d-4b1d-981c-ba835665b695" />
      <TestMethod codeBase="D:\AI AGENT\worktrees\pixel-tart-developer-preview-rc6\tests\RAWSelectionAssistant.WpfTests\bin\x64\Release\net10.0-windows10.0.19041.0\RAWSelectionAssistant.WpfTests.dll" adapterTypeName="executor://mstestadapter/v4" className="RAWSelectionAssistant.WpfTests.Version230Rc5RuntimePolishTests" name="CalendarMixedDay_UsesAtMostThreeSegmentsAndCountText" />
    </UnitTest>
    <UnitTest name="FullCalendar_ExposesPrimaryAndDetailedStatusFilters (&quot;已返图&quot;)" storage="d:\ai agent\worktrees\pixel-tart-developer-preview-rc6\tests\rawselectionassistant.wpftests\bin\x64\release\net10.0-windows10.0.19041.0\rawselectionassistant.wpftests.dll" id="13e8fb86-039a-8c09-b617-fa83c1cd6b16">
      <Execution id="ee8863a8-8a4f-4be5-8441-dc3fef730af4" />
      <TestMethod codeBase="D:\AI AGENT\worktrees\pixel-tart-developer-preview-rc6\tests\RAWSelectionAssistant.WpfTests\bin\x64\Release\net10.0-windows10.0.19041.0\RAWSelectionAssistant.WpfTests.dll" adapterTypeName="executor://mstestadapter/v4" className="RAWSelectionAssistant.WpfTests.Version230Rc5RuntimePolishTests" name="FullCalendar_ExposesPrimaryAndDetailedStatusFilters" />
    </UnitTest>
    <UnitTest name="StaffArrival_RoundTripsThroughBookingTimeZone" storage="d:\ai agent\worktrees\pixel-tart-developer-preview-rc6\tests\rawselectionassistant.wpftests\bin\x64\release\net10.0-windows10.0.19041.0\rawselectionassistant.wpftests.dll" id="1ccf9230-a400-8e54-819e-3b78691fed4b">
      <Execution id="cd3226fc-f387-41ff-8bff-f417509b8153" />
      <TestMethod codeBase="D:\AI AGENT\worktrees\pixel-tart-developer-preview-rc6\tests\RAWSelectionAssistant.WpfTests\bin\x64\Release\net10.0-windows10.0.19041.0\RAWSelectionAssistant.WpfTests.dll" adapterTypeName="executor://mstestadapter/v4" className="RAWSelectionAssistant.WpfTests.Version230Rc5RuntimePolishTests" name="StaffArrival_RoundTripsThroughBookingTimeZone" />
    </UnitTest>
    <UnitTest name="FinanceAndDocuments_UseCompactRc5Controls" storage="d:\ai agent\worktrees\pixel-tart-developer-preview-rc6\tests\rawselectionassistant.wpftests\bin\x64\release\net10.0-windows10.0.19041.0\rawselectionassistant.wpftests.dll" id="1c3d7b76-5fbe-8bf2-b2b6-53c14ff8988a">
      <Execution id="7ab45287-9fb3-4408-91b6-cc771c7dbe38" />
      <TestMethod codeBase="D:\AI AGENT\worktrees\pixel-tart-developer-preview-rc6\tests\RAWSelectionAssistant.WpfTests\bin\x64\Release\net10.0-windows10.0.19041.0\RAWSelectionAssistant.WpfTests.dll" adapterTypeName="executor://mstestadapter/v4" className="RAWSelectionAssistant.WpfTests.Version230Rc5RuntimePolishTests" name="FinanceAndDocuments_UseCompactRc5Controls" />
    </UnitTest>
    <UnitTest name="StatusBarAndIsolatedRuntimeHaveExplicitSeparationContracts" storage="d:\ai agent\worktrees\pixel-tart-developer-preview-rc6\tests\rawselectionassistant.wpftests\bin\x64\release\net10.0-windows10.0.19041.0\rawselectionassistant.wpftests.dll" id="140867ce-432f-874e-adea-3adf7ddc395c">
      <Execution id="c8ddcc8b-2ab9-44a8-8359-4c41f5dc6947" />
      <TestMethod codeBase="D:\AI AGENT\worktrees\pixel-tart-developer-preview-rc6\tests\RAWSelectionAssistant.WpfTests\bin\x64\Release\net10.0-windows10.0.19041.0\RAWSelectionAssistant.WpfTests.dll" adapterTypeName="executor://mstestadapter/v4" className="RAWSelectionAssistant.WpfTests.Version230Rc5RuntimePolishTests" name="StatusBarAndIsolatedRuntimeHaveExplicitSeparationContracts" />
    </UnitTest>
    <UnitTest name="BookingEditor_UsesDarkStepperAndBoundedContentWidth" storage="d:\ai agent\worktrees\pixel-tart-developer-preview-rc6\tests\rawselectionassistant.wpftests\bin\x64\release\net10.0-windows10.0.19041.0\rawselectionassistant.wpftests.dll" id="166ef96e-4178-8997-9f8f-f56447686bc9">
      <Execution id="58a7b32f-ad3b-468a-af70-0189a9ff2180" />
      <TestMethod codeBase="D:\AI AGENT\worktrees\pixel-tart-developer-preview-rc6\tests\RAWSelectionAssistant.WpfTests\bin\x64\Release\net10.0-windows10.0.19041.0\RAWSelectionAssistant.WpfTests.dll" adapterTypeName="executor://mstestadapter/v4" className="RAWSelectionAssistant.WpfTests.Version230Rc5RuntimePolishTests" name="BookingEditor_UsesDarkStepperAndBoundedContentWidth" />
    </UnitTest>
    <UnitTest name="Sidebar_CollapsedModeUsesDedicatedPanelIcons" storage="d:\ai agent\worktrees\pixel-tart-developer-preview-rc6\tests\rawselectionassistant.wpftests\bin\x64\release\net10.0-windows10.0.19041.0\rawselectionassistant.wpftests.dll" id="1a65dee9-4473-8008-a7ff-f64697d32c4a">
      <Execution id="0a8f13a0-80f2-43d0-a2af-a9f69db2d37d" />
      <TestMethod codeBase="D:\AI AGENT\worktrees\pixel-tart-developer-preview-rc6\tests\RAWSelectionAssistant.WpfTests\bin\x64\Release\net10.0-windows10.0.19041.0\RAWSelectionAssistant.WpfTests.dll" adapterTypeName="executor://mstestadapter/v4" className="RAWSelectionAssistant.WpfTests.Version230Rc5RuntimePolishTests" name="Sidebar_CollapsedModeUsesDedicatedPanelIcons" />
    </UnitTest>
    <UnitTest name="CalendarDetails_UsesDarkTabsAndImmediateWorkflowSelector" storage="d:\ai agent\worktrees\pixel-tart-developer-preview-rc6\tests\rawselectionassistant.wpftests\bin\x64\release\net10.0-windows10.0.19041.0\rawselectionassistant.wpftests.dll" id="1d199473-f7f8-8d0b-8064-645e75b3e061">
      <Execution id="aa461b38-7c5b-4996-98c9-937a10a3a404" />
      <TestMethod codeBase="D:\AI AGENT\worktrees\pixel-tart-developer-preview-rc6\tests\RAWSelectionAssistant.WpfTests\bin\x64\Release\net10.0-windows10.0.19041.0\RAWSelectionAssistant.WpfTests.dll" adapterTypeName="executor://mstestadapter/v4" className="RAWSelectionAssistant.WpfTests.Version230Rc5RuntimePolishTests" name="CalendarDetails_UsesDarkTabsAndImmediateWorkflowSelector" />
    </UnitTest>
  </TestDefinitions>
  <TestEntries>
    <TestEntry testId="133968d8-28a6-8eb7-a9ff-3b094613f063" executionId="d3be77da-f221-43f2-bf72-d7f620ca73d4" testListId="8c84fa94-04c1-424b-9868-57a2d4851a1d" />
    <TestEntry testId="1abaa93c-59dc-8635-80b0-daa76f519658" executionId="7433a28b-42f7-4f04-b5af-ad86d4d71779" testListId="8c84fa94-04c1-424b-9868-57a2d4851a1d" />
    <TestEntry testId="12cbb0b0-7713-85cc-a725-2e8bc5249c76" executionId="90f7da98-74ad-4f23-b496-39e42da4a333" testListId="8c84fa94-04c1-424b-9868-57a2d4851a1d" />
    <TestEntry testId="108e976d-959a-89f1-b904-eb7405f825d4" executionId="38179abf-064d-4b1d-981c-ba835665b695" testListId="8c84fa94-04c1-424b-9868-57a2d4851a1d" />
    <TestEntry testId="1ccf9230-a400-8e54-819e-3b78691fed4b" executionId="cd3226fc-f387-41ff-8bff-f417509b8153" testListId="8c84fa94-04c1-424b-9868-57a2d4851a1d" />
    <TestEntry testId="1a756ac8-993f-8327-a708-c02b7b0ddea3" executionId="f14b7a62-72e2-4e40-ad9e-292819856101" testListId="8c84fa94-04c1-424b-9868-57a2d4851a1d" />
    <TestEntry testId="12aa9859-6a5f-8e83-a2ee-4ed644453ffb" executionId="d3b364a3-ff4e-4447-83ed-c6959201baf4" testListId="8c84fa94-04c1-424b-9868-57a2d4851a1d" />
    <TestEntry testId="1d199473-f7f8-8d0b-8064-645e75b3e061" executionId="aa461b38-7c5b-4996-98c9-937a10a3a404" testListId="8c84fa94-04c1-424b-9868-57a2d4851a1d" />
    <TestEntry testId="1c5c301e-2d5a-8603-95de-64a4ccd13058" executionId="862055ad-9277-4690-b6f6-8ebdedb29582" testListId="8c84fa94-04c1-424b-9868-57a2d4851a1d" />
    <TestEntry testId="12c2164e-ec2f-8de0-bb5f-586c652cd3ae" executionId="353f424b-b276-4e89-87ad-2775d9ff5600" testListId="8c84fa94-04c1-424b-9868-57a2d4851a1d" />
    <TestEntry testId="1172cd57-8568-8d83-81c0-9705996c51c7" executionId="2bd1844f-32f1-4713-a0b0-caf95f6fe4a8" testListId="8c84fa94-04c1-424b-9868-57a2d4851a1d" />
    <TestEntry testId="1ed33263-2273-8f0b-a92c-a2719440acfb" executionId="45c23a10-1580-4a7c-8381-2d8fe729a60b" testListId="8c84fa94-04c1-424b-9868-57a2d4851a1d" />
    <TestEntry testId="13f5a684-352c-80b3-b3f3-80b53a8031fb" executionId="0822eded-3873-43bd-ac85-11b72b5460eb" testListId="8c84fa94-04c1-424b-9868-57a2d4851a1d" />
    <TestEntry testId="1c3d7b76-5fbe-8bf2-b2b6-53c14ff8988a" executionId="7ab45287-9fb3-4408-91b6-cc771c7dbe38" testListId="8c84fa94-04c1-424b-9868-57a2d4851a1d" />
    <TestEntry testId="140867ce-432f-874e-adea-3adf7ddc395c" executionId="c8ddcc8b-2ab9-44a8-8359-4c41f5dc6947" testListId="8c84fa94-04c1-424b-9868-57a2d4851a1d" />
    <TestEntry testId="1f73cb51-28ff-82c2-842b-9f848ae88d8b" executionId="8a629ed2-09b4-461e-aab8-f56709869e63" testListId="8c84fa94-04c1-424b-9868-57a2d4851a1d" />
    <TestEntry testId="17eaf7b1-1cc6-8858-a817-a7a08cf48c88" executionId="6c4ba23e-4586-4b28-8b4c-8278ca0fa0ca" testListId="8c84fa94-04c1-424b-9868-57a2d4851a1d" />
    <TestEntry testId="15c39afe-37da-8100-b84b-e74417d51569" executionId="265e3302-abd9-4f5a-a71b-e39ac1b238b8" testListId="8c84fa94-04c1-424b-9868-57a2d4851a1d" />
    <TestEntry testId="13e8fb86-039a-8c09-b617-fa83c1cd6b16" executionId="ee8863a8-8a4f-4be5-8441-dc3fef730af4" testListId="8c84fa94-04c1-424b-9868-57a2d4851a1d" />
    <TestEntry testId="1a65dee9-4473-8008-a7ff-f64697d32c4a" executionId="0a8f13a0-80f2-43d0-a2af-a9f69db2d37d" testListId="8c84fa94-04c1-424b-9868-57a2d4851a1d" />
    <TestEntry testId="1f250f87-e1c6-8041-8d63-4a9bafca7e4d" executionId="594e998a-b504-4d7e-a393-f46842b154f3" testListId="8c84fa94-04c1-424b-9868-57a2d4851a1d" />
    <TestEntry testId="11077562-56b8-8069-879f-f9652b61290c" executionId="ce3bb46c-6238-4234-93a3-f43fc16076bd" testListId="8c84fa94-04c1-424b-9868-57a2d4851a1d" />
    <TestEntry testId="131810b0-5a24-8cb4-8483-3953e4f50060" executionId="418d5ba9-f2a7-42a0-918a-fe71f2284732" testListId="8c84fa94-04c1-424b-9868-57a2d4851a1d" />
    <TestEntry testId="166ef96e-4178-8997-9f8f-f56447686bc9" executionId="58a7b32f-ad3b-468a-af70-0189a9ff2180" testListId="8c84fa94-04c1-424b-9868-57a2d4851a1d" />
  </TestEntries>
  <TestLists>
    <TestList name="列表中未列出的结果" id="8c84fa94-04c1-424b-9868-57a2d4851a1d" />
    <TestList name="所有已加载的结果" id="19431567-8539-422a-85d7-44ee4e166bda" />
  </TestLists>
  <ResultSummary outcome="Completed">
    <Counters total="24" executed="24" passed="24" failed="0" error="0" timeout="0" aborted="0" inconclusive="0" passedButRunAborted="0" notRunnable="0" notExecuted="0" disconnected="0" warning="0" completed="0" inProgress="0" pending="0" />
  </ResultSummary>
</TestRun>