<?xml version="1.0" encoding="utf-8"?>
<TestRun id="ba879be2-f2d7-422d-84a5-bbcbb9d54cb5" name="Administrator@PC-20250309WEIZ 2026-09-20 18:19:28" runUser="PC-20250309WEIZ\Administrator" xmlns="http://microsoft.com/schemas/VisualStudio/TeamTest/2010">
  <Times creation="2026-09-20T18:19:28.3457581+08:00" queuing="2026-09-20T18:19:28.3457584+08:00" start="2026-09-20T18:19:27.7885888+08:00" finish="2026-09-20T18:19:28.3503412+08:00" />
  <TestSettings name="default" id="bc93cb77-494a-4328-97b3-6ed3b991b141">
    <Deployment runDeploymentRoot="Administrator_PC-20250309WEIZ_2026-09-20_18_19_28" />
  </TestSettings>
  <Results>
    <UnitTestResult executionId="3941f36f-e764-40f2-9288-7ce00c017ee0" testId="1341243f-64c2-88d6-8e1d-5d0f46628df9" testName="Calendar_PreservesRequiredPartsAndUsesExplicitDarkStyles" computerName="PC-20250309WEIZ" duration="00:00:00.0066902" startTime="2026-09-20T18:19:28.2302304+08:00" endTime="2026-09-20T18:19:28.2511114+08:00" testType="13cdc9d9-ddb5-4fa4-a97d-d965ccfc6d4b" outcome="Passed" testListId="8c84fa94-04c1-424b-9868-57a2d4851a1d" relativeResultsDirectory="3941f36f-e764-40f2-9288-7ce00c017ee0" />
    <UnitTestResult executionId="26dd1d70-1394-49fa-a580-36c4e9694e3f" testId="18c4dbc8-57a6-82c3-b393-00e35ff614e1" testName="SurfaceHeader_SeparatesTitleAndCloseColumns" computerName="PC-20250309WEIZ" duration="00:00:00.0010190" startTime="2026-09-20T18:19:28.2545931+08:00" endTime="2026-09-20T18:19:28.2568395+08:00" testType="13cdc9d9-ddb5-4fa4-a97d-d965ccfc6d4b" outcome="Passed" testListId="8c84fa94-04c1-424b-9868-57a2d4851a1d" relativeResultsDirectory="26dd1d70-1394-49fa-a580-36c4e9694e3f" />
  </Results>
  <TestDefinitions>
    <UnitTest name="Calendar_PreservesRequiredPartsAndUsesExplicitDarkStyles" storage="d:\ai agent\worktrees\pixel-tart-developer-preview-rc6\tests\rawselectionassistant.wpftests\bin\x64\release\net10.0-windows10.0.19041.0\rawselectionassistant.wpftests.dll" id="1341243f-64c2-88d6-8e1d-5d0f46628df9">
      <Execution id="3941f36f-e764-40f2-9288-7ce00c017ee0" />
      <TestMethod codeBase="D:\AI AGENT\worktrees\pixel-tart-developer-preview-rc6\tests\RAWSelectionAssistant.WpfTests\bin\x64\Release\net10.0-windows10.0.19041.0\RAWSelectionAssistant.WpfTests.dll" adapterTypeName="executor://mstestadapter/v4" className="RAWSelectionAssistant.WpfTests.Version230Rc6RegressionContractTests" name="Calendar_PreservesRequiredPartsAndUsesExplicitDarkStyles" />
    </UnitTest>
    <UnitTest name="SurfaceHeader_SeparatesTitleAndCloseColumns" storage="d:\ai agent\worktrees\pixel-tart-developer-preview-rc6\tests\rawselectionassistant.wpftests\bin\x64\release\net10.0-windows10.0.19041.0\rawselectionassistant.wpftests.dll" id="18c4dbc8-57a6-82c3-b393-00e35ff614e1">
      <Execution id="26dd1d70-1394-49fa-a580-36c4e9694e3f" />
      <TestMethod codeBase="D:\AI AGENT\worktrees\pixel-tart-developer-preview-rc6\tests\RAWSelectionAssistant.WpfTests\bin\x64\Release\net10.0-windows10.0.19041.0\RAWSelectionAssistant.WpfTests.dll" adapterTypeName="executor://mstestadapter/v4" className="RAWSelectionAssistant.WpfTests.Version230Rc6RegressionContractTests" name="SurfaceHeader_SeparatesTitleAndCloseColumns" />
    </UnitTest>
  </TestDefinitions>
  <TestEntries>
    <TestEntry testId="1341243f-64c2-88d6-8e1d-5d0f46628df9" executionId="3941f36f-e764-40f2-9288-7ce00c017ee0" testListId="8c84fa94-04c1-424b-9868-57a2d4851a1d" />
    <TestEntry testId="18c4dbc8-57a6-82c3-b393-00e35ff614e1" executionId="26dd1d70-1394-49fa-a580-36c4e9694e3f" testListId="8c84fa94-04c1-424b-9868-57a2d4851a1d" />
  </TestEntries>
  <TestLists>
    <TestList name="列表中未列出的结果" id="8c84fa94-04c1-424b-9868-57a2d4851a1d" />
    <TestList name="所有已加载的结果" id="19431567-8539-422a-85d7-44ee4e166bda" />
  </TestLists>
  <ResultSummary outcome="Completed">
    <Counters total="2" executed="2" passed="2" failed="0" error="0" timeout="0" aborted="0" inconclusive="0" passedButRunAborted="0" notRunnable="0" notExecuted="0" disconnected="0" warning="0" completed="0" inProgress="0" pending="0" />
  </ResultSummary>
</TestRun>