<?xml version="1.0" encoding="utf-8"?>
<TestRun id="b3808b2f-f8c4-4598-ac2b-d7e83786ec93" name="Administrator@PC-20250309WEIZ 2026-09-20 18:10:12" runUser="PC-20250309WEIZ\Administrator" xmlns="http://microsoft.com/schemas/VisualStudio/TeamTest/2010">
  <Times creation="2026-09-20T18:10:12.0885528+08:00" queuing="2026-09-20T18:10:12.0885531+08:00" start="2026-09-20T18:10:10.7045762+08:00" finish="2026-09-20T18:10:12.2184801+08:00" />
  <TestSettings name="default" id="f872ede3-3b5a-4ec6-b2e4-fd204fbb4f65">
    <Deployment runDeploymentRoot="Administrator_PC-20250309WEIZ_2026-09-20_18_10_12" />
  </TestSettings>
  <Results>
    <UnitTestResult executionId="0be818bc-3bf9-466e-be34-6e1499061d2e" testId="177abfc8-a817-80f3-a7e3-449cf3948404" testName="DuplicateModuleId_IsRejected" computerName="PC-20250309WEIZ" duration="00:00:00.0003938" startTime="2026-09-20T18:10:12.0526191+08:00" endTime="2026-09-20T18:10:12.0530681+08:00" testType="13cdc9d9-ddb5-4fa4-a97d-d965ccfc6d4b" outcome="Passed" testListId="8c84fa94-04c1-424b-9868-57a2d4851a1d" relativeResultsDirectory="0be818bc-3bf9-466e-be34-6e1499061d2e" />
    <UnitTestResult executionId="de3183f3-cb7d-43f0-becf-bc2fe1bf1622" testId="119f08ad-e44b-8f4d-81a1-0edc20f9bbca" testName="BuiltInDescriptorMatrix_IsCompleteAndExact" computerName="PC-20250309WEIZ" duration="00:00:00.0174624" startTime="2026-09-20T18:10:11.1721722+08:00" endTime="2026-09-20T18:10:11.2061868+08:00" testType="13cdc9d9-ddb5-4fa4-a97d-d965ccfc6d4b" outcome="Passed" testListId="8c84fa94-04c1-424b-9868-57a2d4851a1d" relativeResultsDirectory="de3183f3-cb7d-43f0-becf-bc2fe1bf1622" />
    <UnitTestResult executionId="f8dba96d-2a26-4e00-91bf-be579d1061fc" testId="11d9c14d-22d7-8dbb-b629-248e0a984acc" testName="InitializationFailure_IsolatedFromHealthyModule" computerName="PC-20250309WEIZ" duration="00:00:00.0006960" startTime="2026-09-20T18:10:12.0530955+08:00" endTime="2026-09-20T18:10:12.0538235+08:00" testType="13cdc9d9-ddb5-4fa4-a97d-d965ccfc6d4b" outcome="Passed" testListId="8c84fa94-04c1-424b-9868-57a2d4851a1d" relativeResultsDirectory="f8dba96d-2a26-4e00-91bf-be579d1061fc" />
    <UnitTestResult executionId="6ebed036-6b34-4f92-94b6-3bd6f88d10d6" testId="1e7e93c6-e672-8f35-bd87-5b07251a2197" testName="AssetRoute_IsEmbeddedAndOnlineIsDescriptorOnly" computerName="PC-20250309WEIZ" duration="00:00:00.0731210" startTime="2026-09-20T18:10:11.9568540+08:00" endTime="2026-09-20T18:10:12.0300206+08:00" testType="13cdc9d9-ddb5-4fa4-a97d-d965ccfc6d4b" outcome="Passed" testListId="8c84fa94-04c1-424b-9868-57a2d4851a1d" relativeResultsDirectory="6ebed036-6b34-4f92-94b6-3bd6f88d10d6" />
    <UnitTestResult executionId="6cb4c5dd-fb37-4706-aa28-1bd547cb3c7f" testId="1b9d40e5-1c28-8d88-982b-f29a7b25bcf0" testName="CircularDependencies_AreRejected" computerName="PC-20250309WEIZ" duration="00:00:00.0031653" startTime="2026-09-20T18:10:12.0538472+08:00" endTime="2026-09-20T18:10:12.0570589+08:00" testType="13cdc9d9-ddb5-4fa4-a97d-d965ccfc6d4b" outcome="Passed" testListId="8c84fa94-04c1-424b-9868-57a2d4851a1d" relativeResultsDirectory="6cb4c5dd-fb37-4706-aa28-1bd547cb3c7f" />
    <UnitTestResult executionId="7058d07c-00c2-42df-8e7f-587919862ea9" testId="1d0a5cc1-8b6d-80ea-896e-8a54a9bf9421" testName="BuiltInManifests_ExposeExpectedModuleTypesAndCapabilities" computerName="PC-20250309WEIZ" duration="00:00:00.0003599" startTime="2026-09-20T18:10:12.0300589+08:00" endTime="2026-09-20T18:10:12.0304587+08:00" testType="13cdc9d9-ddb5-4fa4-a97d-d965ccfc6d4b" outcome="Passed" testListId="8c84fa94-04c1-424b-9868-57a2d4851a1d" relativeResultsDirectory="7058d07c-00c2-42df-8e7f-587919862ea9" />
    <UnitTestResult executionId="6db42928-73b9-452e-baca-39ef2ea83406" testId="12eb38a8-d96b-874f-9f77-366c34ed2f2c" testName="BuiltInModules_InitializeAndActivate" computerName="PC-20250309WEIZ" duration="00:00:00.0006761" startTime="2026-09-20T18:10:11.9550859+08:00" endTime="2026-09-20T18:10:11.9558513+08:00" testType="13cdc9d9-ddb5-4fa4-a97d-d965ccfc6d4b" outcome="Passed" testListId="8c84fa94-04c1-424b-9868-57a2d4851a1d" relativeResultsDirectory="6db42928-73b9-452e-baca-39ef2ea83406" />
    <UnitTestResult executionId="825149d0-2ca2-4809-8f61-14ef5710f6af" testId="1995a17f-26fe-885f-8c76-5e0dbd99510d" testName="SharedRegistries_ExposeOneEmbeddedAssetRouteAndOneLocalVisualProvider" computerName="PC-20250309WEIZ" duration="00:00:00.6467459" startTime="2026-09-20T18:10:11.2186297+08:00" endTime="2026-09-20T18:10:11.8654584+08:00" testType="13cdc9d9-ddb5-4fa4-a97d-d965ccfc6d4b" outcome="Passed" testListId="8c84fa94-04c1-424b-9868-57a2d4851a1d" relativeResultsDirectory="825149d0-2ca2-4809-8f61-14ef5710f6af" />
    <UnitTestResult executionId="8de4b863-f513-4e11-b6ac-dbb9daf87c4d" testId="1e79d24b-bfe1-8c1e-a0fa-0dcf6a179ac9" testName="ActivatedDiagnostics_ReportExactRoutesCapabilitiesAndNoFailure" computerName="PC-20250309WEIZ" duration="00:00:00.0063777" startTime="2026-09-20T18:10:11.2112603+08:00" endTime="2026-09-20T18:10:11.2183704+08:00" testType="13cdc9d9-ddb5-4fa4-a97d-d965ccfc6d4b" outcome="Passed" testListId="8c84fa94-04c1-424b-9868-57a2d4851a1d" relativeResultsDirectory="8de4b863-f513-4e11-b6ac-dbb9daf87c4d" />
    <UnitTestResult executionId="f05faba9-c731-42a5-856f-11ba86e7bb2b" testId="1938c758-8186-8b09-8689-eb6fc5d694fc" testName="RegistrationFailure_RollsBackEveryRegistry" computerName="PC-20250309WEIZ" duration="00:00:00.0032473" startTime="2026-09-20T18:10:12.0570948+08:00" endTime="2026-09-20T18:10:12.0603938+08:00" testType="13cdc9d9-ddb5-4fa4-a97d-d965ccfc6d4b" outcome="Passed" testListId="8c84fa94-04c1-424b-9868-57a2d4851a1d" relativeResultsDirectory="f05faba9-c731-42a5-856f-11ba86e7bb2b" />
    <UnitTestResult executionId="7525d347-1506-482b-b4d4-940b1e048ca8" testId="13615c50-25c2-853d-a19d-6f9899541698" testName="FullLifecycle_ShutsDownEveryBuiltInModuleWithoutFailure" computerName="PC-20250309WEIZ" duration="00:00:00.0022364" startTime="2026-09-20T18:10:11.8655117+08:00" endTime="2026-09-20T18:10:11.8678123+08:00" testType="13cdc9d9-ddb5-4fa4-a97d-d965ccfc6d4b" outcome="Passed" testListId="8c84fa94-04c1-424b-9868-57a2d4851a1d" relativeResultsDirectory="7525d347-1506-482b-b4d4-940b1e048ca8" />
    <UnitTestResult executionId="49d5e872-2df5-434e-b2f1-d7f41235b3bb" testId="1989709e-cd3d-8d6f-b5e4-8247475a244b" testName="DeactivationFailure_DoesNotPreventOtherModulesFromDeactivating" computerName="PC-20250309WEIZ" duration="00:00:00.0006656" startTime="2026-09-20T18:10:12.0604257+08:00" endTime="2026-09-20T18:10:12.0616173+08:00" testType="13cdc9d9-ddb5-4fa4-a97d-d965ccfc6d4b" outcome="Passed" testListId="8c84fa94-04c1-424b-9868-57a2d4851a1d" relativeResultsDirectory="49d5e872-2df5-434e-b2f1-d7f41235b3bb" />
    <UnitTestResult executionId="4456e7a7-c653-41dd-9bdd-6a3aab5e9c0a" testId="1e0aa1eb-6281-87e7-b52f-704af3256645" testName="AssetRouteFactory_DoesNotCreateAChildProcess" computerName="PC-20250309WEIZ" duration="00:00:00.0866235" startTime="2026-09-20T18:10:11.8678471+08:00" endTime="2026-09-20T18:10:11.9550453+08:00" testType="13cdc9d9-ddb5-4fa4-a97d-d965ccfc6d4b" outcome="Passed" testListId="8c84fa94-04c1-424b-9868-57a2d4851a1d" relativeResultsDirectory="4456e7a7-c653-41dd-9bdd-6a3aab5e9c0a" />
    <UnitTestResult executionId="297a3227-b71e-40e3-959e-84d075dd1981" testId="1929221f-5983-82a3-82b7-7ced7bf61355" testName="Registries_RejectDuplicateCapabilityAndProvider" computerName="PC-20250309WEIZ" duration="00:00:00.0009298" startTime="2026-09-20T18:10:11.9558732+08:00" endTime="2026-09-20T18:10:11.9568343+08:00" testType="13cdc9d9-ddb5-4fa4-a97d-d965ccfc6d4b" outcome="Passed" testListId="8c84fa94-04c1-424b-9868-57a2d4851a1d" relativeResultsDirectory="297a3227-b71e-40e3-959e-84d075dd1981" />
  </Results>
  <TestDefinitions>
    <UnitTest name="FullLifecycle_ShutsDownEveryBuiltInModuleWithoutFailure" storage="d:\ai agent\worktrees\pixel-tart-developer-preview-rc6\tests\pixeltart.modularharness.tests\bin\release\net10.0-windows10.0.19041.0\pixeltart.modularharness.tests.dll" id="13615c50-25c2-853d-a19d-6f9899541698">
      <Execution id="7525d347-1506-482b-b4d4-940b1e048ca8" />
      <TestMethod codeBase="D:\AI AGENT\worktrees\pixel-tart-developer-preview-rc6\tests\PixelTart.ModularHarness.Tests\bin\Release\net10.0-windows10.0.19041.0\PixelTart.ModularHarness.Tests.dll" adapterTypeName="executor://mstestadapter/v4" className="PixelTart.ModularHarness.Tests.ModularHarnessAcceptanceContractTests" name="FullLifecycle_ShutsDownEveryBuiltInModuleWithoutFailure" />
    </UnitTest>
    <UnitTest name="ActivatedDiagnostics_ReportExactRoutesCapabilitiesAndNoFailure" storage="d:\ai agent\worktrees\pixel-tart-developer-preview-rc6\tests\pixeltart.modularharness.tests\bin\release\net10.0-windows10.0.19041.0\pixeltart.modularharness.tests.dll" id="1e79d24b-bfe1-8c1e-a0fa-0dcf6a179ac9">
      <Execution id="8de4b863-f513-4e11-b6ac-dbb9daf87c4d" />
      <TestMethod codeBase="D:\AI AGENT\worktrees\pixel-tart-developer-preview-rc6\tests\PixelTart.ModularHarness.Tests\bin\Release\net10.0-windows10.0.19041.0\PixelTart.ModularHarness.Tests.dll" adapterTypeName="executor://mstestadapter/v4" className="PixelTart.ModularHarness.Tests.ModularHarnessAcceptanceContractTests" name="ActivatedDiagnostics_ReportExactRoutesCapabilitiesAndNoFailure" />
    </UnitTest>
    <UnitTest name="DeactivationFailure_DoesNotPreventOtherModulesFromDeactivating" storage="d:\ai agent\worktrees\pixel-tart-developer-preview-rc6\tests\pixeltart.modularharness.tests\bin\release\net10.0-windows10.0.19041.0\pixeltart.modularharness.tests.dll" id="1989709e-cd3d-8d6f-b5e4-8247475a244b">
      <Execution id="49d5e872-2df5-434e-b2f1-d7f41235b3bb" />
      <TestMethod codeBase="D:\AI AGENT\worktrees\pixel-tart-developer-preview-rc6\tests\PixelTart.ModularHarness.Tests\bin\Release\net10.0-windows10.0.19041.0\PixelTart.ModularHarness.Tests.dll" adapterTypeName="executor://mstestadapter/v4" className="PixelTart.ModularHarness.Tests.ModularHarnessTests" name="DeactivationFailure_DoesNotPreventOtherModulesFromDeactivating" />
    </UnitTest>
    <UnitTest name="CircularDependencies_AreRejected" storage="d:\ai agent\worktrees\pixel-tart-developer-preview-rc6\tests\pixeltart.modularharness.tests\bin\release\net10.0-windows10.0.19041.0\pixeltart.modularharness.tests.dll" id="1b9d40e5-1c28-8d88-982b-f29a7b25bcf0">
      <Execution id="6cb4c5dd-fb37-4706-aa28-1bd547cb3c7f" />
      <TestMethod codeBase="D:\AI AGENT\worktrees\pixel-tart-developer-preview-rc6\tests\PixelTart.ModularHarness.Tests\bin\Release\net10.0-windows10.0.19041.0\PixelTart.ModularHarness.Tests.dll" adapterTypeName="executor://mstestadapter/v4" className="PixelTart.ModularHarness.Tests.ModularHarnessTests" name="CircularDependencies_AreRejected" />
    </UnitTest>
    <UnitTest name="SharedRegistries_ExposeOneEmbeddedAssetRouteAndOneLocalVisualProvider" storage="d:\ai agent\worktrees\pixel-tart-developer-preview-rc6\tests\pixeltart.modularharness.tests\bin\release\net10.0-windows10.0.19041.0\pixeltart.modularharness.tests.dll" id="1995a17f-26fe-885f-8c76-5e0dbd99510d">
      <Execution id="825149d0-2ca2-4809-8f61-14ef5710f6af" />
      <TestMethod codeBase="D:\AI AGENT\worktrees\pixel-tart-developer-preview-rc6\tests\PixelTart.ModularHarness.Tests\bin\Release\net10.0-windows10.0.19041.0\PixelTart.ModularHarness.Tests.dll" adapterTypeName="executor://mstestadapter/v4" className="PixelTart.ModularHarness.Tests.ModularHarnessAcceptanceContractTests" name="SharedRegistries_ExposeOneEmbeddedAssetRouteAndOneLocalVisualProvider" />
    </UnitTest>
    <UnitTest name="AssetRoute_IsEmbeddedAndOnlineIsDescriptorOnly" storage="d:\ai agent\worktrees\pixel-tart-developer-preview-rc6\tests\pixeltart.modularharness.tests\bin\release\net10.0-windows10.0.19041.0\pixeltart.modularharness.tests.dll" id="1e7e93c6-e672-8f35-bd87-5b07251a2197">
      <Execution id="6ebed036-6b34-4f92-94b6-3bd6f88d10d6" />
      <TestMethod codeBase="D:\AI AGENT\worktrees\pixel-tart-developer-preview-rc6\tests\PixelTart.ModularHarness.Tests\bin\Release\net10.0-windows10.0.19041.0\PixelTart.ModularHarness.Tests.dll" adapterTypeName="executor://mstestadapter/v4" className="PixelTart.ModularHarness.Tests.ModularHarnessTests" name="AssetRoute_IsEmbeddedAndOnlineIsDescriptorOnly" />
    </UnitTest>
    <UnitTest name="BuiltInModules_InitializeAndActivate" storage="d:\ai agent\worktrees\pixel-tart-developer-preview-rc6\tests\pixeltart.modularharness.tests\bin\release\net10.0-windows10.0.19041.0\pixeltart.modularharness.tests.dll" id="12eb38a8-d96b-874f-9f77-366c34ed2f2c">
      <Execution id="6db42928-73b9-452e-baca-39ef2ea83406" />
      <TestMethod codeBase="D:\AI AGENT\worktrees\pixel-tart-developer-preview-rc6\tests\PixelTart.ModularHarness.Tests\bin\Release\net10.0-windows10.0.19041.0\PixelTart.ModularHarness.Tests.dll" adapterTypeName="executor://mstestadapter/v4" className="PixelTart.ModularHarness.Tests.ModularHarnessTests" name="BuiltInModules_InitializeAndActivate" />
    </UnitTest>
    <UnitTest name="BuiltInManifests_ExposeExpectedModuleTypesAndCapabilities" storage="d:\ai agent\worktrees\pixel-tart-developer-preview-rc6\tests\pixeltart.modularharness.tests\bin\release\net10.0-windows10.0.19041.0\pixeltart.modularharness.tests.dll" id="1d0a5cc1-8b6d-80ea-896e-8a54a9bf9421">
      <Execution id="7058d07c-00c2-42df-8e7f-587919862ea9" />
      <TestMethod codeBase="D:\AI AGENT\worktrees\pixel-tart-developer-preview-rc6\tests\PixelTart.ModularHarness.Tests\bin\Release\net10.0-windows10.0.19041.0\PixelTart.ModularHarness.Tests.dll" adapterTypeName="executor://mstestadapter/v4" className="PixelTart.ModularHarness.Tests.ModularHarnessTests" name="BuiltInManifests_ExposeExpectedModuleTypesAndCapabilities" />
    </UnitTest>
    <UnitTest name="InitializationFailure_IsolatedFromHealthyModule" storage="d:\ai agent\worktrees\pixel-tart-developer-preview-rc6\tests\pixeltart.modularharness.tests\bin\release\net10.0-windows10.0.19041.0\pixeltart.modularharness.tests.dll" id="11d9c14d-22d7-8dbb-b629-248e0a984acc">
      <Execution id="f8dba96d-2a26-4e00-91bf-be579d1061fc" />
      <TestMethod codeBase="D:\AI AGENT\worktrees\pixel-tart-developer-preview-rc6\tests\PixelTart.ModularHarness.Tests\bin\Release\net10.0-windows10.0.19041.0\PixelTart.ModularHarness.Tests.dll" adapterTypeName="executor://mstestadapter/v4" className="PixelTart.ModularHarness.Tests.ModularHarnessTests" name="InitializationFailure_IsolatedFromHealthyModule" />
    </UnitTest>
    <UnitTest name="DuplicateModuleId_IsRejected" storage="d:\ai agent\worktrees\pixel-tart-developer-preview-rc6\tests\pixeltart.modularharness.tests\bin\release\net10.0-windows10.0.19041.0\pixeltart.modularharness.tests.dll" id="177abfc8-a817-80f3-a7e3-449cf3948404">
      <Execution id="0be818bc-3bf9-466e-be34-6e1499061d2e" />
      <TestMethod codeBase="D:\AI AGENT\worktrees\pixel-tart-developer-preview-rc6\tests\PixelTart.ModularHarness.Tests\bin\Release\net10.0-windows10.0.19041.0\PixelTart.ModularHarness.Tests.dll" adapterTypeName="executor://mstestadapter/v4" className="PixelTart.ModularHarness.Tests.ModularHarnessTests" name="DuplicateModuleId_IsRejected" />
    </UnitTest>
    <UnitTest name="AssetRouteFactory_DoesNotCreateAChildProcess" storage="d:\ai agent\worktrees\pixel-tart-developer-preview-rc6\tests\pixeltart.modularharness.tests\bin\release\net10.0-windows10.0.19041.0\pixeltart.modularharness.tests.dll" id="1e0aa1eb-6281-87e7-b52f-704af3256645">
      <Execution id="4456e7a7-c653-41dd-9bdd-6a3aab5e9c0a" />
      <TestMethod codeBase="D:\AI AGENT\worktrees\pixel-tart-developer-preview-rc6\tests\PixelTart.ModularHarness.Tests\bin\Release\net10.0-windows10.0.19041.0\PixelTart.ModularHarness.Tests.dll" adapterTypeName="executor://mstestadapter/v4" className="PixelTart.ModularHarness.Tests.ModularHarnessAcceptanceContractTests" name="AssetRouteFactory_DoesNotCreateAChildProcess" />
    </UnitTest>
    <UnitTest name="BuiltInDescriptorMatrix_IsCompleteAndExact" storage="d:\ai agent\worktrees\pixel-tart-developer-preview-rc6\tests\pixeltart.modularharness.tests\bin\release\net10.0-windows10.0.19041.0\pixeltart.modularharness.tests.dll" id="119f08ad-e44b-8f4d-81a1-0edc20f9bbca">
      <Execution id="de3183f3-cb7d-43f0-becf-bc2fe1bf1622" />
      <TestMethod codeBase="D:\AI AGENT\worktrees\pixel-tart-developer-preview-rc6\tests\PixelTart.ModularHarness.Tests\bin\Release\net10.0-windows10.0.19041.0\PixelTart.ModularHarness.Tests.dll" adapterTypeName="executor://mstestadapter/v4" className="PixelTart.ModularHarness.Tests.ModularHarnessAcceptanceContractTests" name="BuiltInDescriptorMatrix_IsCompleteAndExact" />
    </UnitTest>
    <UnitTest name="RegistrationFailure_RollsBackEveryRegistry" storage="d:\ai agent\worktrees\pixel-tart-developer-preview-rc6\tests\pixeltart.modularharness.tests\bin\release\net10.0-windows10.0.19041.0\pixeltart.modularharness.tests.dll" id="1938c758-8186-8b09-8689-eb6fc5d694fc">
      <Execution id="f05faba9-c731-42a5-856f-11ba86e7bb2b" />
      <TestMethod codeBase="D:\AI AGENT\worktrees\pixel-tart-developer-preview-rc6\tests\PixelTart.ModularHarness.Tests\bin\Release\net10.0-windows10.0.19041.0\PixelTart.ModularHarness.Tests.dll" adapterTypeName="executor://mstestadapter/v4" className="PixelTart.ModularHarness.Tests.ModularHarnessTests" name="RegistrationFailure_RollsBackEveryRegistry" />
    </UnitTest>
    <UnitTest name="Registries_RejectDuplicateCapabilityAndProvider" storage="d:\ai agent\worktrees\pixel-tart-developer-preview-rc6\tests\pixeltart.modularharness.tests\bin\release\net10.0-windows10.0.19041.0\pixeltart.modularharness.tests.dll" id="1929221f-5983-82a3-82b7-7ced7bf61355">
      <Execution id="297a3227-b71e-40e3-959e-84d075dd1981" />
      <TestMethod codeBase="D:\AI AGENT\worktrees\pixel-tart-developer-preview-rc6\tests\PixelTart.ModularHarness.Tests\bin\Release\net10.0-windows10.0.19041.0\PixelTart.ModularHarness.Tests.dll" adapterTypeName="executor://mstestadapter/v4" className="PixelTart.ModularHarness.Tests.ModularHarnessTests" name="Registries_RejectDuplicateCapabilityAndProvider" />
    </UnitTest>
  </TestDefinitions>
  <TestEntries>
    <TestEntry testId="177abfc8-a817-80f3-a7e3-449cf3948404" executionId="0be818bc-3bf9-466e-be34-6e1499061d2e" testListId="8c84fa94-04c1-424b-9868-57a2d4851a1d" />
    <TestEntry testId="119f08ad-e44b-8f4d-81a1-0edc20f9bbca" executionId="de3183f3-cb7d-43f0-becf-bc2fe1bf1622" testListId="8c84fa94-04c1-424b-9868-57a2d4851a1d" />
    <TestEntry testId="11d9c14d-22d7-8dbb-b629-248e0a984acc" executionId="f8dba96d-2a26-4e00-91bf-be579d1061fc" testListId="8c84fa94-04c1-424b-9868-57a2d4851a1d" />
    <TestEntry testId="1e7e93c6-e672-8f35-bd87-5b07251a2197" executionId="6ebed036-6b34-4f92-94b6-3bd6f88d10d6" testListId="8c84fa94-04c1-424b-9868-57a2d4851a1d" />
    <TestEntry testId="1b9d40e5-1c28-8d88-982b-f29a7b25bcf0" executionId="6cb4c5dd-fb37-4706-aa28-1bd547cb3c7f" testListId="8c84fa94-04c1-424b-9868-57a2d4851a1d" />
    <TestEntry testId="1d0a5cc1-8b6d-80ea-896e-8a54a9bf9421" executionId="7058d07c-00c2-42df-8e7f-587919862ea9" testListId="8c84fa94-04c1-424b-9868-57a2d4851a1d" />
    <TestEntry testId="12eb38a8-d96b-874f-9f77-366c34ed2f2c" executionId="6db42928-73b9-452e-baca-39ef2ea83406" testListId="8c84fa94-04c1-424b-9868-57a2d4851a1d" />
    <TestEntry testId="1995a17f-26fe-885f-8c76-5e0dbd99510d" executionId="825149d0-2ca2-4809-8f61-14ef5710f6af" testListId="8c84fa94-04c1-424b-9868-57a2d4851a1d" />
    <TestEntry testId="1e79d24b-bfe1-8c1e-a0fa-0dcf6a179ac9" executionId="8de4b863-f513-4e11-b6ac-dbb9daf87c4d" testListId="8c84fa94-04c1-424b-9868-57a2d4851a1d" />
    <TestEntry testId="1938c758-8186-8b09-8689-eb6fc5d694fc" executionId="f05faba9-c731-42a5-856f-11ba86e7bb2b" testListId="8c84fa94-04c1-424b-9868-57a2d4851a1d" />
    <TestEntry testId="13615c50-25c2-853d-a19d-6f9899541698" executionId="7525d347-1506-482b-b4d4-940b1e048ca8" testListId="8c84fa94-04c1-424b-9868-57a2d4851a1d" />
    <TestEntry testId="1989709e-cd3d-8d6f-b5e4-8247475a244b" executionId="49d5e872-2df5-434e-b2f1-d7f41235b3bb" testListId="8c84fa94-04c1-424b-9868-57a2d4851a1d" />
    <TestEntry testId="1e0aa1eb-6281-87e7-b52f-704af3256645" executionId="4456e7a7-c653-41dd-9bdd-6a3aab5e9c0a" testListId="8c84fa94-04c1-424b-9868-57a2d4851a1d" />
    <TestEntry testId="1929221f-5983-82a3-82b7-7ced7bf61355" executionId="297a3227-b71e-40e3-959e-84d075dd1981" testListId="8c84fa94-04c1-424b-9868-57a2d4851a1d" />
  </TestEntries>
  <TestLists>
    <TestList name="列表中未列出的结果" id="8c84fa94-04c1-424b-9868-57a2d4851a1d" />
    <TestList name="所有已加载的结果" id="19431567-8539-422a-85d7-44ee4e166bda" />
  </TestLists>
  <ResultSummary outcome="Completed">
    <Counters total="14" executed="14" passed="14" failed="0" error="0" timeout="0" aborted="0" inconclusive="0" passedButRunAborted="0" notRunnable="0" notExecuted="0" disconnected="0" warning="0" completed="0" inProgress="0" pending="0" />
  </ResultSummary>
</TestRun>